CRITICAL - 2024-07-16 07:53:36 --> ParseError: Unclosed '{' on line 11
[Method: CLI, Route: lottery:fetch/H4D/15:30:00]
in APPPATH/Commands/FetchNumberHistory.php on line 90.
 1 SYSTEMPATH/Autoloader/Autoloader.php(296): CodeIgniter\Autoloader\Autoloader->includeFile()
 2 SYSTEMPATH/Autoloader/Autoloader.php(272): CodeIgniter\Autoloader\Autoloader->loadInNamespace()
 3 [internal function]: CodeIgniter\Autoloader\Autoloader->loadClass()
 4 SYSTEMPATH/Autoloader/FileLocator.php(306): class_exists()
 5 SYSTEMPATH/CLI/Commands.php(112): CodeIgniter\Autoloader\FileLocator->findQualifiedNameFromPath()
 6 SYSTEMPATH/CLI/Commands.php(49): CodeIgniter\CLI\Commands->discoverCommands()
 7 SYSTEMPATH/Config/Services.php(176): CodeIgniter\CLI\Commands->__construct()
 8 SYSTEMPATH/Config/BaseService.php(311): CodeIgniter\Config\Services::commands()
 9 SYSTEMPATH/Config/BaseService.php(250): CodeIgniter\Config\BaseService::__callStatic()
10 SYSTEMPATH/Config/Services.php(173): CodeIgniter\Config\BaseService::getSharedInstance()
11 SYSTEMPATH/Config/BaseService.php(320): CodeIgniter\Config\Services::commands()
12 SYSTEMPATH/CLI/Console.php(43): CodeIgniter\Config\BaseService::__callStatic()
13 SYSTEMPATH/Boot.php(338): CodeIgniter\CLI\Console->run()
14 SYSTEMPATH/Boot.php(104): CodeIgniter\Boot::runCommand()
15 ROOTPATH/spark(84): CodeIgniter\Boot::bootSpark()
CRITICAL - 2024-07-16 07:53:37 --> ParseError: Unclosed '{' on line 11
[Method: CLI, Route: lottery:fetchothers/LMC/15:30:00]
in APPPATH/Commands/FetchNumberHistory.php on line 90.
 1 SYSTEMPATH/Autoloader/Autoloader.php(296): CodeIgniter\Autoloader\Autoloader->includeFile()
 2 SYSTEMPATH/Autoloader/Autoloader.php(272): CodeIgniter\Autoloader\Autoloader->loadInNamespace()
 3 [internal function]: CodeIgniter\Autoloader\Autoloader->loadClass()
 4 SYSTEMPATH/Autoloader/FileLocator.php(306): class_exists()
 5 SYSTEMPATH/CLI/Commands.php(112): CodeIgniter\Autoloader\FileLocator->findQualifiedNameFromPath()
 6 SYSTEMPATH/CLI/Commands.php(49): CodeIgniter\CLI\Commands->discoverCommands()
 7 SYSTEMPATH/Config/Services.php(176): CodeIgniter\CLI\Commands->__construct()
 8 SYSTEMPATH/Config/BaseService.php(311): CodeIgniter\Config\Services::commands()
 9 SYSTEMPATH/Config/BaseService.php(250): CodeIgniter\Config\BaseService::__callStatic()
10 SYSTEMPATH/Config/Services.php(173): CodeIgniter\Config\BaseService::getSharedInstance()
11 SYSTEMPATH/Config/BaseService.php(320): CodeIgniter\Config\Services::commands()
12 SYSTEMPATH/CLI/Console.php(43): CodeIgniter\Config\BaseService::__callStatic()
13 SYSTEMPATH/Boot.php(338): CodeIgniter\CLI\Console->run()
14 SYSTEMPATH/Boot.php(104): CodeIgniter\Boot::runCommand()
15 ROOTPATH/spark(84): CodeIgniter\Boot::bootSpark()
CRITICAL - 2024-07-16 07:53:37 --> ParseError: Unclosed '{' on line 11
[Method: CLI, Route: lottery:fetch/P4D/15:00:00]
in APPPATH/Commands/FetchNumberHistory.php on line 90.
 1 SYSTEMPATH/Autoloader/Autoloader.php(296): CodeIgniter\Autoloader\Autoloader->includeFile()
 2 SYSTEMPATH/Autoloader/Autoloader.php(272): CodeIgniter\Autoloader\Autoloader->loadInNamespace()
 3 [internal function]: CodeIgniter\Autoloader\Autoloader->loadClass()
 4 SYSTEMPATH/Autoloader/FileLocator.php(306): class_exists()
 5 SYSTEMPATH/CLI/Commands.php(112): CodeIgniter\Autoloader\FileLocator->findQualifiedNameFromPath()
 6 SYSTEMPATH/CLI/Commands.php(49): CodeIgniter\CLI\Commands->discoverCommands()
 7 SYSTEMPATH/Config/Services.php(176): CodeIgniter\CLI\Commands->__construct()
 8 SYSTEMPATH/Config/BaseService.php(311): CodeIgniter\Config\Services::commands()
 9 SYSTEMPATH/Config/BaseService.php(250): CodeIgniter\Config\BaseService::__callStatic()
10 SYSTEMPATH/Config/Services.php(173): CodeIgniter\Config\BaseService::getSharedInstance()
11 SYSTEMPATH/Config/BaseService.php(320): CodeIgniter\Config\Services::commands()
12 SYSTEMPATH/CLI/Console.php(43): CodeIgniter\Config\BaseService::__callStatic()
13 SYSTEMPATH/Boot.php(338): CodeIgniter\CLI\Console->run()
14 SYSTEMPATH/Boot.php(104): CodeIgniter\Boot::runCommand()
15 ROOTPATH/spark(84): CodeIgniter\Boot::bootSpark()
CRITICAL - 2024-07-16 07:53:41 --> ParseError: Unclosed '{' on line 11
[Method: CLI, Route: lottery:fetch/H4D/15:30:00]
in APPPATH/Commands/FetchNumberHistory.php on line 90.
 1 SYSTEMPATH/Autoloader/Autoloader.php(296): CodeIgniter\Autoloader\Autoloader->includeFile()
 2 SYSTEMPATH/Autoloader/Autoloader.php(272): CodeIgniter\Autoloader\Autoloader->loadInNamespace()
 3 [internal function]: CodeIgniter\Autoloader\Autoloader->loadClass()
 4 SYSTEMPATH/Autoloader/FileLocator.php(306): class_exists()
 5 SYSTEMPATH/CLI/Commands.php(112): CodeIgniter\Autoloader\FileLocator->findQualifiedNameFromPath()
 6 SYSTEMPATH/CLI/Commands.php(49): CodeIgniter\CLI\Commands->discoverCommands()
 7 SYSTEMPATH/Config/Services.php(176): CodeIgniter\CLI\Commands->__construct()
 8 SYSTEMPATH/Config/BaseService.php(311): CodeIgniter\Config\Services::commands()
 9 SYSTEMPATH/Config/BaseService.php(250): CodeIgniter\Config\BaseService::__callStatic()
10 SYSTEMPATH/Config/Services.php(173): CodeIgniter\Config\BaseService::getSharedInstance()
11 SYSTEMPATH/Config/BaseService.php(320): CodeIgniter\Config\Services::commands()
12 SYSTEMPATH/CLI/Console.php(43): CodeIgniter\Config\BaseService::__callStatic()
13 SYSTEMPATH/Boot.php(338): CodeIgniter\CLI\Console->run()
14 SYSTEMPATH/Boot.php(104): CodeIgniter\Boot::runCommand()
15 ROOTPATH/spark(84): CodeIgniter\Boot::bootSpark()
CRITICAL - 2024-07-16 07:53:42 --> ParseError: Unclosed '{' on line 11
[Method: CLI, Route: lottery:fetchothers/LMC/15:30:00]
in APPPATH/Commands/FetchNumberHistory.php on line 90.
 1 SYSTEMPATH/Autoloader/Autoloader.php(296): CodeIgniter\Autoloader\Autoloader->includeFile()
 2 SYSTEMPATH/Autoloader/Autoloader.php(272): CodeIgniter\Autoloader\Autoloader->loadInNamespace()
 3 [internal function]: CodeIgniter\Autoloader\Autoloader->loadClass()
 4 SYSTEMPATH/Autoloader/FileLocator.php(306): class_exists()
 5 SYSTEMPATH/CLI/Commands.php(112): CodeIgniter\Autoloader\FileLocator->findQualifiedNameFromPath()
 6 SYSTEMPATH/CLI/Commands.php(49): CodeIgniter\CLI\Commands->discoverCommands()
 7 SYSTEMPATH/Config/Services.php(176): CodeIgniter\CLI\Commands->__construct()
 8 SYSTEMPATH/Config/BaseService.php(311): CodeIgniter\Config\Services::commands()
 9 SYSTEMPATH/Config/BaseService.php(250): CodeIgniter\Config\BaseService::__callStatic()
10 SYSTEMPATH/Config/Services.php(173): CodeIgniter\Config\BaseService::getSharedInstance()
11 SYSTEMPATH/Config/BaseService.php(320): CodeIgniter\Config\Services::commands()
12 SYSTEMPATH/CLI/Console.php(43): CodeIgniter\Config\BaseService::__callStatic()
13 SYSTEMPATH/Boot.php(338): CodeIgniter\CLI\Console->run()
14 SYSTEMPATH/Boot.php(104): CodeIgniter\Boot::runCommand()
15 ROOTPATH/spark(84): CodeIgniter\Boot::bootSpark()
CRITICAL - 2024-07-16 07:53:42 --> ParseError: Unclosed '{' on line 11
[Method: CLI, Route: lottery:fetch/P4D/15:00:00]
in APPPATH/Commands/FetchNumberHistory.php on line 90.
 1 SYSTEMPATH/Autoloader/Autoloader.php(296): CodeIgniter\Autoloader\Autoloader->includeFile()
 2 SYSTEMPATH/Autoloader/Autoloader.php(272): CodeIgniter\Autoloader\Autoloader->loadInNamespace()
 3 [internal function]: CodeIgniter\Autoloader\Autoloader->loadClass()
 4 SYSTEMPATH/Autoloader/FileLocator.php(306): class_exists()
 5 SYSTEMPATH/CLI/Commands.php(112): CodeIgniter\Autoloader\FileLocator->findQualifiedNameFromPath()
 6 SYSTEMPATH/CLI/Commands.php(49): CodeIgniter\CLI\Commands->discoverCommands()
 7 SYSTEMPATH/Config/Services.php(176): CodeIgniter\CLI\Commands->__construct()
 8 SYSTEMPATH/Config/BaseService.php(311): CodeIgniter\Config\Services::commands()
 9 SYSTEMPATH/Config/BaseService.php(250): CodeIgniter\Config\BaseService::__callStatic()
10 SYSTEMPATH/Config/Services.php(173): CodeIgniter\Config\BaseService::getSharedInstance()
11 SYSTEMPATH/Config/BaseService.php(320): CodeIgniter\Config\Services::commands()
12 SYSTEMPATH/CLI/Console.php(43): CodeIgniter\Config\BaseService::__callStatic()
13 SYSTEMPATH/Boot.php(338): CodeIgniter\CLI\Console->run()
14 SYSTEMPATH/Boot.php(104): CodeIgniter\Boot::runCommand()
15 ROOTPATH/spark(84): CodeIgniter\Boot::bootSpark()
CRITICAL - 2024-07-16 07:53:46 --> ParseError: Unclosed '{' on line 11
[Method: CLI, Route: lottery:fetch/H4D/15:30:00]
in APPPATH/Commands/FetchNumberHistory.php on line 90.
 1 SYSTEMPATH/Autoloader/Autoloader.php(296): CodeIgniter\Autoloader\Autoloader->includeFile()
 2 SYSTEMPATH/Autoloader/Autoloader.php(272): CodeIgniter\Autoloader\Autoloader->loadInNamespace()
 3 [internal function]: CodeIgniter\Autoloader\Autoloader->loadClass()
 4 SYSTEMPATH/Autoloader/FileLocator.php(306): class_exists()
 5 SYSTEMPATH/CLI/Commands.php(112): CodeIgniter\Autoloader\FileLocator->findQualifiedNameFromPath()
 6 SYSTEMPATH/CLI/Commands.php(49): CodeIgniter\CLI\Commands->discoverCommands()
 7 SYSTEMPATH/Config/Services.php(176): CodeIgniter\CLI\Commands->__construct()
 8 SYSTEMPATH/Config/BaseService.php(311): CodeIgniter\Config\Services::commands()
 9 SYSTEMPATH/Config/BaseService.php(250): CodeIgniter\Config\BaseService::__callStatic()
10 SYSTEMPATH/Config/Services.php(173): CodeIgniter\Config\BaseService::getSharedInstance()
11 SYSTEMPATH/Config/BaseService.php(320): CodeIgniter\Config\Services::commands()
12 SYSTEMPATH/CLI/Console.php(43): CodeIgniter\Config\BaseService::__callStatic()
13 SYSTEMPATH/Boot.php(338): CodeIgniter\CLI\Console->run()
14 SYSTEMPATH/Boot.php(104): CodeIgniter\Boot::runCommand()
15 ROOTPATH/spark(84): CodeIgniter\Boot::bootSpark()
CRITICAL - 2024-07-16 07:53:47 --> ParseError: Unclosed '{' on line 11
[Method: CLI, Route: lottery:fetchothers/LMC/15:30:00]
in APPPATH/Commands/FetchNumberHistory.php on line 90.
 1 SYSTEMPATH/Autoloader/Autoloader.php(296): CodeIgniter\Autoloader\Autoloader->includeFile()
 2 SYSTEMPATH/Autoloader/Autoloader.php(272): CodeIgniter\Autoloader\Autoloader->loadInNamespace()
 3 [internal function]: CodeIgniter\Autoloader\Autoloader->loadClass()
 4 SYSTEMPATH/Autoloader/FileLocator.php(306): class_exists()
 5 SYSTEMPATH/CLI/Commands.php(112): CodeIgniter\Autoloader\FileLocator->findQualifiedNameFromPath()
 6 SYSTEMPATH/CLI/Commands.php(49): CodeIgniter\CLI\Commands->discoverCommands()
 7 SYSTEMPATH/Config/Services.php(176): CodeIgniter\CLI\Commands->__construct()
 8 SYSTEMPATH/Config/BaseService.php(311): CodeIgniter\Config\Services::commands()
 9 SYSTEMPATH/Config/BaseService.php(250): CodeIgniter\Config\BaseService::__callStatic()
10 SYSTEMPATH/Config/Services.php(173): CodeIgniter\Config\BaseService::getSharedInstance()
11 SYSTEMPATH/Config/BaseService.php(320): CodeIgniter\Config\Services::commands()
12 SYSTEMPATH/CLI/Console.php(43): CodeIgniter\Config\BaseService::__callStatic()
13 SYSTEMPATH/Boot.php(338): CodeIgniter\CLI\Console->run()
14 SYSTEMPATH/Boot.php(104): CodeIgniter\Boot::runCommand()
15 ROOTPATH/spark(84): CodeIgniter\Boot::bootSpark()
CRITICAL - 2024-07-16 07:53:47 --> ParseError: Unclosed '{' on line 11
[Method: CLI, Route: lottery:fetch/P4D/15:00:00]
in APPPATH/Commands/FetchNumberHistory.php on line 90.
 1 SYSTEMPATH/Autoloader/Autoloader.php(296): CodeIgniter\Autoloader\Autoloader->includeFile()
 2 SYSTEMPATH/Autoloader/Autoloader.php(272): CodeIgniter\Autoloader\Autoloader->loadInNamespace()
 3 [internal function]: CodeIgniter\Autoloader\Autoloader->loadClass()
 4 SYSTEMPATH/Autoloader/FileLocator.php(306): class_exists()
 5 SYSTEMPATH/CLI/Commands.php(112): CodeIgniter\Autoloader\FileLocator->findQualifiedNameFromPath()
 6 SYSTEMPATH/CLI/Commands.php(49): CodeIgniter\CLI\Commands->discoverCommands()
 7 SYSTEMPATH/Config/Services.php(176): CodeIgniter\CLI\Commands->__construct()
 8 SYSTEMPATH/Config/BaseService.php(311): CodeIgniter\Config\Services::commands()
 9 SYSTEMPATH/Config/BaseService.php(250): CodeIgniter\Config\BaseService::__callStatic()
10 SYSTEMPATH/Config/Services.php(173): CodeIgniter\Config\BaseService::getSharedInstance()
11 SYSTEMPATH/Config/BaseService.php(320): CodeIgniter\Config\Services::commands()
12 SYSTEMPATH/CLI/Console.php(43): CodeIgniter\Config\BaseService::__callStatic()
13 SYSTEMPATH/Boot.php(338): CodeIgniter\CLI\Console->run()
14 SYSTEMPATH/Boot.php(104): CodeIgniter\Boot::runCommand()
15 ROOTPATH/spark(84): CodeIgniter\Boot::bootSpark()
CRITICAL - 2024-07-16 07:53:50 --> ParseError: Unclosed '{' on line 11
[Method: CLI, Route: fetch:number-history]
in APPPATH/Commands/FetchNumberHistory.php on line 90.
 1 SYSTEMPATH/Autoloader/Autoloader.php(296): CodeIgniter\Autoloader\Autoloader->includeFile()
 2 SYSTEMPATH/Autoloader/Autoloader.php(272): CodeIgniter\Autoloader\Autoloader->loadInNamespace()
 3 [internal function]: CodeIgniter\Autoloader\Autoloader->loadClass()
 4 SYSTEMPATH/Autoloader/FileLocator.php(306): class_exists()
 5 SYSTEMPATH/CLI/Commands.php(112): CodeIgniter\Autoloader\FileLocator->findQualifiedNameFromPath()
 6 SYSTEMPATH/CLI/Commands.php(49): CodeIgniter\CLI\Commands->discoverCommands()
 7 SYSTEMPATH/Config/Services.php(176): CodeIgniter\CLI\Commands->__construct()
 8 SYSTEMPATH/Config/BaseService.php(311): CodeIgniter\Config\Services::commands()
 9 SYSTEMPATH/Config/BaseService.php(250): CodeIgniter\Config\BaseService::__callStatic()
10 SYSTEMPATH/Config/Services.php(173): CodeIgniter\Config\BaseService::getSharedInstance()
11 SYSTEMPATH/Config/BaseService.php(320): CodeIgniter\Config\Services::commands()
12 SYSTEMPATH/CLI/Console.php(43): CodeIgniter\Config\BaseService::__callStatic()
13 SYSTEMPATH/Boot.php(338): CodeIgniter\CLI\Console->run()
14 SYSTEMPATH/Boot.php(104): CodeIgniter\Boot::runCommand()
15 ROOTPATH/spark(84): CodeIgniter\Boot::bootSpark()
CRITICAL - 2024-07-16 07:53:51 --> ParseError: Unclosed '{' on line 11
[Method: CLI, Route: lottery:fetch/H4D/15:30:00]
in APPPATH/Commands/FetchNumberHistory.php on line 90.
 1 SYSTEMPATH/Autoloader/Autoloader.php(296): CodeIgniter\Autoloader\Autoloader->includeFile()
 2 SYSTEMPATH/Autoloader/Autoloader.php(272): CodeIgniter\Autoloader\Autoloader->loadInNamespace()
 3 [internal function]: CodeIgniter\Autoloader\Autoloader->loadClass()
 4 SYSTEMPATH/Autoloader/FileLocator.php(306): class_exists()
 5 SYSTEMPATH/CLI/Commands.php(112): CodeIgniter\Autoloader\FileLocator->findQualifiedNameFromPath()
 6 SYSTEMPATH/CLI/Commands.php(49): CodeIgniter\CLI\Commands->discoverCommands()
 7 SYSTEMPATH/Config/Services.php(176): CodeIgniter\CLI\Commands->__construct()
 8 SYSTEMPATH/Config/BaseService.php(311): CodeIgniter\Config\Services::commands()
 9 SYSTEMPATH/Config/BaseService.php(250): CodeIgniter\Config\BaseService::__callStatic()
10 SYSTEMPATH/Config/Services.php(173): CodeIgniter\Config\BaseService::getSharedInstance()
11 SYSTEMPATH/Config/BaseService.php(320): CodeIgniter\Config\Services::commands()
12 SYSTEMPATH/CLI/Console.php(43): CodeIgniter\Config\BaseService::__callStatic()
13 SYSTEMPATH/Boot.php(338): CodeIgniter\CLI\Console->run()
14 SYSTEMPATH/Boot.php(104): CodeIgniter\Boot::runCommand()
15 ROOTPATH/spark(84): CodeIgniter\Boot::bootSpark()
CRITICAL - 2024-07-16 07:53:52 --> ParseError: Unclosed '{' on line 11
[Method: CLI, Route: lottery:fetchothers/LMC/15:30:00]
in APPPATH/Commands/FetchNumberHistory.php on line 90.
 1 SYSTEMPATH/Autoloader/Autoloader.php(296): CodeIgniter\Autoloader\Autoloader->includeFile()
 2 SYSTEMPATH/Autoloader/Autoloader.php(272): CodeIgniter\Autoloader\Autoloader->loadInNamespace()
 3 [internal function]: CodeIgniter\Autoloader\Autoloader->loadClass()
 4 SYSTEMPATH/Autoloader/FileLocator.php(306): class_exists()
 5 SYSTEMPATH/CLI/Commands.php(112): CodeIgniter\Autoloader\FileLocator->findQualifiedNameFromPath()
 6 SYSTEMPATH/CLI/Commands.php(49): CodeIgniter\CLI\Commands->discoverCommands()
 7 SYSTEMPATH/Config/Services.php(176): CodeIgniter\CLI\Commands->__construct()
 8 SYSTEMPATH/Config/BaseService.php(311): CodeIgniter\Config\Services::commands()
 9 SYSTEMPATH/Config/BaseService.php(250): CodeIgniter\Config\BaseService::__callStatic()
10 SYSTEMPATH/Config/Services.php(173): CodeIgniter\Config\BaseService::getSharedInstance()
11 SYSTEMPATH/Config/BaseService.php(320): CodeIgniter\Config\Services::commands()
12 SYSTEMPATH/CLI/Console.php(43): CodeIgniter\Config\BaseService::__callStatic()
13 SYSTEMPATH/Boot.php(338): CodeIgniter\CLI\Console->run()
14 SYSTEMPATH/Boot.php(104): CodeIgniter\Boot::runCommand()
15 ROOTPATH/spark(84): CodeIgniter\Boot::bootSpark()
CRITICAL - 2024-07-16 07:53:52 --> ParseError: Unclosed '{' on line 11
[Method: CLI, Route: lottery:fetch/P4D/15:00:00]
in APPPATH/Commands/FetchNumberHistory.php on line 90.
 1 SYSTEMPATH/Autoloader/Autoloader.php(296): CodeIgniter\Autoloader\Autoloader->includeFile()
 2 SYSTEMPATH/Autoloader/Autoloader.php(272): CodeIgniter\Autoloader\Autoloader->loadInNamespace()
 3 [internal function]: CodeIgniter\Autoloader\Autoloader->loadClass()
 4 SYSTEMPATH/Autoloader/FileLocator.php(306): class_exists()
 5 SYSTEMPATH/CLI/Commands.php(112): CodeIgniter\Autoloader\FileLocator->findQualifiedNameFromPath()
 6 SYSTEMPATH/CLI/Commands.php(49): CodeIgniter\CLI\Commands->discoverCommands()
 7 SYSTEMPATH/Config/Services.php(176): CodeIgniter\CLI\Commands->__construct()
 8 SYSTEMPATH/Config/BaseService.php(311): CodeIgniter\Config\Services::commands()
 9 SYSTEMPATH/Config/BaseService.php(250): CodeIgniter\Config\BaseService::__callStatic()
10 SYSTEMPATH/Config/Services.php(173): CodeIgniter\Config\BaseService::getSharedInstance()
11 SYSTEMPATH/Config/BaseService.php(320): CodeIgniter\Config\Services::commands()
12 SYSTEMPATH/CLI/Console.php(43): CodeIgniter\Config\BaseService::__callStatic()
13 SYSTEMPATH/Boot.php(338): CodeIgniter\CLI\Console->run()
14 SYSTEMPATH/Boot.php(104): CodeIgniter\Boot::runCommand()
15 ROOTPATH/spark(84): CodeIgniter\Boot::bootSpark()
CRITICAL - 2024-07-16 07:53:56 --> ParseError: Unclosed '{' on line 11
[Method: CLI, Route: lottery:fetch/H4D/15:30:00]
in APPPATH/Commands/FetchNumberHistory.php on line 90.
 1 SYSTEMPATH/Autoloader/Autoloader.php(296): CodeIgniter\Autoloader\Autoloader->includeFile()
 2 SYSTEMPATH/Autoloader/Autoloader.php(272): CodeIgniter\Autoloader\Autoloader->loadInNamespace()
 3 [internal function]: CodeIgniter\Autoloader\Autoloader->loadClass()
 4 SYSTEMPATH/Autoloader/FileLocator.php(306): class_exists()
 5 SYSTEMPATH/CLI/Commands.php(112): CodeIgniter\Autoloader\FileLocator->findQualifiedNameFromPath()
 6 SYSTEMPATH/CLI/Commands.php(49): CodeIgniter\CLI\Commands->discoverCommands()
 7 SYSTEMPATH/Config/Services.php(176): CodeIgniter\CLI\Commands->__construct()
 8 SYSTEMPATH/Config/BaseService.php(311): CodeIgniter\Config\Services::commands()
 9 SYSTEMPATH/Config/BaseService.php(250): CodeIgniter\Config\BaseService::__callStatic()
10 SYSTEMPATH/Config/Services.php(173): CodeIgniter\Config\BaseService::getSharedInstance()
11 SYSTEMPATH/Config/BaseService.php(320): CodeIgniter\Config\Services::commands()
12 SYSTEMPATH/CLI/Console.php(43): CodeIgniter\Config\BaseService::__callStatic()
13 SYSTEMPATH/Boot.php(338): CodeIgniter\CLI\Console->run()
14 SYSTEMPATH/Boot.php(104): CodeIgniter\Boot::runCommand()
15 ROOTPATH/spark(84): CodeIgniter\Boot::bootSpark()
CRITICAL - 2024-07-16 07:53:57 --> ParseError: Unclosed '{' on line 11
[Method: CLI, Route: lottery:fetchothers/LMC/15:30:00]
in APPPATH/Commands/FetchNumberHistory.php on line 90.
 1 SYSTEMPATH/Autoloader/Autoloader.php(296): CodeIgniter\Autoloader\Autoloader->includeFile()
 2 SYSTEMPATH/Autoloader/Autoloader.php(272): CodeIgniter\Autoloader\Autoloader->loadInNamespace()
 3 [internal function]: CodeIgniter\Autoloader\Autoloader->loadClass()
 4 SYSTEMPATH/Autoloader/FileLocator.php(306): class_exists()
 5 SYSTEMPATH/CLI/Commands.php(112): CodeIgniter\Autoloader\FileLocator->findQualifiedNameFromPath()
 6 SYSTEMPATH/CLI/Commands.php(49): CodeIgniter\CLI\Commands->discoverCommands()
 7 SYSTEMPATH/Config/Services.php(176): CodeIgniter\CLI\Commands->__construct()
 8 SYSTEMPATH/Config/BaseService.php(311): CodeIgniter\Config\Services::commands()
 9 SYSTEMPATH/Config/BaseService.php(250): CodeIgniter\Config\BaseService::__callStatic()
10 SYSTEMPATH/Config/Services.php(173): CodeIgniter\Config\BaseService::getSharedInstance()
11 SYSTEMPATH/Config/BaseService.php(320): CodeIgniter\Config\Services::commands()
12 SYSTEMPATH/CLI/Console.php(43): CodeIgniter\Config\BaseService::__callStatic()
13 SYSTEMPATH/Boot.php(338): CodeIgniter\CLI\Console->run()
14 SYSTEMPATH/Boot.php(104): CodeIgniter\Boot::runCommand()
15 ROOTPATH/spark(84): CodeIgniter\Boot::bootSpark()
CRITICAL - 2024-07-16 07:53:57 --> ParseError: Unclosed '{' on line 11
[Method: CLI, Route: lottery:fetch/P4D/15:00:00]
in APPPATH/Commands/FetchNumberHistory.php on line 90.
 1 SYSTEMPATH/Autoloader/Autoloader.php(296): CodeIgniter\Autoloader\Autoloader->includeFile()
 2 SYSTEMPATH/Autoloader/Autoloader.php(272): CodeIgniter\Autoloader\Autoloader->loadInNamespace()
 3 [internal function]: CodeIgniter\Autoloader\Autoloader->loadClass()
 4 SYSTEMPATH/Autoloader/FileLocator.php(306): class_exists()
 5 SYSTEMPATH/CLI/Commands.php(112): CodeIgniter\Autoloader\FileLocator->findQualifiedNameFromPath()
 6 SYSTEMPATH/CLI/Commands.php(49): CodeIgniter\CLI\Commands->discoverCommands()
 7 SYSTEMPATH/Config/Services.php(176): CodeIgniter\CLI\Commands->__construct()
 8 SYSTEMPATH/Config/BaseService.php(311): CodeIgniter\Config\Services::commands()
 9 SYSTEMPATH/Config/BaseService.php(250): CodeIgniter\Config\BaseService::__callStatic()
10 SYSTEMPATH/Config/Services.php(173): CodeIgniter\Config\BaseService::getSharedInstance()
11 SYSTEMPATH/Config/BaseService.php(320): CodeIgniter\Config\Services::commands()
12 SYSTEMPATH/CLI/Console.php(43): CodeIgniter\Config\BaseService::__callStatic()
13 SYSTEMPATH/Boot.php(338): CodeIgniter\CLI\Console->run()
14 SYSTEMPATH/Boot.php(104): CodeIgniter\Boot::runCommand()
15 ROOTPATH/spark(84): CodeIgniter\Boot::bootSpark()
CRITICAL - 2024-07-16 07:54:01 --> ParseError: Unclosed '{' on line 11
[Method: CLI, Route: lottery:fetch/H4D/15:30:00]
in APPPATH/Commands/FetchNumberHistory.php on line 90.
 1 SYSTEMPATH/Autoloader/Autoloader.php(296): CodeIgniter\Autoloader\Autoloader->includeFile()
 2 SYSTEMPATH/Autoloader/Autoloader.php(272): CodeIgniter\Autoloader\Autoloader->loadInNamespace()
 3 [internal function]: CodeIgniter\Autoloader\Autoloader->loadClass()
 4 SYSTEMPATH/Autoloader/FileLocator.php(306): class_exists()
 5 SYSTEMPATH/CLI/Commands.php(112): CodeIgniter\Autoloader\FileLocator->findQualifiedNameFromPath()
 6 SYSTEMPATH/CLI/Commands.php(49): CodeIgniter\CLI\Commands->discoverCommands()
 7 SYSTEMPATH/Config/Services.php(176): CodeIgniter\CLI\Commands->__construct()
 8 SYSTEMPATH/Config/BaseService.php(311): CodeIgniter\Config\Services::commands()
 9 SYSTEMPATH/Config/BaseService.php(250): CodeIgniter\Config\BaseService::__callStatic()
10 SYSTEMPATH/Config/Services.php(173): CodeIgniter\Config\BaseService::getSharedInstance()
11 SYSTEMPATH/Config/BaseService.php(320): CodeIgniter\Config\Services::commands()
12 SYSTEMPATH/CLI/Console.php(43): CodeIgniter\Config\BaseService::__callStatic()
13 SYSTEMPATH/Boot.php(338): CodeIgniter\CLI\Console->run()
14 SYSTEMPATH/Boot.php(104): CodeIgniter\Boot::runCommand()
15 ROOTPATH/spark(84): CodeIgniter\Boot::bootSpark()
CRITICAL - 2024-07-16 07:54:02 --> ParseError: Unclosed '{' on line 11
[Method: CLI, Route: lottery:fetch/P4D/15:00:00]
in APPPATH/Commands/FetchNumberHistory.php on line 90.
 1 SYSTEMPATH/Autoloader/Autoloader.php(296): CodeIgniter\Autoloader\Autoloader->includeFile()
 2 SYSTEMPATH/Autoloader/Autoloader.php(272): CodeIgniter\Autoloader\Autoloader->loadInNamespace()
 3 [internal function]: CodeIgniter\Autoloader\Autoloader->loadClass()
 4 SYSTEMPATH/Autoloader/FileLocator.php(306): class_exists()
 5 SYSTEMPATH/CLI/Commands.php(112): CodeIgniter\Autoloader\FileLocator->findQualifiedNameFromPath()
 6 SYSTEMPATH/CLI/Commands.php(49): CodeIgniter\CLI\Commands->discoverCommands()
 7 SYSTEMPATH/Config/Services.php(176): CodeIgniter\CLI\Commands->__construct()
 8 SYSTEMPATH/Config/BaseService.php(311): CodeIgniter\Config\Services::commands()
 9 SYSTEMPATH/Config/BaseService.php(250): CodeIgniter\Config\BaseService::__callStatic()
10 SYSTEMPATH/Config/Services.php(173): CodeIgniter\Config\BaseService::getSharedInstance()
11 SYSTEMPATH/Config/BaseService.php(320): CodeIgniter\Config\Services::commands()
12 SYSTEMPATH/CLI/Console.php(43): CodeIgniter\Config\BaseService::__callStatic()
13 SYSTEMPATH/Boot.php(338): CodeIgniter\CLI\Console->run()
14 SYSTEMPATH/Boot.php(104): CodeIgniter\Boot::runCommand()
15 ROOTPATH/spark(84): CodeIgniter\Boot::bootSpark()
CRITICAL - 2024-07-16 07:54:02 --> ParseError: Unclosed '{' on line 11
[Method: CLI, Route: lottery:fetchothers/LMC/15:30:00]
in APPPATH/Commands/FetchNumberHistory.php on line 90.
 1 SYSTEMPATH/Autoloader/Autoloader.php(296): CodeIgniter\Autoloader\Autoloader->includeFile()
 2 SYSTEMPATH/Autoloader/Autoloader.php(272): CodeIgniter\Autoloader\Autoloader->loadInNamespace()
 3 [internal function]: CodeIgniter\Autoloader\Autoloader->loadClass()
 4 SYSTEMPATH/Autoloader/FileLocator.php(306): class_exists()
 5 SYSTEMPATH/CLI/Commands.php(112): CodeIgniter\Autoloader\FileLocator->findQualifiedNameFromPath()
 6 SYSTEMPATH/CLI/Commands.php(49): CodeIgniter\CLI\Commands->discoverCommands()
 7 SYSTEMPATH/Config/Services.php(176): CodeIgniter\CLI\Commands->__construct()
 8 SYSTEMPATH/Config/BaseService.php(311): CodeIgniter\Config\Services::commands()
 9 SYSTEMPATH/Config/BaseService.php(250): CodeIgniter\Config\BaseService::__callStatic()
10 SYSTEMPATH/Config/Services.php(173): CodeIgniter\Config\BaseService::getSharedInstance()
11 SYSTEMPATH/Config/BaseService.php(320): CodeIgniter\Config\Services::commands()
12 SYSTEMPATH/CLI/Console.php(43): CodeIgniter\Config\BaseService::__callStatic()
13 SYSTEMPATH/Boot.php(338): CodeIgniter\CLI\Console->run()
14 SYSTEMPATH/Boot.php(104): CodeIgniter\Boot::runCommand()
15 ROOTPATH/spark(84): CodeIgniter\Boot::bootSpark()
CRITICAL - 2024-07-16 07:54:09 --> Error: Class "App\Commands\HtmlDomParser" not found
[Method: CLI, Route: fetch:number-history]
in APPPATH/Commands/FetchNumberHistory.php on line 69.
 1 APPPATH/Commands/FetchNumberHistory.php(47): App\Commands\FetchNumberHistory->parseDreamMeanings()
 2 SYSTEMPATH/CLI/Commands.php(70): App\Commands\FetchNumberHistory->run()
 3 SYSTEMPATH/CLI/Console.php(48): CodeIgniter\CLI\Commands->run()
 4 SYSTEMPATH/Boot.php(338): CodeIgniter\CLI\Console->run()
 5 SYSTEMPATH/Boot.php(104): CodeIgniter\Boot::runCommand()
 6 ROOTPATH/spark(84): CodeIgniter\Boot::bootSpark()
CRITICAL - 2024-07-16 07:55:43 --> Error: Class "voku\helper\HtmlDomParser" not found
[Method: CLI, Route: fetch:number-history]
in APPPATH/Commands/FetchNumberHistory.php on line 70.
 1 APPPATH/Commands/FetchNumberHistory.php(48): App\Commands\FetchNumberHistory->parseDreamMeanings()
 2 SYSTEMPATH/CLI/Commands.php(70): App\Commands\FetchNumberHistory->run()
 3 SYSTEMPATH/CLI/Console.php(48): CodeIgniter\CLI\Commands->run()
 4 SYSTEMPATH/Boot.php(338): CodeIgniter\CLI\Console->run()
 5 SYSTEMPATH/Boot.php(104): CodeIgniter\Boot::runCommand()
 6 ROOTPATH/spark(84): CodeIgniter\Boot::bootSpark()
CRITICAL - 2024-07-16 07:55:48 --> Error: Class "voku\helper\HtmlDomParser" not found
[Method: CLI, Route: fetch:number-history]
in APPPATH/Commands/FetchNumberHistory.php on line 70.
 1 APPPATH/Commands/FetchNumberHistory.php(48): App\Commands\FetchNumberHistory->parseDreamMeanings()
 2 SYSTEMPATH/CLI/Commands.php(70): App\Commands\FetchNumberHistory->run()
 3 SYSTEMPATH/CLI/Console.php(48): CodeIgniter\CLI\Commands->run()
 4 SYSTEMPATH/Boot.php(338): CodeIgniter\CLI\Console->run()
 5 SYSTEMPATH/Boot.php(104): CodeIgniter\Boot::runCommand()
 6 ROOTPATH/spark(84): CodeIgniter\Boot::bootSpark()
CRITICAL - 2024-07-16 08:15:01 --> Error: Class "App\Commands\Crawler" not found
[Method: CLI, Route: fetch:number-history]
in APPPATH/Commands/FetchNumberHistory.php on line 30.
 1 SYSTEMPATH/CLI/Commands.php(70): App\Commands\FetchNumberHistory->run()
 2 SYSTEMPATH/CLI/Console.php(48): CodeIgniter\CLI\Commands->run()
 3 SYSTEMPATH/Boot.php(338): CodeIgniter\CLI\Console->run()
 4 SYSTEMPATH/Boot.php(104): CodeIgniter\Boot::runCommand()
 5 ROOTPATH/spark(84): CodeIgniter\Boot::bootSpark()
CRITICAL - 2024-07-16 08:23:02 --> ErrorException: file_get_contents(https://www.perdana4d.com/Index?handler=First): Failed to open stream: HTTP request failed! HTTP/1.1 503 Service Unavailable

[Method: CLI, Route: lottery:fetch/P4D/15:00:00]
in APPPATH/Commands/FetchLotteryData.php on line 350.
 1 [internal function]: CodeIgniter\Debug\Exceptions->errorHandler()
 2 APPPATH/Commands/FetchLotteryData.php(350): file_get_contents()
 3 APPPATH/Commands/FetchLotteryData.php(31): App\Commands\FetchLotteryData->fetchPerdana()
 4 SYSTEMPATH/CLI/Commands.php(70): App\Commands\FetchLotteryData->run()
 5 SYSTEMPATH/CLI/Console.php(48): CodeIgniter\CLI\Commands->run()
 6 SYSTEMPATH/Boot.php(338): CodeIgniter\CLI\Console->run()
 7 SYSTEMPATH/Boot.php(104): CodeIgniter\Boot::runCommand()
 8 ROOTPATH/spark(84): CodeIgniter\Boot::bootSpark()
CRITICAL - 2024-07-16 08:32:42 --> ErrorException: file_get_contents(https://www.perdana4d.com/Index?handler=First): Failed to open stream: HTTP request failed! HTTP/1.1 503 Service Unavailable

[Method: CLI, Route: lottery:fetch/P4D/15:00:00]
in APPPATH/Commands/FetchLotteryData.php on line 350.
 1 [internal function]: CodeIgniter\Debug\Exceptions->errorHandler()
 2 APPPATH/Commands/FetchLotteryData.php(350): file_get_contents()
 3 APPPATH/Commands/FetchLotteryData.php(31): App\Commands\FetchLotteryData->fetchPerdana()
 4 SYSTEMPATH/CLI/Commands.php(70): App\Commands\FetchLotteryData->run()
 5 SYSTEMPATH/CLI/Console.php(48): CodeIgniter\CLI\Commands->run()
 6 SYSTEMPATH/Boot.php(338): CodeIgniter\CLI\Console->run()
 7 SYSTEMPATH/Boot.php(104): CodeIgniter\Boot::runCommand()
 8 ROOTPATH/spark(84): CodeIgniter\Boot::bootSpark()
CRITICAL - 2024-07-16 08:45:02 --> Error: Call to undefined method CodeIgniter\Database\MySQLi\Builder::onDuplicateKeyUpdate()
[Method: CLI, Route: fetch:number-history]
in APPPATH/Models/NumberHistoryModel.php on line 25.
 1 APPPATH/Commands/FetchNumberHistory.php(38): App\Models\NumberHistoryModel->insertOrUpdate()
 2 SYSTEMPATH/CLI/Commands.php(70): App\Commands\FetchNumberHistory->run()
 3 SYSTEMPATH/CLI/Console.php(48): CodeIgniter\CLI\Commands->run()
 4 SYSTEMPATH/Boot.php(338): CodeIgniter\CLI\Console->run()
 5 SYSTEMPATH/Boot.php(104): CodeIgniter\Boot::runCommand()
 6 ROOTPATH/spark(84): CodeIgniter\Boot::bootSpark()
CRITICAL - 2024-07-16 08:48:36 --> Error: Call to undefined method CodeIgniter\Database\MySQLi\Builder::query()
[Method: CLI, Route: fetch:number-history]
in APPPATH/Models/NumberHistoryModel.php on line 32.
 1 APPPATH/Commands/FetchNumberHistory.php(38): App\Models\NumberHistoryModel->insertOrUpdate()
 2 SYSTEMPATH/CLI/Commands.php(70): App\Commands\FetchNumberHistory->run()
 3 SYSTEMPATH/CLI/Console.php(48): CodeIgniter\CLI\Commands->run()
 4 SYSTEMPATH/Boot.php(338): CodeIgniter\CLI\Console->run()
 5 SYSTEMPATH/Boot.php(104): CodeIgniter\Boot::runCommand()
 6 ROOTPATH/spark(84): CodeIgniter\Boot::bootSpark()
CRITICAL - 2024-07-16 08:53:17 --> ParseError: Unmatched '}'
[Method: CLI, Route: fetch:number-history]
in APPPATH/Models/NumberHistoryModel.php on line 43.
 1 SYSTEMPATH/Autoloader/Autoloader.php(296): CodeIgniter\Autoloader\Autoloader->includeFile()
 2 SYSTEMPATH/Autoloader/Autoloader.php(272): CodeIgniter\Autoloader\Autoloader->loadInNamespace()
 3 APPPATH/Commands/FetchNumberHistory.php(18): CodeIgniter\Autoloader\Autoloader->loadClass()
 4 SYSTEMPATH/CLI/Commands.php(70): App\Commands\FetchNumberHistory->run()
 5 SYSTEMPATH/CLI/Console.php(48): CodeIgniter\CLI\Commands->run()
 6 SYSTEMPATH/Boot.php(338): CodeIgniter\CLI\Console->run()
 7 SYSTEMPATH/Boot.php(104): CodeIgniter\Boot::runCommand()
 8 ROOTPATH/spark(84): CodeIgniter\Boot::bootSpark()
CRITICAL - 2024-07-16 11:29:02 --> ErrorException: Undefined array key "spec1"
[Method: CLI, Route: lottery:fetchothers/LMC/19:30:00]
in APPPATH/Commands/FetchOthers.php on line 57.
 1 APPPATH/Commands/FetchOthers.php(57): CodeIgniter\Debug\Exceptions->errorHandler()
 2 APPPATH/Commands/FetchOthers.php(24): App\Commands\FetchOthers->fetchLotoMacaoData()
 3 SYSTEMPATH/CLI/Commands.php(70): App\Commands\FetchOthers->run()
 4 SYSTEMPATH/CLI/Console.php(48): CodeIgniter\CLI\Commands->run()
 5 SYSTEMPATH/Boot.php(338): CodeIgniter\CLI\Console->run()
 6 SYSTEMPATH/Boot.php(104): CodeIgniter\Boot::runCommand()
 7 ROOTPATH/spark(84): CodeIgniter\Boot::bootSpark()
CRITICAL - 2024-07-16 11:29:06 --> ErrorException: Undefined array key "spec1"
[Method: CLI, Route: lottery:fetchothers/LMC/19:30:00]
in APPPATH/Commands/FetchOthers.php on line 57.
 1 APPPATH/Commands/FetchOthers.php(57): CodeIgniter\Debug\Exceptions->errorHandler()
 2 APPPATH/Commands/FetchOthers.php(24): App\Commands\FetchOthers->fetchLotoMacaoData()
 3 SYSTEMPATH/CLI/Commands.php(70): App\Commands\FetchOthers->run()
 4 SYSTEMPATH/CLI/Console.php(48): CodeIgniter\CLI\Commands->run()
 5 SYSTEMPATH/Boot.php(338): CodeIgniter\CLI\Console->run()
 6 SYSTEMPATH/Boot.php(104): CodeIgniter\Boot::runCommand()
 7 ROOTPATH/spark(84): CodeIgniter\Boot::bootSpark()
CRITICAL - 2024-07-16 11:29:12 --> ErrorException: Undefined array key "spec1"
[Method: CLI, Route: lottery:fetchothers/LMC/19:30:00]
in APPPATH/Commands/FetchOthers.php on line 57.
 1 APPPATH/Commands/FetchOthers.php(57): CodeIgniter\Debug\Exceptions->errorHandler()
 2 APPPATH/Commands/FetchOthers.php(24): App\Commands\FetchOthers->fetchLotoMacaoData()
 3 SYSTEMPATH/CLI/Commands.php(70): App\Commands\FetchOthers->run()
 4 SYSTEMPATH/CLI/Console.php(48): CodeIgniter\CLI\Commands->run()
 5 SYSTEMPATH/Boot.php(338): CodeIgniter\CLI\Console->run()
 6 SYSTEMPATH/Boot.php(104): CodeIgniter\Boot::runCommand()
 7 ROOTPATH/spark(84): CodeIgniter\Boot::bootSpark()
CRITICAL - 2024-07-16 11:29:17 --> ErrorException: Undefined array key "spec1"
[Method: CLI, Route: lottery:fetchothers/LMC/19:30:00]
in APPPATH/Commands/FetchOthers.php on line 57.
 1 APPPATH/Commands/FetchOthers.php(57): CodeIgniter\Debug\Exceptions->errorHandler()
 2 APPPATH/Commands/FetchOthers.php(24): App\Commands\FetchOthers->fetchLotoMacaoData()
 3 SYSTEMPATH/CLI/Commands.php(70): App\Commands\FetchOthers->run()
 4 SYSTEMPATH/CLI/Console.php(48): CodeIgniter\CLI\Commands->run()
 5 SYSTEMPATH/Boot.php(338): CodeIgniter\CLI\Console->run()
 6 SYSTEMPATH/Boot.php(104): CodeIgniter\Boot::runCommand()
 7 ROOTPATH/spark(84): CodeIgniter\Boot::bootSpark()
CRITICAL - 2024-07-16 11:29:22 --> ErrorException: Undefined array key "spec1"
[Method: CLI, Route: lottery:fetchothers/LMC/19:30:00]
in APPPATH/Commands/FetchOthers.php on line 57.
 1 APPPATH/Commands/FetchOthers.php(57): CodeIgniter\Debug\Exceptions->errorHandler()
 2 APPPATH/Commands/FetchOthers.php(24): App\Commands\FetchOthers->fetchLotoMacaoData()
 3 SYSTEMPATH/CLI/Commands.php(70): App\Commands\FetchOthers->run()
 4 SYSTEMPATH/CLI/Console.php(48): CodeIgniter\CLI\Commands->run()
 5 SYSTEMPATH/Boot.php(338): CodeIgniter\CLI\Console->run()
 6 SYSTEMPATH/Boot.php(104): CodeIgniter\Boot::runCommand()
 7 ROOTPATH/spark(84): CodeIgniter\Boot::bootSpark()
CRITICAL - 2024-07-16 11:29:26 --> ErrorException: Undefined array key "spec1"
[Method: CLI, Route: lottery:fetchothers/LMC/19:30:00]
in APPPATH/Commands/FetchOthers.php on line 57.
 1 APPPATH/Commands/FetchOthers.php(57): CodeIgniter\Debug\Exceptions->errorHandler()
 2 APPPATH/Commands/FetchOthers.php(24): App\Commands\FetchOthers->fetchLotoMacaoData()
 3 SYSTEMPATH/CLI/Commands.php(70): App\Commands\FetchOthers->run()
 4 SYSTEMPATH/CLI/Console.php(48): CodeIgniter\CLI\Commands->run()
 5 SYSTEMPATH/Boot.php(338): CodeIgniter\CLI\Console->run()
 6 SYSTEMPATH/Boot.php(104): CodeIgniter\Boot::runCommand()
 7 ROOTPATH/spark(84): CodeIgniter\Boot::bootSpark()
CRITICAL - 2024-07-16 11:29:32 --> ErrorException: Undefined array key "spec1"
[Method: CLI, Route: lottery:fetchothers/LMC/19:30:00]
in APPPATH/Commands/FetchOthers.php on line 57.
 1 APPPATH/Commands/FetchOthers.php(57): CodeIgniter\Debug\Exceptions->errorHandler()
 2 APPPATH/Commands/FetchOthers.php(24): App\Commands\FetchOthers->fetchLotoMacaoData()
 3 SYSTEMPATH/CLI/Commands.php(70): App\Commands\FetchOthers->run()
 4 SYSTEMPATH/CLI/Console.php(48): CodeIgniter\CLI\Commands->run()
 5 SYSTEMPATH/Boot.php(338): CodeIgniter\CLI\Console->run()
 6 SYSTEMPATH/Boot.php(104): CodeIgniter\Boot::runCommand()
 7 ROOTPATH/spark(84): CodeIgniter\Boot::bootSpark()
CRITICAL - 2024-07-16 11:29:36 --> ErrorException: Undefined array key "spec1"
[Method: CLI, Route: lottery:fetchothers/LMC/19:30:00]
in APPPATH/Commands/FetchOthers.php on line 57.
 1 APPPATH/Commands/FetchOthers.php(57): CodeIgniter\Debug\Exceptions->errorHandler()
 2 APPPATH/Commands/FetchOthers.php(24): App\Commands\FetchOthers->fetchLotoMacaoData()
 3 SYSTEMPATH/CLI/Commands.php(70): App\Commands\FetchOthers->run()
 4 SYSTEMPATH/CLI/Console.php(48): CodeIgniter\CLI\Commands->run()
 5 SYSTEMPATH/Boot.php(338): CodeIgniter\CLI\Console->run()
 6 SYSTEMPATH/Boot.php(104): CodeIgniter\Boot::runCommand()
 7 ROOTPATH/spark(84): CodeIgniter\Boot::bootSpark()
CRITICAL - 2024-07-16 11:29:42 --> ErrorException: Undefined array key "spec1"
[Method: CLI, Route: lottery:fetchothers/LMC/19:30:00]
in APPPATH/Commands/FetchOthers.php on line 57.
 1 APPPATH/Commands/FetchOthers.php(57): CodeIgniter\Debug\Exceptions->errorHandler()
 2 APPPATH/Commands/FetchOthers.php(24): App\Commands\FetchOthers->fetchLotoMacaoData()
 3 SYSTEMPATH/CLI/Commands.php(70): App\Commands\FetchOthers->run()
 4 SYSTEMPATH/CLI/Console.php(48): CodeIgniter\CLI\Commands->run()
 5 SYSTEMPATH/Boot.php(338): CodeIgniter\CLI\Console->run()
 6 SYSTEMPATH/Boot.php(104): CodeIgniter\Boot::runCommand()
 7 ROOTPATH/spark(84): CodeIgniter\Boot::bootSpark()
CRITICAL - 2024-07-16 11:29:46 --> ErrorException: Undefined array key "spec1"
[Method: CLI, Route: lottery:fetchothers/LMC/19:30:00]
in APPPATH/Commands/FetchOthers.php on line 57.
 1 APPPATH/Commands/FetchOthers.php(57): CodeIgniter\Debug\Exceptions->errorHandler()
 2 APPPATH/Commands/FetchOthers.php(24): App\Commands\FetchOthers->fetchLotoMacaoData()
 3 SYSTEMPATH/CLI/Commands.php(70): App\Commands\FetchOthers->run()
 4 SYSTEMPATH/CLI/Console.php(48): CodeIgniter\CLI\Commands->run()
 5 SYSTEMPATH/Boot.php(338): CodeIgniter\CLI\Console->run()
 6 SYSTEMPATH/Boot.php(104): CodeIgniter\Boot::runCommand()
 7 ROOTPATH/spark(84): CodeIgniter\Boot::bootSpark()
CRITICAL - 2024-07-16 11:29:52 --> ErrorException: Undefined array key "spec1"
[Method: CLI, Route: lottery:fetchothers/LMC/19:30:00]
in APPPATH/Commands/FetchOthers.php on line 57.
 1 APPPATH/Commands/FetchOthers.php(57): CodeIgniter\Debug\Exceptions->errorHandler()
 2 APPPATH/Commands/FetchOthers.php(24): App\Commands\FetchOthers->fetchLotoMacaoData()
 3 SYSTEMPATH/CLI/Commands.php(70): App\Commands\FetchOthers->run()
 4 SYSTEMPATH/CLI/Console.php(48): CodeIgniter\CLI\Commands->run()
 5 SYSTEMPATH/Boot.php(338): CodeIgniter\CLI\Console->run()
 6 SYSTEMPATH/Boot.php(104): CodeIgniter\Boot::runCommand()
 7 ROOTPATH/spark(84): CodeIgniter\Boot::bootSpark()
CRITICAL - 2024-07-16 11:29:56 --> ErrorException: Undefined array key "spec1"
[Method: CLI, Route: lottery:fetchothers/LMC/19:30:00]
in APPPATH/Commands/FetchOthers.php on line 57.
 1 APPPATH/Commands/FetchOthers.php(57): CodeIgniter\Debug\Exceptions->errorHandler()
 2 APPPATH/Commands/FetchOthers.php(24): App\Commands\FetchOthers->fetchLotoMacaoData()
 3 SYSTEMPATH/CLI/Commands.php(70): App\Commands\FetchOthers->run()
 4 SYSTEMPATH/CLI/Console.php(48): CodeIgniter\CLI\Commands->run()
 5 SYSTEMPATH/Boot.php(338): CodeIgniter\CLI\Console->run()
 6 SYSTEMPATH/Boot.php(104): CodeIgniter\Boot::runCommand()
 7 ROOTPATH/spark(84): CodeIgniter\Boot::bootSpark()
CRITICAL - 2024-07-16 11:40:36 --> ErrorException: file_get_contents(https://www.perdana4d.com/Index?handler=Refresh): Failed to open stream: HTTP request failed! HTTP/1.1 503 Service Unavailable

[Method: CLI, Route: lottery:fetch/P4D/19:00:00]
in APPPATH/Commands/FetchLotteryData.php on line 350.
 1 [internal function]: CodeIgniter\Debug\Exceptions->errorHandler()
 2 APPPATH/Commands/FetchLotteryData.php(350): file_get_contents()
 3 APPPATH/Commands/FetchLotteryData.php(31): App\Commands\FetchLotteryData->fetchPerdana()
 4 SYSTEMPATH/CLI/Commands.php(70): App\Commands\FetchLotteryData->run()
 5 SYSTEMPATH/CLI/Console.php(48): CodeIgniter\CLI\Commands->run()
 6 SYSTEMPATH/Boot.php(338): CodeIgniter\CLI\Console->run()
 7 SYSTEMPATH/Boot.php(104): CodeIgniter\Boot::runCommand()
 8 ROOTPATH/spark(84): CodeIgniter\Boot::bootSpark()
CRITICAL - 2024-07-16 11:46:46 --> GuzzleHttp\Exception\ServerException: Server error: `GET https://www.damacai.com.my/home` resulted in a `524 ` response:
error code: 524

[Method: CLI, Route: lottery:fetch/DMC]
in VENDORPATH/guzzlehttp/guzzle/src/Exception/RequestException.php on line 113.
 1 VENDORPATH/guzzlehttp/guzzle/src/Middleware.php(72): GuzzleHttp\Exception\RequestException::create()
 2 VENDORPATH/guzzlehttp/promises/src/Promise.php(209): GuzzleHttp\Middleware::GuzzleHttp\{closure}()
 3 VENDORPATH/guzzlehttp/promises/src/Promise.php(158): GuzzleHttp\Promise\Promise::callHandler()
 4 VENDORPATH/guzzlehttp/promises/src/TaskQueue.php(52): GuzzleHttp\Promise\Promise::GuzzleHttp\Promise\{closure}()
 5 VENDORPATH/guzzlehttp/promises/src/Promise.php(251): GuzzleHttp\Promise\TaskQueue->run()
 6 VENDORPATH/guzzlehttp/promises/src/Promise.php(227): GuzzleHttp\Promise\Promise->invokeWaitFn()
 7 VENDORPATH/guzzlehttp/promises/src/Promise.php(272): GuzzleHttp\Promise\Promise->waitIfPending()
 8 VENDORPATH/guzzlehttp/promises/src/Promise.php(229): GuzzleHttp\Promise\Promise->invokeWaitList()
 9 VENDORPATH/guzzlehttp/promises/src/Promise.php(69): GuzzleHttp\Promise\Promise->waitIfPending()
10 VENDORPATH/guzzlehttp/guzzle/src/Client.php(189): GuzzleHttp\Promise\Promise->wait()
11 APPPATH/Commands/FetchLotteryData.php(283): GuzzleHttp\Client->request()
12 APPPATH/Commands/FetchLotteryData.php(178): App\Commands\FetchLotteryData->parseAndStoreDamacaiData()
13 APPPATH/Commands/FetchLotteryData.php(27): App\Commands\FetchLotteryData->fetchDamacai()
14 SYSTEMPATH/CLI/Commands.php(70): App\Commands\FetchLotteryData->run()
15 SYSTEMPATH/CLI/Console.php(48): CodeIgniter\CLI\Commands->run()
16 SYSTEMPATH/Boot.php(338): CodeIgniter\CLI\Console->run()
17 SYSTEMPATH/Boot.php(104): CodeIgniter\Boot::runCommand()
18 ROOTPATH/spark(84): CodeIgniter\Boot::bootSpark()
CRITICAL - 2024-07-16 11:46:51 --> GuzzleHttp\Exception\ServerException: Server error: `GET https://www.damacai.com.my/home` resulted in a `524 ` response:
error code: 524

[Method: CLI, Route: lottery:fetch/DMC]
in VENDORPATH/guzzlehttp/guzzle/src/Exception/RequestException.php on line 113.
 1 VENDORPATH/guzzlehttp/guzzle/src/Middleware.php(72): GuzzleHttp\Exception\RequestException::create()
 2 VENDORPATH/guzzlehttp/promises/src/Promise.php(209): GuzzleHttp\Middleware::GuzzleHttp\{closure}()
 3 VENDORPATH/guzzlehttp/promises/src/Promise.php(158): GuzzleHttp\Promise\Promise::callHandler()
 4 VENDORPATH/guzzlehttp/promises/src/TaskQueue.php(52): GuzzleHttp\Promise\Promise::GuzzleHttp\Promise\{closure}()
 5 VENDORPATH/guzzlehttp/promises/src/Promise.php(251): GuzzleHttp\Promise\TaskQueue->run()
 6 VENDORPATH/guzzlehttp/promises/src/Promise.php(227): GuzzleHttp\Promise\Promise->invokeWaitFn()
 7 VENDORPATH/guzzlehttp/promises/src/Promise.php(272): GuzzleHttp\Promise\Promise->waitIfPending()
 8 VENDORPATH/guzzlehttp/promises/src/Promise.php(229): GuzzleHttp\Promise\Promise->invokeWaitList()
 9 VENDORPATH/guzzlehttp/promises/src/Promise.php(69): GuzzleHttp\Promise\Promise->waitIfPending()
10 VENDORPATH/guzzlehttp/guzzle/src/Client.php(189): GuzzleHttp\Promise\Promise->wait()
11 APPPATH/Commands/FetchLotteryData.php(283): GuzzleHttp\Client->request()
12 APPPATH/Commands/FetchLotteryData.php(178): App\Commands\FetchLotteryData->parseAndStoreDamacaiData()
13 APPPATH/Commands/FetchLotteryData.php(27): App\Commands\FetchLotteryData->fetchDamacai()
14 SYSTEMPATH/CLI/Commands.php(70): App\Commands\FetchLotteryData->run()
15 SYSTEMPATH/CLI/Console.php(48): CodeIgniter\CLI\Commands->run()
16 SYSTEMPATH/Boot.php(338): CodeIgniter\CLI\Console->run()
17 SYSTEMPATH/Boot.php(104): CodeIgniter\Boot::runCommand()
18 ROOTPATH/spark(84): CodeIgniter\Boot::bootSpark()
CRITICAL - 2024-07-16 11:46:56 --> GuzzleHttp\Exception\ServerException: Server error: `GET https://www.damacai.com.my/home` resulted in a `524 ` response:
error code: 524

[Method: CLI, Route: lottery:fetch/DMC]
in VENDORPATH/guzzlehttp/guzzle/src/Exception/RequestException.php on line 113.
 1 VENDORPATH/guzzlehttp/guzzle/src/Middleware.php(72): GuzzleHttp\Exception\RequestException::create()
 2 VENDORPATH/guzzlehttp/promises/src/Promise.php(209): GuzzleHttp\Middleware::GuzzleHttp\{closure}()
 3 VENDORPATH/guzzlehttp/promises/src/Promise.php(158): GuzzleHttp\Promise\Promise::callHandler()
 4 VENDORPATH/guzzlehttp/promises/src/TaskQueue.php(52): GuzzleHttp\Promise\Promise::GuzzleHttp\Promise\{closure}()
 5 VENDORPATH/guzzlehttp/promises/src/Promise.php(251): GuzzleHttp\Promise\TaskQueue->run()
 6 VENDORPATH/guzzlehttp/promises/src/Promise.php(227): GuzzleHttp\Promise\Promise->invokeWaitFn()
 7 VENDORPATH/guzzlehttp/promises/src/Promise.php(272): GuzzleHttp\Promise\Promise->waitIfPending()
 8 VENDORPATH/guzzlehttp/promises/src/Promise.php(229): GuzzleHttp\Promise\Promise->invokeWaitList()
 9 VENDORPATH/guzzlehttp/promises/src/Promise.php(69): GuzzleHttp\Promise\Promise->waitIfPending()
10 VENDORPATH/guzzlehttp/guzzle/src/Client.php(189): GuzzleHttp\Promise\Promise->wait()
11 APPPATH/Commands/FetchLotteryData.php(283): GuzzleHttp\Client->request()
12 APPPATH/Commands/FetchLotteryData.php(178): App\Commands\FetchLotteryData->parseAndStoreDamacaiData()
13 APPPATH/Commands/FetchLotteryData.php(27): App\Commands\FetchLotteryData->fetchDamacai()
14 SYSTEMPATH/CLI/Commands.php(70): App\Commands\FetchLotteryData->run()
15 SYSTEMPATH/CLI/Console.php(48): CodeIgniter\CLI\Commands->run()
16 SYSTEMPATH/Boot.php(338): CodeIgniter\CLI\Console->run()
17 SYSTEMPATH/Boot.php(104): CodeIgniter\Boot::runCommand()
18 ROOTPATH/spark(84): CodeIgniter\Boot::bootSpark()
CRITICAL - 2024-07-16 11:47:01 --> GuzzleHttp\Exception\ServerException: Server error: `GET https://www.damacai.com.my/home` resulted in a `524 ` response:
error code: 524

[Method: CLI, Route: lottery:fetch/DMC]
in VENDORPATH/guzzlehttp/guzzle/src/Exception/RequestException.php on line 113.
 1 VENDORPATH/guzzlehttp/guzzle/src/Middleware.php(72): GuzzleHttp\Exception\RequestException::create()
 2 VENDORPATH/guzzlehttp/promises/src/Promise.php(209): GuzzleHttp\Middleware::GuzzleHttp\{closure}()
 3 VENDORPATH/guzzlehttp/promises/src/Promise.php(158): GuzzleHttp\Promise\Promise::callHandler()
 4 VENDORPATH/guzzlehttp/promises/src/TaskQueue.php(52): GuzzleHttp\Promise\Promise::GuzzleHttp\Promise\{closure}()
 5 VENDORPATH/guzzlehttp/promises/src/Promise.php(251): GuzzleHttp\Promise\TaskQueue->run()
 6 VENDORPATH/guzzlehttp/promises/src/Promise.php(227): GuzzleHttp\Promise\Promise->invokeWaitFn()
 7 VENDORPATH/guzzlehttp/promises/src/Promise.php(272): GuzzleHttp\Promise\Promise->waitIfPending()
 8 VENDORPATH/guzzlehttp/promises/src/Promise.php(229): GuzzleHttp\Promise\Promise->invokeWaitList()
 9 VENDORPATH/guzzlehttp/promises/src/Promise.php(69): GuzzleHttp\Promise\Promise->waitIfPending()
10 VENDORPATH/guzzlehttp/guzzle/src/Client.php(189): GuzzleHttp\Promise\Promise->wait()
11 APPPATH/Commands/FetchLotteryData.php(283): GuzzleHttp\Client->request()
12 APPPATH/Commands/FetchLotteryData.php(178): App\Commands\FetchLotteryData->parseAndStoreDamacaiData()
13 APPPATH/Commands/FetchLotteryData.php(27): App\Commands\FetchLotteryData->fetchDamacai()
14 SYSTEMPATH/CLI/Commands.php(70): App\Commands\FetchLotteryData->run()
15 SYSTEMPATH/CLI/Console.php(48): CodeIgniter\CLI\Commands->run()
16 SYSTEMPATH/Boot.php(338): CodeIgniter\CLI\Console->run()
17 SYSTEMPATH/Boot.php(104): CodeIgniter\Boot::runCommand()
18 ROOTPATH/spark(84): CodeIgniter\Boot::bootSpark()
CRITICAL - 2024-07-16 11:47:11 --> GuzzleHttp\Exception\ServerException: Server error: `GET https://www.damacai.com.my/home` resulted in a `524 ` response:
error code: 524

[Method: CLI, Route: lottery:fetch/DMC]
in VENDORPATH/guzzlehttp/guzzle/src/Exception/RequestException.php on line 113.
 1 VENDORPATH/guzzlehttp/guzzle/src/Middleware.php(72): GuzzleHttp\Exception\RequestException::create()
 2 VENDORPATH/guzzlehttp/promises/src/Promise.php(209): GuzzleHttp\Middleware::GuzzleHttp\{closure}()
 3 VENDORPATH/guzzlehttp/promises/src/Promise.php(158): GuzzleHttp\Promise\Promise::callHandler()
 4 VENDORPATH/guzzlehttp/promises/src/TaskQueue.php(52): GuzzleHttp\Promise\Promise::GuzzleHttp\Promise\{closure}()
 5 VENDORPATH/guzzlehttp/promises/src/Promise.php(251): GuzzleHttp\Promise\TaskQueue->run()
 6 VENDORPATH/guzzlehttp/promises/src/Promise.php(227): GuzzleHttp\Promise\Promise->invokeWaitFn()
 7 VENDORPATH/guzzlehttp/promises/src/Promise.php(272): GuzzleHttp\Promise\Promise->waitIfPending()
 8 VENDORPATH/guzzlehttp/promises/src/Promise.php(229): GuzzleHttp\Promise\Promise->invokeWaitList()
 9 VENDORPATH/guzzlehttp/promises/src/Promise.php(69): GuzzleHttp\Promise\Promise->waitIfPending()
10 VENDORPATH/guzzlehttp/guzzle/src/Client.php(189): GuzzleHttp\Promise\Promise->wait()
11 APPPATH/Commands/FetchLotteryData.php(283): GuzzleHttp\Client->request()
12 APPPATH/Commands/FetchLotteryData.php(178): App\Commands\FetchLotteryData->parseAndStoreDamacaiData()
13 APPPATH/Commands/FetchLotteryData.php(27): App\Commands\FetchLotteryData->fetchDamacai()
14 SYSTEMPATH/CLI/Commands.php(70): App\Commands\FetchLotteryData->run()
15 SYSTEMPATH/CLI/Console.php(48): CodeIgniter\CLI\Commands->run()
16 SYSTEMPATH/Boot.php(338): CodeIgniter\CLI\Console->run()
17 SYSTEMPATH/Boot.php(104): CodeIgniter\Boot::runCommand()
18 ROOTPATH/spark(84): CodeIgniter\Boot::bootSpark()
CRITICAL - 2024-07-16 12:47:41 --> ErrorException: Trying to access array offset on null
[Method: CLI, Route: lottery:fetchothers/MTH]
in APPPATH/Commands/FetchOthers.php on line 189.
 1 APPPATH/Commands/FetchOthers.php(189): CodeIgniter\Debug\Exceptions->errorHandler()
 2 APPPATH/Commands/FetchOthers.php(30): App\Commands\FetchOthers->fetchMatahariData()
 3 SYSTEMPATH/CLI/Commands.php(70): App\Commands\FetchOthers->run()
 4 SYSTEMPATH/CLI/Console.php(48): CodeIgniter\CLI\Commands->run()
 5 SYSTEMPATH/Boot.php(338): CodeIgniter\CLI\Console->run()
 6 SYSTEMPATH/Boot.php(104): CodeIgniter\Boot::runCommand()
 7 ROOTPATH/spark(84): CodeIgniter\Boot::bootSpark()
CRITICAL - 2024-07-16 15:29:37 --> ArgumentCountError: Too few arguments to function App\Commands\FetchNumberHistory::parseResults(), 1 passed in /var/www/4dpanda.com/4dpanda_ci/app/Commands/FetchNumberHistory.php on line 29 and exactly 2 expected
[Method: CLI, Route: fetch:number-history]
in APPPATH/Commands/FetchNumberHistory.php on line 44.
 1 APPPATH/Commands/FetchNumberHistory.php(29): App\Commands\FetchNumberHistory->parseResults()
 2 SYSTEMPATH/CLI/Commands.php(70): App\Commands\FetchNumberHistory->run()
 3 SYSTEMPATH/CLI/Console.php(48): CodeIgniter\CLI\Commands->run()
 4 SYSTEMPATH/Boot.php(338): CodeIgniter\CLI\Console->run()
 5 SYSTEMPATH/Boot.php(104): CodeIgniter\Boot::runCommand()
 6 ROOTPATH/spark(84): CodeIgniter\Boot::bootSpark()
CRITICAL - 2024-07-16 15:30:05 --> ArgumentCountError: Too few arguments to function App\Commands\FetchNumberHistory::parseResults(), 1 passed in /var/www/4dpanda.com/4dpanda_ci/app/Commands/FetchNumberHistory.php on line 29 and exactly 2 expected
[Method: CLI, Route: fetch:number-history]
in APPPATH/Commands/FetchNumberHistory.php on line 44.
 1 APPPATH/Commands/FetchNumberHistory.php(29): App\Commands\FetchNumberHistory->parseResults()
 2 SYSTEMPATH/CLI/Commands.php(70): App\Commands\FetchNumberHistory->run()
 3 SYSTEMPATH/CLI/Console.php(48): CodeIgniter\CLI\Commands->run()
 4 SYSTEMPATH/Boot.php(338): CodeIgniter\CLI\Console->run()
 5 SYSTEMPATH/Boot.php(104): CodeIgniter\Boot::runCommand()
 6 ROOTPATH/spark(84): CodeIgniter\Boot::bootSpark()
CRITICAL - 2024-07-16 16:27:50 --> Error: Call to undefined function App\Commands\str_repleace()
[Method: CLI, Route: fetch:number-history]
in APPPATH/Commands/FetchNumberHistory.php on line 60.
 1 VENDORPATH/symfony/dom-crawler/Crawler.php(323): App\Commands\FetchNumberHistory->App\Commands\{closure}()
 2 APPPATH/Commands/FetchNumberHistory.php(47): Symfony\Component\DomCrawler\Crawler->each()
 3 APPPATH/Commands/FetchNumberHistory.php(29): App\Commands\FetchNumberHistory->parseResults()
 4 SYSTEMPATH/CLI/Commands.php(70): App\Commands\FetchNumberHistory->run()
 5 SYSTEMPATH/CLI/Console.php(48): CodeIgniter\CLI\Commands->run()
 6 SYSTEMPATH/Boot.php(338): CodeIgniter\CLI\Console->run()
 7 SYSTEMPATH/Boot.php(104): CodeIgniter\Boot::runCommand()
 8 ROOTPATH/spark(84): CodeIgniter\Boot::bootSpark()
CRITICAL - 2024-07-16 16:28:10 --> ArgumentCountError: str_replace() expects at least 3 arguments, 2 given
[Method: CLI, Route: fetch:number-history]
in APPPATH/Commands/FetchNumberHistory.php on line 60.
 1 APPPATH/Commands/FetchNumberHistory.php(60): str_replace()
 2 VENDORPATH/symfony/dom-crawler/Crawler.php(323): App\Commands\FetchNumberHistory->App\Commands\{closure}()
 3 APPPATH/Commands/FetchNumberHistory.php(47): Symfony\Component\DomCrawler\Crawler->each()
 4 APPPATH/Commands/FetchNumberHistory.php(29): App\Commands\FetchNumberHistory->parseResults()
 5 SYSTEMPATH/CLI/Commands.php(70): App\Commands\FetchNumberHistory->run()
 6 SYSTEMPATH/CLI/Console.php(48): CodeIgniter\CLI\Commands->run()
 7 SYSTEMPATH/Boot.php(338): CodeIgniter\CLI\Console->run()
 8 SYSTEMPATH/Boot.php(104): CodeIgniter\Boot::runCommand()
 9 ROOTPATH/spark(84): CodeIgniter\Boot::bootSpark()
