CRITICAL - 2024-08-26 05:41:05 --> ErrorException: Undefined variable $number
[Method: GET, Route: history]
in APPPATH/Views/frontend/search.php on line 95.
 1 APPPATH/Views/frontend/search.php(95): CodeIgniter\Debug\Exceptions->errorHandler()
 2 SYSTEMPATH/View/View.php(234): include('/var/www/4dpanda.com/4dpanda_ci/app/Views/frontend/search.php')
 3 SYSTEMPATH/View/View.php(237): CodeIgniter\View\View->CodeIgniter\View\{closure}()
 4 SYSTEMPATH/Common.php(1171): CodeIgniter\View\View->render()
 5 APPPATH/Controllers/SearchController.php(23): view()
 6 SYSTEMPATH/CodeIgniter.php(933): App\Controllers\SearchController->index()
 7 SYSTEMPATH/CodeIgniter.php(509): CodeIgniter\CodeIgniter->runController()
 8 SYSTEMPATH/CodeIgniter.php(355): CodeIgniter\CodeIgniter->handleRequest()
 9 SYSTEMPATH/Boot.php(312): CodeIgniter\CodeIgniter->run()
10 SYSTEMPATH/Boot.php(67): CodeIgniter\Boot::runCodeIgniter()
11 FCPATH/index.php(56): CodeIgniter\Boot::bootWeb()
CRITICAL - 2024-08-26 07:18:31 --> Error: Class "FM\Elfinder\ElFinderConnector" not found
[Method: GET, Route: elfinder/connector]
in APPPATH/Controllers/ElfinderController.php on line 47.
 1 SYSTEMPATH/CodeIgniter.php(933): App\Controllers\ElfinderController->connector()
 2 SYSTEMPATH/CodeIgniter.php(509): CodeIgniter\CodeIgniter->runController()
 3 SYSTEMPATH/CodeIgniter.php(355): CodeIgniter\CodeIgniter->handleRequest()
 4 SYSTEMPATH/Boot.php(312): CodeIgniter\CodeIgniter->run()
 5 SYSTEMPATH/Boot.php(67): CodeIgniter\Boot::runCodeIgniter()
 6 FCPATH/index.php(56): CodeIgniter\Boot::bootWeb()
CRITICAL - 2024-08-26 07:18:57 --> Error: Class "FM\Elfinder\ElFinderConnector" not found
[Method: GET, Route: elfinder/connector]
in APPPATH/Controllers/ElfinderController.php on line 47.
 1 SYSTEMPATH/CodeIgniter.php(933): App\Controllers\ElfinderController->connector()
 2 SYSTEMPATH/CodeIgniter.php(509): CodeIgniter\CodeIgniter->runController()
 3 SYSTEMPATH/CodeIgniter.php(355): CodeIgniter\CodeIgniter->handleRequest()
 4 SYSTEMPATH/Boot.php(312): CodeIgniter\CodeIgniter->run()
 5 SYSTEMPATH/Boot.php(67): CodeIgniter\Boot::runCodeIgniter()
 6 FCPATH/index.php(56): CodeIgniter\Boot::bootWeb()
CRITICAL - 2024-08-26 07:18:58 --> Error: Class "FM\Elfinder\ElFinderConnector" not found
[Method: GET, Route: elfinder/connector]
in APPPATH/Controllers/ElfinderController.php on line 47.
 1 SYSTEMPATH/CodeIgniter.php(933): App\Controllers\ElfinderController->connector()
 2 SYSTEMPATH/CodeIgniter.php(509): CodeIgniter\CodeIgniter->runController()
 3 SYSTEMPATH/CodeIgniter.php(355): CodeIgniter\CodeIgniter->handleRequest()
 4 SYSTEMPATH/Boot.php(312): CodeIgniter\CodeIgniter->run()
 5 SYSTEMPATH/Boot.php(67): CodeIgniter\Boot::runCodeIgniter()
 6 FCPATH/index.php(56): CodeIgniter\Boot::bootWeb()
CRITICAL - 2024-08-26 07:18:59 --> Error: Class "FM\Elfinder\ElFinderConnector" not found
[Method: GET, Route: elfinder/connector]
in APPPATH/Controllers/ElfinderController.php on line 47.
 1 SYSTEMPATH/CodeIgniter.php(933): App\Controllers\ElfinderController->connector()
 2 SYSTEMPATH/CodeIgniter.php(509): CodeIgniter\CodeIgniter->runController()
 3 SYSTEMPATH/CodeIgniter.php(355): CodeIgniter\CodeIgniter->handleRequest()
 4 SYSTEMPATH/Boot.php(312): CodeIgniter\CodeIgniter->run()
 5 SYSTEMPATH/Boot.php(67): CodeIgniter\Boot::runCodeIgniter()
 6 FCPATH/index.php(56): CodeIgniter\Boot::bootWeb()
CRITICAL - 2024-08-26 07:25:00 --> Error: Class "FM\Elfinder\Elfinder" not found
[Method: GET, Route: elfinder/connector]
in APPPATH/Controllers/ElfinderController.php on line 24.
 1 SYSTEMPATH/CodeIgniter.php(933): App\Controllers\ElfinderController->connector()
 2 SYSTEMPATH/CodeIgniter.php(509): CodeIgniter\CodeIgniter->runController()
 3 SYSTEMPATH/CodeIgniter.php(355): CodeIgniter\CodeIgniter->handleRequest()
 4 SYSTEMPATH/Boot.php(312): CodeIgniter\CodeIgniter->run()
 5 SYSTEMPATH/Boot.php(67): CodeIgniter\Boot::runCodeIgniter()
 6 FCPATH/index.php(56): CodeIgniter\Boot::bootWeb()
CRITICAL - 2024-08-26 07:41:43 --> Error: Class "FM\Elfinder\Elfinder" not found
[Method: GET, Route: admin/elfinder/connector]
in APPPATH/Controllers/ElfinderController.php on line 24.
 1 SYSTEMPATH/CodeIgniter.php(933): App\Controllers\ElfinderController->connector()
 2 SYSTEMPATH/CodeIgniter.php(509): CodeIgniter\CodeIgniter->runController()
 3 SYSTEMPATH/CodeIgniter.php(355): CodeIgniter\CodeIgniter->handleRequest()
 4 SYSTEMPATH/Boot.php(312): CodeIgniter\CodeIgniter->run()
 5 SYSTEMPATH/Boot.php(67): CodeIgniter\Boot::runCodeIgniter()
 6 FCPATH/index.php(56): CodeIgniter\Boot::bootWeb()
CRITICAL - 2024-08-26 08:49:26 --> ErrorException: foreach() argument must be of type array|object, null given
[Method: GET, Route: fetchhistoryresults]
in APPPATH/Controllers/SearchController.php on line 101.
 1 APPPATH/Controllers/SearchController.php(101): CodeIgniter\Debug\Exceptions->errorHandler()
 2 SYSTEMPATH/CodeIgniter.php(933): App\Controllers\SearchController->fetchhistoryresultsIndex()
 3 SYSTEMPATH/CodeIgniter.php(509): CodeIgniter\CodeIgniter->runController()
 4 SYSTEMPATH/CodeIgniter.php(355): CodeIgniter\CodeIgniter->handleRequest()
 5 SYSTEMPATH/Boot.php(312): CodeIgniter\CodeIgniter->run()
 6 SYSTEMPATH/Boot.php(67): CodeIgniter\Boot::runCodeIgniter()
 7 FCPATH/index.php(56): CodeIgniter\Boot::bootWeb()
CRITICAL - 2024-08-26 08:49:44 --> ErrorException: foreach() argument must be of type array|object, null given
[Method: GET, Route: fetchhistoryresults]
in APPPATH/Controllers/SearchController.php on line 101.
 1 APPPATH/Controllers/SearchController.php(101): CodeIgniter\Debug\Exceptions->errorHandler()
 2 SYSTEMPATH/CodeIgniter.php(933): App\Controllers\SearchController->fetchhistoryresultsIndex()
 3 SYSTEMPATH/CodeIgniter.php(509): CodeIgniter\CodeIgniter->runController()
 4 SYSTEMPATH/CodeIgniter.php(355): CodeIgniter\CodeIgniter->handleRequest()
 5 SYSTEMPATH/Boot.php(312): CodeIgniter\CodeIgniter->run()
 6 SYSTEMPATH/Boot.php(67): CodeIgniter\Boot::runCodeIgniter()
 7 FCPATH/index.php(56): CodeIgniter\Boot::bootWeb()
CRITICAL - 2024-08-26 15:45:06 --> Error: Class "App\Models\MobileNotificationModel" not found
[Method: POST, Route: api/save_notification_settings]
in APPPATH/Controllers/ApiController.php on line 15.
 1 SYSTEMPATH/CodeIgniter.php(903): App\Controllers\ApiController->__construct()
 2 SYSTEMPATH/CodeIgniter.php(500): CodeIgniter\CodeIgniter->createController()
 3 SYSTEMPATH/CodeIgniter.php(355): CodeIgniter\CodeIgniter->handleRequest()
 4 SYSTEMPATH/Boot.php(312): CodeIgniter\CodeIgniter->run()
 5 SYSTEMPATH/Boot.php(67): CodeIgniter\Boot::runCodeIgniter()
 6 FCPATH/index.php(56): CodeIgniter\Boot::bootWeb()
CRITICAL - 2024-08-26 15:45:07 --> Error: Class "App\Models\MobileNotificationModel" not found
[Method: POST, Route: api/save_notification_settings]
in APPPATH/Controllers/ApiController.php on line 15.
 1 SYSTEMPATH/CodeIgniter.php(903): App\Controllers\ApiController->__construct()
 2 SYSTEMPATH/CodeIgniter.php(500): CodeIgniter\CodeIgniter->createController()
 3 SYSTEMPATH/CodeIgniter.php(355): CodeIgniter\CodeIgniter->handleRequest()
 4 SYSTEMPATH/Boot.php(312): CodeIgniter\CodeIgniter->run()
 5 SYSTEMPATH/Boot.php(67): CodeIgniter\Boot::runCodeIgniter()
 6 FCPATH/index.php(56): CodeIgniter\Boot::bootWeb()
CRITICAL - 2024-08-26 15:45:07 --> Error: Class "App\Models\MobileNotificationModel" not found
[Method: POST, Route: api/save_notification_settings]
in APPPATH/Controllers/ApiController.php on line 15.
 1 SYSTEMPATH/CodeIgniter.php(903): App\Controllers\ApiController->__construct()
 2 SYSTEMPATH/CodeIgniter.php(500): CodeIgniter\CodeIgniter->createController()
 3 SYSTEMPATH/CodeIgniter.php(355): CodeIgniter\CodeIgniter->handleRequest()
 4 SYSTEMPATH/Boot.php(312): CodeIgniter\CodeIgniter->run()
 5 SYSTEMPATH/Boot.php(67): CodeIgniter\Boot::runCodeIgniter()
 6 FCPATH/index.php(56): CodeIgniter\Boot::bootWeb()
CRITICAL - 2024-08-26 15:45:08 --> Error: Class "App\Models\MobileNotificationModel" not found
[Method: POST, Route: api/save_notification_settings]
in APPPATH/Controllers/ApiController.php on line 15.
 1 SYSTEMPATH/CodeIgniter.php(903): App\Controllers\ApiController->__construct()
 2 SYSTEMPATH/CodeIgniter.php(500): CodeIgniter\CodeIgniter->createController()
 3 SYSTEMPATH/CodeIgniter.php(355): CodeIgniter\CodeIgniter->handleRequest()
 4 SYSTEMPATH/Boot.php(312): CodeIgniter\CodeIgniter->run()
 5 SYSTEMPATH/Boot.php(67): CodeIgniter\Boot::runCodeIgniter()
 6 FCPATH/index.php(56): CodeIgniter\Boot::bootWeb()
CRITICAL - 2024-08-26 15:45:09 --> Error: Class "App\Models\MobileNotificationModel" not found
[Method: POST, Route: api/save_notification_settings]
in APPPATH/Controllers/ApiController.php on line 15.
 1 SYSTEMPATH/CodeIgniter.php(903): App\Controllers\ApiController->__construct()
 2 SYSTEMPATH/CodeIgniter.php(500): CodeIgniter\CodeIgniter->createController()
 3 SYSTEMPATH/CodeIgniter.php(355): CodeIgniter\CodeIgniter->handleRequest()
 4 SYSTEMPATH/Boot.php(312): CodeIgniter\CodeIgniter->run()
 5 SYSTEMPATH/Boot.php(67): CodeIgniter\Boot::runCodeIgniter()
 6 FCPATH/index.php(56): CodeIgniter\Boot::bootWeb()
CRITICAL - 2024-08-26 15:45:10 --> Error: Class "App\Models\MobileNotificationModel" not found
[Method: POST, Route: api/save_notification_settings]
in APPPATH/Controllers/ApiController.php on line 15.
 1 SYSTEMPATH/CodeIgniter.php(903): App\Controllers\ApiController->__construct()
 2 SYSTEMPATH/CodeIgniter.php(500): CodeIgniter\CodeIgniter->createController()
 3 SYSTEMPATH/CodeIgniter.php(355): CodeIgniter\CodeIgniter->handleRequest()
 4 SYSTEMPATH/Boot.php(312): CodeIgniter\CodeIgniter->run()
 5 SYSTEMPATH/Boot.php(67): CodeIgniter\Boot::runCodeIgniter()
 6 FCPATH/index.php(56): CodeIgniter\Boot::bootWeb()
CRITICAL - 2024-08-26 15:45:11 --> Error: Class "App\Models\MobileNotificationModel" not found
[Method: POST, Route: api/save_notification_settings]
in APPPATH/Controllers/ApiController.php on line 15.
 1 SYSTEMPATH/CodeIgniter.php(903): App\Controllers\ApiController->__construct()
 2 SYSTEMPATH/CodeIgniter.php(500): CodeIgniter\CodeIgniter->createController()
 3 SYSTEMPATH/CodeIgniter.php(355): CodeIgniter\CodeIgniter->handleRequest()
 4 SYSTEMPATH/Boot.php(312): CodeIgniter\CodeIgniter->run()
 5 SYSTEMPATH/Boot.php(67): CodeIgniter\Boot::runCodeIgniter()
 6 FCPATH/index.php(56): CodeIgniter\Boot::bootWeb()
CRITICAL - 2024-08-26 15:45:11 --> Error: Class "App\Models\MobileNotificationModel" not found
[Method: POST, Route: api/save_notification_settings]
in APPPATH/Controllers/ApiController.php on line 15.
 1 SYSTEMPATH/CodeIgniter.php(903): App\Controllers\ApiController->__construct()
 2 SYSTEMPATH/CodeIgniter.php(500): CodeIgniter\CodeIgniter->createController()
 3 SYSTEMPATH/CodeIgniter.php(355): CodeIgniter\CodeIgniter->handleRequest()
 4 SYSTEMPATH/Boot.php(312): CodeIgniter\CodeIgniter->run()
 5 SYSTEMPATH/Boot.php(67): CodeIgniter\Boot::runCodeIgniter()
 6 FCPATH/index.php(56): CodeIgniter\Boot::bootWeb()
CRITICAL - 2024-08-26 15:45:12 --> Error: Class "App\Models\MobileNotificationModel" not found
[Method: POST, Route: api/save_notification_settings]
in APPPATH/Controllers/ApiController.php on line 15.
 1 SYSTEMPATH/CodeIgniter.php(903): App\Controllers\ApiController->__construct()
 2 SYSTEMPATH/CodeIgniter.php(500): CodeIgniter\CodeIgniter->createController()
 3 SYSTEMPATH/CodeIgniter.php(355): CodeIgniter\CodeIgniter->handleRequest()
 4 SYSTEMPATH/Boot.php(312): CodeIgniter\CodeIgniter->run()
 5 SYSTEMPATH/Boot.php(67): CodeIgniter\Boot::runCodeIgniter()
 6 FCPATH/index.php(56): CodeIgniter\Boot::bootWeb()
CRITICAL - 2024-08-26 15:45:13 --> Error: Class "App\Models\MobileNotificationModel" not found
[Method: POST, Route: api/save_notification_settings]
in APPPATH/Controllers/ApiController.php on line 15.
 1 SYSTEMPATH/CodeIgniter.php(903): App\Controllers\ApiController->__construct()
 2 SYSTEMPATH/CodeIgniter.php(500): CodeIgniter\CodeIgniter->createController()
 3 SYSTEMPATH/CodeIgniter.php(355): CodeIgniter\CodeIgniter->handleRequest()
 4 SYSTEMPATH/Boot.php(312): CodeIgniter\CodeIgniter->run()
 5 SYSTEMPATH/Boot.php(67): CodeIgniter\Boot::runCodeIgniter()
 6 FCPATH/index.php(56): CodeIgniter\Boot::bootWeb()
CRITICAL - 2024-08-26 15:45:14 --> Error: Class "App\Models\MobileNotificationModel" not found
[Method: POST, Route: api/save_notification_settings]
in APPPATH/Controllers/ApiController.php on line 15.
 1 SYSTEMPATH/CodeIgniter.php(903): App\Controllers\ApiController->__construct()
 2 SYSTEMPATH/CodeIgniter.php(500): CodeIgniter\CodeIgniter->createController()
 3 SYSTEMPATH/CodeIgniter.php(355): CodeIgniter\CodeIgniter->handleRequest()
 4 SYSTEMPATH/Boot.php(312): CodeIgniter\CodeIgniter->run()
 5 SYSTEMPATH/Boot.php(67): CodeIgniter\Boot::runCodeIgniter()
 6 FCPATH/index.php(56): CodeIgniter\Boot::bootWeb()
CRITICAL - 2024-08-26 15:45:15 --> Error: Class "App\Models\MobileNotificationModel" not found
[Method: POST, Route: api/save_notification_settings]
in APPPATH/Controllers/ApiController.php on line 15.
 1 SYSTEMPATH/CodeIgniter.php(903): App\Controllers\ApiController->__construct()
 2 SYSTEMPATH/CodeIgniter.php(500): CodeIgniter\CodeIgniter->createController()
 3 SYSTEMPATH/CodeIgniter.php(355): CodeIgniter\CodeIgniter->handleRequest()
 4 SYSTEMPATH/Boot.php(312): CodeIgniter\CodeIgniter->run()
 5 SYSTEMPATH/Boot.php(67): CodeIgniter\Boot::runCodeIgniter()
 6 FCPATH/index.php(56): CodeIgniter\Boot::bootWeb()
CRITICAL - 2024-08-26 15:45:15 --> Error: Class "App\Models\MobileNotificationModel" not found
[Method: POST, Route: api/save_notification_settings]
in APPPATH/Controllers/ApiController.php on line 15.
 1 SYSTEMPATH/CodeIgniter.php(903): App\Controllers\ApiController->__construct()
 2 SYSTEMPATH/CodeIgniter.php(500): CodeIgniter\CodeIgniter->createController()
 3 SYSTEMPATH/CodeIgniter.php(355): CodeIgniter\CodeIgniter->handleRequest()
 4 SYSTEMPATH/Boot.php(312): CodeIgniter\CodeIgniter->run()
 5 SYSTEMPATH/Boot.php(67): CodeIgniter\Boot::runCodeIgniter()
 6 FCPATH/index.php(56): CodeIgniter\Boot::bootWeb()
