CRITICAL - 2024-10-06 00:20:37 --> ErrorException: file_get_contents(https://www.perdana4d.com/Index?handler=First): Failed to open stream: HTTP request failed! HTTP/1.1 503 Service Unavailable

[Method: CLI, Route: lottery:fetch/P4D/15:00:00]
in APPPATH/Commands/FetchLotteryData.php on line 364.
 1 [internal function]: CodeIgniter\Debug\Exceptions->errorHandler()
 2 APPPATH/Commands/FetchLotteryData.php(364): file_get_contents()
 3 APPPATH/Commands/FetchLotteryData.php(31): App\Commands\FetchLotteryData->fetchPerdana()
 4 SYSTEMPATH/CLI/Commands.php(70): App\Commands\FetchLotteryData->run()
 5 SYSTEMPATH/CLI/Console.php(48): CodeIgniter\CLI\Commands->run()
 6 SYSTEMPATH/Boot.php(338): CodeIgniter\CLI\Console->run()
 7 SYSTEMPATH/Boot.php(104): CodeIgniter\Boot::runCommand()
 8 ROOTPATH/spark(84): CodeIgniter\Boot::bootSpark()
CRITICAL - 2024-10-06 03:30:04 --> ErrorException: file_get_contents(https://www.perdana4d.com/Index?handler=Refresh): Failed to open stream: HTTP request failed! HTTP/1.1 503 Service Unavailable

[Method: CLI, Route: lottery:fetch/P4D/19:00:00]
in APPPATH/Commands/FetchLotteryData.php on line 364.
 1 [internal function]: CodeIgniter\Debug\Exceptions->errorHandler()
 2 APPPATH/Commands/FetchLotteryData.php(364): file_get_contents()
 3 APPPATH/Commands/FetchLotteryData.php(31): App\Commands\FetchLotteryData->fetchPerdana()
 4 SYSTEMPATH/CLI/Commands.php(70): App\Commands\FetchLotteryData->run()
 5 SYSTEMPATH/CLI/Console.php(48): CodeIgniter\CLI\Commands->run()
 6 SYSTEMPATH/Boot.php(338): CodeIgniter\CLI\Console->run()
 7 SYSTEMPATH/Boot.php(104): CodeIgniter\Boot::runCommand()
 8 ROOTPATH/spark(84): CodeIgniter\Boot::bootSpark()
CRITICAL - 2024-10-06 04:09:13 --> ErrorException: file_get_contents(http://www.stc4d.com/live_draw.aspx): Failed to open stream: Connection timed out
[Method: CLI, Route: lottery:fetchsandakan]
in APPPATH/Commands/FetchSandakan.php on line 26.
 1 [internal function]: CodeIgniter\Debug\Exceptions->errorHandler()
 2 APPPATH/Commands/FetchSandakan.php(26): file_get_contents()
 3 APPPATH/Commands/FetchSandakan.php(19): App\Commands\FetchSandakan->fetchSandakanData()
 4 SYSTEMPATH/CLI/Commands.php(70): App\Commands\FetchSandakan->run()
 5 SYSTEMPATH/CLI/Console.php(48): CodeIgniter\CLI\Commands->run()
 6 SYSTEMPATH/Boot.php(338): CodeIgniter\CLI\Console->run()
 7 SYSTEMPATH/Boot.php(104): CodeIgniter\Boot::runCommand()
 8 ROOTPATH/spark(84): CodeIgniter\Boot::bootSpark()
CRITICAL - 2024-10-06 04:09:18 --> ErrorException: file_get_contents(http://www.stc4d.com/live_draw.aspx): Failed to open stream: Connection timed out
[Method: CLI, Route: lottery:fetchsandakan]
in APPPATH/Commands/FetchSandakan.php on line 26.
 1 [internal function]: CodeIgniter\Debug\Exceptions->errorHandler()
 2 APPPATH/Commands/FetchSandakan.php(26): file_get_contents()
 3 APPPATH/Commands/FetchSandakan.php(19): App\Commands\FetchSandakan->fetchSandakanData()
 4 SYSTEMPATH/CLI/Commands.php(70): App\Commands\FetchSandakan->run()
 5 SYSTEMPATH/CLI/Console.php(48): CodeIgniter\CLI\Commands->run()
 6 SYSTEMPATH/Boot.php(338): CodeIgniter\CLI\Console->run()
 7 SYSTEMPATH/Boot.php(104): CodeIgniter\Boot::runCommand()
 8 ROOTPATH/spark(84): CodeIgniter\Boot::bootSpark()
CRITICAL - 2024-10-06 04:09:22 --> ErrorException: file_get_contents(http://www.stc4d.com/live_draw.aspx): Failed to open stream: Connection timed out
[Method: CLI, Route: lottery:fetchsandakan]
in APPPATH/Commands/FetchSandakan.php on line 26.
 1 [internal function]: CodeIgniter\Debug\Exceptions->errorHandler()
 2 APPPATH/Commands/FetchSandakan.php(26): file_get_contents()
 3 APPPATH/Commands/FetchSandakan.php(19): App\Commands\FetchSandakan->fetchSandakanData()
 4 SYSTEMPATH/CLI/Commands.php(70): App\Commands\FetchSandakan->run()
 5 SYSTEMPATH/CLI/Console.php(48): CodeIgniter\CLI\Commands->run()
 6 SYSTEMPATH/Boot.php(338): CodeIgniter\CLI\Console->run()
 7 SYSTEMPATH/Boot.php(104): CodeIgniter\Boot::runCommand()
 8 ROOTPATH/spark(84): CodeIgniter\Boot::bootSpark()
CRITICAL - 2024-10-06 04:09:27 --> ErrorException: file_get_contents(http://www.stc4d.com/live_draw.aspx): Failed to open stream: Connection timed out
[Method: CLI, Route: lottery:fetchsandakan]
in APPPATH/Commands/FetchSandakan.php on line 26.
 1 [internal function]: CodeIgniter\Debug\Exceptions->errorHandler()
 2 APPPATH/Commands/FetchSandakan.php(26): file_get_contents()
 3 APPPATH/Commands/FetchSandakan.php(19): App\Commands\FetchSandakan->fetchSandakanData()
 4 SYSTEMPATH/CLI/Commands.php(70): App\Commands\FetchSandakan->run()
 5 SYSTEMPATH/CLI/Console.php(48): CodeIgniter\CLI\Commands->run()
 6 SYSTEMPATH/Boot.php(338): CodeIgniter\CLI\Console->run()
 7 SYSTEMPATH/Boot.php(104): CodeIgniter\Boot::runCommand()
 8 ROOTPATH/spark(84): CodeIgniter\Boot::bootSpark()
CRITICAL - 2024-10-06 04:09:33 --> ErrorException: file_get_contents(http://www.stc4d.com/live_draw.aspx): Failed to open stream: Connection timed out
[Method: CLI, Route: lottery:fetchsandakan]
in APPPATH/Commands/FetchSandakan.php on line 26.
 1 [internal function]: CodeIgniter\Debug\Exceptions->errorHandler()
 2 APPPATH/Commands/FetchSandakan.php(26): file_get_contents()
 3 APPPATH/Commands/FetchSandakan.php(19): App\Commands\FetchSandakan->fetchSandakanData()
 4 SYSTEMPATH/CLI/Commands.php(70): App\Commands\FetchSandakan->run()
 5 SYSTEMPATH/CLI/Console.php(48): CodeIgniter\CLI\Commands->run()
 6 SYSTEMPATH/Boot.php(338): CodeIgniter\CLI\Console->run()
 7 SYSTEMPATH/Boot.php(104): CodeIgniter\Boot::runCommand()
 8 ROOTPATH/spark(84): CodeIgniter\Boot::bootSpark()
CRITICAL - 2024-10-06 04:09:38 --> ErrorException: file_get_contents(http://www.stc4d.com/live_draw.aspx): Failed to open stream: Connection timed out
[Method: CLI, Route: lottery:fetchsandakan]
in APPPATH/Commands/FetchSandakan.php on line 26.
 1 [internal function]: CodeIgniter\Debug\Exceptions->errorHandler()
 2 APPPATH/Commands/FetchSandakan.php(26): file_get_contents()
 3 APPPATH/Commands/FetchSandakan.php(19): App\Commands\FetchSandakan->fetchSandakanData()
 4 SYSTEMPATH/CLI/Commands.php(70): App\Commands\FetchSandakan->run()
 5 SYSTEMPATH/CLI/Console.php(48): CodeIgniter\CLI\Commands->run()
 6 SYSTEMPATH/Boot.php(338): CodeIgniter\CLI\Console->run()
 7 SYSTEMPATH/Boot.php(104): CodeIgniter\Boot::runCommand()
 8 ROOTPATH/spark(84): CodeIgniter\Boot::bootSpark()
CRITICAL - 2024-10-06 04:09:43 --> ErrorException: file_get_contents(http://www.stc4d.com/live_draw.aspx): Failed to open stream: Connection timed out
[Method: CLI, Route: lottery:fetchsandakan]
in APPPATH/Commands/FetchSandakan.php on line 26.
 1 [internal function]: CodeIgniter\Debug\Exceptions->errorHandler()
 2 APPPATH/Commands/FetchSandakan.php(26): file_get_contents()
 3 APPPATH/Commands/FetchSandakan.php(19): App\Commands\FetchSandakan->fetchSandakanData()
 4 SYSTEMPATH/CLI/Commands.php(70): App\Commands\FetchSandakan->run()
 5 SYSTEMPATH/CLI/Console.php(48): CodeIgniter\CLI\Commands->run()
 6 SYSTEMPATH/Boot.php(338): CodeIgniter\CLI\Console->run()
 7 SYSTEMPATH/Boot.php(104): CodeIgniter\Boot::runCommand()
 8 ROOTPATH/spark(84): CodeIgniter\Boot::bootSpark()
CRITICAL - 2024-10-06 04:09:47 --> ErrorException: file_get_contents(http://www.stc4d.com/live_draw.aspx): Failed to open stream: Connection timed out
[Method: CLI, Route: lottery:fetchsandakan]
in APPPATH/Commands/FetchSandakan.php on line 26.
 1 [internal function]: CodeIgniter\Debug\Exceptions->errorHandler()
 2 APPPATH/Commands/FetchSandakan.php(26): file_get_contents()
 3 APPPATH/Commands/FetchSandakan.php(19): App\Commands\FetchSandakan->fetchSandakanData()
 4 SYSTEMPATH/CLI/Commands.php(70): App\Commands\FetchSandakan->run()
 5 SYSTEMPATH/CLI/Console.php(48): CodeIgniter\CLI\Commands->run()
 6 SYSTEMPATH/Boot.php(338): CodeIgniter\CLI\Console->run()
 7 SYSTEMPATH/Boot.php(104): CodeIgniter\Boot::runCommand()
 8 ROOTPATH/spark(84): CodeIgniter\Boot::bootSpark()
CRITICAL - 2024-10-06 04:09:53 --> ErrorException: file_get_contents(http://www.stc4d.com/live_draw.aspx): Failed to open stream: Connection timed out
[Method: CLI, Route: lottery:fetchsandakan]
in APPPATH/Commands/FetchSandakan.php on line 26.
 1 [internal function]: CodeIgniter\Debug\Exceptions->errorHandler()
 2 APPPATH/Commands/FetchSandakan.php(26): file_get_contents()
 3 APPPATH/Commands/FetchSandakan.php(19): App\Commands\FetchSandakan->fetchSandakanData()
 4 SYSTEMPATH/CLI/Commands.php(70): App\Commands\FetchSandakan->run()
 5 SYSTEMPATH/CLI/Console.php(48): CodeIgniter\CLI\Commands->run()
 6 SYSTEMPATH/Boot.php(338): CodeIgniter\CLI\Console->run()
 7 SYSTEMPATH/Boot.php(104): CodeIgniter\Boot::runCommand()
 8 ROOTPATH/spark(84): CodeIgniter\Boot::bootSpark()
CRITICAL - 2024-10-06 04:09:54 --> ErrorException: file_get_contents(http://www.stc4d.com/live_draw.aspx): Failed to open stream: Connection refused
[Method: CLI, Route: lottery:fetchsandakan]
in APPPATH/Commands/FetchSandakan.php on line 26.
 1 [internal function]: CodeIgniter\Debug\Exceptions->errorHandler()
 2 APPPATH/Commands/FetchSandakan.php(26): file_get_contents()
 3 APPPATH/Commands/FetchSandakan.php(19): App\Commands\FetchSandakan->fetchSandakanData()
 4 SYSTEMPATH/CLI/Commands.php(70): App\Commands\FetchSandakan->run()
 5 SYSTEMPATH/CLI/Console.php(48): CodeIgniter\CLI\Commands->run()
 6 SYSTEMPATH/Boot.php(338): CodeIgniter\CLI\Console->run()
 7 SYSTEMPATH/Boot.php(104): CodeIgniter\Boot::runCommand()
 8 ROOTPATH/spark(84): CodeIgniter\Boot::bootSpark()
CRITICAL - 2024-10-06 04:09:55 --> ErrorException: file_get_contents(http://www.stc4d.com/live_draw.aspx): Failed to open stream: Connection refused
[Method: CLI, Route: lottery:fetchsandakan]
in APPPATH/Commands/FetchSandakan.php on line 26.
 1 [internal function]: CodeIgniter\Debug\Exceptions->errorHandler()
 2 APPPATH/Commands/FetchSandakan.php(26): file_get_contents()
 3 APPPATH/Commands/FetchSandakan.php(19): App\Commands\FetchSandakan->fetchSandakanData()
 4 SYSTEMPATH/CLI/Commands.php(70): App\Commands\FetchSandakan->run()
 5 SYSTEMPATH/CLI/Console.php(48): CodeIgniter\CLI\Commands->run()
 6 SYSTEMPATH/Boot.php(338): CodeIgniter\CLI\Console->run()
 7 SYSTEMPATH/Boot.php(104): CodeIgniter\Boot::runCommand()
 8 ROOTPATH/spark(84): CodeIgniter\Boot::bootSpark()
CRITICAL - 2024-10-06 04:09:57 --> ErrorException: file_get_contents(http://www.stc4d.com/live_draw.aspx): Failed to open stream: Connection refused
[Method: CLI, Route: lottery:fetchsandakan]
in APPPATH/Commands/FetchSandakan.php on line 26.
 1 [internal function]: CodeIgniter\Debug\Exceptions->errorHandler()
 2 APPPATH/Commands/FetchSandakan.php(26): file_get_contents()
 3 APPPATH/Commands/FetchSandakan.php(19): App\Commands\FetchSandakan->fetchSandakanData()
 4 SYSTEMPATH/CLI/Commands.php(70): App\Commands\FetchSandakan->run()
 5 SYSTEMPATH/CLI/Console.php(48): CodeIgniter\CLI\Commands->run()
 6 SYSTEMPATH/Boot.php(338): CodeIgniter\CLI\Console->run()
 7 SYSTEMPATH/Boot.php(104): CodeIgniter\Boot::runCommand()
 8 ROOTPATH/spark(84): CodeIgniter\Boot::bootSpark()
CRITICAL - 2024-10-06 04:09:57 --> ErrorException: file_get_contents(http://www.stc4d.com/live_draw.aspx): Failed to open stream: Connection refused
[Method: CLI, Route: lottery:fetchsandakan]
in APPPATH/Commands/FetchSandakan.php on line 26.
 1 [internal function]: CodeIgniter\Debug\Exceptions->errorHandler()
 2 APPPATH/Commands/FetchSandakan.php(26): file_get_contents()
 3 APPPATH/Commands/FetchSandakan.php(19): App\Commands\FetchSandakan->fetchSandakanData()
 4 SYSTEMPATH/CLI/Commands.php(70): App\Commands\FetchSandakan->run()
 5 SYSTEMPATH/CLI/Console.php(48): CodeIgniter\CLI\Commands->run()
 6 SYSTEMPATH/Boot.php(338): CodeIgniter\CLI\Console->run()
 7 SYSTEMPATH/Boot.php(104): CodeIgniter\Boot::runCommand()
 8 ROOTPATH/spark(84): CodeIgniter\Boot::bootSpark()
CRITICAL - 2024-10-06 04:09:58 --> ErrorException: file_get_contents(http://www.stc4d.com/live_draw.aspx): Failed to open stream: Connection timed out
[Method: CLI, Route: lottery:fetchsandakan]
in APPPATH/Commands/FetchSandakan.php on line 26.
 1 [internal function]: CodeIgniter\Debug\Exceptions->errorHandler()
 2 APPPATH/Commands/FetchSandakan.php(26): file_get_contents()
 3 APPPATH/Commands/FetchSandakan.php(19): App\Commands\FetchSandakan->fetchSandakanData()
 4 SYSTEMPATH/CLI/Commands.php(70): App\Commands\FetchSandakan->run()
 5 SYSTEMPATH/CLI/Console.php(48): CodeIgniter\CLI\Commands->run()
 6 SYSTEMPATH/Boot.php(338): CodeIgniter\CLI\Console->run()
 7 SYSTEMPATH/Boot.php(104): CodeIgniter\Boot::runCommand()
 8 ROOTPATH/spark(84): CodeIgniter\Boot::bootSpark()
CRITICAL - 2024-10-06 04:09:59 --> ErrorException: file_get_contents(http://www.stc4d.com/live_draw.aspx): Failed to open stream: Connection refused
[Method: CLI, Route: lottery:fetchsandakan]
in APPPATH/Commands/FetchSandakan.php on line 26.
 1 [internal function]: CodeIgniter\Debug\Exceptions->errorHandler()
 2 APPPATH/Commands/FetchSandakan.php(26): file_get_contents()
 3 APPPATH/Commands/FetchSandakan.php(19): App\Commands\FetchSandakan->fetchSandakanData()
 4 SYSTEMPATH/CLI/Commands.php(70): App\Commands\FetchSandakan->run()
 5 SYSTEMPATH/CLI/Console.php(48): CodeIgniter\CLI\Commands->run()
 6 SYSTEMPATH/Boot.php(338): CodeIgniter\CLI\Console->run()
 7 SYSTEMPATH/Boot.php(104): CodeIgniter\Boot::runCommand()
 8 ROOTPATH/spark(84): CodeIgniter\Boot::bootSpark()
CRITICAL - 2024-10-06 04:10:02 --> ErrorException: file_get_contents(http://www.stc4d.com/live_draw.aspx): Failed to open stream: Connection refused
[Method: CLI, Route: lottery:fetchsandakan]
in APPPATH/Commands/FetchSandakan.php on line 26.
 1 [internal function]: CodeIgniter\Debug\Exceptions->errorHandler()
 2 APPPATH/Commands/FetchSandakan.php(26): file_get_contents()
 3 APPPATH/Commands/FetchSandakan.php(19): App\Commands\FetchSandakan->fetchSandakanData()
 4 SYSTEMPATH/CLI/Commands.php(70): App\Commands\FetchSandakan->run()
 5 SYSTEMPATH/CLI/Console.php(48): CodeIgniter\CLI\Commands->run()
 6 SYSTEMPATH/Boot.php(338): CodeIgniter\CLI\Console->run()
 7 SYSTEMPATH/Boot.php(104): CodeIgniter\Boot::runCommand()
 8 ROOTPATH/spark(84): CodeIgniter\Boot::bootSpark()
CRITICAL - 2024-10-06 04:10:03 --> ErrorException: file_get_contents(http://www.stc4d.com/live_draw.aspx): Failed to open stream: Connection timed out
[Method: CLI, Route: lottery:fetchsandakan]
in APPPATH/Commands/FetchSandakan.php on line 26.
 1 [internal function]: CodeIgniter\Debug\Exceptions->errorHandler()
 2 APPPATH/Commands/FetchSandakan.php(26): file_get_contents()
 3 APPPATH/Commands/FetchSandakan.php(19): App\Commands\FetchSandakan->fetchSandakanData()
 4 SYSTEMPATH/CLI/Commands.php(70): App\Commands\FetchSandakan->run()
 5 SYSTEMPATH/CLI/Console.php(48): CodeIgniter\CLI\Commands->run()
 6 SYSTEMPATH/Boot.php(338): CodeIgniter\CLI\Console->run()
 7 SYSTEMPATH/Boot.php(104): CodeIgniter\Boot::runCommand()
 8 ROOTPATH/spark(84): CodeIgniter\Boot::bootSpark()
CRITICAL - 2024-10-06 04:10:04 --> ErrorException: file_get_contents(http://www.stc4d.com/live_draw.aspx): Failed to open stream: Connection refused
[Method: CLI, Route: lottery:fetchsandakan]
in APPPATH/Commands/FetchSandakan.php on line 26.
 1 [internal function]: CodeIgniter\Debug\Exceptions->errorHandler()
 2 APPPATH/Commands/FetchSandakan.php(26): file_get_contents()
 3 APPPATH/Commands/FetchSandakan.php(19): App\Commands\FetchSandakan->fetchSandakanData()
 4 SYSTEMPATH/CLI/Commands.php(70): App\Commands\FetchSandakan->run()
 5 SYSTEMPATH/CLI/Console.php(48): CodeIgniter\CLI\Commands->run()
 6 SYSTEMPATH/Boot.php(338): CodeIgniter\CLI\Console->run()
 7 SYSTEMPATH/Boot.php(104): CodeIgniter\Boot::runCommand()
 8 ROOTPATH/spark(84): CodeIgniter\Boot::bootSpark()
CRITICAL - 2024-10-06 04:10:07 --> ErrorException: file_get_contents(http://www.stc4d.com/live_draw.aspx): Failed to open stream: Connection timed out
[Method: CLI, Route: lottery:fetchsandakan]
in APPPATH/Commands/FetchSandakan.php on line 26.
 1 [internal function]: CodeIgniter\Debug\Exceptions->errorHandler()
 2 APPPATH/Commands/FetchSandakan.php(26): file_get_contents()
 3 APPPATH/Commands/FetchSandakan.php(19): App\Commands\FetchSandakan->fetchSandakanData()
 4 SYSTEMPATH/CLI/Commands.php(70): App\Commands\FetchSandakan->run()
 5 SYSTEMPATH/CLI/Console.php(48): CodeIgniter\CLI\Commands->run()
 6 SYSTEMPATH/Boot.php(338): CodeIgniter\CLI\Console->run()
 7 SYSTEMPATH/Boot.php(104): CodeIgniter\Boot::runCommand()
 8 ROOTPATH/spark(84): CodeIgniter\Boot::bootSpark()
CRITICAL - 2024-10-06 04:10:12 --> ErrorException: file_get_contents(http://www.stc4d.com/live_draw.aspx): Failed to open stream: Connection timed out
[Method: CLI, Route: lottery:fetchsandakan]
in APPPATH/Commands/FetchSandakan.php on line 26.
 1 [internal function]: CodeIgniter\Debug\Exceptions->errorHandler()
 2 APPPATH/Commands/FetchSandakan.php(26): file_get_contents()
 3 APPPATH/Commands/FetchSandakan.php(19): App\Commands\FetchSandakan->fetchSandakanData()
 4 SYSTEMPATH/CLI/Commands.php(70): App\Commands\FetchSandakan->run()
 5 SYSTEMPATH/CLI/Console.php(48): CodeIgniter\CLI\Commands->run()
 6 SYSTEMPATH/Boot.php(338): CodeIgniter\CLI\Console->run()
 7 SYSTEMPATH/Boot.php(104): CodeIgniter\Boot::runCommand()
 8 ROOTPATH/spark(84): CodeIgniter\Boot::bootSpark()
CRITICAL - 2024-10-06 04:10:17 --> ErrorException: file_get_contents(http://www.stc4d.com/live_draw.aspx): Failed to open stream: Connection timed out
[Method: CLI, Route: lottery:fetchsandakan]
in APPPATH/Commands/FetchSandakan.php on line 26.
 1 [internal function]: CodeIgniter\Debug\Exceptions->errorHandler()
 2 APPPATH/Commands/FetchSandakan.php(26): file_get_contents()
 3 APPPATH/Commands/FetchSandakan.php(19): App\Commands\FetchSandakan->fetchSandakanData()
 4 SYSTEMPATH/CLI/Commands.php(70): App\Commands\FetchSandakan->run()
 5 SYSTEMPATH/CLI/Console.php(48): CodeIgniter\CLI\Commands->run()
 6 SYSTEMPATH/Boot.php(338): CodeIgniter\CLI\Console->run()
 7 SYSTEMPATH/Boot.php(104): CodeIgniter\Boot::runCommand()
 8 ROOTPATH/spark(84): CodeIgniter\Boot::bootSpark()
CRITICAL - 2024-10-06 04:10:22 --> ErrorException: file_get_contents(http://www.stc4d.com/live_draw.aspx): Failed to open stream: Connection timed out
[Method: CLI, Route: lottery:fetchsandakan]
in APPPATH/Commands/FetchSandakan.php on line 26.
 1 [internal function]: CodeIgniter\Debug\Exceptions->errorHandler()
 2 APPPATH/Commands/FetchSandakan.php(26): file_get_contents()
 3 APPPATH/Commands/FetchSandakan.php(19): App\Commands\FetchSandakan->fetchSandakanData()
 4 SYSTEMPATH/CLI/Commands.php(70): App\Commands\FetchSandakan->run()
 5 SYSTEMPATH/CLI/Console.php(48): CodeIgniter\CLI\Commands->run()
 6 SYSTEMPATH/Boot.php(338): CodeIgniter\CLI\Console->run()
 7 SYSTEMPATH/Boot.php(104): CodeIgniter\Boot::runCommand()
 8 ROOTPATH/spark(84): CodeIgniter\Boot::bootSpark()
CRITICAL - 2024-10-06 04:10:37 --> ErrorException: file_get_contents(http://www.stc4d.com/live_draw.aspx): Failed to open stream: Connection timed out
[Method: CLI, Route: lottery:fetchsandakan]
in APPPATH/Commands/FetchSandakan.php on line 26.
 1 [internal function]: CodeIgniter\Debug\Exceptions->errorHandler()
 2 APPPATH/Commands/FetchSandakan.php(26): file_get_contents()
 3 APPPATH/Commands/FetchSandakan.php(19): App\Commands\FetchSandakan->fetchSandakanData()
 4 SYSTEMPATH/CLI/Commands.php(70): App\Commands\FetchSandakan->run()
 5 SYSTEMPATH/CLI/Console.php(48): CodeIgniter\CLI\Commands->run()
 6 SYSTEMPATH/Boot.php(338): CodeIgniter\CLI\Console->run()
 7 SYSTEMPATH/Boot.php(104): CodeIgniter\Boot::runCommand()
 8 ROOTPATH/spark(84): CodeIgniter\Boot::bootSpark()
CRITICAL - 2024-10-06 04:11:07 --> ErrorException: file_get_contents(http://www.stc4d.com/live_draw.aspx): Failed to open stream: Connection timed out
[Method: CLI, Route: lottery:fetchsandakan]
in APPPATH/Commands/FetchSandakan.php on line 26.
 1 [internal function]: CodeIgniter\Debug\Exceptions->errorHandler()
 2 APPPATH/Commands/FetchSandakan.php(26): file_get_contents()
 3 APPPATH/Commands/FetchSandakan.php(19): App\Commands\FetchSandakan->fetchSandakanData()
 4 SYSTEMPATH/CLI/Commands.php(70): App\Commands\FetchSandakan->run()
 5 SYSTEMPATH/CLI/Console.php(48): CodeIgniter\CLI\Commands->run()
 6 SYSTEMPATH/Boot.php(338): CodeIgniter\CLI\Console->run()
 7 SYSTEMPATH/Boot.php(104): CodeIgniter\Boot::runCommand()
 8 ROOTPATH/spark(84): CodeIgniter\Boot::bootSpark()
CRITICAL - 2024-10-06 04:11:20 --> ErrorException: file_get_contents(http://www.stc4d.com/live_draw.aspx): Failed to open stream: HTTP request failed! HTTP/1.1 500 Internal Server Error

[Method: CLI, Route: lottery:fetchsandakan]
in APPPATH/Commands/FetchSandakan.php on line 26.
 1 [internal function]: CodeIgniter\Debug\Exceptions->errorHandler()
 2 APPPATH/Commands/FetchSandakan.php(26): file_get_contents()
 3 APPPATH/Commands/FetchSandakan.php(19): App\Commands\FetchSandakan->fetchSandakanData()
 4 SYSTEMPATH/CLI/Commands.php(70): App\Commands\FetchSandakan->run()
 5 SYSTEMPATH/CLI/Console.php(48): CodeIgniter\CLI\Commands->run()
 6 SYSTEMPATH/Boot.php(338): CodeIgniter\CLI\Console->run()
 7 SYSTEMPATH/Boot.php(104): CodeIgniter\Boot::runCommand()
 8 ROOTPATH/spark(84): CodeIgniter\Boot::bootSpark()
CRITICAL - 2024-10-06 04:11:20 --> ErrorException: file_get_contents(http://www.stc4d.com/live_draw.aspx): Failed to open stream: HTTP request failed! HTTP/1.1 500 Internal Server Error

[Method: CLI, Route: lottery:fetchsandakan]
in APPPATH/Commands/FetchSandakan.php on line 26.
 1 [internal function]: CodeIgniter\Debug\Exceptions->errorHandler()
 2 APPPATH/Commands/FetchSandakan.php(26): file_get_contents()
 3 APPPATH/Commands/FetchSandakan.php(19): App\Commands\FetchSandakan->fetchSandakanData()
 4 SYSTEMPATH/CLI/Commands.php(70): App\Commands\FetchSandakan->run()
 5 SYSTEMPATH/CLI/Console.php(48): CodeIgniter\CLI\Commands->run()
 6 SYSTEMPATH/Boot.php(338): CodeIgniter\CLI\Console->run()
 7 SYSTEMPATH/Boot.php(104): CodeIgniter\Boot::runCommand()
 8 ROOTPATH/spark(84): CodeIgniter\Boot::bootSpark()
CRITICAL - 2024-10-06 04:11:20 --> ErrorException: file_get_contents(http://www.stc4d.com/live_draw.aspx): Failed to open stream: HTTP request failed! HTTP/1.1 500 Internal Server Error

[Method: CLI, Route: lottery:fetchsandakan]
in APPPATH/Commands/FetchSandakan.php on line 26.
 1 [internal function]: CodeIgniter\Debug\Exceptions->errorHandler()
 2 APPPATH/Commands/FetchSandakan.php(26): file_get_contents()
 3 APPPATH/Commands/FetchSandakan.php(19): App\Commands\FetchSandakan->fetchSandakanData()
 4 SYSTEMPATH/CLI/Commands.php(70): App\Commands\FetchSandakan->run()
 5 SYSTEMPATH/CLI/Console.php(48): CodeIgniter\CLI\Commands->run()
 6 SYSTEMPATH/Boot.php(338): CodeIgniter\CLI\Console->run()
 7 SYSTEMPATH/Boot.php(104): CodeIgniter\Boot::runCommand()
 8 ROOTPATH/spark(84): CodeIgniter\Boot::bootSpark()
CRITICAL - 2024-10-06 04:11:20 --> ErrorException: file_get_contents(http://www.stc4d.com/live_draw.aspx): Failed to open stream: HTTP request failed! HTTP/1.1 500 Internal Server Error

[Method: CLI, Route: lottery:fetchsandakan]
in APPPATH/Commands/FetchSandakan.php on line 26.
 1 [internal function]: CodeIgniter\Debug\Exceptions->errorHandler()
 2 APPPATH/Commands/FetchSandakan.php(26): file_get_contents()
 3 APPPATH/Commands/FetchSandakan.php(19): App\Commands\FetchSandakan->fetchSandakanData()
 4 SYSTEMPATH/CLI/Commands.php(70): App\Commands\FetchSandakan->run()
 5 SYSTEMPATH/CLI/Console.php(48): CodeIgniter\CLI\Commands->run()
 6 SYSTEMPATH/Boot.php(338): CodeIgniter\CLI\Console->run()
 7 SYSTEMPATH/Boot.php(104): CodeIgniter\Boot::runCommand()
 8 ROOTPATH/spark(84): CodeIgniter\Boot::bootSpark()
CRITICAL - 2024-10-06 04:11:20 --> ErrorException: file_get_contents(http://www.stc4d.com/live_draw.aspx): Failed to open stream: HTTP request failed! HTTP/1.1 500 Internal Server Error

[Method: CLI, Route: lottery:fetchsandakan]
in APPPATH/Commands/FetchSandakan.php on line 26.
 1 [internal function]: CodeIgniter\Debug\Exceptions->errorHandler()
 2 APPPATH/Commands/FetchSandakan.php(26): file_get_contents()
 3 APPPATH/Commands/FetchSandakan.php(19): App\Commands\FetchSandakan->fetchSandakanData()
 4 SYSTEMPATH/CLI/Commands.php(70): App\Commands\FetchSandakan->run()
 5 SYSTEMPATH/CLI/Console.php(48): CodeIgniter\CLI\Commands->run()
 6 SYSTEMPATH/Boot.php(338): CodeIgniter\CLI\Console->run()
 7 SYSTEMPATH/Boot.php(104): CodeIgniter\Boot::runCommand()
 8 ROOTPATH/spark(84): CodeIgniter\Boot::bootSpark()
CRITICAL - 2024-10-06 04:11:20 --> ErrorException: file_get_contents(http://www.stc4d.com/live_draw.aspx): Failed to open stream: HTTP request failed! HTTP/1.1 500 Internal Server Error

[Method: CLI, Route: lottery:fetchsandakan]
in APPPATH/Commands/FetchSandakan.php on line 26.
 1 [internal function]: CodeIgniter\Debug\Exceptions->errorHandler()
 2 APPPATH/Commands/FetchSandakan.php(26): file_get_contents()
 3 APPPATH/Commands/FetchSandakan.php(19): App\Commands\FetchSandakan->fetchSandakanData()
 4 SYSTEMPATH/CLI/Commands.php(70): App\Commands\FetchSandakan->run()
 5 SYSTEMPATH/CLI/Console.php(48): CodeIgniter\CLI\Commands->run()
 6 SYSTEMPATH/Boot.php(338): CodeIgniter\CLI\Console->run()
 7 SYSTEMPATH/Boot.php(104): CodeIgniter\Boot::runCommand()
 8 ROOTPATH/spark(84): CodeIgniter\Boot::bootSpark()
CRITICAL - 2024-10-06 04:11:20 --> ErrorException: file_get_contents(http://www.stc4d.com/live_draw.aspx): Failed to open stream: HTTP request failed! HTTP/1.1 500 Internal Server Error

[Method: CLI, Route: lottery:fetchsandakan]
in APPPATH/Commands/FetchSandakan.php on line 26.
 1 [internal function]: CodeIgniter\Debug\Exceptions->errorHandler()
 2 APPPATH/Commands/FetchSandakan.php(26): file_get_contents()
 3 APPPATH/Commands/FetchSandakan.php(19): App\Commands\FetchSandakan->fetchSandakanData()
 4 SYSTEMPATH/CLI/Commands.php(70): App\Commands\FetchSandakan->run()
 5 SYSTEMPATH/CLI/Console.php(48): CodeIgniter\CLI\Commands->run()
 6 SYSTEMPATH/Boot.php(338): CodeIgniter\CLI\Console->run()
 7 SYSTEMPATH/Boot.php(104): CodeIgniter\Boot::runCommand()
 8 ROOTPATH/spark(84): CodeIgniter\Boot::bootSpark()
CRITICAL - 2024-10-06 04:11:20 --> ErrorException: file_get_contents(http://www.stc4d.com/live_draw.aspx): Failed to open stream: HTTP request failed! HTTP/1.1 500 Internal Server Error

[Method: CLI, Route: lottery:fetchsandakan]
in APPPATH/Commands/FetchSandakan.php on line 26.
 1 [internal function]: CodeIgniter\Debug\Exceptions->errorHandler()
 2 APPPATH/Commands/FetchSandakan.php(26): file_get_contents()
 3 APPPATH/Commands/FetchSandakan.php(19): App\Commands\FetchSandakan->fetchSandakanData()
 4 SYSTEMPATH/CLI/Commands.php(70): App\Commands\FetchSandakan->run()
 5 SYSTEMPATH/CLI/Console.php(48): CodeIgniter\CLI\Commands->run()
 6 SYSTEMPATH/Boot.php(338): CodeIgniter\CLI\Console->run()
 7 SYSTEMPATH/Boot.php(104): CodeIgniter\Boot::runCommand()
 8 ROOTPATH/spark(84): CodeIgniter\Boot::bootSpark()
CRITICAL - 2024-10-06 04:11:20 --> ErrorException: file_get_contents(http://www.stc4d.com/live_draw.aspx): Failed to open stream: HTTP request failed! HTTP/1.1 500 Internal Server Error

[Method: CLI, Route: lottery:fetchsandakan]
in APPPATH/Commands/FetchSandakan.php on line 26.
 1 [internal function]: CodeIgniter\Debug\Exceptions->errorHandler()
 2 APPPATH/Commands/FetchSandakan.php(26): file_get_contents()
 3 APPPATH/Commands/FetchSandakan.php(19): App\Commands\FetchSandakan->fetchSandakanData()
 4 SYSTEMPATH/CLI/Commands.php(70): App\Commands\FetchSandakan->run()
 5 SYSTEMPATH/CLI/Console.php(48): CodeIgniter\CLI\Commands->run()
 6 SYSTEMPATH/Boot.php(338): CodeIgniter\CLI\Console->run()
 7 SYSTEMPATH/Boot.php(104): CodeIgniter\Boot::runCommand()
 8 ROOTPATH/spark(84): CodeIgniter\Boot::bootSpark()
CRITICAL - 2024-10-06 04:11:20 --> ErrorException: file_get_contents(http://www.stc4d.com/live_draw.aspx): Failed to open stream: HTTP request failed! HTTP/1.1 500 Internal Server Error

[Method: CLI, Route: lottery:fetchsandakan]
in APPPATH/Commands/FetchSandakan.php on line 26.
 1 [internal function]: CodeIgniter\Debug\Exceptions->errorHandler()
 2 APPPATH/Commands/FetchSandakan.php(26): file_get_contents()
 3 APPPATH/Commands/FetchSandakan.php(19): App\Commands\FetchSandakan->fetchSandakanData()
 4 SYSTEMPATH/CLI/Commands.php(70): App\Commands\FetchSandakan->run()
 5 SYSTEMPATH/CLI/Console.php(48): CodeIgniter\CLI\Commands->run()
 6 SYSTEMPATH/Boot.php(338): CodeIgniter\CLI\Console->run()
 7 SYSTEMPATH/Boot.php(104): CodeIgniter\Boot::runCommand()
 8 ROOTPATH/spark(84): CodeIgniter\Boot::bootSpark()
CRITICAL - 2024-10-06 04:11:20 --> ErrorException: file_get_contents(http://www.stc4d.com/live_draw.aspx): Failed to open stream: HTTP request failed! HTTP/1.1 500 Internal Server Error

[Method: CLI, Route: lottery:fetchsandakan]
in APPPATH/Commands/FetchSandakan.php on line 26.
 1 [internal function]: CodeIgniter\Debug\Exceptions->errorHandler()
 2 APPPATH/Commands/FetchSandakan.php(26): file_get_contents()
 3 APPPATH/Commands/FetchSandakan.php(19): App\Commands\FetchSandakan->fetchSandakanData()
 4 SYSTEMPATH/CLI/Commands.php(70): App\Commands\FetchSandakan->run()
 5 SYSTEMPATH/CLI/Console.php(48): CodeIgniter\CLI\Commands->run()
 6 SYSTEMPATH/Boot.php(338): CodeIgniter\CLI\Console->run()
 7 SYSTEMPATH/Boot.php(104): CodeIgniter\Boot::runCommand()
 8 ROOTPATH/spark(84): CodeIgniter\Boot::bootSpark()
CRITICAL - 2024-10-06 04:11:20 --> ErrorException: file_get_contents(http://www.stc4d.com/live_draw.aspx): Failed to open stream: HTTP request failed! HTTP/1.1 500 Internal Server Error

[Method: CLI, Route: lottery:fetchsandakan]
in APPPATH/Commands/FetchSandakan.php on line 26.
 1 [internal function]: CodeIgniter\Debug\Exceptions->errorHandler()
 2 APPPATH/Commands/FetchSandakan.php(26): file_get_contents()
 3 APPPATH/Commands/FetchSandakan.php(19): App\Commands\FetchSandakan->fetchSandakanData()
 4 SYSTEMPATH/CLI/Commands.php(70): App\Commands\FetchSandakan->run()
 5 SYSTEMPATH/CLI/Console.php(48): CodeIgniter\CLI\Commands->run()
 6 SYSTEMPATH/Boot.php(338): CodeIgniter\CLI\Console->run()
 7 SYSTEMPATH/Boot.php(104): CodeIgniter\Boot::runCommand()
 8 ROOTPATH/spark(84): CodeIgniter\Boot::bootSpark()
CRITICAL - 2024-10-06 04:11:20 --> ErrorException: file_get_contents(http://www.stc4d.com/live_draw.aspx): Failed to open stream: HTTP request failed! HTTP/1.1 500 Internal Server Error

[Method: CLI, Route: lottery:fetchsandakan]
in APPPATH/Commands/FetchSandakan.php on line 26.
 1 [internal function]: CodeIgniter\Debug\Exceptions->errorHandler()
 2 APPPATH/Commands/FetchSandakan.php(26): file_get_contents()
 3 APPPATH/Commands/FetchSandakan.php(19): App\Commands\FetchSandakan->fetchSandakanData()
 4 SYSTEMPATH/CLI/Commands.php(70): App\Commands\FetchSandakan->run()
 5 SYSTEMPATH/CLI/Console.php(48): CodeIgniter\CLI\Commands->run()
 6 SYSTEMPATH/Boot.php(338): CodeIgniter\CLI\Console->run()
 7 SYSTEMPATH/Boot.php(104): CodeIgniter\Boot::runCommand()
 8 ROOTPATH/spark(84): CodeIgniter\Boot::bootSpark()
CRITICAL - 2024-10-06 04:11:20 --> ErrorException: file_get_contents(http://www.stc4d.com/live_draw.aspx): Failed to open stream: HTTP request failed! HTTP/1.1 500 Internal Server Error

[Method: CLI, Route: lottery:fetchsandakan]
in APPPATH/Commands/FetchSandakan.php on line 26.
 1 [internal function]: CodeIgniter\Debug\Exceptions->errorHandler()
 2 APPPATH/Commands/FetchSandakan.php(26): file_get_contents()
 3 APPPATH/Commands/FetchSandakan.php(19): App\Commands\FetchSandakan->fetchSandakanData()
 4 SYSTEMPATH/CLI/Commands.php(70): App\Commands\FetchSandakan->run()
 5 SYSTEMPATH/CLI/Console.php(48): CodeIgniter\CLI\Commands->run()
 6 SYSTEMPATH/Boot.php(338): CodeIgniter\CLI\Console->run()
 7 SYSTEMPATH/Boot.php(104): CodeIgniter\Boot::runCommand()
 8 ROOTPATH/spark(84): CodeIgniter\Boot::bootSpark()
CRITICAL - 2024-10-06 04:11:22 --> ErrorException: file_get_contents(http://www.stc4d.com/live_draw.aspx): Failed to open stream: HTTP request failed! HTTP/1.1 500 Internal Server Error

[Method: CLI, Route: lottery:fetchsandakan]
in APPPATH/Commands/FetchSandakan.php on line 26.
 1 [internal function]: CodeIgniter\Debug\Exceptions->errorHandler()
 2 APPPATH/Commands/FetchSandakan.php(26): file_get_contents()
 3 APPPATH/Commands/FetchSandakan.php(19): App\Commands\FetchSandakan->fetchSandakanData()
 4 SYSTEMPATH/CLI/Commands.php(70): App\Commands\FetchSandakan->run()
 5 SYSTEMPATH/CLI/Console.php(48): CodeIgniter\CLI\Commands->run()
 6 SYSTEMPATH/Boot.php(338): CodeIgniter\CLI\Console->run()
 7 SYSTEMPATH/Boot.php(104): CodeIgniter\Boot::runCommand()
 8 ROOTPATH/spark(84): CodeIgniter\Boot::bootSpark()
CRITICAL - 2024-10-06 04:11:27 --> ErrorException: file_get_contents(http://www.stc4d.com/live_draw.aspx): Failed to open stream: HTTP request failed! HTTP/1.1 500 Internal Server Error

[Method: CLI, Route: lottery:fetchsandakan]
in APPPATH/Commands/FetchSandakan.php on line 26.
 1 [internal function]: CodeIgniter\Debug\Exceptions->errorHandler()
 2 APPPATH/Commands/FetchSandakan.php(26): file_get_contents()
 3 APPPATH/Commands/FetchSandakan.php(19): App\Commands\FetchSandakan->fetchSandakanData()
 4 SYSTEMPATH/CLI/Commands.php(70): App\Commands\FetchSandakan->run()
 5 SYSTEMPATH/CLI/Console.php(48): CodeIgniter\CLI\Commands->run()
 6 SYSTEMPATH/Boot.php(338): CodeIgniter\CLI\Console->run()
 7 SYSTEMPATH/Boot.php(104): CodeIgniter\Boot::runCommand()
 8 ROOTPATH/spark(84): CodeIgniter\Boot::bootSpark()
CRITICAL - 2024-10-06 04:11:35 --> ErrorException: file_get_contents(http://www.stc4d.com/live_draw.aspx): Failed to open stream: HTTP request failed! HTTP/1.1 500 Internal Server Error

[Method: CLI, Route: lottery:fetchsandakan]
in APPPATH/Commands/FetchSandakan.php on line 26.
 1 [internal function]: CodeIgniter\Debug\Exceptions->errorHandler()
 2 APPPATH/Commands/FetchSandakan.php(26): file_get_contents()
 3 APPPATH/Commands/FetchSandakan.php(19): App\Commands\FetchSandakan->fetchSandakanData()
 4 SYSTEMPATH/CLI/Commands.php(70): App\Commands\FetchSandakan->run()
 5 SYSTEMPATH/CLI/Console.php(48): CodeIgniter\CLI\Commands->run()
 6 SYSTEMPATH/Boot.php(338): CodeIgniter\CLI\Console->run()
 7 SYSTEMPATH/Boot.php(104): CodeIgniter\Boot::runCommand()
 8 ROOTPATH/spark(84): CodeIgniter\Boot::bootSpark()
CRITICAL - 2024-10-06 04:11:37 --> ErrorException: file_get_contents(http://www.stc4d.com/live_draw.aspx): Failed to open stream: HTTP request failed! HTTP/1.1 500 Internal Server Error

[Method: CLI, Route: lottery:fetchsandakan]
in APPPATH/Commands/FetchSandakan.php on line 26.
 1 [internal function]: CodeIgniter\Debug\Exceptions->errorHandler()
 2 APPPATH/Commands/FetchSandakan.php(26): file_get_contents()
 3 APPPATH/Commands/FetchSandakan.php(19): App\Commands\FetchSandakan->fetchSandakanData()
 4 SYSTEMPATH/CLI/Commands.php(70): App\Commands\FetchSandakan->run()
 5 SYSTEMPATH/CLI/Console.php(48): CodeIgniter\CLI\Commands->run()
 6 SYSTEMPATH/Boot.php(338): CodeIgniter\CLI\Console->run()
 7 SYSTEMPATH/Boot.php(104): CodeIgniter\Boot::runCommand()
 8 ROOTPATH/spark(84): CodeIgniter\Boot::bootSpark()
CRITICAL - 2024-10-06 04:11:42 --> ErrorException: file_get_contents(http://www.stc4d.com/live_draw.aspx): Failed to open stream: HTTP request failed! HTTP/1.1 500 Internal Server Error

[Method: CLI, Route: lottery:fetchsandakan]
in APPPATH/Commands/FetchSandakan.php on line 26.
 1 [internal function]: CodeIgniter\Debug\Exceptions->errorHandler()
 2 APPPATH/Commands/FetchSandakan.php(26): file_get_contents()
 3 APPPATH/Commands/FetchSandakan.php(19): App\Commands\FetchSandakan->fetchSandakanData()
 4 SYSTEMPATH/CLI/Commands.php(70): App\Commands\FetchSandakan->run()
 5 SYSTEMPATH/CLI/Console.php(48): CodeIgniter\CLI\Commands->run()
 6 SYSTEMPATH/Boot.php(338): CodeIgniter\CLI\Console->run()
 7 SYSTEMPATH/Boot.php(104): CodeIgniter\Boot::runCommand()
 8 ROOTPATH/spark(84): CodeIgniter\Boot::bootSpark()
CRITICAL - 2024-10-06 04:11:47 --> ErrorException: file_get_contents(http://www.stc4d.com/live_draw.aspx): Failed to open stream: HTTP request failed! HTTP/1.1 500 Internal Server Error

[Method: CLI, Route: lottery:fetchsandakan]
in APPPATH/Commands/FetchSandakan.php on line 26.
 1 [internal function]: CodeIgniter\Debug\Exceptions->errorHandler()
 2 APPPATH/Commands/FetchSandakan.php(26): file_get_contents()
 3 APPPATH/Commands/FetchSandakan.php(19): App\Commands\FetchSandakan->fetchSandakanData()
 4 SYSTEMPATH/CLI/Commands.php(70): App\Commands\FetchSandakan->run()
 5 SYSTEMPATH/CLI/Console.php(48): CodeIgniter\CLI\Commands->run()
 6 SYSTEMPATH/Boot.php(338): CodeIgniter\CLI\Console->run()
 7 SYSTEMPATH/Boot.php(104): CodeIgniter\Boot::runCommand()
 8 ROOTPATH/spark(84): CodeIgniter\Boot::bootSpark()
