CRITICAL - 2024-07-01 00:18:55 --> ErrorException: Undefined variable $data
[Method: GET, Route: results/magnum]
in APPPATH/Controllers/Home.php on line 73.
 1 APPPATH/Controllers/Home.php(73): CodeIgniter\Debug\Exceptions->errorHandler()
 2 SYSTEMPATH/CodeIgniter.php(933): App\Controllers\Home->myresultsindex()
 3 SYSTEMPATH/CodeIgniter.php(509): CodeIgniter\CodeIgniter->runController()
 4 SYSTEMPATH/CodeIgniter.php(355): CodeIgniter\CodeIgniter->handleRequest()
 5 SYSTEMPATH/Boot.php(312): CodeIgniter\CodeIgniter->run()
 6 SYSTEMPATH/Boot.php(67): CodeIgniter\Boot::runCodeIgniter()
 7 FCPATH/index.php(56): CodeIgniter\Boot::bootWeb()
CRITICAL - 2024-07-01 00:20:23 --> ErrorException: foreach() argument must be of type array|object, string given
[Method: GET, Route: results/magnum]
in APPPATH/Controllers/Home.php on line 54.
 1 APPPATH/Controllers/Home.php(54): CodeIgniter\Debug\Exceptions->errorHandler()
 2 APPPATH/Controllers/Home.php(67): App\Controllers\Home->fetchByType()
 3 SYSTEMPATH/CodeIgniter.php(933): App\Controllers\Home->myresultsindex()
 4 SYSTEMPATH/CodeIgniter.php(509): CodeIgniter\CodeIgniter->runController()
 5 SYSTEMPATH/CodeIgniter.php(355): CodeIgniter\CodeIgniter->handleRequest()
 6 SYSTEMPATH/Boot.php(312): CodeIgniter\CodeIgniter->run()
 7 SYSTEMPATH/Boot.php(67): CodeIgniter\Boot::runCodeIgniter()
 8 FCPATH/index.php(56): CodeIgniter\Boot::bootWeb()
CRITICAL - 2024-07-01 00:20:25 --> ErrorException: foreach() argument must be of type array|object, string given
[Method: GET, Route: results/magnum]
in APPPATH/Controllers/Home.php on line 54.
 1 APPPATH/Controllers/Home.php(54): CodeIgniter\Debug\Exceptions->errorHandler()
 2 APPPATH/Controllers/Home.php(67): App\Controllers\Home->fetchByType()
 3 SYSTEMPATH/CodeIgniter.php(933): App\Controllers\Home->myresultsindex()
 4 SYSTEMPATH/CodeIgniter.php(509): CodeIgniter\CodeIgniter->runController()
 5 SYSTEMPATH/CodeIgniter.php(355): CodeIgniter\CodeIgniter->handleRequest()
 6 SYSTEMPATH/Boot.php(312): CodeIgniter\CodeIgniter->run()
 7 SYSTEMPATH/Boot.php(67): CodeIgniter\Boot::runCodeIgniter()
 8 FCPATH/index.php(56): CodeIgniter\Boot::bootWeb()
CRITICAL - 2024-07-01 00:43:18 --> ErrorException: Trying to access array offset on value of type null
[Method: GET, Route: results/perdana]
in APPPATH/Controllers/Home.php on line 56.
 1 APPPATH/Controllers/Home.php(56): CodeIgniter\Debug\Exceptions->errorHandler()
 2 APPPATH/Controllers/Home.php(136): App\Controllers\Home->fetchByType()
 3 SYSTEMPATH/CodeIgniter.php(933): App\Controllers\Home->cambodiaresultsindex()
 4 SYSTEMPATH/CodeIgniter.php(509): CodeIgniter\CodeIgniter->runController()
 5 SYSTEMPATH/CodeIgniter.php(355): CodeIgniter\CodeIgniter->handleRequest()
 6 SYSTEMPATH/Boot.php(312): CodeIgniter\CodeIgniter->run()
 7 SYSTEMPATH/Boot.php(67): CodeIgniter\Boot::runCodeIgniter()
 8 FCPATH/index.php(56): CodeIgniter\Boot::bootWeb()
CRITICAL - 2024-07-01 15:26:44 --> ErrorException: Undefined property: stdClass::$ESTJP1
[Method: GET, Route: estimated-jackports]
in APPPATH/Views/frontend/template_parts/estimated-jackpots.php on line 40.
 1 APPPATH/Views/frontend/template_parts/estimated-jackpots.php(40): CodeIgniter\Debug\Exceptions->errorHandler()
 2 SYSTEMPATH/View/View.php(234): include('/var/www/4dpanda.com/4dpanda_ci/app/Views/frontend/template_parts/estimated-jackpots.php')
 3 SYSTEMPATH/View/View.php(237): CodeIgniter\View\View->CodeIgniter\View\{closure}()
 4 SYSTEMPATH/View/View.php(484): CodeIgniter\View\View->render()
 5 APPPATH/Views/frontend/template_parts/home_content.php(28): CodeIgniter\View\View->include()
 6 SYSTEMPATH/View/View.php(234): include('/var/www/4dpanda.com/4dpanda_ci/app/Views/frontend/template_parts/home_content.php')
 7 SYSTEMPATH/View/View.php(237): CodeIgniter\View\View->CodeIgniter\View\{closure}()
 8 SYSTEMPATH/View/View.php(484): CodeIgniter\View\View->render()
 9 APPPATH/Views/frontend/home.php(37): CodeIgniter\View\View->include()
10 SYSTEMPATH/View/View.php(234): include('/var/www/4dpanda.com/4dpanda_ci/app/Views/frontend/home.php')
11 SYSTEMPATH/View/View.php(237): CodeIgniter\View\View->CodeIgniter\View\{closure}()
12 SYSTEMPATH/Common.php(1171): CodeIgniter\View\View->render()
13 APPPATH/Controllers/Home.php(152): view()
14 SYSTEMPATH/CodeIgniter.php(933): App\Controllers\Home->estimatedJackpotsIndex()
15 SYSTEMPATH/CodeIgniter.php(509): CodeIgniter\CodeIgniter->runController()
16 SYSTEMPATH/CodeIgniter.php(355): CodeIgniter\CodeIgniter->handleRequest()
17 SYSTEMPATH/Boot.php(312): CodeIgniter\CodeIgniter->run()
18 SYSTEMPATH/Boot.php(67): CodeIgniter\Boot::runCodeIgniter()
19 FCPATH/index.php(56): CodeIgniter\Boot::bootWeb()
CRITICAL - 2024-07-01 15:27:01 --> ErrorException: Undefined property: stdClass::$ESTJP1
[Method: GET, Route: estimated-jackports]
in APPPATH/Views/frontend/template_parts/estimated-jackpots.php on line 40.
 1 APPPATH/Views/frontend/template_parts/estimated-jackpots.php(40): CodeIgniter\Debug\Exceptions->errorHandler()
 2 SYSTEMPATH/View/View.php(234): include('/var/www/4dpanda.com/4dpanda_ci/app/Views/frontend/template_parts/estimated-jackpots.php')
 3 SYSTEMPATH/View/View.php(237): CodeIgniter\View\View->CodeIgniter\View\{closure}()
 4 SYSTEMPATH/View/View.php(484): CodeIgniter\View\View->render()
 5 APPPATH/Views/frontend/template_parts/home_content.php(28): CodeIgniter\View\View->include()
 6 SYSTEMPATH/View/View.php(234): include('/var/www/4dpanda.com/4dpanda_ci/app/Views/frontend/template_parts/home_content.php')
 7 SYSTEMPATH/View/View.php(237): CodeIgniter\View\View->CodeIgniter\View\{closure}()
 8 SYSTEMPATH/View/View.php(484): CodeIgniter\View\View->render()
 9 APPPATH/Views/frontend/home.php(37): CodeIgniter\View\View->include()
10 SYSTEMPATH/View/View.php(234): include('/var/www/4dpanda.com/4dpanda_ci/app/Views/frontend/home.php')
11 SYSTEMPATH/View/View.php(237): CodeIgniter\View\View->CodeIgniter\View\{closure}()
12 SYSTEMPATH/Common.php(1171): CodeIgniter\View\View->render()
13 APPPATH/Controllers/Home.php(152): view()
14 SYSTEMPATH/CodeIgniter.php(933): App\Controllers\Home->estimatedJackpotsIndex()
15 SYSTEMPATH/CodeIgniter.php(509): CodeIgniter\CodeIgniter->runController()
16 SYSTEMPATH/CodeIgniter.php(355): CodeIgniter\CodeIgniter->handleRequest()
17 SYSTEMPATH/Boot.php(312): CodeIgniter\CodeIgniter->run()
18 SYSTEMPATH/Boot.php(67): CodeIgniter\Boot::runCodeIgniter()
19 FCPATH/index.php(56): CodeIgniter\Boot::bootWeb()
CRITICAL - 2024-07-01 15:27:04 --> ErrorException: Undefined property: stdClass::$ESTJP1
[Method: GET, Route: estimated-jackports]
in APPPATH/Views/frontend/template_parts/estimated-jackpots.php on line 40.
 1 APPPATH/Views/frontend/template_parts/estimated-jackpots.php(40): CodeIgniter\Debug\Exceptions->errorHandler()
 2 SYSTEMPATH/View/View.php(234): include('/var/www/4dpanda.com/4dpanda_ci/app/Views/frontend/template_parts/estimated-jackpots.php')
 3 SYSTEMPATH/View/View.php(237): CodeIgniter\View\View->CodeIgniter\View\{closure}()
 4 SYSTEMPATH/View/View.php(484): CodeIgniter\View\View->render()
 5 APPPATH/Views/frontend/template_parts/home_content.php(28): CodeIgniter\View\View->include()
 6 SYSTEMPATH/View/View.php(234): include('/var/www/4dpanda.com/4dpanda_ci/app/Views/frontend/template_parts/home_content.php')
 7 SYSTEMPATH/View/View.php(237): CodeIgniter\View\View->CodeIgniter\View\{closure}()
 8 SYSTEMPATH/View/View.php(484): CodeIgniter\View\View->render()
 9 APPPATH/Views/frontend/home.php(37): CodeIgniter\View\View->include()
10 SYSTEMPATH/View/View.php(234): include('/var/www/4dpanda.com/4dpanda_ci/app/Views/frontend/home.php')
11 SYSTEMPATH/View/View.php(237): CodeIgniter\View\View->CodeIgniter\View\{closure}()
12 SYSTEMPATH/Common.php(1171): CodeIgniter\View\View->render()
13 APPPATH/Controllers/Home.php(152): view()
14 SYSTEMPATH/CodeIgniter.php(933): App\Controllers\Home->estimatedJackpotsIndex()
15 SYSTEMPATH/CodeIgniter.php(509): CodeIgniter\CodeIgniter->runController()
16 SYSTEMPATH/CodeIgniter.php(355): CodeIgniter\CodeIgniter->handleRequest()
17 SYSTEMPATH/Boot.php(312): CodeIgniter\CodeIgniter->run()
18 SYSTEMPATH/Boot.php(67): CodeIgniter\Boot::runCodeIgniter()
19 FCPATH/index.php(56): CodeIgniter\Boot::bootWeb()
CRITICAL - 2024-07-01 15:29:34 --> ErrorException: Undefined property: stdClass::$ESTJP1
[Method: GET, Route: estimated-jackports]
in APPPATH/Views/frontend/template_parts/estimated-jackpots.php on line 40.
 1 APPPATH/Views/frontend/template_parts/estimated-jackpots.php(40): CodeIgniter\Debug\Exceptions->errorHandler()
 2 SYSTEMPATH/View/View.php(234): include('/var/www/4dpanda.com/4dpanda_ci/app/Views/frontend/template_parts/estimated-jackpots.php')
 3 SYSTEMPATH/View/View.php(237): CodeIgniter\View\View->CodeIgniter\View\{closure}()
 4 SYSTEMPATH/View/View.php(484): CodeIgniter\View\View->render()
 5 APPPATH/Views/frontend/template_parts/home_content.php(28): CodeIgniter\View\View->include()
 6 SYSTEMPATH/View/View.php(234): include('/var/www/4dpanda.com/4dpanda_ci/app/Views/frontend/template_parts/home_content.php')
 7 SYSTEMPATH/View/View.php(237): CodeIgniter\View\View->CodeIgniter\View\{closure}()
 8 SYSTEMPATH/View/View.php(484): CodeIgniter\View\View->render()
 9 APPPATH/Views/frontend/home.php(37): CodeIgniter\View\View->include()
10 SYSTEMPATH/View/View.php(234): include('/var/www/4dpanda.com/4dpanda_ci/app/Views/frontend/home.php')
11 SYSTEMPATH/View/View.php(237): CodeIgniter\View\View->CodeIgniter\View\{closure}()
12 SYSTEMPATH/Common.php(1171): CodeIgniter\View\View->render()
13 APPPATH/Controllers/Home.php(152): view()
14 SYSTEMPATH/CodeIgniter.php(933): App\Controllers\Home->estimatedJackpotsIndex()
15 SYSTEMPATH/CodeIgniter.php(509): CodeIgniter\CodeIgniter->runController()
16 SYSTEMPATH/CodeIgniter.php(355): CodeIgniter\CodeIgniter->handleRequest()
17 SYSTEMPATH/Boot.php(312): CodeIgniter\CodeIgniter->run()
18 SYSTEMPATH/Boot.php(67): CodeIgniter\Boot::runCodeIgniter()
19 FCPATH/index.php(56): CodeIgniter\Boot::bootWeb()
