CRITICAL - 2024-06-27 03:51:13 --> ErrorException: Undefined array key "status"
[Method: CLI, Route: lottery:fetch/P4D/19:00:00]
in APPPATH/Commands/FetchLotteryData.php on line 176.
 1 APPPATH/Commands/FetchLotteryData.php(176): CodeIgniter\Debug\Exceptions->errorHandler()
 2 APPPATH/Commands/FetchLotteryData.php(321): App\Commands\FetchLotteryData->parseAndStoreDamacaiData()
 3 APPPATH/Commands/FetchLotteryData.php(27): App\Commands\FetchLotteryData->fetchPerdana()
 4 SYSTEMPATH/CLI/Commands.php(70): App\Commands\FetchLotteryData->run()
 5 SYSTEMPATH/CLI/Console.php(48): CodeIgniter\CLI\Commands->run()
 6 SYSTEMPATH/Boot.php(338): CodeIgniter\CLI\Console->run()
 7 SYSTEMPATH/Boot.php(104): CodeIgniter\Boot::runCommand()
 8 ROOTPATH/spark(84): CodeIgniter\Boot::bootSpark()
CRITICAL - 2024-06-27 05:01:58 --> ErrorException: Undefined array key "result"
[Method: CLI, Route: lottery:fetch/P4D]
in APPPATH/Commands/FetchLotteryData.php on line 362.
 1 APPPATH/Commands/FetchLotteryData.php(362): CodeIgniter\Debug\Exceptions->errorHandler()
 2 APPPATH/Commands/FetchLotteryData.php(321): App\Commands\FetchLotteryData->parseAndStorePerdanaData()
 3 APPPATH/Commands/FetchLotteryData.php(27): App\Commands\FetchLotteryData->fetchPerdana()
 4 SYSTEMPATH/CLI/Commands.php(70): App\Commands\FetchLotteryData->run()
 5 SYSTEMPATH/CLI/Console.php(48): CodeIgniter\CLI\Commands->run()
 6 SYSTEMPATH/Boot.php(338): CodeIgniter\CLI\Console->run()
 7 SYSTEMPATH/Boot.php(104): CodeIgniter\Boot::runCommand()
 8 ROOTPATH/spark(84): CodeIgniter\Boot::bootSpark()
CRITICAL - 2024-06-27 05:05:08 --> ParseError: syntax error, unexpected variable "$key"
[Method: CLI, Route: lottery:fetch/P4D]
in APPPATH/Commands/FetchLotteryData.php on line 367.
 1 SYSTEMPATH/Autoloader/Autoloader.php(296): CodeIgniter\Autoloader\Autoloader->includeFile()
 2 SYSTEMPATH/Autoloader/Autoloader.php(272): CodeIgniter\Autoloader\Autoloader->loadInNamespace()
 3 [internal function]: CodeIgniter\Autoloader\Autoloader->loadClass()
 4 SYSTEMPATH/Autoloader/FileLocator.php(306): class_exists()
 5 SYSTEMPATH/CLI/Commands.php(112): CodeIgniter\Autoloader\FileLocator->findQualifiedNameFromPath()
 6 SYSTEMPATH/CLI/Commands.php(49): CodeIgniter\CLI\Commands->discoverCommands()
 7 SYSTEMPATH/Config/Services.php(176): CodeIgniter\CLI\Commands->__construct()
 8 SYSTEMPATH/Config/BaseService.php(311): CodeIgniter\Config\Services::commands()
 9 SYSTEMPATH/Config/BaseService.php(250): CodeIgniter\Config\BaseService::__callStatic()
10 SYSTEMPATH/Config/Services.php(173): CodeIgniter\Config\BaseService::getSharedInstance()
11 SYSTEMPATH/Config/BaseService.php(320): CodeIgniter\Config\Services::commands()
12 SYSTEMPATH/CLI/Console.php(43): CodeIgniter\Config\BaseService::__callStatic()
13 SYSTEMPATH/Boot.php(338): CodeIgniter\CLI\Console->run()
14 SYSTEMPATH/Boot.php(104): CodeIgniter\Boot::runCommand()
15 ROOTPATH/spark(84): CodeIgniter\Boot::bootSpark()
CRITICAL - 2024-06-27 05:11:40 --> ErrorException: Undefined variable $lotteryModel
[Method: CLI, Route: lottery:fetch/P4D]
in APPPATH/Commands/FetchLotteryData.php on line 376.
 1 APPPATH/Commands/FetchLotteryData.php(376): CodeIgniter\Debug\Exceptions->errorHandler()
 2 APPPATH/Commands/FetchLotteryData.php(321): App\Commands\FetchLotteryData->parseAndStorePerdanaData()
 3 APPPATH/Commands/FetchLotteryData.php(27): App\Commands\FetchLotteryData->fetchPerdana()
 4 SYSTEMPATH/CLI/Commands.php(70): App\Commands\FetchLotteryData->run()
 5 SYSTEMPATH/CLI/Console.php(48): CodeIgniter\CLI\Commands->run()
 6 SYSTEMPATH/Boot.php(338): CodeIgniter\CLI\Console->run()
 7 SYSTEMPATH/Boot.php(104): CodeIgniter\Boot::runCommand()
 8 ROOTPATH/spark(84): CodeIgniter\Boot::bootSpark()
CRITICAL - 2024-06-27 05:12:07 --> ErrorException: Undefined variable $threePlusThreeDData
[Method: CLI, Route: lottery:fetch/P4D]
in APPPATH/Commands/FetchLotteryData.php on line 384.
 1 APPPATH/Commands/FetchLotteryData.php(384): CodeIgniter\Debug\Exceptions->errorHandler()
 2 APPPATH/Commands/FetchLotteryData.php(321): App\Commands\FetchLotteryData->parseAndStorePerdanaData()
 3 APPPATH/Commands/FetchLotteryData.php(27): App\Commands\FetchLotteryData->fetchPerdana()
 4 SYSTEMPATH/CLI/Commands.php(70): App\Commands\FetchLotteryData->run()
 5 SYSTEMPATH/CLI/Console.php(48): CodeIgniter\CLI\Commands->run()
 6 SYSTEMPATH/Boot.php(338): CodeIgniter\CLI\Console->run()
 7 SYSTEMPATH/Boot.php(104): CodeIgniter\Boot::runCommand()
 8 ROOTPATH/spark(84): CodeIgniter\Boot::bootSpark()
CRITICAL - 2024-06-27 05:12:32 --> ErrorException: Undefined variable $threePlusThreeDData
[Method: CLI, Route: lottery:fetch/P4D]
in APPPATH/Commands/FetchLotteryData.php on line 384.
 1 APPPATH/Commands/FetchLotteryData.php(384): CodeIgniter\Debug\Exceptions->errorHandler()
 2 APPPATH/Commands/FetchLotteryData.php(321): App\Commands\FetchLotteryData->parseAndStorePerdanaData()
 3 APPPATH/Commands/FetchLotteryData.php(27): App\Commands\FetchLotteryData->fetchPerdana()
 4 SYSTEMPATH/CLI/Commands.php(70): App\Commands\FetchLotteryData->run()
 5 SYSTEMPATH/CLI/Console.php(48): CodeIgniter\CLI\Commands->run()
 6 SYSTEMPATH/Boot.php(338): CodeIgniter\CLI\Console->run()
 7 SYSTEMPATH/Boot.php(104): CodeIgniter\Boot::runCommand()
 8 ROOTPATH/spark(84): CodeIgniter\Boot::bootSpark()
CRITICAL - 2024-06-27 07:28:11 --> ParseError: Unclosed '{' on line 355
[Method: CLI, Route: lottery:fetch/H4D/15:30:00]
in APPPATH/Commands/FetchLotteryData.php on line 362.
 1 SYSTEMPATH/Autoloader/Autoloader.php(296): CodeIgniter\Autoloader\Autoloader->includeFile()
 2 SYSTEMPATH/Autoloader/Autoloader.php(272): CodeIgniter\Autoloader\Autoloader->loadInNamespace()
 3 [internal function]: CodeIgniter\Autoloader\Autoloader->loadClass()
 4 SYSTEMPATH/Autoloader/FileLocator.php(306): class_exists()
 5 SYSTEMPATH/CLI/Commands.php(112): CodeIgniter\Autoloader\FileLocator->findQualifiedNameFromPath()
 6 SYSTEMPATH/CLI/Commands.php(49): CodeIgniter\CLI\Commands->discoverCommands()
 7 SYSTEMPATH/Config/Services.php(176): CodeIgniter\CLI\Commands->__construct()
 8 SYSTEMPATH/Config/BaseService.php(311): CodeIgniter\Config\Services::commands()
 9 SYSTEMPATH/Config/BaseService.php(250): CodeIgniter\Config\BaseService::__callStatic()
10 SYSTEMPATH/Config/Services.php(173): CodeIgniter\Config\BaseService::getSharedInstance()
11 SYSTEMPATH/Config/BaseService.php(320): CodeIgniter\Config\Services::commands()
12 SYSTEMPATH/CLI/Console.php(43): CodeIgniter\Config\BaseService::__callStatic()
13 SYSTEMPATH/Boot.php(338): CodeIgniter\CLI\Console->run()
14 SYSTEMPATH/Boot.php(104): CodeIgniter\Boot::runCommand()
15 ROOTPATH/spark(84): CodeIgniter\Boot::bootSpark()
CRITICAL - 2024-06-27 07:48:33 --> ErrorException: file_get_contents(https://www.perdana4d.com/Index?handler=First): Failed to open stream: HTTP request failed! HTTP/1.1 503 Service Unavailable

[Method: CLI, Route: lottery:fetch/P4D]
in APPPATH/Commands/FetchLotteryData.php on line 309.
 1 [internal function]: CodeIgniter\Debug\Exceptions->errorHandler()
 2 APPPATH/Commands/FetchLotteryData.php(309): file_get_contents()
 3 APPPATH/Commands/FetchLotteryData.php(27): App\Commands\FetchLotteryData->fetchPerdana()
 4 SYSTEMPATH/CLI/Commands.php(70): App\Commands\FetchLotteryData->run()
 5 SYSTEMPATH/CLI/Console.php(48): CodeIgniter\CLI\Commands->run()
 6 SYSTEMPATH/Boot.php(338): CodeIgniter\CLI\Console->run()
 7 SYSTEMPATH/Boot.php(104): CodeIgniter\Boot::runCommand()
 8 ROOTPATH/spark(84): CodeIgniter\Boot::bootSpark()
CRITICAL - 2024-06-27 08:04:47 --> ErrorException: file_get_contents(https://www.perdana4d.com/Index?handler=First): Failed to open stream: HTTP request failed! HTTP/1.1 503 Service Unavailable

[Method: CLI, Route: lottery:fetch/P4D]
in APPPATH/Commands/FetchLotteryData.php on line 309.
 1 [internal function]: CodeIgniter\Debug\Exceptions->errorHandler()
 2 APPPATH/Commands/FetchLotteryData.php(309): file_get_contents()
 3 APPPATH/Commands/FetchLotteryData.php(27): App\Commands\FetchLotteryData->fetchPerdana()
 4 SYSTEMPATH/CLI/Commands.php(70): App\Commands\FetchLotteryData->run()
 5 SYSTEMPATH/CLI/Console.php(48): CodeIgniter\CLI\Commands->run()
 6 SYSTEMPATH/Boot.php(338): CodeIgniter\CLI\Console->run()
 7 SYSTEMPATH/Boot.php(104): CodeIgniter\Boot::runCommand()
 8 ROOTPATH/spark(84): CodeIgniter\Boot::bootSpark()
CRITICAL - 2024-06-27 08:06:38 --> ErrorException: file_get_contents(https://www.perdana4d.com/Index?handler=First): Failed to open stream: HTTP request failed!
[Method: CLI, Route: lottery:fetch/P4D]
in APPPATH/Commands/FetchLotteryData.php on line 309.
 1 [internal function]: CodeIgniter\Debug\Exceptions->errorHandler()
 2 APPPATH/Commands/FetchLotteryData.php(309): file_get_contents()
 3 APPPATH/Commands/FetchLotteryData.php(27): App\Commands\FetchLotteryData->fetchPerdana()
 4 SYSTEMPATH/CLI/Commands.php(70): App\Commands\FetchLotteryData->run()
 5 SYSTEMPATH/CLI/Console.php(48): CodeIgniter\CLI\Commands->run()
 6 SYSTEMPATH/Boot.php(338): CodeIgniter\CLI\Console->run()
 7 SYSTEMPATH/Boot.php(104): CodeIgniter\Boot::runCommand()
 8 ROOTPATH/spark(84): CodeIgniter\Boot::bootSpark()
CRITICAL - 2024-06-27 11:27:21 --> ErrorException: file_get_contents(https://www.perdana4d.com/Index?handler=First): Failed to open stream: HTTP request failed! HTTP/1.1 503 Service Unavailable

[Method: CLI, Route: lottery:fetch/P4D]
in APPPATH/Commands/FetchLotteryData.php on line 309.
 1 [internal function]: CodeIgniter\Debug\Exceptions->errorHandler()
 2 APPPATH/Commands/FetchLotteryData.php(309): file_get_contents()
 3 APPPATH/Commands/FetchLotteryData.php(27): App\Commands\FetchLotteryData->fetchPerdana()
 4 SYSTEMPATH/CLI/Commands.php(70): App\Commands\FetchLotteryData->run()
 5 SYSTEMPATH/CLI/Console.php(48): CodeIgniter\CLI\Commands->run()
 6 SYSTEMPATH/Boot.php(338): CodeIgniter\CLI\Console->run()
 7 SYSTEMPATH/Boot.php(104): CodeIgniter\Boot::runCommand()
 8 ROOTPATH/spark(84): CodeIgniter\Boot::bootSpark()
CRITICAL - 2024-06-27 15:46:50 --> ErrorException: Attempt to read property "nodeValue" on null
[Method: CLI, Route: lottery:fetch/GD]
in APPPATH/Commands/FetchLotteryData.php on line 439.
 1 APPPATH/Commands/FetchLotteryData.php(439): CodeIgniter\Debug\Exceptions->errorHandler()
 2 APPPATH/Commands/FetchLotteryData.php(33): App\Commands\FetchLotteryData->fetechGrandDragon()
 3 SYSTEMPATH/CLI/Commands.php(70): App\Commands\FetchLotteryData->run()
 4 SYSTEMPATH/CLI/Console.php(48): CodeIgniter\CLI\Commands->run()
 5 SYSTEMPATH/Boot.php(338): CodeIgniter\CLI\Console->run()
 6 SYSTEMPATH/Boot.php(104): CodeIgniter\Boot::runCommand()
 7 ROOTPATH/spark(84): CodeIgniter\Boot::bootSpark()
CRITICAL - 2024-06-27 15:47:46 --> ErrorException: Attempt to read property "nodeValue" on null
[Method: CLI, Route: lottery:fetch/GD]
in APPPATH/Commands/FetchLotteryData.php on line 439.
 1 APPPATH/Commands/FetchLotteryData.php(439): CodeIgniter\Debug\Exceptions->errorHandler()
 2 APPPATH/Commands/FetchLotteryData.php(33): App\Commands\FetchLotteryData->fetechGrandDragon()
 3 SYSTEMPATH/CLI/Commands.php(70): App\Commands\FetchLotteryData->run()
 4 SYSTEMPATH/CLI/Console.php(48): CodeIgniter\CLI\Commands->run()
 5 SYSTEMPATH/Boot.php(338): CodeIgniter\CLI\Console->run()
 6 SYSTEMPATH/Boot.php(104): CodeIgniter\Boot::runCommand()
 7 ROOTPATH/spark(84): CodeIgniter\Boot::bootSpark()
CRITICAL - 2024-06-27 15:48:18 --> ErrorException: Attempt to read property "nodeValue" on null
[Method: CLI, Route: lottery:fetch/GD]
in APPPATH/Commands/FetchLotteryData.php on line 439.
 1 APPPATH/Commands/FetchLotteryData.php(439): CodeIgniter\Debug\Exceptions->errorHandler()
 2 APPPATH/Commands/FetchLotteryData.php(33): App\Commands\FetchLotteryData->fetechGrandDragon()
 3 SYSTEMPATH/CLI/Commands.php(70): App\Commands\FetchLotteryData->run()
 4 SYSTEMPATH/CLI/Console.php(48): CodeIgniter\CLI\Commands->run()
 5 SYSTEMPATH/Boot.php(338): CodeIgniter\CLI\Console->run()
 6 SYSTEMPATH/Boot.php(104): CodeIgniter\Boot::runCommand()
 7 ROOTPATH/spark(84): CodeIgniter\Boot::bootSpark()
CRITICAL - 2024-06-27 15:50:35 --> Error: Class "App\Commands\DOMDocument" not found
[Method: CLI, Route: lottery:fetch/GD]
in APPPATH/Commands/FetchLotteryData.php on line 434.
 1 APPPATH/Commands/FetchLotteryData.php(33): App\Commands\FetchLotteryData->fetechGrandDragon()
 2 SYSTEMPATH/CLI/Commands.php(70): App\Commands\FetchLotteryData->run()
 3 SYSTEMPATH/CLI/Console.php(48): CodeIgniter\CLI\Commands->run()
 4 SYSTEMPATH/Boot.php(338): CodeIgniter\CLI\Console->run()
 5 SYSTEMPATH/Boot.php(104): CodeIgniter\Boot::runCommand()
 6 ROOTPATH/spark(84): CodeIgniter\Boot::bootSpark()
CRITICAL - 2024-06-27 15:51:04 --> ErrorException: Attempt to read property "nodeValue" on null
[Method: CLI, Route: lottery:fetch/GD]
in APPPATH/Commands/FetchLotteryData.php on line 439.
 1 APPPATH/Commands/FetchLotteryData.php(439): CodeIgniter\Debug\Exceptions->errorHandler()
 2 APPPATH/Commands/FetchLotteryData.php(33): App\Commands\FetchLotteryData->fetechGrandDragon()
 3 SYSTEMPATH/CLI/Commands.php(70): App\Commands\FetchLotteryData->run()
 4 SYSTEMPATH/CLI/Console.php(48): CodeIgniter\CLI\Commands->run()
 5 SYSTEMPATH/Boot.php(338): CodeIgniter\CLI\Console->run()
 6 SYSTEMPATH/Boot.php(104): CodeIgniter\Boot::runCommand()
 7 ROOTPATH/spark(84): CodeIgniter\Boot::bootSpark()
CRITICAL - 2024-06-27 15:51:47 --> ErrorException: Attempt to read property "nodeValue" on null
[Method: CLI, Route: lottery:fetch/GD]
in APPPATH/Commands/FetchLotteryData.php on line 439.
 1 APPPATH/Commands/FetchLotteryData.php(439): CodeIgniter\Debug\Exceptions->errorHandler()
 2 APPPATH/Commands/FetchLotteryData.php(33): App\Commands\FetchLotteryData->fetechGrandDragon()
 3 SYSTEMPATH/CLI/Commands.php(70): App\Commands\FetchLotteryData->run()
 4 SYSTEMPATH/CLI/Console.php(48): CodeIgniter\CLI\Commands->run()
 5 SYSTEMPATH/Boot.php(338): CodeIgniter\CLI\Console->run()
 6 SYSTEMPATH/Boot.php(104): CodeIgniter\Boot::runCommand()
 7 ROOTPATH/spark(84): CodeIgniter\Boot::bootSpark()
CRITICAL - 2024-06-27 15:55:10 --> ErrorException: Undefined variable $drawDate
[Method: CLI, Route: lottery:fetch/GD]
in APPPATH/Commands/FetchLotteryData.php on line 450.
 1 APPPATH/Commands/FetchLotteryData.php(450): CodeIgniter\Debug\Exceptions->errorHandler()
 2 APPPATH/Commands/FetchLotteryData.php(33): App\Commands\FetchLotteryData->fetechGrandDragon()
 3 SYSTEMPATH/CLI/Commands.php(70): App\Commands\FetchLotteryData->run()
 4 SYSTEMPATH/CLI/Console.php(48): CodeIgniter\CLI\Commands->run()
 5 SYSTEMPATH/Boot.php(338): CodeIgniter\CLI\Console->run()
 6 SYSTEMPATH/Boot.php(104): CodeIgniter\Boot::runCommand()
 7 ROOTPATH/spark(84): CodeIgniter\Boot::bootSpark()
CRITICAL - 2024-06-27 15:55:22 --> ErrorException: Attempt to read property "nodeValue" on null
[Method: CLI, Route: lottery:fetch/GD]
in APPPATH/Commands/FetchLotteryData.php on line 476.
 1 APPPATH/Commands/FetchLotteryData.php(476): CodeIgniter\Debug\Exceptions->errorHandler()
 2 [internal function]: App\Commands\FetchLotteryData->App\Commands\{closure}()
 3 APPPATH/Commands/FetchLotteryData.php(475): array_map()
 4 APPPATH/Commands/FetchLotteryData.php(33): App\Commands\FetchLotteryData->fetechGrandDragon()
 5 SYSTEMPATH/CLI/Commands.php(70): App\Commands\FetchLotteryData->run()
 6 SYSTEMPATH/CLI/Console.php(48): CodeIgniter\CLI\Commands->run()
 7 SYSTEMPATH/Boot.php(338): CodeIgniter\CLI\Console->run()
 8 SYSTEMPATH/Boot.php(104): CodeIgniter\Boot::runCommand()
 9 ROOTPATH/spark(84): CodeIgniter\Boot::bootSpark()
WARNING - 2024-06-27 16:01:55 --> [DEPRECATED] str_replace(): Passing null to parameter #3 ($subject) of type array|string is deprecated in APPPATH/Commands/FetchLotteryData.php on line 440.
 1 APPPATH/Commands/FetchLotteryData.php(440): str_replace('Date :', '', null)
 2 APPPATH/Commands/FetchLotteryData.php(33): App\Commands\FetchLotteryData->fetechGrandDragon()
 3 SYSTEMPATH/CLI/Commands.php(70): App\Commands\FetchLotteryData->run([...])
 4 SYSTEMPATH/CLI/Console.php(48): CodeIgniter\CLI\Commands->run('lottery:fetch', [...])
 5 SYSTEMPATH/Boot.php(338): CodeIgniter\CLI\Console->run()
 6 SYSTEMPATH/Boot.php(104): CodeIgniter\Boot::runCommand(Object(CodeIgniter\CLI\Console))
 7 ROOTPATH/spark(84): CodeIgniter\Boot::bootSpark(Object(Config\Paths))
CRITICAL - 2024-06-27 16:01:55 --> ErrorException: Undefined array key 2
[Method: CLI, Route: lottery:fetch/GD]
in APPPATH/Commands/FetchLotteryData.php on line 444.
 1 APPPATH/Commands/FetchLotteryData.php(444): CodeIgniter\Debug\Exceptions->errorHandler()
 2 APPPATH/Commands/FetchLotteryData.php(33): App\Commands\FetchLotteryData->fetechGrandDragon()
 3 SYSTEMPATH/CLI/Commands.php(70): App\Commands\FetchLotteryData->run()
 4 SYSTEMPATH/CLI/Console.php(48): CodeIgniter\CLI\Commands->run()
 5 SYSTEMPATH/Boot.php(338): CodeIgniter\CLI\Console->run()
 6 SYSTEMPATH/Boot.php(104): CodeIgniter\Boot::runCommand()
 7 ROOTPATH/spark(84): CodeIgniter\Boot::bootSpark()
CRITICAL - 2024-06-27 16:02:09 --> TypeError: str_replace(): Argument #3 ($subject) must be of type array|string, DOMNodeList given
[Method: CLI, Route: lottery:fetch/GD]
in APPPATH/Commands/FetchLotteryData.php on line 440.
 1 APPPATH/Commands/FetchLotteryData.php(440): str_replace()
 2 APPPATH/Commands/FetchLotteryData.php(33): App\Commands\FetchLotteryData->fetechGrandDragon()
 3 SYSTEMPATH/CLI/Commands.php(70): App\Commands\FetchLotteryData->run()
 4 SYSTEMPATH/CLI/Console.php(48): CodeIgniter\CLI\Commands->run()
 5 SYSTEMPATH/Boot.php(338): CodeIgniter\CLI\Console->run()
 6 SYSTEMPATH/Boot.php(104): CodeIgniter\Boot::runCommand()
 7 ROOTPATH/spark(84): CodeIgniter\Boot::bootSpark()
CRITICAL - 2024-06-27 16:05:43 --> ErrorException: Attempt to read property "nodeValue" on null
[Method: CLI, Route: lottery:fetch/GD]
in APPPATH/Commands/FetchLotteryData.php on line 438.
 1 APPPATH/Commands/FetchLotteryData.php(438): CodeIgniter\Debug\Exceptions->errorHandler()
 2 APPPATH/Commands/FetchLotteryData.php(33): App\Commands\FetchLotteryData->fetechGrandDragon()
 3 SYSTEMPATH/CLI/Commands.php(70): App\Commands\FetchLotteryData->run()
 4 SYSTEMPATH/CLI/Console.php(48): CodeIgniter\CLI\Commands->run()
 5 SYSTEMPATH/Boot.php(338): CodeIgniter\CLI\Console->run()
 6 SYSTEMPATH/Boot.php(104): CodeIgniter\Boot::runCommand()
 7 ROOTPATH/spark(84): CodeIgniter\Boot::bootSpark()
CRITICAL - 2024-06-27 16:10:56 --> ErrorException: Attempt to read property "nodeValue" on null
[Method: CLI, Route: lottery:fetch/GD]
in APPPATH/Commands/FetchLotteryData.php on line 439.
 1 APPPATH/Commands/FetchLotteryData.php(439): CodeIgniter\Debug\Exceptions->errorHandler()
 2 APPPATH/Commands/FetchLotteryData.php(33): App\Commands\FetchLotteryData->fetechGrandDragon()
 3 SYSTEMPATH/CLI/Commands.php(70): App\Commands\FetchLotteryData->run()
 4 SYSTEMPATH/CLI/Console.php(48): CodeIgniter\CLI\Commands->run()
 5 SYSTEMPATH/Boot.php(338): CodeIgniter\CLI\Console->run()
 6 SYSTEMPATH/Boot.php(104): CodeIgniter\Boot::runCommand()
 7 ROOTPATH/spark(84): CodeIgniter\Boot::bootSpark()
CRITICAL - 2024-06-27 16:11:43 --> ErrorException: Attempt to read property "nodeValue" on null
[Method: CLI, Route: lottery:fetch/GD]
in APPPATH/Commands/FetchLotteryData.php on line 439.
 1 APPPATH/Commands/FetchLotteryData.php(439): CodeIgniter\Debug\Exceptions->errorHandler()
 2 APPPATH/Commands/FetchLotteryData.php(33): App\Commands\FetchLotteryData->fetechGrandDragon()
 3 SYSTEMPATH/CLI/Commands.php(70): App\Commands\FetchLotteryData->run()
 4 SYSTEMPATH/CLI/Console.php(48): CodeIgniter\CLI\Commands->run()
 5 SYSTEMPATH/Boot.php(338): CodeIgniter\CLI\Console->run()
 6 SYSTEMPATH/Boot.php(104): CodeIgniter\Boot::runCommand()
 7 ROOTPATH/spark(84): CodeIgniter\Boot::bootSpark()
CRITICAL - 2024-06-27 16:12:03 --> ErrorException: Attempt to read property "nodeValue" on null
[Method: CLI, Route: lottery:fetch/GD]
in APPPATH/Commands/FetchLotteryData.php on line 437.
 1 APPPATH/Commands/FetchLotteryData.php(437): CodeIgniter\Debug\Exceptions->errorHandler()
 2 APPPATH/Commands/FetchLotteryData.php(33): App\Commands\FetchLotteryData->fetechGrandDragon()
 3 SYSTEMPATH/CLI/Commands.php(70): App\Commands\FetchLotteryData->run()
 4 SYSTEMPATH/CLI/Console.php(48): CodeIgniter\CLI\Commands->run()
 5 SYSTEMPATH/Boot.php(338): CodeIgniter\CLI\Console->run()
 6 SYSTEMPATH/Boot.php(104): CodeIgniter\Boot::runCommand()
 7 ROOTPATH/spark(84): CodeIgniter\Boot::bootSpark()
CRITICAL - 2024-06-27 16:18:14 --> LogicException: To filter with a CSS selector, install the CssSelector component ("composer require symfony/css-selector"). Or use filterXpath instead.
[Method: CLI, Route: lottery:fetch/GD]
in VENDORPATH/symfony/dom-crawler/Crawler.php on line 1193.
 1 VENDORPATH/symfony/dom-crawler/Crawler.php(722): Symfony\Component\DomCrawler\Crawler->createCssSelectorConverter()
 2 APPPATH/Commands/FetchLotteryData.php(440): Symfony\Component\DomCrawler\Crawler->filter()
 3 APPPATH/Commands/FetchLotteryData.php(35): App\Commands\FetchLotteryData->fetechGrandDragon()
 4 SYSTEMPATH/CLI/Commands.php(70): App\Commands\FetchLotteryData->run()
 5 SYSTEMPATH/CLI/Console.php(48): CodeIgniter\CLI\Commands->run()
 6 SYSTEMPATH/Boot.php(338): CodeIgniter\CLI\Console->run()
 7 SYSTEMPATH/Boot.php(104): CodeIgniter\Boot::runCommand()
 8 ROOTPATH/spark(84): CodeIgniter\Boot::bootSpark()
CRITICAL - 2024-06-27 16:19:17 --> ErrorException: Undefined variable $selector
[Method: CLI, Route: lottery:fetch/GD]
in APPPATH/Commands/FetchLotteryData.php on line 443.
 1 APPPATH/Commands/FetchLotteryData.php(443): CodeIgniter\Debug\Exceptions->errorHandler()
 2 APPPATH/Commands/FetchLotteryData.php(35): App\Commands\FetchLotteryData->fetechGrandDragon()
 3 SYSTEMPATH/CLI/Commands.php(70): App\Commands\FetchLotteryData->run()
 4 SYSTEMPATH/CLI/Console.php(48): CodeIgniter\CLI\Commands->run()
 5 SYSTEMPATH/Boot.php(338): CodeIgniter\CLI\Console->run()
 6 SYSTEMPATH/Boot.php(104): CodeIgniter\Boot::runCommand()
 7 ROOTPATH/spark(84): CodeIgniter\Boot::bootSpark()
CRITICAL - 2024-06-27 16:19:50 --> ErrorException: Undefined variable $xpath
[Method: CLI, Route: lottery:fetch/GD]
in APPPATH/Commands/FetchLotteryData.php on line 458.
 1 APPPATH/Commands/FetchLotteryData.php(458): CodeIgniter\Debug\Exceptions->errorHandler()
 2 APPPATH/Commands/FetchLotteryData.php(35): App\Commands\FetchLotteryData->fetechGrandDragon()
 3 SYSTEMPATH/CLI/Commands.php(70): App\Commands\FetchLotteryData->run()
 4 SYSTEMPATH/CLI/Console.php(48): CodeIgniter\CLI\Commands->run()
 5 SYSTEMPATH/Boot.php(338): CodeIgniter\CLI\Console->run()
 6 SYSTEMPATH/Boot.php(104): CodeIgniter\Boot::runCommand()
 7 ROOTPATH/spark(84): CodeIgniter\Boot::bootSpark()
CRITICAL - 2024-06-27 16:26:12 --> ErrorException: Undefined variable $xpath
[Method: CLI, Route: lottery:fetch/GD]
in APPPATH/Commands/FetchLotteryData.php on line 470.
 1 APPPATH/Commands/FetchLotteryData.php(470): CodeIgniter\Debug\Exceptions->errorHandler()
 2 APPPATH/Commands/FetchLotteryData.php(35): App\Commands\FetchLotteryData->fetechGrandDragon()
 3 SYSTEMPATH/CLI/Commands.php(70): App\Commands\FetchLotteryData->run()
 4 SYSTEMPATH/CLI/Console.php(48): CodeIgniter\CLI\Commands->run()
 5 SYSTEMPATH/Boot.php(338): CodeIgniter\CLI\Console->run()
 6 SYSTEMPATH/Boot.php(104): CodeIgniter\Boot::runCommand()
 7 ROOTPATH/spark(84): CodeIgniter\Boot::bootSpark()
CRITICAL - 2024-06-27 16:33:09 --> ErrorException: Undefined variable $p4dData
[Method: CLI, Route: lottery:fetch/GD]
in APPPATH/Commands/FetchLotteryData.php on line 486.
 1 APPPATH/Commands/FetchLotteryData.php(486): CodeIgniter\Debug\Exceptions->errorHandler()
 2 APPPATH/Commands/FetchLotteryData.php(35): App\Commands\FetchLotteryData->fetechGrandDragon()
 3 SYSTEMPATH/CLI/Commands.php(70): App\Commands\FetchLotteryData->run()
 4 SYSTEMPATH/CLI/Console.php(48): CodeIgniter\CLI\Commands->run()
 5 SYSTEMPATH/Boot.php(338): CodeIgniter\CLI\Console->run()
 6 SYSTEMPATH/Boot.php(104): CodeIgniter\Boot::runCommand()
 7 ROOTPATH/spark(84): CodeIgniter\Boot::bootSpark()
CRITICAL - 2024-06-27 16:55:14 --> ErrorException: Undefined array key "6dp0"
[Method: CLI, Route: lottery:fetch/GD]
in APPPATH/Commands/FetchLotteryData.php on line 489.
 1 APPPATH/Commands/FetchLotteryData.php(489): CodeIgniter\Debug\Exceptions->errorHandler()
 2 APPPATH/Commands/FetchLotteryData.php(35): App\Commands\FetchLotteryData->fetechGrandDragon()
 3 SYSTEMPATH/CLI/Commands.php(70): App\Commands\FetchLotteryData->run()
 4 SYSTEMPATH/CLI/Console.php(48): CodeIgniter\CLI\Commands->run()
 5 SYSTEMPATH/Boot.php(338): CodeIgniter\CLI\Console->run()
 6 SYSTEMPATH/Boot.php(104): CodeIgniter\Boot::runCommand()
 7 ROOTPATH/spark(84): CodeIgniter\Boot::bootSpark()
