CRITICAL - 2024-08-30 08:14:02 --> ErrorException: file_get_contents(https://www.perdana4d.com/Index?handler=First): Failed to open stream: HTTP request failed! HTTP/1.1 503 Service Unavailable

[Method: CLI, Route: lottery:fetch/P4D/15:00:00]
in APPPATH/Commands/FetchLotteryData.php on line 350.
 1 [internal function]: CodeIgniter\Debug\Exceptions->errorHandler()
 2 APPPATH/Commands/FetchLotteryData.php(350): file_get_contents()
 3 APPPATH/Commands/FetchLotteryData.php(31): App\Commands\FetchLotteryData->fetchPerdana()
 4 SYSTEMPATH/CLI/Commands.php(70): App\Commands\FetchLotteryData->run()
 5 SYSTEMPATH/CLI/Console.php(48): CodeIgniter\CLI\Commands->run()
 6 SYSTEMPATH/Boot.php(338): CodeIgniter\CLI\Console->run()
 7 SYSTEMPATH/Boot.php(104): CodeIgniter\Boot::runCommand()
 8 ROOTPATH/spark(84): CodeIgniter\Boot::bootSpark()
CRITICAL - 2024-08-30 11:10:01 --> ErrorException: file_get_contents(https://www.perdana4d.com/Index?handler=Refresh): Failed to open stream: HTTP request failed! HTTP/1.1 503 Service Unavailable

[Method: CLI, Route: lottery:fetch/P4D/19:00:00]
in APPPATH/Commands/FetchLotteryData.php on line 350.
 1 [internal function]: CodeIgniter\Debug\Exceptions->errorHandler()
 2 APPPATH/Commands/FetchLotteryData.php(350): file_get_contents()
 3 APPPATH/Commands/FetchLotteryData.php(31): App\Commands\FetchLotteryData->fetchPerdana()
 4 SYSTEMPATH/CLI/Commands.php(70): App\Commands\FetchLotteryData->run()
 5 SYSTEMPATH/CLI/Console.php(48): CodeIgniter\CLI\Commands->run()
 6 SYSTEMPATH/Boot.php(338): CodeIgniter\CLI\Console->run()
 7 SYSTEMPATH/Boot.php(104): CodeIgniter\Boot::runCommand()
 8 ROOTPATH/spark(84): CodeIgniter\Boot::bootSpark()
CRITICAL - 2024-08-30 11:16:36 --> ErrorException: file_get_contents(https://www.perdana4d.com/Index?handler=Refresh): Failed to open stream: HTTP request failed! HTTP/1.1 503 Service Unavailable

[Method: CLI, Route: lottery:fetch/P4D/19:00:00]
in APPPATH/Commands/FetchLotteryData.php on line 350.
 1 [internal function]: CodeIgniter\Debug\Exceptions->errorHandler()
 2 APPPATH/Commands/FetchLotteryData.php(350): file_get_contents()
 3 APPPATH/Commands/FetchLotteryData.php(31): App\Commands\FetchLotteryData->fetchPerdana()
 4 SYSTEMPATH/CLI/Commands.php(70): App\Commands\FetchLotteryData->run()
 5 SYSTEMPATH/CLI/Console.php(48): CodeIgniter\CLI\Commands->run()
 6 SYSTEMPATH/Boot.php(338): CodeIgniter\CLI\Console->run()
 7 SYSTEMPATH/Boot.php(104): CodeIgniter\Boot::runCommand()
 8 ROOTPATH/spark(84): CodeIgniter\Boot::bootSpark()
CRITICAL - 2024-08-30 11:29:02 --> ErrorException: Undefined array key "spec1"
[Method: CLI, Route: lottery:fetchothers/LMC/19:30:00]
in APPPATH/Commands/FetchOthers.php on line 54.
 1 APPPATH/Commands/FetchOthers.php(54): CodeIgniter\Debug\Exceptions->errorHandler()
 2 APPPATH/Commands/FetchOthers.php(24): App\Commands\FetchOthers->fetchLotoMacaoData()
 3 SYSTEMPATH/CLI/Commands.php(70): App\Commands\FetchOthers->run()
 4 SYSTEMPATH/CLI/Console.php(48): CodeIgniter\CLI\Commands->run()
 5 SYSTEMPATH/Boot.php(338): CodeIgniter\CLI\Console->run()
 6 SYSTEMPATH/Boot.php(104): CodeIgniter\Boot::runCommand()
 7 ROOTPATH/spark(84): CodeIgniter\Boot::bootSpark()
CRITICAL - 2024-08-30 11:29:07 --> ErrorException: Undefined array key "spec1"
[Method: CLI, Route: lottery:fetchothers/LMC/19:30:00]
in APPPATH/Commands/FetchOthers.php on line 54.
 1 APPPATH/Commands/FetchOthers.php(54): CodeIgniter\Debug\Exceptions->errorHandler()
 2 APPPATH/Commands/FetchOthers.php(24): App\Commands\FetchOthers->fetchLotoMacaoData()
 3 SYSTEMPATH/CLI/Commands.php(70): App\Commands\FetchOthers->run()
 4 SYSTEMPATH/CLI/Console.php(48): CodeIgniter\CLI\Commands->run()
 5 SYSTEMPATH/Boot.php(338): CodeIgniter\CLI\Console->run()
 6 SYSTEMPATH/Boot.php(104): CodeIgniter\Boot::runCommand()
 7 ROOTPATH/spark(84): CodeIgniter\Boot::bootSpark()
CRITICAL - 2024-08-30 11:29:12 --> ErrorException: Undefined array key "spec1"
[Method: CLI, Route: lottery:fetchothers/LMC/19:30:00]
in APPPATH/Commands/FetchOthers.php on line 54.
 1 APPPATH/Commands/FetchOthers.php(54): CodeIgniter\Debug\Exceptions->errorHandler()
 2 APPPATH/Commands/FetchOthers.php(24): App\Commands\FetchOthers->fetchLotoMacaoData()
 3 SYSTEMPATH/CLI/Commands.php(70): App\Commands\FetchOthers->run()
 4 SYSTEMPATH/CLI/Console.php(48): CodeIgniter\CLI\Commands->run()
 5 SYSTEMPATH/Boot.php(338): CodeIgniter\CLI\Console->run()
 6 SYSTEMPATH/Boot.php(104): CodeIgniter\Boot::runCommand()
 7 ROOTPATH/spark(84): CodeIgniter\Boot::bootSpark()
CRITICAL - 2024-08-30 11:29:17 --> ErrorException: Undefined array key "spec1"
[Method: CLI, Route: lottery:fetchothers/LMC/19:30:00]
in APPPATH/Commands/FetchOthers.php on line 54.
 1 APPPATH/Commands/FetchOthers.php(54): CodeIgniter\Debug\Exceptions->errorHandler()
 2 APPPATH/Commands/FetchOthers.php(24): App\Commands\FetchOthers->fetchLotoMacaoData()
 3 SYSTEMPATH/CLI/Commands.php(70): App\Commands\FetchOthers->run()
 4 SYSTEMPATH/CLI/Console.php(48): CodeIgniter\CLI\Commands->run()
 5 SYSTEMPATH/Boot.php(338): CodeIgniter\CLI\Console->run()
 6 SYSTEMPATH/Boot.php(104): CodeIgniter\Boot::runCommand()
 7 ROOTPATH/spark(84): CodeIgniter\Boot::bootSpark()
CRITICAL - 2024-08-30 11:29:22 --> ErrorException: Undefined array key "spec1"
[Method: CLI, Route: lottery:fetchothers/LMC/19:30:00]
in APPPATH/Commands/FetchOthers.php on line 54.
 1 APPPATH/Commands/FetchOthers.php(54): CodeIgniter\Debug\Exceptions->errorHandler()
 2 APPPATH/Commands/FetchOthers.php(24): App\Commands\FetchOthers->fetchLotoMacaoData()
 3 SYSTEMPATH/CLI/Commands.php(70): App\Commands\FetchOthers->run()
 4 SYSTEMPATH/CLI/Console.php(48): CodeIgniter\CLI\Commands->run()
 5 SYSTEMPATH/Boot.php(338): CodeIgniter\CLI\Console->run()
 6 SYSTEMPATH/Boot.php(104): CodeIgniter\Boot::runCommand()
 7 ROOTPATH/spark(84): CodeIgniter\Boot::bootSpark()
CRITICAL - 2024-08-30 11:29:27 --> ErrorException: Undefined array key "spec1"
[Method: CLI, Route: lottery:fetchothers/LMC/19:30:00]
in APPPATH/Commands/FetchOthers.php on line 54.
 1 APPPATH/Commands/FetchOthers.php(54): CodeIgniter\Debug\Exceptions->errorHandler()
 2 APPPATH/Commands/FetchOthers.php(24): App\Commands\FetchOthers->fetchLotoMacaoData()
 3 SYSTEMPATH/CLI/Commands.php(70): App\Commands\FetchOthers->run()
 4 SYSTEMPATH/CLI/Console.php(48): CodeIgniter\CLI\Commands->run()
 5 SYSTEMPATH/Boot.php(338): CodeIgniter\CLI\Console->run()
 6 SYSTEMPATH/Boot.php(104): CodeIgniter\Boot::runCommand()
 7 ROOTPATH/spark(84): CodeIgniter\Boot::bootSpark()
CRITICAL - 2024-08-30 11:29:32 --> ErrorException: Undefined array key "spec1"
[Method: CLI, Route: lottery:fetchothers/LMC/19:30:00]
in APPPATH/Commands/FetchOthers.php on line 54.
 1 APPPATH/Commands/FetchOthers.php(54): CodeIgniter\Debug\Exceptions->errorHandler()
 2 APPPATH/Commands/FetchOthers.php(24): App\Commands\FetchOthers->fetchLotoMacaoData()
 3 SYSTEMPATH/CLI/Commands.php(70): App\Commands\FetchOthers->run()
 4 SYSTEMPATH/CLI/Console.php(48): CodeIgniter\CLI\Commands->run()
 5 SYSTEMPATH/Boot.php(338): CodeIgniter\CLI\Console->run()
 6 SYSTEMPATH/Boot.php(104): CodeIgniter\Boot::runCommand()
 7 ROOTPATH/spark(84): CodeIgniter\Boot::bootSpark()
CRITICAL - 2024-08-30 11:29:37 --> ErrorException: Undefined array key "spec1"
[Method: CLI, Route: lottery:fetchothers/LMC/19:30:00]
in APPPATH/Commands/FetchOthers.php on line 54.
 1 APPPATH/Commands/FetchOthers.php(54): CodeIgniter\Debug\Exceptions->errorHandler()
 2 APPPATH/Commands/FetchOthers.php(24): App\Commands\FetchOthers->fetchLotoMacaoData()
 3 SYSTEMPATH/CLI/Commands.php(70): App\Commands\FetchOthers->run()
 4 SYSTEMPATH/CLI/Console.php(48): CodeIgniter\CLI\Commands->run()
 5 SYSTEMPATH/Boot.php(338): CodeIgniter\CLI\Console->run()
 6 SYSTEMPATH/Boot.php(104): CodeIgniter\Boot::runCommand()
 7 ROOTPATH/spark(84): CodeIgniter\Boot::bootSpark()
CRITICAL - 2024-08-30 11:29:42 --> ErrorException: Undefined array key "spec1"
[Method: CLI, Route: lottery:fetchothers/LMC/19:30:00]
in APPPATH/Commands/FetchOthers.php on line 54.
 1 APPPATH/Commands/FetchOthers.php(54): CodeIgniter\Debug\Exceptions->errorHandler()
 2 APPPATH/Commands/FetchOthers.php(24): App\Commands\FetchOthers->fetchLotoMacaoData()
 3 SYSTEMPATH/CLI/Commands.php(70): App\Commands\FetchOthers->run()
 4 SYSTEMPATH/CLI/Console.php(48): CodeIgniter\CLI\Commands->run()
 5 SYSTEMPATH/Boot.php(338): CodeIgniter\CLI\Console->run()
 6 SYSTEMPATH/Boot.php(104): CodeIgniter\Boot::runCommand()
 7 ROOTPATH/spark(84): CodeIgniter\Boot::bootSpark()
CRITICAL - 2024-08-30 11:29:47 --> ErrorException: Undefined array key "spec1"
[Method: CLI, Route: lottery:fetchothers/LMC/19:30:00]
in APPPATH/Commands/FetchOthers.php on line 54.
 1 APPPATH/Commands/FetchOthers.php(54): CodeIgniter\Debug\Exceptions->errorHandler()
 2 APPPATH/Commands/FetchOthers.php(24): App\Commands\FetchOthers->fetchLotoMacaoData()
 3 SYSTEMPATH/CLI/Commands.php(70): App\Commands\FetchOthers->run()
 4 SYSTEMPATH/CLI/Console.php(48): CodeIgniter\CLI\Commands->run()
 5 SYSTEMPATH/Boot.php(338): CodeIgniter\CLI\Console->run()
 6 SYSTEMPATH/Boot.php(104): CodeIgniter\Boot::runCommand()
 7 ROOTPATH/spark(84): CodeIgniter\Boot::bootSpark()
CRITICAL - 2024-08-30 11:29:52 --> ErrorException: Undefined array key "spec1"
[Method: CLI, Route: lottery:fetchothers/LMC/19:30:00]
in APPPATH/Commands/FetchOthers.php on line 54.
 1 APPPATH/Commands/FetchOthers.php(54): CodeIgniter\Debug\Exceptions->errorHandler()
 2 APPPATH/Commands/FetchOthers.php(24): App\Commands\FetchOthers->fetchLotoMacaoData()
 3 SYSTEMPATH/CLI/Commands.php(70): App\Commands\FetchOthers->run()
 4 SYSTEMPATH/CLI/Console.php(48): CodeIgniter\CLI\Commands->run()
 5 SYSTEMPATH/Boot.php(338): CodeIgniter\CLI\Console->run()
 6 SYSTEMPATH/Boot.php(104): CodeIgniter\Boot::runCommand()
 7 ROOTPATH/spark(84): CodeIgniter\Boot::bootSpark()
CRITICAL - 2024-08-30 11:29:57 --> ErrorException: Undefined array key "spec1"
[Method: CLI, Route: lottery:fetchothers/LMC/19:30:00]
in APPPATH/Commands/FetchOthers.php on line 54.
 1 APPPATH/Commands/FetchOthers.php(54): CodeIgniter\Debug\Exceptions->errorHandler()
 2 APPPATH/Commands/FetchOthers.php(24): App\Commands\FetchOthers->fetchLotoMacaoData()
 3 SYSTEMPATH/CLI/Commands.php(70): App\Commands\FetchOthers->run()
 4 SYSTEMPATH/CLI/Console.php(48): CodeIgniter\CLI\Commands->run()
 5 SYSTEMPATH/Boot.php(338): CodeIgniter\CLI\Console->run()
 6 SYSTEMPATH/Boot.php(104): CodeIgniter\Boot::runCommand()
 7 ROOTPATH/spark(84): CodeIgniter\Boot::bootSpark()
CRITICAL - 2024-08-30 11:46:13 --> ErrorException: file_get_contents(https://www.perdana4d.com/Index?handler=Refresh): Failed to open stream: HTTP request failed!
[Method: CLI, Route: lottery:fetch/P4D/19:00:00]
in APPPATH/Commands/FetchLotteryData.php on line 350.
 1 [internal function]: CodeIgniter\Debug\Exceptions->errorHandler()
 2 APPPATH/Commands/FetchLotteryData.php(350): file_get_contents()
 3 APPPATH/Commands/FetchLotteryData.php(31): App\Commands\FetchLotteryData->fetchPerdana()
 4 SYSTEMPATH/CLI/Commands.php(70): App\Commands\FetchLotteryData->run()
 5 SYSTEMPATH/CLI/Console.php(48): CodeIgniter\CLI\Commands->run()
 6 SYSTEMPATH/Boot.php(338): CodeIgniter\CLI\Console->run()
 7 SYSTEMPATH/Boot.php(104): CodeIgniter\Boot::runCommand()
 8 ROOTPATH/spark(84): CodeIgniter\Boot::bootSpark()
CRITICAL - 2024-08-30 11:48:03 --> ErrorException: file_get_contents(http://www.stc4d.com/live_draw.aspx): Failed to open stream: HTTP request failed!
[Method: CLI, Route: lottery:fetchsandakan]
in APPPATH/Commands/FetchSandakan.php on line 26.
 1 [internal function]: CodeIgniter\Debug\Exceptions->errorHandler()
 2 APPPATH/Commands/FetchSandakan.php(26): file_get_contents()
 3 APPPATH/Commands/FetchSandakan.php(19): App\Commands\FetchSandakan->fetchSandakanData()
 4 SYSTEMPATH/CLI/Commands.php(70): App\Commands\FetchSandakan->run()
 5 SYSTEMPATH/CLI/Console.php(48): CodeIgniter\CLI\Commands->run()
 6 SYSTEMPATH/Boot.php(338): CodeIgniter\CLI\Console->run()
 7 SYSTEMPATH/Boot.php(104): CodeIgniter\Boot::runCommand()
 8 ROOTPATH/spark(84): CodeIgniter\Boot::bootSpark()
CRITICAL - 2024-08-30 11:48:08 --> ErrorException: file_get_contents(http://www.stc4d.com/live_draw.aspx): Failed to open stream: Connection timed out
[Method: CLI, Route: lottery:fetchsandakan]
in APPPATH/Commands/FetchSandakan.php on line 26.
 1 [internal function]: CodeIgniter\Debug\Exceptions->errorHandler()
 2 APPPATH/Commands/FetchSandakan.php(26): file_get_contents()
 3 APPPATH/Commands/FetchSandakan.php(19): App\Commands\FetchSandakan->fetchSandakanData()
 4 SYSTEMPATH/CLI/Commands.php(70): App\Commands\FetchSandakan->run()
 5 SYSTEMPATH/CLI/Console.php(48): CodeIgniter\CLI\Commands->run()
 6 SYSTEMPATH/Boot.php(338): CodeIgniter\CLI\Console->run()
 7 SYSTEMPATH/Boot.php(104): CodeIgniter\Boot::runCommand()
 8 ROOTPATH/spark(84): CodeIgniter\Boot::bootSpark()
CRITICAL - 2024-08-30 11:48:13 --> ErrorException: file_get_contents(http://www.stc4d.com/live_draw.aspx): Failed to open stream: Connection timed out
[Method: CLI, Route: lottery:fetchsandakan]
in APPPATH/Commands/FetchSandakan.php on line 26.
 1 [internal function]: CodeIgniter\Debug\Exceptions->errorHandler()
 2 APPPATH/Commands/FetchSandakan.php(26): file_get_contents()
 3 APPPATH/Commands/FetchSandakan.php(19): App\Commands\FetchSandakan->fetchSandakanData()
 4 SYSTEMPATH/CLI/Commands.php(70): App\Commands\FetchSandakan->run()
 5 SYSTEMPATH/CLI/Console.php(48): CodeIgniter\CLI\Commands->run()
 6 SYSTEMPATH/Boot.php(338): CodeIgniter\CLI\Console->run()
 7 SYSTEMPATH/Boot.php(104): CodeIgniter\Boot::runCommand()
 8 ROOTPATH/spark(84): CodeIgniter\Boot::bootSpark()
CRITICAL - 2024-08-30 11:48:18 --> ErrorException: file_get_contents(http://www.stc4d.com/live_draw.aspx): Failed to open stream: Connection timed out
[Method: CLI, Route: lottery:fetchsandakan]
in APPPATH/Commands/FetchSandakan.php on line 26.
 1 [internal function]: CodeIgniter\Debug\Exceptions->errorHandler()
 2 APPPATH/Commands/FetchSandakan.php(26): file_get_contents()
 3 APPPATH/Commands/FetchSandakan.php(19): App\Commands\FetchSandakan->fetchSandakanData()
 4 SYSTEMPATH/CLI/Commands.php(70): App\Commands\FetchSandakan->run()
 5 SYSTEMPATH/CLI/Console.php(48): CodeIgniter\CLI\Commands->run()
 6 SYSTEMPATH/Boot.php(338): CodeIgniter\CLI\Console->run()
 7 SYSTEMPATH/Boot.php(104): CodeIgniter\Boot::runCommand()
 8 ROOTPATH/spark(84): CodeIgniter\Boot::bootSpark()
CRITICAL - 2024-08-30 11:48:23 --> ErrorException: file_get_contents(http://www.stc4d.com/live_draw.aspx): Failed to open stream: Connection timed out
[Method: CLI, Route: lottery:fetchsandakan]
in APPPATH/Commands/FetchSandakan.php on line 26.
 1 [internal function]: CodeIgniter\Debug\Exceptions->errorHandler()
 2 APPPATH/Commands/FetchSandakan.php(26): file_get_contents()
 3 APPPATH/Commands/FetchSandakan.php(19): App\Commands\FetchSandakan->fetchSandakanData()
 4 SYSTEMPATH/CLI/Commands.php(70): App\Commands\FetchSandakan->run()
 5 SYSTEMPATH/CLI/Console.php(48): CodeIgniter\CLI\Commands->run()
 6 SYSTEMPATH/Boot.php(338): CodeIgniter\CLI\Console->run()
 7 SYSTEMPATH/Boot.php(104): CodeIgniter\Boot::runCommand()
 8 ROOTPATH/spark(84): CodeIgniter\Boot::bootSpark()
CRITICAL - 2024-08-30 11:48:28 --> ErrorException: file_get_contents(http://www.stc4d.com/live_draw.aspx): Failed to open stream: Connection timed out
[Method: CLI, Route: lottery:fetchsandakan]
in APPPATH/Commands/FetchSandakan.php on line 26.
 1 [internal function]: CodeIgniter\Debug\Exceptions->errorHandler()
 2 APPPATH/Commands/FetchSandakan.php(26): file_get_contents()
 3 APPPATH/Commands/FetchSandakan.php(19): App\Commands\FetchSandakan->fetchSandakanData()
 4 SYSTEMPATH/CLI/Commands.php(70): App\Commands\FetchSandakan->run()
 5 SYSTEMPATH/CLI/Console.php(48): CodeIgniter\CLI\Commands->run()
 6 SYSTEMPATH/Boot.php(338): CodeIgniter\CLI\Console->run()
 7 SYSTEMPATH/Boot.php(104): CodeIgniter\Boot::runCommand()
 8 ROOTPATH/spark(84): CodeIgniter\Boot::bootSpark()
CRITICAL - 2024-08-30 11:48:33 --> ErrorException: file_get_contents(http://www.stc4d.com/live_draw.aspx): Failed to open stream: Connection timed out
[Method: CLI, Route: lottery:fetchsandakan]
in APPPATH/Commands/FetchSandakan.php on line 26.
 1 [internal function]: CodeIgniter\Debug\Exceptions->errorHandler()
 2 APPPATH/Commands/FetchSandakan.php(26): file_get_contents()
 3 APPPATH/Commands/FetchSandakan.php(19): App\Commands\FetchSandakan->fetchSandakanData()
 4 SYSTEMPATH/CLI/Commands.php(70): App\Commands\FetchSandakan->run()
 5 SYSTEMPATH/CLI/Console.php(48): CodeIgniter\CLI\Commands->run()
 6 SYSTEMPATH/Boot.php(338): CodeIgniter\CLI\Console->run()
 7 SYSTEMPATH/Boot.php(104): CodeIgniter\Boot::runCommand()
 8 ROOTPATH/spark(84): CodeIgniter\Boot::bootSpark()
CRITICAL - 2024-08-30 11:48:38 --> ErrorException: file_get_contents(http://www.stc4d.com/live_draw.aspx): Failed to open stream: Connection timed out
[Method: CLI, Route: lottery:fetchsandakan]
in APPPATH/Commands/FetchSandakan.php on line 26.
 1 [internal function]: CodeIgniter\Debug\Exceptions->errorHandler()
 2 APPPATH/Commands/FetchSandakan.php(26): file_get_contents()
 3 APPPATH/Commands/FetchSandakan.php(19): App\Commands\FetchSandakan->fetchSandakanData()
 4 SYSTEMPATH/CLI/Commands.php(70): App\Commands\FetchSandakan->run()
 5 SYSTEMPATH/CLI/Console.php(48): CodeIgniter\CLI\Commands->run()
 6 SYSTEMPATH/Boot.php(338): CodeIgniter\CLI\Console->run()
 7 SYSTEMPATH/Boot.php(104): CodeIgniter\Boot::runCommand()
 8 ROOTPATH/spark(84): CodeIgniter\Boot::bootSpark()
CRITICAL - 2024-08-30 11:48:43 --> ErrorException: file_get_contents(http://www.stc4d.com/live_draw.aspx): Failed to open stream: Connection timed out
[Method: CLI, Route: lottery:fetchsandakan]
in APPPATH/Commands/FetchSandakan.php on line 26.
 1 [internal function]: CodeIgniter\Debug\Exceptions->errorHandler()
 2 APPPATH/Commands/FetchSandakan.php(26): file_get_contents()
 3 APPPATH/Commands/FetchSandakan.php(19): App\Commands\FetchSandakan->fetchSandakanData()
 4 SYSTEMPATH/CLI/Commands.php(70): App\Commands\FetchSandakan->run()
 5 SYSTEMPATH/CLI/Console.php(48): CodeIgniter\CLI\Commands->run()
 6 SYSTEMPATH/Boot.php(338): CodeIgniter\CLI\Console->run()
 7 SYSTEMPATH/Boot.php(104): CodeIgniter\Boot::runCommand()
 8 ROOTPATH/spark(84): CodeIgniter\Boot::bootSpark()
CRITICAL - 2024-08-30 11:48:47 --> ErrorException: file_get_contents(http://www.stc4d.com/live_draw.aspx): Failed to open stream: Connection refused
[Method: CLI, Route: lottery:fetchsandakan]
in APPPATH/Commands/FetchSandakan.php on line 26.
 1 [internal function]: CodeIgniter\Debug\Exceptions->errorHandler()
 2 APPPATH/Commands/FetchSandakan.php(26): file_get_contents()
 3 APPPATH/Commands/FetchSandakan.php(19): App\Commands\FetchSandakan->fetchSandakanData()
 4 SYSTEMPATH/CLI/Commands.php(70): App\Commands\FetchSandakan->run()
 5 SYSTEMPATH/CLI/Console.php(48): CodeIgniter\CLI\Commands->run()
 6 SYSTEMPATH/Boot.php(338): CodeIgniter\CLI\Console->run()
 7 SYSTEMPATH/Boot.php(104): CodeIgniter\Boot::runCommand()
 8 ROOTPATH/spark(84): CodeIgniter\Boot::bootSpark()
CRITICAL - 2024-08-30 11:48:48 --> ErrorException: file_get_contents(http://www.stc4d.com/live_draw.aspx): Failed to open stream: Connection refused
[Method: CLI, Route: lottery:fetchsandakan]
in APPPATH/Commands/FetchSandakan.php on line 26.
 1 [internal function]: CodeIgniter\Debug\Exceptions->errorHandler()
 2 APPPATH/Commands/FetchSandakan.php(26): file_get_contents()
 3 APPPATH/Commands/FetchSandakan.php(19): App\Commands\FetchSandakan->fetchSandakanData()
 4 SYSTEMPATH/CLI/Commands.php(70): App\Commands\FetchSandakan->run()
 5 SYSTEMPATH/CLI/Console.php(48): CodeIgniter\CLI\Commands->run()
 6 SYSTEMPATH/Boot.php(338): CodeIgniter\CLI\Console->run()
 7 SYSTEMPATH/Boot.php(104): CodeIgniter\Boot::runCommand()
 8 ROOTPATH/spark(84): CodeIgniter\Boot::bootSpark()
CRITICAL - 2024-08-30 11:48:48 --> ErrorException: file_get_contents(http://www.stc4d.com/live_draw.aspx): Failed to open stream: Connection timed out
[Method: CLI, Route: lottery:fetchsandakan]
in APPPATH/Commands/FetchSandakan.php on line 26.
 1 [internal function]: CodeIgniter\Debug\Exceptions->errorHandler()
 2 APPPATH/Commands/FetchSandakan.php(26): file_get_contents()
 3 APPPATH/Commands/FetchSandakan.php(19): App\Commands\FetchSandakan->fetchSandakanData()
 4 SYSTEMPATH/CLI/Commands.php(70): App\Commands\FetchSandakan->run()
 5 SYSTEMPATH/CLI/Console.php(48): CodeIgniter\CLI\Commands->run()
 6 SYSTEMPATH/Boot.php(338): CodeIgniter\CLI\Console->run()
 7 SYSTEMPATH/Boot.php(104): CodeIgniter\Boot::runCommand()
 8 ROOTPATH/spark(84): CodeIgniter\Boot::bootSpark()
CRITICAL - 2024-08-30 11:48:49 --> ErrorException: file_get_contents(http://www.stc4d.com/live_draw.aspx): Failed to open stream: Connection refused
[Method: CLI, Route: lottery:fetchsandakan]
in APPPATH/Commands/FetchSandakan.php on line 26.
 1 [internal function]: CodeIgniter\Debug\Exceptions->errorHandler()
 2 APPPATH/Commands/FetchSandakan.php(26): file_get_contents()
 3 APPPATH/Commands/FetchSandakan.php(19): App\Commands\FetchSandakan->fetchSandakanData()
 4 SYSTEMPATH/CLI/Commands.php(70): App\Commands\FetchSandakan->run()
 5 SYSTEMPATH/CLI/Console.php(48): CodeIgniter\CLI\Commands->run()
 6 SYSTEMPATH/Boot.php(338): CodeIgniter\CLI\Console->run()
 7 SYSTEMPATH/Boot.php(104): CodeIgniter\Boot::runCommand()
 8 ROOTPATH/spark(84): CodeIgniter\Boot::bootSpark()
CRITICAL - 2024-08-30 11:48:50 --> ErrorException: file_get_contents(http://www.stc4d.com/live_draw.aspx): Failed to open stream: Connection refused
[Method: CLI, Route: lottery:fetchsandakan]
in APPPATH/Commands/FetchSandakan.php on line 26.
 1 [internal function]: CodeIgniter\Debug\Exceptions->errorHandler()
 2 APPPATH/Commands/FetchSandakan.php(26): file_get_contents()
 3 APPPATH/Commands/FetchSandakan.php(19): App\Commands\FetchSandakan->fetchSandakanData()
 4 SYSTEMPATH/CLI/Commands.php(70): App\Commands\FetchSandakan->run()
 5 SYSTEMPATH/CLI/Console.php(48): CodeIgniter\CLI\Commands->run()
 6 SYSTEMPATH/Boot.php(338): CodeIgniter\CLI\Console->run()
 7 SYSTEMPATH/Boot.php(104): CodeIgniter\Boot::runCommand()
 8 ROOTPATH/spark(84): CodeIgniter\Boot::bootSpark()
CRITICAL - 2024-08-30 11:48:52 --> ErrorException: file_get_contents(http://www.stc4d.com/live_draw.aspx): Failed to open stream: Connection refused
[Method: CLI, Route: lottery:fetchsandakan]
in APPPATH/Commands/FetchSandakan.php on line 26.
 1 [internal function]: CodeIgniter\Debug\Exceptions->errorHandler()
 2 APPPATH/Commands/FetchSandakan.php(26): file_get_contents()
 3 APPPATH/Commands/FetchSandakan.php(19): App\Commands\FetchSandakan->fetchSandakanData()
 4 SYSTEMPATH/CLI/Commands.php(70): App\Commands\FetchSandakan->run()
 5 SYSTEMPATH/CLI/Console.php(48): CodeIgniter\CLI\Commands->run()
 6 SYSTEMPATH/Boot.php(338): CodeIgniter\CLI\Console->run()
 7 SYSTEMPATH/Boot.php(104): CodeIgniter\Boot::runCommand()
 8 ROOTPATH/spark(84): CodeIgniter\Boot::bootSpark()
CRITICAL - 2024-08-30 11:48:53 --> ErrorException: file_get_contents(http://www.stc4d.com/live_draw.aspx): Failed to open stream: Connection refused
[Method: CLI, Route: lottery:fetchsandakan]
in APPPATH/Commands/FetchSandakan.php on line 26.
 1 [internal function]: CodeIgniter\Debug\Exceptions->errorHandler()
 2 APPPATH/Commands/FetchSandakan.php(26): file_get_contents()
 3 APPPATH/Commands/FetchSandakan.php(19): App\Commands\FetchSandakan->fetchSandakanData()
 4 SYSTEMPATH/CLI/Commands.php(70): App\Commands\FetchSandakan->run()
 5 SYSTEMPATH/CLI/Console.php(48): CodeIgniter\CLI\Commands->run()
 6 SYSTEMPATH/Boot.php(338): CodeIgniter\CLI\Console->run()
 7 SYSTEMPATH/Boot.php(104): CodeIgniter\Boot::runCommand()
 8 ROOTPATH/spark(84): CodeIgniter\Boot::bootSpark()
CRITICAL - 2024-08-30 11:48:53 --> ErrorException: file_get_contents(http://www.stc4d.com/live_draw.aspx): Failed to open stream: Connection timed out
[Method: CLI, Route: lottery:fetchsandakan]
in APPPATH/Commands/FetchSandakan.php on line 26.
 1 [internal function]: CodeIgniter\Debug\Exceptions->errorHandler()
 2 APPPATH/Commands/FetchSandakan.php(26): file_get_contents()
 3 APPPATH/Commands/FetchSandakan.php(19): App\Commands\FetchSandakan->fetchSandakanData()
 4 SYSTEMPATH/CLI/Commands.php(70): App\Commands\FetchSandakan->run()
 5 SYSTEMPATH/CLI/Console.php(48): CodeIgniter\CLI\Commands->run()
 6 SYSTEMPATH/Boot.php(338): CodeIgniter\CLI\Console->run()
 7 SYSTEMPATH/Boot.php(104): CodeIgniter\Boot::runCommand()
 8 ROOTPATH/spark(84): CodeIgniter\Boot::bootSpark()
CRITICAL - 2024-08-30 11:48:54 --> ErrorException: file_get_contents(http://www.stc4d.com/live_draw.aspx): Failed to open stream: Connection refused
[Method: CLI, Route: lottery:fetchsandakan]
in APPPATH/Commands/FetchSandakan.php on line 26.
 1 [internal function]: CodeIgniter\Debug\Exceptions->errorHandler()
 2 APPPATH/Commands/FetchSandakan.php(26): file_get_contents()
 3 APPPATH/Commands/FetchSandakan.php(19): App\Commands\FetchSandakan->fetchSandakanData()
 4 SYSTEMPATH/CLI/Commands.php(70): App\Commands\FetchSandakan->run()
 5 SYSTEMPATH/CLI/Console.php(48): CodeIgniter\CLI\Commands->run()
 6 SYSTEMPATH/Boot.php(338): CodeIgniter\CLI\Console->run()
 7 SYSTEMPATH/Boot.php(104): CodeIgniter\Boot::runCommand()
 8 ROOTPATH/spark(84): CodeIgniter\Boot::bootSpark()
CRITICAL - 2024-08-30 11:48:57 --> ErrorException: file_get_contents(http://www.stc4d.com/live_draw.aspx): Failed to open stream: Connection refused
[Method: CLI, Route: lottery:fetchsandakan]
in APPPATH/Commands/FetchSandakan.php on line 26.
 1 [internal function]: CodeIgniter\Debug\Exceptions->errorHandler()
 2 APPPATH/Commands/FetchSandakan.php(26): file_get_contents()
 3 APPPATH/Commands/FetchSandakan.php(19): App\Commands\FetchSandakan->fetchSandakanData()
 4 SYSTEMPATH/CLI/Commands.php(70): App\Commands\FetchSandakan->run()
 5 SYSTEMPATH/CLI/Console.php(48): CodeIgniter\CLI\Commands->run()
 6 SYSTEMPATH/Boot.php(338): CodeIgniter\CLI\Console->run()
 7 SYSTEMPATH/Boot.php(104): CodeIgniter\Boot::runCommand()
 8 ROOTPATH/spark(84): CodeIgniter\Boot::bootSpark()
CRITICAL - 2024-08-30 11:48:58 --> ErrorException: file_get_contents(http://www.stc4d.com/live_draw.aspx): Failed to open stream: Connection timed out
[Method: CLI, Route: lottery:fetchsandakan]
in APPPATH/Commands/FetchSandakan.php on line 26.
 1 [internal function]: CodeIgniter\Debug\Exceptions->errorHandler()
 2 APPPATH/Commands/FetchSandakan.php(26): file_get_contents()
 3 APPPATH/Commands/FetchSandakan.php(19): App\Commands\FetchSandakan->fetchSandakanData()
 4 SYSTEMPATH/CLI/Commands.php(70): App\Commands\FetchSandakan->run()
 5 SYSTEMPATH/CLI/Console.php(48): CodeIgniter\CLI\Commands->run()
 6 SYSTEMPATH/Boot.php(338): CodeIgniter\CLI\Console->run()
 7 SYSTEMPATH/Boot.php(104): CodeIgniter\Boot::runCommand()
 8 ROOTPATH/spark(84): CodeIgniter\Boot::bootSpark()
CRITICAL - 2024-08-30 11:49:03 --> ErrorException: file_get_contents(http://www.stc4d.com/live_draw.aspx): Failed to open stream: Connection timed out
[Method: CLI, Route: lottery:fetchsandakan]
in APPPATH/Commands/FetchSandakan.php on line 26.
 1 [internal function]: CodeIgniter\Debug\Exceptions->errorHandler()
 2 APPPATH/Commands/FetchSandakan.php(26): file_get_contents()
 3 APPPATH/Commands/FetchSandakan.php(19): App\Commands\FetchSandakan->fetchSandakanData()
 4 SYSTEMPATH/CLI/Commands.php(70): App\Commands\FetchSandakan->run()
 5 SYSTEMPATH/CLI/Console.php(48): CodeIgniter\CLI\Commands->run()
 6 SYSTEMPATH/Boot.php(338): CodeIgniter\CLI\Console->run()
 7 SYSTEMPATH/Boot.php(104): CodeIgniter\Boot::runCommand()
 8 ROOTPATH/spark(84): CodeIgniter\Boot::bootSpark()
CRITICAL - 2024-08-30 11:49:08 --> ErrorException: file_get_contents(http://www.stc4d.com/live_draw.aspx): Failed to open stream: Connection timed out
[Method: CLI, Route: lottery:fetchsandakan]
in APPPATH/Commands/FetchSandakan.php on line 26.
 1 [internal function]: CodeIgniter\Debug\Exceptions->errorHandler()
 2 APPPATH/Commands/FetchSandakan.php(26): file_get_contents()
 3 APPPATH/Commands/FetchSandakan.php(19): App\Commands\FetchSandakan->fetchSandakanData()
 4 SYSTEMPATH/CLI/Commands.php(70): App\Commands\FetchSandakan->run()
 5 SYSTEMPATH/CLI/Console.php(48): CodeIgniter\CLI\Commands->run()
 6 SYSTEMPATH/Boot.php(338): CodeIgniter\CLI\Console->run()
 7 SYSTEMPATH/Boot.php(104): CodeIgniter\Boot::runCommand()
 8 ROOTPATH/spark(84): CodeIgniter\Boot::bootSpark()
CRITICAL - 2024-08-30 11:49:12 --> ErrorException: file_get_contents(http://www.stc4d.com/live_draw.aspx): Failed to open stream: Connection timed out
[Method: CLI, Route: lottery:fetchsandakan]
in APPPATH/Commands/FetchSandakan.php on line 26.
 1 [internal function]: CodeIgniter\Debug\Exceptions->errorHandler()
 2 APPPATH/Commands/FetchSandakan.php(26): file_get_contents()
 3 APPPATH/Commands/FetchSandakan.php(19): App\Commands\FetchSandakan->fetchSandakanData()
 4 SYSTEMPATH/CLI/Commands.php(70): App\Commands\FetchSandakan->run()
 5 SYSTEMPATH/CLI/Console.php(48): CodeIgniter\CLI\Commands->run()
 6 SYSTEMPATH/Boot.php(338): CodeIgniter\CLI\Console->run()
 7 SYSTEMPATH/Boot.php(104): CodeIgniter\Boot::runCommand()
 8 ROOTPATH/spark(84): CodeIgniter\Boot::bootSpark()
CRITICAL - 2024-08-30 11:49:28 --> ErrorException: file_get_contents(http://www.stc4d.com/live_draw.aspx): Failed to open stream: Connection timed out
[Method: CLI, Route: lottery:fetchsandakan]
in APPPATH/Commands/FetchSandakan.php on line 26.
 1 [internal function]: CodeIgniter\Debug\Exceptions->errorHandler()
 2 APPPATH/Commands/FetchSandakan.php(26): file_get_contents()
 3 APPPATH/Commands/FetchSandakan.php(19): App\Commands\FetchSandakan->fetchSandakanData()
 4 SYSTEMPATH/CLI/Commands.php(70): App\Commands\FetchSandakan->run()
 5 SYSTEMPATH/CLI/Console.php(48): CodeIgniter\CLI\Commands->run()
 6 SYSTEMPATH/Boot.php(338): CodeIgniter\CLI\Console->run()
 7 SYSTEMPATH/Boot.php(104): CodeIgniter\Boot::runCommand()
 8 ROOTPATH/spark(84): CodeIgniter\Boot::bootSpark()
CRITICAL - 2024-08-30 11:51:30 --> GuzzleHttp\Exception\ServerException: Server error: `GET https://gdlotto.com/results/ajax/_result.aspx` resulted in a `500 Internal Server Error` response:
<!DOCTYPE html>
<html>
    <head>
        <title>Runtime Error</title>
        <meta name="viewport" content="width= (truncated...)

[Method: CLI, Route: lottery:fetch/GD]
in VENDORPATH/guzzlehttp/guzzle/src/Exception/RequestException.php on line 113.
 1 VENDORPATH/guzzlehttp/guzzle/src/Middleware.php(72): GuzzleHttp\Exception\RequestException::create()
 2 VENDORPATH/guzzlehttp/promises/src/Promise.php(209): GuzzleHttp\Middleware::GuzzleHttp\{closure}()
 3 VENDORPATH/guzzlehttp/promises/src/Promise.php(158): GuzzleHttp\Promise\Promise::callHandler()
 4 VENDORPATH/guzzlehttp/promises/src/TaskQueue.php(52): GuzzleHttp\Promise\Promise::GuzzleHttp\Promise\{closure}()
 5 VENDORPATH/guzzlehttp/promises/src/Promise.php(251): GuzzleHttp\Promise\TaskQueue->run()
 6 VENDORPATH/guzzlehttp/promises/src/Promise.php(227): GuzzleHttp\Promise\Promise->invokeWaitFn()
 7 VENDORPATH/guzzlehttp/promises/src/Promise.php(272): GuzzleHttp\Promise\Promise->waitIfPending()
 8 VENDORPATH/guzzlehttp/promises/src/Promise.php(229): GuzzleHttp\Promise\Promise->invokeWaitList()
 9 VENDORPATH/guzzlehttp/promises/src/Promise.php(69): GuzzleHttp\Promise\Promise->waitIfPending()
10 VENDORPATH/guzzlehttp/guzzle/src/Client.php(189): GuzzleHttp\Promise\Promise->wait()
11 APPPATH/Commands/FetchLotteryData.php(463): GuzzleHttp\Client->request()
12 APPPATH/Commands/FetchLotteryData.php(35): App\Commands\FetchLotteryData->fetechGrandDragon()
13 SYSTEMPATH/CLI/Commands.php(70): App\Commands\FetchLotteryData->run()
14 SYSTEMPATH/CLI/Console.php(48): CodeIgniter\CLI\Commands->run()
15 SYSTEMPATH/Boot.php(338): CodeIgniter\CLI\Console->run()
16 SYSTEMPATH/Boot.php(104): CodeIgniter\Boot::runCommand()
17 ROOTPATH/spark(84): CodeIgniter\Boot::bootSpark()
CRITICAL - 2024-08-30 11:51:39 --> GuzzleHttp\Exception\ServerException: Server error: `GET https://gdlotto.com/results/ajax/_result.aspx` resulted in a `500 Internal Server Error` response:
<!DOCTYPE html>
<html>
    <head>
        <title>Runtime Error</title>
        <meta name="viewport" content="width= (truncated...)

[Method: CLI, Route: lottery:fetch/GD]
in VENDORPATH/guzzlehttp/guzzle/src/Exception/RequestException.php on line 113.
 1 VENDORPATH/guzzlehttp/guzzle/src/Middleware.php(72): GuzzleHttp\Exception\RequestException::create()
 2 VENDORPATH/guzzlehttp/promises/src/Promise.php(209): GuzzleHttp\Middleware::GuzzleHttp\{closure}()
 3 VENDORPATH/guzzlehttp/promises/src/Promise.php(158): GuzzleHttp\Promise\Promise::callHandler()
 4 VENDORPATH/guzzlehttp/promises/src/TaskQueue.php(52): GuzzleHttp\Promise\Promise::GuzzleHttp\Promise\{closure}()
 5 VENDORPATH/guzzlehttp/promises/src/Promise.php(251): GuzzleHttp\Promise\TaskQueue->run()
 6 VENDORPATH/guzzlehttp/promises/src/Promise.php(227): GuzzleHttp\Promise\Promise->invokeWaitFn()
 7 VENDORPATH/guzzlehttp/promises/src/Promise.php(272): GuzzleHttp\Promise\Promise->waitIfPending()
 8 VENDORPATH/guzzlehttp/promises/src/Promise.php(229): GuzzleHttp\Promise\Promise->invokeWaitList()
 9 VENDORPATH/guzzlehttp/promises/src/Promise.php(69): GuzzleHttp\Promise\Promise->waitIfPending()
10 VENDORPATH/guzzlehttp/guzzle/src/Client.php(189): GuzzleHttp\Promise\Promise->wait()
11 APPPATH/Commands/FetchLotteryData.php(463): GuzzleHttp\Client->request()
12 APPPATH/Commands/FetchLotteryData.php(35): App\Commands\FetchLotteryData->fetechGrandDragon()
13 SYSTEMPATH/CLI/Commands.php(70): App\Commands\FetchLotteryData->run()
14 SYSTEMPATH/CLI/Console.php(48): CodeIgniter\CLI\Commands->run()
15 SYSTEMPATH/Boot.php(338): CodeIgniter\CLI\Console->run()
16 SYSTEMPATH/Boot.php(104): CodeIgniter\Boot::runCommand()
17 ROOTPATH/spark(84): CodeIgniter\Boot::bootSpark()
CRITICAL - 2024-08-30 11:52:04 --> GuzzleHttp\Exception\ServerException: Server error: `GET https://gdlotto.com/results/ajax/_result.aspx` resulted in a `500 Internal Server Error` response:
<!DOCTYPE html>
<html>
    <head>
        <title>Runtime Error</title>
        <meta name="viewport" content="width= (truncated...)

[Method: CLI, Route: lottery:fetch/GD]
in VENDORPATH/guzzlehttp/guzzle/src/Exception/RequestException.php on line 113.
 1 VENDORPATH/guzzlehttp/guzzle/src/Middleware.php(72): GuzzleHttp\Exception\RequestException::create()
 2 VENDORPATH/guzzlehttp/promises/src/Promise.php(209): GuzzleHttp\Middleware::GuzzleHttp\{closure}()
 3 VENDORPATH/guzzlehttp/promises/src/Promise.php(158): GuzzleHttp\Promise\Promise::callHandler()
 4 VENDORPATH/guzzlehttp/promises/src/TaskQueue.php(52): GuzzleHttp\Promise\Promise::GuzzleHttp\Promise\{closure}()
 5 VENDORPATH/guzzlehttp/promises/src/Promise.php(251): GuzzleHttp\Promise\TaskQueue->run()
 6 VENDORPATH/guzzlehttp/promises/src/Promise.php(227): GuzzleHttp\Promise\Promise->invokeWaitFn()
 7 VENDORPATH/guzzlehttp/promises/src/Promise.php(272): GuzzleHttp\Promise\Promise->waitIfPending()
 8 VENDORPATH/guzzlehttp/promises/src/Promise.php(229): GuzzleHttp\Promise\Promise->invokeWaitList()
 9 VENDORPATH/guzzlehttp/promises/src/Promise.php(69): GuzzleHttp\Promise\Promise->waitIfPending()
10 VENDORPATH/guzzlehttp/guzzle/src/Client.php(189): GuzzleHttp\Promise\Promise->wait()
11 APPPATH/Commands/FetchLotteryData.php(463): GuzzleHttp\Client->request()
12 APPPATH/Commands/FetchLotteryData.php(35): App\Commands\FetchLotteryData->fetechGrandDragon()
13 SYSTEMPATH/CLI/Commands.php(70): App\Commands\FetchLotteryData->run()
14 SYSTEMPATH/CLI/Console.php(48): CodeIgniter\CLI\Commands->run()
15 SYSTEMPATH/Boot.php(338): CodeIgniter\CLI\Console->run()
16 SYSTEMPATH/Boot.php(104): CodeIgniter\Boot::runCommand()
17 ROOTPATH/spark(84): CodeIgniter\Boot::bootSpark()
CRITICAL - 2024-08-30 11:52:14 --> GuzzleHttp\Exception\ServerException: Server error: `GET https://gdlotto.com/results/ajax/_result.aspx` resulted in a `500 Internal Server Error` response:
<!DOCTYPE html>
<html>
    <head>
        <title>Runtime Error</title>
        <meta name="viewport" content="width= (truncated...)

[Method: CLI, Route: lottery:fetch/GD]
in VENDORPATH/guzzlehttp/guzzle/src/Exception/RequestException.php on line 113.
 1 VENDORPATH/guzzlehttp/guzzle/src/Middleware.php(72): GuzzleHttp\Exception\RequestException::create()
 2 VENDORPATH/guzzlehttp/promises/src/Promise.php(209): GuzzleHttp\Middleware::GuzzleHttp\{closure}()
 3 VENDORPATH/guzzlehttp/promises/src/Promise.php(158): GuzzleHttp\Promise\Promise::callHandler()
 4 VENDORPATH/guzzlehttp/promises/src/TaskQueue.php(52): GuzzleHttp\Promise\Promise::GuzzleHttp\Promise\{closure}()
 5 VENDORPATH/guzzlehttp/promises/src/Promise.php(251): GuzzleHttp\Promise\TaskQueue->run()
 6 VENDORPATH/guzzlehttp/promises/src/Promise.php(227): GuzzleHttp\Promise\Promise->invokeWaitFn()
 7 VENDORPATH/guzzlehttp/promises/src/Promise.php(272): GuzzleHttp\Promise\Promise->waitIfPending()
 8 VENDORPATH/guzzlehttp/promises/src/Promise.php(229): GuzzleHttp\Promise\Promise->invokeWaitList()
 9 VENDORPATH/guzzlehttp/promises/src/Promise.php(69): GuzzleHttp\Promise\Promise->waitIfPending()
10 VENDORPATH/guzzlehttp/guzzle/src/Client.php(189): GuzzleHttp\Promise\Promise->wait()
11 APPPATH/Commands/FetchLotteryData.php(463): GuzzleHttp\Client->request()
12 APPPATH/Commands/FetchLotteryData.php(35): App\Commands\FetchLotteryData->fetechGrandDragon()
13 SYSTEMPATH/CLI/Commands.php(70): App\Commands\FetchLotteryData->run()
14 SYSTEMPATH/CLI/Console.php(48): CodeIgniter\CLI\Commands->run()
15 SYSTEMPATH/Boot.php(338): CodeIgniter\CLI\Console->run()
16 SYSTEMPATH/Boot.php(104): CodeIgniter\Boot::runCommand()
17 ROOTPATH/spark(84): CodeIgniter\Boot::bootSpark()
CRITICAL - 2024-08-30 11:56:07 --> GuzzleHttp\Exception\ServerException: Server error: `GET https://gdlotto.com/results/ajax/_result.aspx` resulted in a `500 Internal Server Error` response:
<!DOCTYPE html>
<html>
    <head>
        <title>Runtime Error</title>
        <meta name="viewport" content="width= (truncated...)

[Method: CLI, Route: lottery:fetch/GD]
in VENDORPATH/guzzlehttp/guzzle/src/Exception/RequestException.php on line 113.
 1 VENDORPATH/guzzlehttp/guzzle/src/Middleware.php(72): GuzzleHttp\Exception\RequestException::create()
 2 VENDORPATH/guzzlehttp/promises/src/Promise.php(209): GuzzleHttp\Middleware::GuzzleHttp\{closure}()
 3 VENDORPATH/guzzlehttp/promises/src/Promise.php(158): GuzzleHttp\Promise\Promise::callHandler()
 4 VENDORPATH/guzzlehttp/promises/src/TaskQueue.php(52): GuzzleHttp\Promise\Promise::GuzzleHttp\Promise\{closure}()
 5 VENDORPATH/guzzlehttp/promises/src/Promise.php(251): GuzzleHttp\Promise\TaskQueue->run()
 6 VENDORPATH/guzzlehttp/promises/src/Promise.php(227): GuzzleHttp\Promise\Promise->invokeWaitFn()
 7 VENDORPATH/guzzlehttp/promises/src/Promise.php(272): GuzzleHttp\Promise\Promise->waitIfPending()
 8 VENDORPATH/guzzlehttp/promises/src/Promise.php(229): GuzzleHttp\Promise\Promise->invokeWaitList()
 9 VENDORPATH/guzzlehttp/promises/src/Promise.php(69): GuzzleHttp\Promise\Promise->waitIfPending()
10 VENDORPATH/guzzlehttp/guzzle/src/Client.php(189): GuzzleHttp\Promise\Promise->wait()
11 APPPATH/Commands/FetchLotteryData.php(463): GuzzleHttp\Client->request()
12 APPPATH/Commands/FetchLotteryData.php(35): App\Commands\FetchLotteryData->fetechGrandDragon()
13 SYSTEMPATH/CLI/Commands.php(70): App\Commands\FetchLotteryData->run()
14 SYSTEMPATH/CLI/Console.php(48): CodeIgniter\CLI\Commands->run()
15 SYSTEMPATH/Boot.php(338): CodeIgniter\CLI\Console->run()
16 SYSTEMPATH/Boot.php(104): CodeIgniter\Boot::runCommand()
17 ROOTPATH/spark(84): CodeIgniter\Boot::bootSpark()
CRITICAL - 2024-08-30 11:56:09 --> GuzzleHttp\Exception\ServerException: Server error: `GET https://gdlotto.com/results/ajax/_result.aspx` resulted in a `500 Internal Server Error` response:
<!DOCTYPE html>
<html>
    <head>
        <title>Runtime Error</title>
        <meta name="viewport" content="width= (truncated...)

[Method: CLI, Route: lottery:fetch/GD]
in VENDORPATH/guzzlehttp/guzzle/src/Exception/RequestException.php on line 113.
 1 VENDORPATH/guzzlehttp/guzzle/src/Middleware.php(72): GuzzleHttp\Exception\RequestException::create()
 2 VENDORPATH/guzzlehttp/promises/src/Promise.php(209): GuzzleHttp\Middleware::GuzzleHttp\{closure}()
 3 VENDORPATH/guzzlehttp/promises/src/Promise.php(158): GuzzleHttp\Promise\Promise::callHandler()
 4 VENDORPATH/guzzlehttp/promises/src/TaskQueue.php(52): GuzzleHttp\Promise\Promise::GuzzleHttp\Promise\{closure}()
 5 VENDORPATH/guzzlehttp/promises/src/Promise.php(251): GuzzleHttp\Promise\TaskQueue->run()
 6 VENDORPATH/guzzlehttp/promises/src/Promise.php(227): GuzzleHttp\Promise\Promise->invokeWaitFn()
 7 VENDORPATH/guzzlehttp/promises/src/Promise.php(272): GuzzleHttp\Promise\Promise->waitIfPending()
 8 VENDORPATH/guzzlehttp/promises/src/Promise.php(229): GuzzleHttp\Promise\Promise->invokeWaitList()
 9 VENDORPATH/guzzlehttp/promises/src/Promise.php(69): GuzzleHttp\Promise\Promise->waitIfPending()
10 VENDORPATH/guzzlehttp/guzzle/src/Client.php(189): GuzzleHttp\Promise\Promise->wait()
11 APPPATH/Commands/FetchLotteryData.php(463): GuzzleHttp\Client->request()
12 APPPATH/Commands/FetchLotteryData.php(35): App\Commands\FetchLotteryData->fetechGrandDragon()
13 SYSTEMPATH/CLI/Commands.php(70): App\Commands\FetchLotteryData->run()
14 SYSTEMPATH/CLI/Console.php(48): CodeIgniter\CLI\Commands->run()
15 SYSTEMPATH/Boot.php(338): CodeIgniter\CLI\Console->run()
16 SYSTEMPATH/Boot.php(104): CodeIgniter\Boot::runCommand()
17 ROOTPATH/spark(84): CodeIgniter\Boot::bootSpark()
CRITICAL - 2024-08-30 12:50:08 --> ErrorException: file_get_contents(http://www.stc4d.com/live_draw.aspx): Failed to open stream: HTTP request failed!
[Method: CLI, Route: lottery:fetchsandakan]
in APPPATH/Commands/FetchSandakan.php on line 26.
 1 [internal function]: CodeIgniter\Debug\Exceptions->errorHandler()
 2 APPPATH/Commands/FetchSandakan.php(26): file_get_contents()
 3 APPPATH/Commands/FetchSandakan.php(19): App\Commands\FetchSandakan->fetchSandakanData()
 4 SYSTEMPATH/CLI/Commands.php(70): App\Commands\FetchSandakan->run()
 5 SYSTEMPATH/CLI/Console.php(48): CodeIgniter\CLI\Commands->run()
 6 SYSTEMPATH/Boot.php(338): CodeIgniter\CLI\Console->run()
 7 SYSTEMPATH/Boot.php(104): CodeIgniter\Boot::runCommand()
 8 ROOTPATH/spark(84): CodeIgniter\Boot::bootSpark()
CRITICAL - 2024-08-30 12:50:13 --> ErrorException: file_get_contents(http://www.stc4d.com/live_draw.aspx): Failed to open stream: Connection timed out
[Method: CLI, Route: lottery:fetchsandakan]
in APPPATH/Commands/FetchSandakan.php on line 26.
 1 [internal function]: CodeIgniter\Debug\Exceptions->errorHandler()
 2 APPPATH/Commands/FetchSandakan.php(26): file_get_contents()
 3 APPPATH/Commands/FetchSandakan.php(19): App\Commands\FetchSandakan->fetchSandakanData()
 4 SYSTEMPATH/CLI/Commands.php(70): App\Commands\FetchSandakan->run()
 5 SYSTEMPATH/CLI/Console.php(48): CodeIgniter\CLI\Commands->run()
 6 SYSTEMPATH/Boot.php(338): CodeIgniter\CLI\Console->run()
 7 SYSTEMPATH/Boot.php(104): CodeIgniter\Boot::runCommand()
 8 ROOTPATH/spark(84): CodeIgniter\Boot::bootSpark()
CRITICAL - 2024-08-30 12:50:18 --> ErrorException: file_get_contents(http://www.stc4d.com/live_draw.aspx): Failed to open stream: Connection timed out
[Method: CLI, Route: lottery:fetchsandakan]
in APPPATH/Commands/FetchSandakan.php on line 26.
 1 [internal function]: CodeIgniter\Debug\Exceptions->errorHandler()
 2 APPPATH/Commands/FetchSandakan.php(26): file_get_contents()
 3 APPPATH/Commands/FetchSandakan.php(19): App\Commands\FetchSandakan->fetchSandakanData()
 4 SYSTEMPATH/CLI/Commands.php(70): App\Commands\FetchSandakan->run()
 5 SYSTEMPATH/CLI/Console.php(48): CodeIgniter\CLI\Commands->run()
 6 SYSTEMPATH/Boot.php(338): CodeIgniter\CLI\Console->run()
 7 SYSTEMPATH/Boot.php(104): CodeIgniter\Boot::runCommand()
 8 ROOTPATH/spark(84): CodeIgniter\Boot::bootSpark()
CRITICAL - 2024-08-30 12:50:23 --> ErrorException: file_get_contents(http://www.stc4d.com/live_draw.aspx): Failed to open stream: Connection timed out
[Method: CLI, Route: lottery:fetchsandakan]
in APPPATH/Commands/FetchSandakan.php on line 26.
 1 [internal function]: CodeIgniter\Debug\Exceptions->errorHandler()
 2 APPPATH/Commands/FetchSandakan.php(26): file_get_contents()
 3 APPPATH/Commands/FetchSandakan.php(19): App\Commands\FetchSandakan->fetchSandakanData()
 4 SYSTEMPATH/CLI/Commands.php(70): App\Commands\FetchSandakan->run()
 5 SYSTEMPATH/CLI/Console.php(48): CodeIgniter\CLI\Commands->run()
 6 SYSTEMPATH/Boot.php(338): CodeIgniter\CLI\Console->run()
 7 SYSTEMPATH/Boot.php(104): CodeIgniter\Boot::runCommand()
 8 ROOTPATH/spark(84): CodeIgniter\Boot::bootSpark()
CRITICAL - 2024-08-30 12:50:28 --> ErrorException: file_get_contents(http://www.stc4d.com/live_draw.aspx): Failed to open stream: Connection timed out
[Method: CLI, Route: lottery:fetchsandakan]
in APPPATH/Commands/FetchSandakan.php on line 26.
 1 [internal function]: CodeIgniter\Debug\Exceptions->errorHandler()
 2 APPPATH/Commands/FetchSandakan.php(26): file_get_contents()
 3 APPPATH/Commands/FetchSandakan.php(19): App\Commands\FetchSandakan->fetchSandakanData()
 4 SYSTEMPATH/CLI/Commands.php(70): App\Commands\FetchSandakan->run()
 5 SYSTEMPATH/CLI/Console.php(48): CodeIgniter\CLI\Commands->run()
 6 SYSTEMPATH/Boot.php(338): CodeIgniter\CLI\Console->run()
 7 SYSTEMPATH/Boot.php(104): CodeIgniter\Boot::runCommand()
 8 ROOTPATH/spark(84): CodeIgniter\Boot::bootSpark()
CRITICAL - 2024-08-30 12:50:33 --> ErrorException: file_get_contents(http://www.stc4d.com/live_draw.aspx): Failed to open stream: Connection timed out
[Method: CLI, Route: lottery:fetchsandakan]
in APPPATH/Commands/FetchSandakan.php on line 26.
 1 [internal function]: CodeIgniter\Debug\Exceptions->errorHandler()
 2 APPPATH/Commands/FetchSandakan.php(26): file_get_contents()
 3 APPPATH/Commands/FetchSandakan.php(19): App\Commands\FetchSandakan->fetchSandakanData()
 4 SYSTEMPATH/CLI/Commands.php(70): App\Commands\FetchSandakan->run()
 5 SYSTEMPATH/CLI/Console.php(48): CodeIgniter\CLI\Commands->run()
 6 SYSTEMPATH/Boot.php(338): CodeIgniter\CLI\Console->run()
 7 SYSTEMPATH/Boot.php(104): CodeIgniter\Boot::runCommand()
 8 ROOTPATH/spark(84): CodeIgniter\Boot::bootSpark()
CRITICAL - 2024-08-30 12:50:38 --> ErrorException: file_get_contents(http://www.stc4d.com/live_draw.aspx): Failed to open stream: Connection timed out
[Method: CLI, Route: lottery:fetchsandakan]
in APPPATH/Commands/FetchSandakan.php on line 26.
 1 [internal function]: CodeIgniter\Debug\Exceptions->errorHandler()
 2 APPPATH/Commands/FetchSandakan.php(26): file_get_contents()
 3 APPPATH/Commands/FetchSandakan.php(19): App\Commands\FetchSandakan->fetchSandakanData()
 4 SYSTEMPATH/CLI/Commands.php(70): App\Commands\FetchSandakan->run()
 5 SYSTEMPATH/CLI/Console.php(48): CodeIgniter\CLI\Commands->run()
 6 SYSTEMPATH/Boot.php(338): CodeIgniter\CLI\Console->run()
 7 SYSTEMPATH/Boot.php(104): CodeIgniter\Boot::runCommand()
 8 ROOTPATH/spark(84): CodeIgniter\Boot::bootSpark()
CRITICAL - 2024-08-30 12:50:43 --> ErrorException: file_get_contents(http://www.stc4d.com/live_draw.aspx): Failed to open stream: Connection timed out
[Method: CLI, Route: lottery:fetchsandakan]
in APPPATH/Commands/FetchSandakan.php on line 26.
 1 [internal function]: CodeIgniter\Debug\Exceptions->errorHandler()
 2 APPPATH/Commands/FetchSandakan.php(26): file_get_contents()
 3 APPPATH/Commands/FetchSandakan.php(19): App\Commands\FetchSandakan->fetchSandakanData()
 4 SYSTEMPATH/CLI/Commands.php(70): App\Commands\FetchSandakan->run()
 5 SYSTEMPATH/CLI/Console.php(48): CodeIgniter\CLI\Commands->run()
 6 SYSTEMPATH/Boot.php(338): CodeIgniter\CLI\Console->run()
 7 SYSTEMPATH/Boot.php(104): CodeIgniter\Boot::runCommand()
 8 ROOTPATH/spark(84): CodeIgniter\Boot::bootSpark()
CRITICAL - 2024-08-30 12:50:48 --> ErrorException: file_get_contents(http://www.stc4d.com/live_draw.aspx): Failed to open stream: Connection timed out
[Method: CLI, Route: lottery:fetchsandakan]
in APPPATH/Commands/FetchSandakan.php on line 26.
 1 [internal function]: CodeIgniter\Debug\Exceptions->errorHandler()
 2 APPPATH/Commands/FetchSandakan.php(26): file_get_contents()
 3 APPPATH/Commands/FetchSandakan.php(19): App\Commands\FetchSandakan->fetchSandakanData()
 4 SYSTEMPATH/CLI/Commands.php(70): App\Commands\FetchSandakan->run()
 5 SYSTEMPATH/CLI/Console.php(48): CodeIgniter\CLI\Commands->run()
 6 SYSTEMPATH/Boot.php(338): CodeIgniter\CLI\Console->run()
 7 SYSTEMPATH/Boot.php(104): CodeIgniter\Boot::runCommand()
 8 ROOTPATH/spark(84): CodeIgniter\Boot::bootSpark()
CRITICAL - 2024-08-30 12:50:51 --> ErrorException: file_get_contents(http://www.stc4d.com/live_draw.aspx): Failed to open stream: Connection refused
[Method: CLI, Route: lottery:fetchsandakan]
in APPPATH/Commands/FetchSandakan.php on line 26.
 1 [internal function]: CodeIgniter\Debug\Exceptions->errorHandler()
 2 APPPATH/Commands/FetchSandakan.php(26): file_get_contents()
 3 APPPATH/Commands/FetchSandakan.php(19): App\Commands\FetchSandakan->fetchSandakanData()
 4 SYSTEMPATH/CLI/Commands.php(70): App\Commands\FetchSandakan->run()
 5 SYSTEMPATH/CLI/Console.php(48): CodeIgniter\CLI\Commands->run()
 6 SYSTEMPATH/Boot.php(338): CodeIgniter\CLI\Console->run()
 7 SYSTEMPATH/Boot.php(104): CodeIgniter\Boot::runCommand()
 8 ROOTPATH/spark(84): CodeIgniter\Boot::bootSpark()
CRITICAL - 2024-08-30 12:50:51 --> ErrorException: file_get_contents(http://www.stc4d.com/live_draw.aspx): Failed to open stream: Connection refused
[Method: CLI, Route: lottery:fetchsandakan]
in APPPATH/Commands/FetchSandakan.php on line 26.
 1 [internal function]: CodeIgniter\Debug\Exceptions->errorHandler()
 2 APPPATH/Commands/FetchSandakan.php(26): file_get_contents()
 3 APPPATH/Commands/FetchSandakan.php(19): App\Commands\FetchSandakan->fetchSandakanData()
 4 SYSTEMPATH/CLI/Commands.php(70): App\Commands\FetchSandakan->run()
 5 SYSTEMPATH/CLI/Console.php(48): CodeIgniter\CLI\Commands->run()
 6 SYSTEMPATH/Boot.php(338): CodeIgniter\CLI\Console->run()
 7 SYSTEMPATH/Boot.php(104): CodeIgniter\Boot::runCommand()
 8 ROOTPATH/spark(84): CodeIgniter\Boot::bootSpark()
CRITICAL - 2024-08-30 12:50:52 --> ErrorException: file_get_contents(http://www.stc4d.com/live_draw.aspx): Failed to open stream: Connection refused
[Method: CLI, Route: lottery:fetchsandakan]
in APPPATH/Commands/FetchSandakan.php on line 26.
 1 [internal function]: CodeIgniter\Debug\Exceptions->errorHandler()
 2 APPPATH/Commands/FetchSandakan.php(26): file_get_contents()
 3 APPPATH/Commands/FetchSandakan.php(19): App\Commands\FetchSandakan->fetchSandakanData()
 4 SYSTEMPATH/CLI/Commands.php(70): App\Commands\FetchSandakan->run()
 5 SYSTEMPATH/CLI/Console.php(48): CodeIgniter\CLI\Commands->run()
 6 SYSTEMPATH/Boot.php(338): CodeIgniter\CLI\Console->run()
 7 SYSTEMPATH/Boot.php(104): CodeIgniter\Boot::runCommand()
 8 ROOTPATH/spark(84): CodeIgniter\Boot::bootSpark()
CRITICAL - 2024-08-30 12:50:53 --> ErrorException: file_get_contents(http://www.stc4d.com/live_draw.aspx): Failed to open stream: Connection timed out
[Method: CLI, Route: lottery:fetchsandakan]
in APPPATH/Commands/FetchSandakan.php on line 26.
 1 [internal function]: CodeIgniter\Debug\Exceptions->errorHandler()
 2 APPPATH/Commands/FetchSandakan.php(26): file_get_contents()
 3 APPPATH/Commands/FetchSandakan.php(19): App\Commands\FetchSandakan->fetchSandakanData()
 4 SYSTEMPATH/CLI/Commands.php(70): App\Commands\FetchSandakan->run()
 5 SYSTEMPATH/CLI/Console.php(48): CodeIgniter\CLI\Commands->run()
 6 SYSTEMPATH/Boot.php(338): CodeIgniter\CLI\Console->run()
 7 SYSTEMPATH/Boot.php(104): CodeIgniter\Boot::runCommand()
 8 ROOTPATH/spark(84): CodeIgniter\Boot::bootSpark()
CRITICAL - 2024-08-30 12:50:53 --> ErrorException: file_get_contents(http://www.stc4d.com/live_draw.aspx): Failed to open stream: Connection refused
[Method: CLI, Route: lottery:fetchsandakan]
in APPPATH/Commands/FetchSandakan.php on line 26.
 1 [internal function]: CodeIgniter\Debug\Exceptions->errorHandler()
 2 APPPATH/Commands/FetchSandakan.php(26): file_get_contents()
 3 APPPATH/Commands/FetchSandakan.php(19): App\Commands\FetchSandakan->fetchSandakanData()
 4 SYSTEMPATH/CLI/Commands.php(70): App\Commands\FetchSandakan->run()
 5 SYSTEMPATH/CLI/Console.php(48): CodeIgniter\CLI\Commands->run()
 6 SYSTEMPATH/Boot.php(338): CodeIgniter\CLI\Console->run()
 7 SYSTEMPATH/Boot.php(104): CodeIgniter\Boot::runCommand()
 8 ROOTPATH/spark(84): CodeIgniter\Boot::bootSpark()
CRITICAL - 2024-08-30 12:50:57 --> ErrorException: file_get_contents(http://www.stc4d.com/live_draw.aspx): Failed to open stream: Connection refused
[Method: CLI, Route: lottery:fetchsandakan]
in APPPATH/Commands/FetchSandakan.php on line 26.
 1 [internal function]: CodeIgniter\Debug\Exceptions->errorHandler()
 2 APPPATH/Commands/FetchSandakan.php(26): file_get_contents()
 3 APPPATH/Commands/FetchSandakan.php(19): App\Commands\FetchSandakan->fetchSandakanData()
 4 SYSTEMPATH/CLI/Commands.php(70): App\Commands\FetchSandakan->run()
 5 SYSTEMPATH/CLI/Console.php(48): CodeIgniter\CLI\Commands->run()
 6 SYSTEMPATH/Boot.php(338): CodeIgniter\CLI\Console->run()
 7 SYSTEMPATH/Boot.php(104): CodeIgniter\Boot::runCommand()
 8 ROOTPATH/spark(84): CodeIgniter\Boot::bootSpark()
CRITICAL - 2024-08-30 12:50:57 --> ErrorException: file_get_contents(http://www.stc4d.com/live_draw.aspx): Failed to open stream: Connection refused
[Method: CLI, Route: lottery:fetchsandakan]
in APPPATH/Commands/FetchSandakan.php on line 26.
 1 [internal function]: CodeIgniter\Debug\Exceptions->errorHandler()
 2 APPPATH/Commands/FetchSandakan.php(26): file_get_contents()
 3 APPPATH/Commands/FetchSandakan.php(19): App\Commands\FetchSandakan->fetchSandakanData()
 4 SYSTEMPATH/CLI/Commands.php(70): App\Commands\FetchSandakan->run()
 5 SYSTEMPATH/CLI/Console.php(48): CodeIgniter\CLI\Commands->run()
 6 SYSTEMPATH/Boot.php(338): CodeIgniter\CLI\Console->run()
 7 SYSTEMPATH/Boot.php(104): CodeIgniter\Boot::runCommand()
 8 ROOTPATH/spark(84): CodeIgniter\Boot::bootSpark()
CRITICAL - 2024-08-30 12:50:57 --> ErrorException: file_get_contents(http://www.stc4d.com/live_draw.aspx): Failed to open stream: Connection refused
[Method: CLI, Route: lottery:fetchsandakan]
in APPPATH/Commands/FetchSandakan.php on line 26.
 1 [internal function]: CodeIgniter\Debug\Exceptions->errorHandler()
 2 APPPATH/Commands/FetchSandakan.php(26): file_get_contents()
 3 APPPATH/Commands/FetchSandakan.php(19): App\Commands\FetchSandakan->fetchSandakanData()
 4 SYSTEMPATH/CLI/Commands.php(70): App\Commands\FetchSandakan->run()
 5 SYSTEMPATH/CLI/Console.php(48): CodeIgniter\CLI\Commands->run()
 6 SYSTEMPATH/Boot.php(338): CodeIgniter\CLI\Console->run()
 7 SYSTEMPATH/Boot.php(104): CodeIgniter\Boot::runCommand()
 8 ROOTPATH/spark(84): CodeIgniter\Boot::bootSpark()
CRITICAL - 2024-08-30 12:50:58 --> ErrorException: file_get_contents(http://www.stc4d.com/live_draw.aspx): Failed to open stream: Connection timed out
[Method: CLI, Route: lottery:fetchsandakan]
in APPPATH/Commands/FetchSandakan.php on line 26.
 1 [internal function]: CodeIgniter\Debug\Exceptions->errorHandler()
 2 APPPATH/Commands/FetchSandakan.php(26): file_get_contents()
 3 APPPATH/Commands/FetchSandakan.php(19): App\Commands\FetchSandakan->fetchSandakanData()
 4 SYSTEMPATH/CLI/Commands.php(70): App\Commands\FetchSandakan->run()
 5 SYSTEMPATH/CLI/Console.php(48): CodeIgniter\CLI\Commands->run()
 6 SYSTEMPATH/Boot.php(338): CodeIgniter\CLI\Console->run()
 7 SYSTEMPATH/Boot.php(104): CodeIgniter\Boot::runCommand()
 8 ROOTPATH/spark(84): CodeIgniter\Boot::bootSpark()
CRITICAL - 2024-08-30 12:51:02 --> ErrorException: file_get_contents(http://www.stc4d.com/live_draw.aspx): Failed to open stream: Connection timed out
[Method: CLI, Route: lottery:fetchsandakan]
in APPPATH/Commands/FetchSandakan.php on line 26.
 1 [internal function]: CodeIgniter\Debug\Exceptions->errorHandler()
 2 APPPATH/Commands/FetchSandakan.php(26): file_get_contents()
 3 APPPATH/Commands/FetchSandakan.php(19): App\Commands\FetchSandakan->fetchSandakanData()
 4 SYSTEMPATH/CLI/Commands.php(70): App\Commands\FetchSandakan->run()
 5 SYSTEMPATH/CLI/Console.php(48): CodeIgniter\CLI\Commands->run()
 6 SYSTEMPATH/Boot.php(338): CodeIgniter\CLI\Console->run()
 7 SYSTEMPATH/Boot.php(104): CodeIgniter\Boot::runCommand()
 8 ROOTPATH/spark(84): CodeIgniter\Boot::bootSpark()
CRITICAL - 2024-08-30 12:51:02 --> ErrorException: file_get_contents(http://www.stc4d.com/live_draw.aspx): Failed to open stream: Connection refused
[Method: CLI, Route: lottery:fetchsandakan]
in APPPATH/Commands/FetchSandakan.php on line 26.
 1 [internal function]: CodeIgniter\Debug\Exceptions->errorHandler()
 2 APPPATH/Commands/FetchSandakan.php(26): file_get_contents()
 3 APPPATH/Commands/FetchSandakan.php(19): App\Commands\FetchSandakan->fetchSandakanData()
 4 SYSTEMPATH/CLI/Commands.php(70): App\Commands\FetchSandakan->run()
 5 SYSTEMPATH/CLI/Console.php(48): CodeIgniter\CLI\Commands->run()
 6 SYSTEMPATH/Boot.php(338): CodeIgniter\CLI\Console->run()
 7 SYSTEMPATH/Boot.php(104): CodeIgniter\Boot::runCommand()
 8 ROOTPATH/spark(84): CodeIgniter\Boot::bootSpark()
CRITICAL - 2024-08-30 12:51:06 --> ErrorException: file_get_contents(http://www.stc4d.com/live_draw.aspx): Failed to open stream: Connection timed out
[Method: CLI, Route: lottery:fetchsandakan]
in APPPATH/Commands/FetchSandakan.php on line 26.
 1 [internal function]: CodeIgniter\Debug\Exceptions->errorHandler()
 2 APPPATH/Commands/FetchSandakan.php(26): file_get_contents()
 3 APPPATH/Commands/FetchSandakan.php(19): App\Commands\FetchSandakan->fetchSandakanData()
 4 SYSTEMPATH/CLI/Commands.php(70): App\Commands\FetchSandakan->run()
 5 SYSTEMPATH/CLI/Console.php(48): CodeIgniter\CLI\Commands->run()
 6 SYSTEMPATH/Boot.php(338): CodeIgniter\CLI\Console->run()
 7 SYSTEMPATH/Boot.php(104): CodeIgniter\Boot::runCommand()
 8 ROOTPATH/spark(84): CodeIgniter\Boot::bootSpark()
CRITICAL - 2024-08-30 12:51:11 --> ErrorException: file_get_contents(http://www.stc4d.com/live_draw.aspx): Failed to open stream: Connection timed out
[Method: CLI, Route: lottery:fetchsandakan]
in APPPATH/Commands/FetchSandakan.php on line 26.
 1 [internal function]: CodeIgniter\Debug\Exceptions->errorHandler()
 2 APPPATH/Commands/FetchSandakan.php(26): file_get_contents()
 3 APPPATH/Commands/FetchSandakan.php(19): App\Commands\FetchSandakan->fetchSandakanData()
 4 SYSTEMPATH/CLI/Commands.php(70): App\Commands\FetchSandakan->run()
 5 SYSTEMPATH/CLI/Console.php(48): CodeIgniter\CLI\Commands->run()
 6 SYSTEMPATH/Boot.php(338): CodeIgniter\CLI\Console->run()
 7 SYSTEMPATH/Boot.php(104): CodeIgniter\Boot::runCommand()
 8 ROOTPATH/spark(84): CodeIgniter\Boot::bootSpark()
CRITICAL - 2024-08-30 12:51:16 --> ErrorException: file_get_contents(http://www.stc4d.com/live_draw.aspx): Failed to open stream: Connection timed out
[Method: CLI, Route: lottery:fetchsandakan]
in APPPATH/Commands/FetchSandakan.php on line 26.
 1 [internal function]: CodeIgniter\Debug\Exceptions->errorHandler()
 2 APPPATH/Commands/FetchSandakan.php(26): file_get_contents()
 3 APPPATH/Commands/FetchSandakan.php(19): App\Commands\FetchSandakan->fetchSandakanData()
 4 SYSTEMPATH/CLI/Commands.php(70): App\Commands\FetchSandakan->run()
 5 SYSTEMPATH/CLI/Console.php(48): CodeIgniter\CLI\Commands->run()
 6 SYSTEMPATH/Boot.php(338): CodeIgniter\CLI\Console->run()
 7 SYSTEMPATH/Boot.php(104): CodeIgniter\Boot::runCommand()
 8 ROOTPATH/spark(84): CodeIgniter\Boot::bootSpark()
