CRITICAL - 2024-09-24 08:12:57 --> ErrorException: file_get_contents(https://www.perdana4d.com/Index?handler=First): Failed to open stream: HTTP request failed! HTTP/1.1 503 Service Unavailable

[Method: CLI, Route: lottery:fetch/P4D/15:00:00]
in APPPATH/Commands/FetchLotteryData.php on line 358.
 1 [internal function]: CodeIgniter\Debug\Exceptions->errorHandler()
 2 APPPATH/Commands/FetchLotteryData.php(358): file_get_contents()
 3 APPPATH/Commands/FetchLotteryData.php(31): App\Commands\FetchLotteryData->fetchPerdana()
 4 SYSTEMPATH/CLI/Commands.php(70): App\Commands\FetchLotteryData->run()
 5 SYSTEMPATH/CLI/Console.php(48): CodeIgniter\CLI\Commands->run()
 6 SYSTEMPATH/Boot.php(338): CodeIgniter\CLI\Console->run()
 7 SYSTEMPATH/Boot.php(104): CodeIgniter\Boot::runCommand()
 8 ROOTPATH/spark(84): CodeIgniter\Boot::bootSpark()
CRITICAL - 2024-09-24 11:29:01 --> ErrorException: Undefined array key "spec1"
[Method: CLI, Route: lottery:fetchothers/LMC/19:30:00]
in APPPATH/Commands/FetchOthers.php on line 61.
 1 APPPATH/Commands/FetchOthers.php(61): CodeIgniter\Debug\Exceptions->errorHandler()
 2 APPPATH/Commands/FetchOthers.php(24): App\Commands\FetchOthers->fetchLotoMacaoData()
 3 SYSTEMPATH/CLI/Commands.php(70): App\Commands\FetchOthers->run()
 4 SYSTEMPATH/CLI/Console.php(48): CodeIgniter\CLI\Commands->run()
 5 SYSTEMPATH/Boot.php(338): CodeIgniter\CLI\Console->run()
 6 SYSTEMPATH/Boot.php(104): CodeIgniter\Boot::runCommand()
 7 ROOTPATH/spark(84): CodeIgniter\Boot::bootSpark()
CRITICAL - 2024-09-24 11:29:06 --> ErrorException: Undefined array key "spec1"
[Method: CLI, Route: lottery:fetchothers/LMC/19:30:00]
in APPPATH/Commands/FetchOthers.php on line 61.
 1 APPPATH/Commands/FetchOthers.php(61): CodeIgniter\Debug\Exceptions->errorHandler()
 2 APPPATH/Commands/FetchOthers.php(24): App\Commands\FetchOthers->fetchLotoMacaoData()
 3 SYSTEMPATH/CLI/Commands.php(70): App\Commands\FetchOthers->run()
 4 SYSTEMPATH/CLI/Console.php(48): CodeIgniter\CLI\Commands->run()
 5 SYSTEMPATH/Boot.php(338): CodeIgniter\CLI\Console->run()
 6 SYSTEMPATH/Boot.php(104): CodeIgniter\Boot::runCommand()
 7 ROOTPATH/spark(84): CodeIgniter\Boot::bootSpark()
CRITICAL - 2024-09-24 11:29:12 --> ErrorException: Undefined array key "spec1"
[Method: CLI, Route: lottery:fetchothers/LMC/19:30:00]
in APPPATH/Commands/FetchOthers.php on line 61.
 1 APPPATH/Commands/FetchOthers.php(61): CodeIgniter\Debug\Exceptions->errorHandler()
 2 APPPATH/Commands/FetchOthers.php(24): App\Commands\FetchOthers->fetchLotoMacaoData()
 3 SYSTEMPATH/CLI/Commands.php(70): App\Commands\FetchOthers->run()
 4 SYSTEMPATH/CLI/Console.php(48): CodeIgniter\CLI\Commands->run()
 5 SYSTEMPATH/Boot.php(338): CodeIgniter\CLI\Console->run()
 6 SYSTEMPATH/Boot.php(104): CodeIgniter\Boot::runCommand()
 7 ROOTPATH/spark(84): CodeIgniter\Boot::bootSpark()
CRITICAL - 2024-09-24 11:29:16 --> ErrorException: Undefined array key "spec1"
[Method: CLI, Route: lottery:fetchothers/LMC/19:30:00]
in APPPATH/Commands/FetchOthers.php on line 61.
 1 APPPATH/Commands/FetchOthers.php(61): CodeIgniter\Debug\Exceptions->errorHandler()
 2 APPPATH/Commands/FetchOthers.php(24): App\Commands\FetchOthers->fetchLotoMacaoData()
 3 SYSTEMPATH/CLI/Commands.php(70): App\Commands\FetchOthers->run()
 4 SYSTEMPATH/CLI/Console.php(48): CodeIgniter\CLI\Commands->run()
 5 SYSTEMPATH/Boot.php(338): CodeIgniter\CLI\Console->run()
 6 SYSTEMPATH/Boot.php(104): CodeIgniter\Boot::runCommand()
 7 ROOTPATH/spark(84): CodeIgniter\Boot::bootSpark()
CRITICAL - 2024-09-24 11:29:21 --> ErrorException: Undefined array key "spec1"
[Method: CLI, Route: lottery:fetchothers/LMC/19:30:00]
in APPPATH/Commands/FetchOthers.php on line 61.
 1 APPPATH/Commands/FetchOthers.php(61): CodeIgniter\Debug\Exceptions->errorHandler()
 2 APPPATH/Commands/FetchOthers.php(24): App\Commands\FetchOthers->fetchLotoMacaoData()
 3 SYSTEMPATH/CLI/Commands.php(70): App\Commands\FetchOthers->run()
 4 SYSTEMPATH/CLI/Console.php(48): CodeIgniter\CLI\Commands->run()
 5 SYSTEMPATH/Boot.php(338): CodeIgniter\CLI\Console->run()
 6 SYSTEMPATH/Boot.php(104): CodeIgniter\Boot::runCommand()
 7 ROOTPATH/spark(84): CodeIgniter\Boot::bootSpark()
CRITICAL - 2024-09-24 11:29:27 --> ErrorException: Undefined array key "spec1"
[Method: CLI, Route: lottery:fetchothers/LMC/19:30:00]
in APPPATH/Commands/FetchOthers.php on line 61.
 1 APPPATH/Commands/FetchOthers.php(61): CodeIgniter\Debug\Exceptions->errorHandler()
 2 APPPATH/Commands/FetchOthers.php(24): App\Commands\FetchOthers->fetchLotoMacaoData()
 3 SYSTEMPATH/CLI/Commands.php(70): App\Commands\FetchOthers->run()
 4 SYSTEMPATH/CLI/Console.php(48): CodeIgniter\CLI\Commands->run()
 5 SYSTEMPATH/Boot.php(338): CodeIgniter\CLI\Console->run()
 6 SYSTEMPATH/Boot.php(104): CodeIgniter\Boot::runCommand()
 7 ROOTPATH/spark(84): CodeIgniter\Boot::bootSpark()
CRITICAL - 2024-09-24 11:29:31 --> ErrorException: Undefined array key "spec1"
[Method: CLI, Route: lottery:fetchothers/LMC/19:30:00]
in APPPATH/Commands/FetchOthers.php on line 61.
 1 APPPATH/Commands/FetchOthers.php(61): CodeIgniter\Debug\Exceptions->errorHandler()
 2 APPPATH/Commands/FetchOthers.php(24): App\Commands\FetchOthers->fetchLotoMacaoData()
 3 SYSTEMPATH/CLI/Commands.php(70): App\Commands\FetchOthers->run()
 4 SYSTEMPATH/CLI/Console.php(48): CodeIgniter\CLI\Commands->run()
 5 SYSTEMPATH/Boot.php(338): CodeIgniter\CLI\Console->run()
 6 SYSTEMPATH/Boot.php(104): CodeIgniter\Boot::runCommand()
 7 ROOTPATH/spark(84): CodeIgniter\Boot::bootSpark()
CRITICAL - 2024-09-24 11:29:37 --> ErrorException: Undefined array key "spec1"
[Method: CLI, Route: lottery:fetchothers/LMC/19:30:00]
in APPPATH/Commands/FetchOthers.php on line 61.
 1 APPPATH/Commands/FetchOthers.php(61): CodeIgniter\Debug\Exceptions->errorHandler()
 2 APPPATH/Commands/FetchOthers.php(24): App\Commands\FetchOthers->fetchLotoMacaoData()
 3 SYSTEMPATH/CLI/Commands.php(70): App\Commands\FetchOthers->run()
 4 SYSTEMPATH/CLI/Console.php(48): CodeIgniter\CLI\Commands->run()
 5 SYSTEMPATH/Boot.php(338): CodeIgniter\CLI\Console->run()
 6 SYSTEMPATH/Boot.php(104): CodeIgniter\Boot::runCommand()
 7 ROOTPATH/spark(84): CodeIgniter\Boot::bootSpark()
CRITICAL - 2024-09-24 11:29:42 --> ErrorException: Undefined array key "spec1"
[Method: CLI, Route: lottery:fetchothers/LMC/19:30:00]
in APPPATH/Commands/FetchOthers.php on line 61.
 1 APPPATH/Commands/FetchOthers.php(61): CodeIgniter\Debug\Exceptions->errorHandler()
 2 APPPATH/Commands/FetchOthers.php(24): App\Commands\FetchOthers->fetchLotoMacaoData()
 3 SYSTEMPATH/CLI/Commands.php(70): App\Commands\FetchOthers->run()
 4 SYSTEMPATH/CLI/Console.php(48): CodeIgniter\CLI\Commands->run()
 5 SYSTEMPATH/Boot.php(338): CodeIgniter\CLI\Console->run()
 6 SYSTEMPATH/Boot.php(104): CodeIgniter\Boot::runCommand()
 7 ROOTPATH/spark(84): CodeIgniter\Boot::bootSpark()
CRITICAL - 2024-09-24 11:29:46 --> ErrorException: Undefined array key "spec1"
[Method: CLI, Route: lottery:fetchothers/LMC/19:30:00]
in APPPATH/Commands/FetchOthers.php on line 61.
 1 APPPATH/Commands/FetchOthers.php(61): CodeIgniter\Debug\Exceptions->errorHandler()
 2 APPPATH/Commands/FetchOthers.php(24): App\Commands\FetchOthers->fetchLotoMacaoData()
 3 SYSTEMPATH/CLI/Commands.php(70): App\Commands\FetchOthers->run()
 4 SYSTEMPATH/CLI/Console.php(48): CodeIgniter\CLI\Commands->run()
 5 SYSTEMPATH/Boot.php(338): CodeIgniter\CLI\Console->run()
 6 SYSTEMPATH/Boot.php(104): CodeIgniter\Boot::runCommand()
 7 ROOTPATH/spark(84): CodeIgniter\Boot::bootSpark()
CRITICAL - 2024-09-24 11:29:52 --> ErrorException: Undefined array key "spec1"
[Method: CLI, Route: lottery:fetchothers/LMC/19:30:00]
in APPPATH/Commands/FetchOthers.php on line 61.
 1 APPPATH/Commands/FetchOthers.php(61): CodeIgniter\Debug\Exceptions->errorHandler()
 2 APPPATH/Commands/FetchOthers.php(24): App\Commands\FetchOthers->fetchLotoMacaoData()
 3 SYSTEMPATH/CLI/Commands.php(70): App\Commands\FetchOthers->run()
 4 SYSTEMPATH/CLI/Console.php(48): CodeIgniter\CLI\Commands->run()
 5 SYSTEMPATH/Boot.php(338): CodeIgniter\CLI\Console->run()
 6 SYSTEMPATH/Boot.php(104): CodeIgniter\Boot::runCommand()
 7 ROOTPATH/spark(84): CodeIgniter\Boot::bootSpark()
CRITICAL - 2024-09-24 11:29:57 --> ErrorException: Undefined array key "spec1"
[Method: CLI, Route: lottery:fetchothers/LMC/19:30:00]
in APPPATH/Commands/FetchOthers.php on line 61.
 1 APPPATH/Commands/FetchOthers.php(61): CodeIgniter\Debug\Exceptions->errorHandler()
 2 APPPATH/Commands/FetchOthers.php(24): App\Commands\FetchOthers->fetchLotoMacaoData()
 3 SYSTEMPATH/CLI/Commands.php(70): App\Commands\FetchOthers->run()
 4 SYSTEMPATH/CLI/Console.php(48): CodeIgniter\CLI\Commands->run()
 5 SYSTEMPATH/Boot.php(338): CodeIgniter\CLI\Console->run()
 6 SYSTEMPATH/Boot.php(104): CodeIgniter\Boot::runCommand()
 7 ROOTPATH/spark(84): CodeIgniter\Boot::bootSpark()
CRITICAL - 2024-09-24 11:37:23 --> ErrorException: file_get_contents(https://www.perdana4d.com/Index?handler=Refresh): Failed to open stream: HTTP request failed! HTTP/1.1 503 Service Unavailable

[Method: CLI, Route: lottery:fetch/P4D/19:00:00]
in APPPATH/Commands/FetchLotteryData.php on line 358.
 1 [internal function]: CodeIgniter\Debug\Exceptions->errorHandler()
 2 APPPATH/Commands/FetchLotteryData.php(358): file_get_contents()
 3 APPPATH/Commands/FetchLotteryData.php(31): App\Commands\FetchLotteryData->fetchPerdana()
 4 SYSTEMPATH/CLI/Commands.php(70): App\Commands\FetchLotteryData->run()
 5 SYSTEMPATH/CLI/Console.php(48): CodeIgniter\CLI\Commands->run()
 6 SYSTEMPATH/Boot.php(338): CodeIgniter\CLI\Console->run()
 7 SYSTEMPATH/Boot.php(104): CodeIgniter\Boot::runCommand()
 8 ROOTPATH/spark(84): CodeIgniter\Boot::bootSpark()
CRITICAL - 2024-09-24 11:37:36 --> GuzzleHttp\Exception\ServerException: Server error: `GET https://www.damacai.com.my/home` resulted in a `524 ` response:
error code: 524

[Method: CLI, Route: lottery:fetch/DMC]
in VENDORPATH/guzzlehttp/guzzle/src/Exception/RequestException.php on line 113.
 1 VENDORPATH/guzzlehttp/guzzle/src/Middleware.php(72): GuzzleHttp\Exception\RequestException::create()
 2 VENDORPATH/guzzlehttp/promises/src/Promise.php(209): GuzzleHttp\Middleware::GuzzleHttp\{closure}()
 3 VENDORPATH/guzzlehttp/promises/src/Promise.php(158): GuzzleHttp\Promise\Promise::callHandler()
 4 VENDORPATH/guzzlehttp/promises/src/TaskQueue.php(52): GuzzleHttp\Promise\Promise::GuzzleHttp\Promise\{closure}()
 5 VENDORPATH/guzzlehttp/promises/src/Promise.php(251): GuzzleHttp\Promise\TaskQueue->run()
 6 VENDORPATH/guzzlehttp/promises/src/Promise.php(227): GuzzleHttp\Promise\Promise->invokeWaitFn()
 7 VENDORPATH/guzzlehttp/promises/src/Promise.php(272): GuzzleHttp\Promise\Promise->waitIfPending()
 8 VENDORPATH/guzzlehttp/promises/src/Promise.php(229): GuzzleHttp\Promise\Promise->invokeWaitList()
 9 VENDORPATH/guzzlehttp/promises/src/Promise.php(69): GuzzleHttp\Promise\Promise->waitIfPending()
10 VENDORPATH/guzzlehttp/guzzle/src/Client.php(189): GuzzleHttp\Promise\Promise->wait()
11 APPPATH/Commands/FetchLotteryData.php(286): GuzzleHttp\Client->request()
12 APPPATH/Commands/FetchLotteryData.php(181): App\Commands\FetchLotteryData->parseAndStoreDamacaiData()
13 APPPATH/Commands/FetchLotteryData.php(27): App\Commands\FetchLotteryData->fetchDamacai()
14 SYSTEMPATH/CLI/Commands.php(70): App\Commands\FetchLotteryData->run()
15 SYSTEMPATH/CLI/Console.php(48): CodeIgniter\CLI\Commands->run()
16 SYSTEMPATH/Boot.php(338): CodeIgniter\CLI\Console->run()
17 SYSTEMPATH/Boot.php(104): CodeIgniter\Boot::runCommand()
18 ROOTPATH/spark(84): CodeIgniter\Boot::bootSpark()
CRITICAL - 2024-09-24 11:45:36 --> GuzzleHttp\Exception\ServerException: Server error: `GET https://www.damacai.com.my/home` resulted in a `524 ` response:
error code: 524

[Method: CLI, Route: lottery:fetch/DMC]
in VENDORPATH/guzzlehttp/guzzle/src/Exception/RequestException.php on line 113.
 1 VENDORPATH/guzzlehttp/guzzle/src/Middleware.php(72): GuzzleHttp\Exception\RequestException::create()
 2 VENDORPATH/guzzlehttp/promises/src/Promise.php(209): GuzzleHttp\Middleware::GuzzleHttp\{closure}()
 3 VENDORPATH/guzzlehttp/promises/src/Promise.php(158): GuzzleHttp\Promise\Promise::callHandler()
 4 VENDORPATH/guzzlehttp/promises/src/TaskQueue.php(52): GuzzleHttp\Promise\Promise::GuzzleHttp\Promise\{closure}()
 5 VENDORPATH/guzzlehttp/promises/src/Promise.php(251): GuzzleHttp\Promise\TaskQueue->run()
 6 VENDORPATH/guzzlehttp/promises/src/Promise.php(227): GuzzleHttp\Promise\Promise->invokeWaitFn()
 7 VENDORPATH/guzzlehttp/promises/src/Promise.php(272): GuzzleHttp\Promise\Promise->waitIfPending()
 8 VENDORPATH/guzzlehttp/promises/src/Promise.php(229): GuzzleHttp\Promise\Promise->invokeWaitList()
 9 VENDORPATH/guzzlehttp/promises/src/Promise.php(69): GuzzleHttp\Promise\Promise->waitIfPending()
10 VENDORPATH/guzzlehttp/guzzle/src/Client.php(189): GuzzleHttp\Promise\Promise->wait()
11 APPPATH/Commands/FetchLotteryData.php(286): GuzzleHttp\Client->request()
12 APPPATH/Commands/FetchLotteryData.php(181): App\Commands\FetchLotteryData->parseAndStoreDamacaiData()
13 APPPATH/Commands/FetchLotteryData.php(27): App\Commands\FetchLotteryData->fetchDamacai()
14 SYSTEMPATH/CLI/Commands.php(70): App\Commands\FetchLotteryData->run()
15 SYSTEMPATH/CLI/Console.php(48): CodeIgniter\CLI\Commands->run()
16 SYSTEMPATH/Boot.php(338): CodeIgniter\CLI\Console->run()
17 SYSTEMPATH/Boot.php(104): CodeIgniter\Boot::runCommand()
18 ROOTPATH/spark(84): CodeIgniter\Boot::bootSpark()
CRITICAL - 2024-09-24 11:47:38 --> GuzzleHttp\Exception\ServerException: Server error: `GET https://www.damacai.com.my/home` resulted in a `524 ` response:
error code: 524

[Method: CLI, Route: lottery:fetch/DMC]
in VENDORPATH/guzzlehttp/guzzle/src/Exception/RequestException.php on line 113.
 1 VENDORPATH/guzzlehttp/guzzle/src/Middleware.php(72): GuzzleHttp\Exception\RequestException::create()
 2 VENDORPATH/guzzlehttp/promises/src/Promise.php(209): GuzzleHttp\Middleware::GuzzleHttp\{closure}()
 3 VENDORPATH/guzzlehttp/promises/src/Promise.php(158): GuzzleHttp\Promise\Promise::callHandler()
 4 VENDORPATH/guzzlehttp/promises/src/TaskQueue.php(52): GuzzleHttp\Promise\Promise::GuzzleHttp\Promise\{closure}()
 5 VENDORPATH/guzzlehttp/promises/src/Promise.php(251): GuzzleHttp\Promise\TaskQueue->run()
 6 VENDORPATH/guzzlehttp/promises/src/Promise.php(227): GuzzleHttp\Promise\Promise->invokeWaitFn()
 7 VENDORPATH/guzzlehttp/promises/src/Promise.php(272): GuzzleHttp\Promise\Promise->waitIfPending()
 8 VENDORPATH/guzzlehttp/promises/src/Promise.php(229): GuzzleHttp\Promise\Promise->invokeWaitList()
 9 VENDORPATH/guzzlehttp/promises/src/Promise.php(69): GuzzleHttp\Promise\Promise->waitIfPending()
10 VENDORPATH/guzzlehttp/guzzle/src/Client.php(189): GuzzleHttp\Promise\Promise->wait()
11 APPPATH/Commands/FetchLotteryData.php(286): GuzzleHttp\Client->request()
12 APPPATH/Commands/FetchLotteryData.php(181): App\Commands\FetchLotteryData->parseAndStoreDamacaiData()
13 APPPATH/Commands/FetchLotteryData.php(27): App\Commands\FetchLotteryData->fetchDamacai()
14 SYSTEMPATH/CLI/Commands.php(70): App\Commands\FetchLotteryData->run()
15 SYSTEMPATH/CLI/Console.php(48): CodeIgniter\CLI\Commands->run()
16 SYSTEMPATH/Boot.php(338): CodeIgniter\CLI\Console->run()
17 SYSTEMPATH/Boot.php(104): CodeIgniter\Boot::runCommand()
18 ROOTPATH/spark(84): CodeIgniter\Boot::bootSpark()
CRITICAL - 2024-09-24 11:51:37 --> GuzzleHttp\Exception\ServerException: Server error: `GET https://www.damacai.com.my/home` resulted in a `524 ` response:
error code: 524

[Method: CLI, Route: lottery:fetch/DMC]
in VENDORPATH/guzzlehttp/guzzle/src/Exception/RequestException.php on line 113.
 1 VENDORPATH/guzzlehttp/guzzle/src/Middleware.php(72): GuzzleHttp\Exception\RequestException::create()
 2 VENDORPATH/guzzlehttp/promises/src/Promise.php(209): GuzzleHttp\Middleware::GuzzleHttp\{closure}()
 3 VENDORPATH/guzzlehttp/promises/src/Promise.php(158): GuzzleHttp\Promise\Promise::callHandler()
 4 VENDORPATH/guzzlehttp/promises/src/TaskQueue.php(52): GuzzleHttp\Promise\Promise::GuzzleHttp\Promise\{closure}()
 5 VENDORPATH/guzzlehttp/promises/src/Promise.php(251): GuzzleHttp\Promise\TaskQueue->run()
 6 VENDORPATH/guzzlehttp/promises/src/Promise.php(227): GuzzleHttp\Promise\Promise->invokeWaitFn()
 7 VENDORPATH/guzzlehttp/promises/src/Promise.php(272): GuzzleHttp\Promise\Promise->waitIfPending()
 8 VENDORPATH/guzzlehttp/promises/src/Promise.php(229): GuzzleHttp\Promise\Promise->invokeWaitList()
 9 VENDORPATH/guzzlehttp/promises/src/Promise.php(69): GuzzleHttp\Promise\Promise->waitIfPending()
10 VENDORPATH/guzzlehttp/guzzle/src/Client.php(189): GuzzleHttp\Promise\Promise->wait()
11 APPPATH/Commands/FetchLotteryData.php(286): GuzzleHttp\Client->request()
12 APPPATH/Commands/FetchLotteryData.php(181): App\Commands\FetchLotteryData->parseAndStoreDamacaiData()
13 APPPATH/Commands/FetchLotteryData.php(27): App\Commands\FetchLotteryData->fetchDamacai()
14 SYSTEMPATH/CLI/Commands.php(70): App\Commands\FetchLotteryData->run()
15 SYSTEMPATH/CLI/Console.php(48): CodeIgniter\CLI\Commands->run()
16 SYSTEMPATH/Boot.php(338): CodeIgniter\CLI\Console->run()
17 SYSTEMPATH/Boot.php(104): CodeIgniter\Boot::runCommand()
18 ROOTPATH/spark(84): CodeIgniter\Boot::bootSpark()
CRITICAL - 2024-09-24 11:55:39 --> GuzzleHttp\Exception\ServerException: Server error: `GET https://gdlotto.com/results/ajax/_result.aspx` resulted in a `500 Internal Server Error` response:
<!DOCTYPE html>
<html>
    <head>
        <title>Runtime Error</title>
        <meta name="viewport" content="width= (truncated...)

[Method: CLI, Route: lottery:fetch/GD]
in VENDORPATH/guzzlehttp/guzzle/src/Exception/RequestException.php on line 113.
 1 VENDORPATH/guzzlehttp/guzzle/src/Middleware.php(72): GuzzleHttp\Exception\RequestException::create()
 2 VENDORPATH/guzzlehttp/promises/src/Promise.php(209): GuzzleHttp\Middleware::GuzzleHttp\{closure}()
 3 VENDORPATH/guzzlehttp/promises/src/Promise.php(158): GuzzleHttp\Promise\Promise::callHandler()
 4 VENDORPATH/guzzlehttp/promises/src/TaskQueue.php(52): GuzzleHttp\Promise\Promise::GuzzleHttp\Promise\{closure}()
 5 VENDORPATH/guzzlehttp/promises/src/Promise.php(251): GuzzleHttp\Promise\TaskQueue->run()
 6 VENDORPATH/guzzlehttp/promises/src/Promise.php(227): GuzzleHttp\Promise\Promise->invokeWaitFn()
 7 VENDORPATH/guzzlehttp/promises/src/Promise.php(272): GuzzleHttp\Promise\Promise->waitIfPending()
 8 VENDORPATH/guzzlehttp/promises/src/Promise.php(229): GuzzleHttp\Promise\Promise->invokeWaitList()
 9 VENDORPATH/guzzlehttp/promises/src/Promise.php(69): GuzzleHttp\Promise\Promise->waitIfPending()
10 VENDORPATH/guzzlehttp/guzzle/src/Client.php(189): GuzzleHttp\Promise\Promise->wait()
11 APPPATH/Commands/FetchLotteryData.php(474): GuzzleHttp\Client->request()
12 APPPATH/Commands/FetchLotteryData.php(35): App\Commands\FetchLotteryData->fetechGrandDragon()
13 SYSTEMPATH/CLI/Commands.php(70): App\Commands\FetchLotteryData->run()
14 SYSTEMPATH/CLI/Console.php(48): CodeIgniter\CLI\Commands->run()
15 SYSTEMPATH/Boot.php(338): CodeIgniter\CLI\Console->run()
16 SYSTEMPATH/Boot.php(104): CodeIgniter\Boot::runCommand()
17 ROOTPATH/spark(84): CodeIgniter\Boot::bootSpark()
CRITICAL - 2024-09-24 12:45:51 --> GuzzleHttp\Exception\ServerException: Server error: `GET https://www.damacai.com.my/home` resulted in a `524 ` response:
error code: 524

[Method: CLI, Route: lottery:fetch/DMC]
in VENDORPATH/guzzlehttp/guzzle/src/Exception/RequestException.php on line 113.
 1 VENDORPATH/guzzlehttp/guzzle/src/Middleware.php(72): GuzzleHttp\Exception\RequestException::create()
 2 VENDORPATH/guzzlehttp/promises/src/Promise.php(209): GuzzleHttp\Middleware::GuzzleHttp\{closure}()
 3 VENDORPATH/guzzlehttp/promises/src/Promise.php(158): GuzzleHttp\Promise\Promise::callHandler()
 4 VENDORPATH/guzzlehttp/promises/src/TaskQueue.php(52): GuzzleHttp\Promise\Promise::GuzzleHttp\Promise\{closure}()
 5 VENDORPATH/guzzlehttp/promises/src/Promise.php(251): GuzzleHttp\Promise\TaskQueue->run()
 6 VENDORPATH/guzzlehttp/promises/src/Promise.php(227): GuzzleHttp\Promise\Promise->invokeWaitFn()
 7 VENDORPATH/guzzlehttp/promises/src/Promise.php(272): GuzzleHttp\Promise\Promise->waitIfPending()
 8 VENDORPATH/guzzlehttp/promises/src/Promise.php(229): GuzzleHttp\Promise\Promise->invokeWaitList()
 9 VENDORPATH/guzzlehttp/promises/src/Promise.php(69): GuzzleHttp\Promise\Promise->waitIfPending()
10 VENDORPATH/guzzlehttp/guzzle/src/Client.php(189): GuzzleHttp\Promise\Promise->wait()
11 APPPATH/Commands/FetchLotteryData.php(286): GuzzleHttp\Client->request()
12 APPPATH/Commands/FetchLotteryData.php(181): App\Commands\FetchLotteryData->parseAndStoreDamacaiData()
13 APPPATH/Commands/FetchLotteryData.php(27): App\Commands\FetchLotteryData->fetchDamacai()
14 SYSTEMPATH/CLI/Commands.php(70): App\Commands\FetchLotteryData->run()
15 SYSTEMPATH/CLI/Console.php(48): CodeIgniter\CLI\Commands->run()
16 SYSTEMPATH/Boot.php(338): CodeIgniter\CLI\Console->run()
17 SYSTEMPATH/Boot.php(104): CodeIgniter\Boot::runCommand()
18 ROOTPATH/spark(84): CodeIgniter\Boot::bootSpark()
CRITICAL - 2024-09-24 12:51:52 --> GuzzleHttp\Exception\ServerException: Server error: `GET https://www.damacai.com.my/home` resulted in a `524 ` response:
error code: 524

[Method: CLI, Route: lottery:fetch/DMC]
in VENDORPATH/guzzlehttp/guzzle/src/Exception/RequestException.php on line 113.
 1 VENDORPATH/guzzlehttp/guzzle/src/Middleware.php(72): GuzzleHttp\Exception\RequestException::create()
 2 VENDORPATH/guzzlehttp/promises/src/Promise.php(209): GuzzleHttp\Middleware::GuzzleHttp\{closure}()
 3 VENDORPATH/guzzlehttp/promises/src/Promise.php(158): GuzzleHttp\Promise\Promise::callHandler()
 4 VENDORPATH/guzzlehttp/promises/src/TaskQueue.php(52): GuzzleHttp\Promise\Promise::GuzzleHttp\Promise\{closure}()
 5 VENDORPATH/guzzlehttp/promises/src/Promise.php(251): GuzzleHttp\Promise\TaskQueue->run()
 6 VENDORPATH/guzzlehttp/promises/src/Promise.php(227): GuzzleHttp\Promise\Promise->invokeWaitFn()
 7 VENDORPATH/guzzlehttp/promises/src/Promise.php(272): GuzzleHttp\Promise\Promise->waitIfPending()
 8 VENDORPATH/guzzlehttp/promises/src/Promise.php(229): GuzzleHttp\Promise\Promise->invokeWaitList()
 9 VENDORPATH/guzzlehttp/promises/src/Promise.php(69): GuzzleHttp\Promise\Promise->waitIfPending()
10 VENDORPATH/guzzlehttp/guzzle/src/Client.php(189): GuzzleHttp\Promise\Promise->wait()
11 APPPATH/Commands/FetchLotteryData.php(286): GuzzleHttp\Client->request()
12 APPPATH/Commands/FetchLotteryData.php(181): App\Commands\FetchLotteryData->parseAndStoreDamacaiData()
13 APPPATH/Commands/FetchLotteryData.php(27): App\Commands\FetchLotteryData->fetchDamacai()
14 SYSTEMPATH/CLI/Commands.php(70): App\Commands\FetchLotteryData->run()
15 SYSTEMPATH/CLI/Console.php(48): CodeIgniter\CLI\Commands->run()
16 SYSTEMPATH/Boot.php(338): CodeIgniter\CLI\Console->run()
17 SYSTEMPATH/Boot.php(104): CodeIgniter\Boot::runCommand()
18 ROOTPATH/spark(84): CodeIgniter\Boot::bootSpark()
CRITICAL - 2024-09-24 12:55:47 --> GuzzleHttp\Exception\ServerException: Server error: `GET https://www.damacai.com.my/home` resulted in a `524 ` response:
error code: 524

[Method: CLI, Route: lottery:fetch/DMC]
in VENDORPATH/guzzlehttp/guzzle/src/Exception/RequestException.php on line 113.
 1 VENDORPATH/guzzlehttp/guzzle/src/Middleware.php(72): GuzzleHttp\Exception\RequestException::create()
 2 VENDORPATH/guzzlehttp/promises/src/Promise.php(209): GuzzleHttp\Middleware::GuzzleHttp\{closure}()
 3 VENDORPATH/guzzlehttp/promises/src/Promise.php(158): GuzzleHttp\Promise\Promise::callHandler()
 4 VENDORPATH/guzzlehttp/promises/src/TaskQueue.php(52): GuzzleHttp\Promise\Promise::GuzzleHttp\Promise\{closure}()
 5 VENDORPATH/guzzlehttp/promises/src/Promise.php(251): GuzzleHttp\Promise\TaskQueue->run()
 6 VENDORPATH/guzzlehttp/promises/src/Promise.php(227): GuzzleHttp\Promise\Promise->invokeWaitFn()
 7 VENDORPATH/guzzlehttp/promises/src/Promise.php(272): GuzzleHttp\Promise\Promise->waitIfPending()
 8 VENDORPATH/guzzlehttp/promises/src/Promise.php(229): GuzzleHttp\Promise\Promise->invokeWaitList()
 9 VENDORPATH/guzzlehttp/promises/src/Promise.php(69): GuzzleHttp\Promise\Promise->waitIfPending()
10 VENDORPATH/guzzlehttp/guzzle/src/Client.php(189): GuzzleHttp\Promise\Promise->wait()
11 APPPATH/Commands/FetchLotteryData.php(286): GuzzleHttp\Client->request()
12 APPPATH/Commands/FetchLotteryData.php(181): App\Commands\FetchLotteryData->parseAndStoreDamacaiData()
13 APPPATH/Commands/FetchLotteryData.php(27): App\Commands\FetchLotteryData->fetchDamacai()
14 SYSTEMPATH/CLI/Commands.php(70): App\Commands\FetchLotteryData->run()
15 SYSTEMPATH/CLI/Console.php(48): CodeIgniter\CLI\Commands->run()
16 SYSTEMPATH/Boot.php(338): CodeIgniter\CLI\Console->run()
17 SYSTEMPATH/Boot.php(104): CodeIgniter\Boot::runCommand()
18 ROOTPATH/spark(84): CodeIgniter\Boot::bootSpark()
CRITICAL - 2024-09-24 13:24:01 --> GuzzleHttp\Exception\ServerException: Server error: `GET https://www.damacai.com.my/home` resulted in a `524 ` response:
error code: 524

[Method: CLI, Route: lottery:fetch/DMC]
in VENDORPATH/guzzlehttp/guzzle/src/Exception/RequestException.php on line 113.
 1 VENDORPATH/guzzlehttp/guzzle/src/Middleware.php(72): GuzzleHttp\Exception\RequestException::create()
 2 VENDORPATH/guzzlehttp/promises/src/Promise.php(209): GuzzleHttp\Middleware::GuzzleHttp\{closure}()
 3 VENDORPATH/guzzlehttp/promises/src/Promise.php(158): GuzzleHttp\Promise\Promise::callHandler()
 4 VENDORPATH/guzzlehttp/promises/src/TaskQueue.php(52): GuzzleHttp\Promise\Promise::GuzzleHttp\Promise\{closure}()
 5 VENDORPATH/guzzlehttp/promises/src/Promise.php(251): GuzzleHttp\Promise\TaskQueue->run()
 6 VENDORPATH/guzzlehttp/promises/src/Promise.php(227): GuzzleHttp\Promise\Promise->invokeWaitFn()
 7 VENDORPATH/guzzlehttp/promises/src/Promise.php(272): GuzzleHttp\Promise\Promise->waitIfPending()
 8 VENDORPATH/guzzlehttp/promises/src/Promise.php(229): GuzzleHttp\Promise\Promise->invokeWaitList()
 9 VENDORPATH/guzzlehttp/promises/src/Promise.php(69): GuzzleHttp\Promise\Promise->waitIfPending()
10 VENDORPATH/guzzlehttp/guzzle/src/Client.php(189): GuzzleHttp\Promise\Promise->wait()
11 APPPATH/Commands/FetchLotteryData.php(286): GuzzleHttp\Client->request()
12 APPPATH/Commands/FetchLotteryData.php(181): App\Commands\FetchLotteryData->parseAndStoreDamacaiData()
13 APPPATH/Commands/FetchLotteryData.php(27): App\Commands\FetchLotteryData->fetchDamacai()
14 SYSTEMPATH/CLI/Commands.php(70): App\Commands\FetchLotteryData->run()
15 SYSTEMPATH/CLI/Console.php(48): CodeIgniter\CLI\Commands->run()
16 SYSTEMPATH/Boot.php(338): CodeIgniter\CLI\Console->run()
17 SYSTEMPATH/Boot.php(104): CodeIgniter\Boot::runCommand()
18 ROOTPATH/spark(84): CodeIgniter\Boot::bootSpark()
CRITICAL - 2024-09-24 13:26:06 --> GuzzleHttp\Exception\ServerException: Server error: `GET https://www.damacai.com.my/home` resulted in a `524 ` response:
error code: 524

[Method: CLI, Route: lottery:fetch/DMC]
in VENDORPATH/guzzlehttp/guzzle/src/Exception/RequestException.php on line 113.
 1 VENDORPATH/guzzlehttp/guzzle/src/Middleware.php(72): GuzzleHttp\Exception\RequestException::create()
 2 VENDORPATH/guzzlehttp/promises/src/Promise.php(209): GuzzleHttp\Middleware::GuzzleHttp\{closure}()
 3 VENDORPATH/guzzlehttp/promises/src/Promise.php(158): GuzzleHttp\Promise\Promise::callHandler()
 4 VENDORPATH/guzzlehttp/promises/src/TaskQueue.php(52): GuzzleHttp\Promise\Promise::GuzzleHttp\Promise\{closure}()
 5 VENDORPATH/guzzlehttp/promises/src/Promise.php(251): GuzzleHttp\Promise\TaskQueue->run()
 6 VENDORPATH/guzzlehttp/promises/src/Promise.php(227): GuzzleHttp\Promise\Promise->invokeWaitFn()
 7 VENDORPATH/guzzlehttp/promises/src/Promise.php(272): GuzzleHttp\Promise\Promise->waitIfPending()
 8 VENDORPATH/guzzlehttp/promises/src/Promise.php(229): GuzzleHttp\Promise\Promise->invokeWaitList()
 9 VENDORPATH/guzzlehttp/promises/src/Promise.php(69): GuzzleHttp\Promise\Promise->waitIfPending()
10 VENDORPATH/guzzlehttp/guzzle/src/Client.php(189): GuzzleHttp\Promise\Promise->wait()
11 APPPATH/Commands/FetchLotteryData.php(286): GuzzleHttp\Client->request()
12 APPPATH/Commands/FetchLotteryData.php(181): App\Commands\FetchLotteryData->parseAndStoreDamacaiData()
13 APPPATH/Commands/FetchLotteryData.php(27): App\Commands\FetchLotteryData->fetchDamacai()
14 SYSTEMPATH/CLI/Commands.php(70): App\Commands\FetchLotteryData->run()
15 SYSTEMPATH/CLI/Console.php(48): CodeIgniter\CLI\Commands->run()
16 SYSTEMPATH/Boot.php(338): CodeIgniter\CLI\Console->run()
17 SYSTEMPATH/Boot.php(104): CodeIgniter\Boot::runCommand()
18 ROOTPATH/spark(84): CodeIgniter\Boot::bootSpark()
CRITICAL - 2024-09-24 13:28:06 --> GuzzleHttp\Exception\ServerException: Server error: `GET https://www.damacai.com.my/home` resulted in a `524 ` response:
error code: 524

[Method: CLI, Route: lottery:fetch/DMC]
in VENDORPATH/guzzlehttp/guzzle/src/Exception/RequestException.php on line 113.
 1 VENDORPATH/guzzlehttp/guzzle/src/Middleware.php(72): GuzzleHttp\Exception\RequestException::create()
 2 VENDORPATH/guzzlehttp/promises/src/Promise.php(209): GuzzleHttp\Middleware::GuzzleHttp\{closure}()
 3 VENDORPATH/guzzlehttp/promises/src/Promise.php(158): GuzzleHttp\Promise\Promise::callHandler()
 4 VENDORPATH/guzzlehttp/promises/src/TaskQueue.php(52): GuzzleHttp\Promise\Promise::GuzzleHttp\Promise\{closure}()
 5 VENDORPATH/guzzlehttp/promises/src/Promise.php(251): GuzzleHttp\Promise\TaskQueue->run()
 6 VENDORPATH/guzzlehttp/promises/src/Promise.php(227): GuzzleHttp\Promise\Promise->invokeWaitFn()
 7 VENDORPATH/guzzlehttp/promises/src/Promise.php(272): GuzzleHttp\Promise\Promise->waitIfPending()
 8 VENDORPATH/guzzlehttp/promises/src/Promise.php(229): GuzzleHttp\Promise\Promise->invokeWaitList()
 9 VENDORPATH/guzzlehttp/promises/src/Promise.php(69): GuzzleHttp\Promise\Promise->waitIfPending()
10 VENDORPATH/guzzlehttp/guzzle/src/Client.php(189): GuzzleHttp\Promise\Promise->wait()
11 APPPATH/Commands/FetchLotteryData.php(286): GuzzleHttp\Client->request()
12 APPPATH/Commands/FetchLotteryData.php(181): App\Commands\FetchLotteryData->parseAndStoreDamacaiData()
13 APPPATH/Commands/FetchLotteryData.php(27): App\Commands\FetchLotteryData->fetchDamacai()
14 SYSTEMPATH/CLI/Commands.php(70): App\Commands\FetchLotteryData->run()
15 SYSTEMPATH/CLI/Console.php(48): CodeIgniter\CLI\Commands->run()
16 SYSTEMPATH/Boot.php(338): CodeIgniter\CLI\Console->run()
17 SYSTEMPATH/Boot.php(104): CodeIgniter\Boot::runCommand()
18 ROOTPATH/spark(84): CodeIgniter\Boot::bootSpark()
CRITICAL - 2024-09-24 13:30:06 --> GuzzleHttp\Exception\ServerException: Server error: `GET https://www.damacai.com.my/home` resulted in a `524 ` response:
error code: 524

[Method: CLI, Route: lottery:fetch/DMC]
in VENDORPATH/guzzlehttp/guzzle/src/Exception/RequestException.php on line 113.
 1 VENDORPATH/guzzlehttp/guzzle/src/Middleware.php(72): GuzzleHttp\Exception\RequestException::create()
 2 VENDORPATH/guzzlehttp/promises/src/Promise.php(209): GuzzleHttp\Middleware::GuzzleHttp\{closure}()
 3 VENDORPATH/guzzlehttp/promises/src/Promise.php(158): GuzzleHttp\Promise\Promise::callHandler()
 4 VENDORPATH/guzzlehttp/promises/src/TaskQueue.php(52): GuzzleHttp\Promise\Promise::GuzzleHttp\Promise\{closure}()
 5 VENDORPATH/guzzlehttp/promises/src/Promise.php(251): GuzzleHttp\Promise\TaskQueue->run()
 6 VENDORPATH/guzzlehttp/promises/src/Promise.php(227): GuzzleHttp\Promise\Promise->invokeWaitFn()
 7 VENDORPATH/guzzlehttp/promises/src/Promise.php(272): GuzzleHttp\Promise\Promise->waitIfPending()
 8 VENDORPATH/guzzlehttp/promises/src/Promise.php(229): GuzzleHttp\Promise\Promise->invokeWaitList()
 9 VENDORPATH/guzzlehttp/promises/src/Promise.php(69): GuzzleHttp\Promise\Promise->waitIfPending()
10 VENDORPATH/guzzlehttp/guzzle/src/Client.php(189): GuzzleHttp\Promise\Promise->wait()
11 APPPATH/Commands/FetchLotteryData.php(286): GuzzleHttp\Client->request()
12 APPPATH/Commands/FetchLotteryData.php(181): App\Commands\FetchLotteryData->parseAndStoreDamacaiData()
13 APPPATH/Commands/FetchLotteryData.php(27): App\Commands\FetchLotteryData->fetchDamacai()
14 SYSTEMPATH/CLI/Commands.php(70): App\Commands\FetchLotteryData->run()
15 SYSTEMPATH/CLI/Console.php(48): CodeIgniter\CLI\Commands->run()
16 SYSTEMPATH/Boot.php(338): CodeIgniter\CLI\Console->run()
17 SYSTEMPATH/Boot.php(104): CodeIgniter\Boot::runCommand()
18 ROOTPATH/spark(84): CodeIgniter\Boot::bootSpark()
CRITICAL - 2024-09-24 13:48:11 --> GuzzleHttp\Exception\ServerException: Server error: `GET https://www.damacai.com.my/home` resulted in a `524 ` response:
error code: 524

[Method: CLI, Route: lottery:fetch/DMC]
in VENDORPATH/guzzlehttp/guzzle/src/Exception/RequestException.php on line 113.
 1 VENDORPATH/guzzlehttp/guzzle/src/Middleware.php(72): GuzzleHttp\Exception\RequestException::create()
 2 VENDORPATH/guzzlehttp/promises/src/Promise.php(209): GuzzleHttp\Middleware::GuzzleHttp\{closure}()
 3 VENDORPATH/guzzlehttp/promises/src/Promise.php(158): GuzzleHttp\Promise\Promise::callHandler()
 4 VENDORPATH/guzzlehttp/promises/src/TaskQueue.php(52): GuzzleHttp\Promise\Promise::GuzzleHttp\Promise\{closure}()
 5 VENDORPATH/guzzlehttp/promises/src/Promise.php(251): GuzzleHttp\Promise\TaskQueue->run()
 6 VENDORPATH/guzzlehttp/promises/src/Promise.php(227): GuzzleHttp\Promise\Promise->invokeWaitFn()
 7 VENDORPATH/guzzlehttp/promises/src/Promise.php(272): GuzzleHttp\Promise\Promise->waitIfPending()
 8 VENDORPATH/guzzlehttp/promises/src/Promise.php(229): GuzzleHttp\Promise\Promise->invokeWaitList()
 9 VENDORPATH/guzzlehttp/promises/src/Promise.php(69): GuzzleHttp\Promise\Promise->waitIfPending()
10 VENDORPATH/guzzlehttp/guzzle/src/Client.php(189): GuzzleHttp\Promise\Promise->wait()
11 APPPATH/Commands/FetchLotteryData.php(286): GuzzleHttp\Client->request()
12 APPPATH/Commands/FetchLotteryData.php(181): App\Commands\FetchLotteryData->parseAndStoreDamacaiData()
13 APPPATH/Commands/FetchLotteryData.php(27): App\Commands\FetchLotteryData->fetchDamacai()
14 SYSTEMPATH/CLI/Commands.php(70): App\Commands\FetchLotteryData->run()
15 SYSTEMPATH/CLI/Console.php(48): CodeIgniter\CLI\Commands->run()
16 SYSTEMPATH/Boot.php(338): CodeIgniter\CLI\Console->run()
17 SYSTEMPATH/Boot.php(104): CodeIgniter\Boot::runCommand()
18 ROOTPATH/spark(84): CodeIgniter\Boot::bootSpark()
CRITICAL - 2024-09-24 14:00:21 --> GuzzleHttp\Exception\ServerException: Server error: `GET https://www.damacai.com.my/home` resulted in a `524 ` response:
error code: 524

[Method: CLI, Route: lottery:fetch/DMC]
in VENDORPATH/guzzlehttp/guzzle/src/Exception/RequestException.php on line 113.
 1 VENDORPATH/guzzlehttp/guzzle/src/Middleware.php(72): GuzzleHttp\Exception\RequestException::create()
 2 VENDORPATH/guzzlehttp/promises/src/Promise.php(209): GuzzleHttp\Middleware::GuzzleHttp\{closure}()
 3 VENDORPATH/guzzlehttp/promises/src/Promise.php(158): GuzzleHttp\Promise\Promise::callHandler()
 4 VENDORPATH/guzzlehttp/promises/src/TaskQueue.php(52): GuzzleHttp\Promise\Promise::GuzzleHttp\Promise\{closure}()
 5 VENDORPATH/guzzlehttp/promises/src/Promise.php(251): GuzzleHttp\Promise\TaskQueue->run()
 6 VENDORPATH/guzzlehttp/promises/src/Promise.php(227): GuzzleHttp\Promise\Promise->invokeWaitFn()
 7 VENDORPATH/guzzlehttp/promises/src/Promise.php(272): GuzzleHttp\Promise\Promise->waitIfPending()
 8 VENDORPATH/guzzlehttp/promises/src/Promise.php(229): GuzzleHttp\Promise\Promise->invokeWaitList()
 9 VENDORPATH/guzzlehttp/promises/src/Promise.php(69): GuzzleHttp\Promise\Promise->waitIfPending()
10 VENDORPATH/guzzlehttp/guzzle/src/Client.php(189): GuzzleHttp\Promise\Promise->wait()
11 APPPATH/Commands/FetchLotteryData.php(286): GuzzleHttp\Client->request()
12 APPPATH/Commands/FetchLotteryData.php(181): App\Commands\FetchLotteryData->parseAndStoreDamacaiData()
13 APPPATH/Commands/FetchLotteryData.php(27): App\Commands\FetchLotteryData->fetchDamacai()
14 SYSTEMPATH/CLI/Commands.php(70): App\Commands\FetchLotteryData->run()
15 SYSTEMPATH/CLI/Console.php(48): CodeIgniter\CLI\Commands->run()
16 SYSTEMPATH/Boot.php(338): CodeIgniter\CLI\Console->run()
17 SYSTEMPATH/Boot.php(104): CodeIgniter\Boot::runCommand()
18 ROOTPATH/spark(84): CodeIgniter\Boot::bootSpark()
CRITICAL - 2024-09-24 14:10:22 --> GuzzleHttp\Exception\ServerException: Server error: `GET https://www.damacai.com.my/home` resulted in a `524 ` response:
error code: 524

[Method: CLI, Route: lottery:fetch/DMC]
in VENDORPATH/guzzlehttp/guzzle/src/Exception/RequestException.php on line 113.
 1 VENDORPATH/guzzlehttp/guzzle/src/Middleware.php(72): GuzzleHttp\Exception\RequestException::create()
 2 VENDORPATH/guzzlehttp/promises/src/Promise.php(209): GuzzleHttp\Middleware::GuzzleHttp\{closure}()
 3 VENDORPATH/guzzlehttp/promises/src/Promise.php(158): GuzzleHttp\Promise\Promise::callHandler()
 4 VENDORPATH/guzzlehttp/promises/src/TaskQueue.php(52): GuzzleHttp\Promise\Promise::GuzzleHttp\Promise\{closure}()
 5 VENDORPATH/guzzlehttp/promises/src/Promise.php(251): GuzzleHttp\Promise\TaskQueue->run()
 6 VENDORPATH/guzzlehttp/promises/src/Promise.php(227): GuzzleHttp\Promise\Promise->invokeWaitFn()
 7 VENDORPATH/guzzlehttp/promises/src/Promise.php(272): GuzzleHttp\Promise\Promise->waitIfPending()
 8 VENDORPATH/guzzlehttp/promises/src/Promise.php(229): GuzzleHttp\Promise\Promise->invokeWaitList()
 9 VENDORPATH/guzzlehttp/promises/src/Promise.php(69): GuzzleHttp\Promise\Promise->waitIfPending()
10 VENDORPATH/guzzlehttp/guzzle/src/Client.php(189): GuzzleHttp\Promise\Promise->wait()
11 APPPATH/Commands/FetchLotteryData.php(286): GuzzleHttp\Client->request()
12 APPPATH/Commands/FetchLotteryData.php(181): App\Commands\FetchLotteryData->parseAndStoreDamacaiData()
13 APPPATH/Commands/FetchLotteryData.php(27): App\Commands\FetchLotteryData->fetchDamacai()
14 SYSTEMPATH/CLI/Commands.php(70): App\Commands\FetchLotteryData->run()
15 SYSTEMPATH/CLI/Console.php(48): CodeIgniter\CLI\Commands->run()
16 SYSTEMPATH/Boot.php(338): CodeIgniter\CLI\Console->run()
17 SYSTEMPATH/Boot.php(104): CodeIgniter\Boot::runCommand()
18 ROOTPATH/spark(84): CodeIgniter\Boot::bootSpark()
CRITICAL - 2024-09-24 14:12:21 --> GuzzleHttp\Exception\ServerException: Server error: `GET https://www.damacai.com.my/home` resulted in a `524 ` response:
error code: 524

[Method: CLI, Route: lottery:fetch/DMC]
in VENDORPATH/guzzlehttp/guzzle/src/Exception/RequestException.php on line 113.
 1 VENDORPATH/guzzlehttp/guzzle/src/Middleware.php(72): GuzzleHttp\Exception\RequestException::create()
 2 VENDORPATH/guzzlehttp/promises/src/Promise.php(209): GuzzleHttp\Middleware::GuzzleHttp\{closure}()
 3 VENDORPATH/guzzlehttp/promises/src/Promise.php(158): GuzzleHttp\Promise\Promise::callHandler()
 4 VENDORPATH/guzzlehttp/promises/src/TaskQueue.php(52): GuzzleHttp\Promise\Promise::GuzzleHttp\Promise\{closure}()
 5 VENDORPATH/guzzlehttp/promises/src/Promise.php(251): GuzzleHttp\Promise\TaskQueue->run()
 6 VENDORPATH/guzzlehttp/promises/src/Promise.php(227): GuzzleHttp\Promise\Promise->invokeWaitFn()
 7 VENDORPATH/guzzlehttp/promises/src/Promise.php(272): GuzzleHttp\Promise\Promise->waitIfPending()
 8 VENDORPATH/guzzlehttp/promises/src/Promise.php(229): GuzzleHttp\Promise\Promise->invokeWaitList()
 9 VENDORPATH/guzzlehttp/promises/src/Promise.php(69): GuzzleHttp\Promise\Promise->waitIfPending()
10 VENDORPATH/guzzlehttp/guzzle/src/Client.php(189): GuzzleHttp\Promise\Promise->wait()
11 APPPATH/Commands/FetchLotteryData.php(286): GuzzleHttp\Client->request()
12 APPPATH/Commands/FetchLotteryData.php(181): App\Commands\FetchLotteryData->parseAndStoreDamacaiData()
13 APPPATH/Commands/FetchLotteryData.php(27): App\Commands\FetchLotteryData->fetchDamacai()
14 SYSTEMPATH/CLI/Commands.php(70): App\Commands\FetchLotteryData->run()
15 SYSTEMPATH/CLI/Console.php(48): CodeIgniter\CLI\Commands->run()
16 SYSTEMPATH/Boot.php(338): CodeIgniter\CLI\Console->run()
17 SYSTEMPATH/Boot.php(104): CodeIgniter\Boot::runCommand()
18 ROOTPATH/spark(84): CodeIgniter\Boot::bootSpark()
CRITICAL - 2024-09-24 14:14:22 --> GuzzleHttp\Exception\ServerException: Server error: `GET https://www.damacai.com.my/home` resulted in a `524 ` response:
error code: 524

[Method: CLI, Route: lottery:fetch/DMC]
in VENDORPATH/guzzlehttp/guzzle/src/Exception/RequestException.php on line 113.
 1 VENDORPATH/guzzlehttp/guzzle/src/Middleware.php(72): GuzzleHttp\Exception\RequestException::create()
 2 VENDORPATH/guzzlehttp/promises/src/Promise.php(209): GuzzleHttp\Middleware::GuzzleHttp\{closure}()
 3 VENDORPATH/guzzlehttp/promises/src/Promise.php(158): GuzzleHttp\Promise\Promise::callHandler()
 4 VENDORPATH/guzzlehttp/promises/src/TaskQueue.php(52): GuzzleHttp\Promise\Promise::GuzzleHttp\Promise\{closure}()
 5 VENDORPATH/guzzlehttp/promises/src/Promise.php(251): GuzzleHttp\Promise\TaskQueue->run()
 6 VENDORPATH/guzzlehttp/promises/src/Promise.php(227): GuzzleHttp\Promise\Promise->invokeWaitFn()
 7 VENDORPATH/guzzlehttp/promises/src/Promise.php(272): GuzzleHttp\Promise\Promise->waitIfPending()
 8 VENDORPATH/guzzlehttp/promises/src/Promise.php(229): GuzzleHttp\Promise\Promise->invokeWaitList()
 9 VENDORPATH/guzzlehttp/promises/src/Promise.php(69): GuzzleHttp\Promise\Promise->waitIfPending()
10 VENDORPATH/guzzlehttp/guzzle/src/Client.php(189): GuzzleHttp\Promise\Promise->wait()
11 APPPATH/Commands/FetchLotteryData.php(286): GuzzleHttp\Client->request()
12 APPPATH/Commands/FetchLotteryData.php(181): App\Commands\FetchLotteryData->parseAndStoreDamacaiData()
13 APPPATH/Commands/FetchLotteryData.php(27): App\Commands\FetchLotteryData->fetchDamacai()
14 SYSTEMPATH/CLI/Commands.php(70): App\Commands\FetchLotteryData->run()
15 SYSTEMPATH/CLI/Console.php(48): CodeIgniter\CLI\Commands->run()
16 SYSTEMPATH/Boot.php(338): CodeIgniter\CLI\Console->run()
17 SYSTEMPATH/Boot.php(104): CodeIgniter\Boot::runCommand()
18 ROOTPATH/spark(84): CodeIgniter\Boot::bootSpark()
CRITICAL - 2024-09-24 14:16:21 --> GuzzleHttp\Exception\ServerException: Server error: `GET https://www.damacai.com.my/home` resulted in a `524 ` response:
error code: 524

[Method: CLI, Route: lottery:fetch/DMC]
in VENDORPATH/guzzlehttp/guzzle/src/Exception/RequestException.php on line 113.
 1 VENDORPATH/guzzlehttp/guzzle/src/Middleware.php(72): GuzzleHttp\Exception\RequestException::create()
 2 VENDORPATH/guzzlehttp/promises/src/Promise.php(209): GuzzleHttp\Middleware::GuzzleHttp\{closure}()
 3 VENDORPATH/guzzlehttp/promises/src/Promise.php(158): GuzzleHttp\Promise\Promise::callHandler()
 4 VENDORPATH/guzzlehttp/promises/src/TaskQueue.php(52): GuzzleHttp\Promise\Promise::GuzzleHttp\Promise\{closure}()
 5 VENDORPATH/guzzlehttp/promises/src/Promise.php(251): GuzzleHttp\Promise\TaskQueue->run()
 6 VENDORPATH/guzzlehttp/promises/src/Promise.php(227): GuzzleHttp\Promise\Promise->invokeWaitFn()
 7 VENDORPATH/guzzlehttp/promises/src/Promise.php(272): GuzzleHttp\Promise\Promise->waitIfPending()
 8 VENDORPATH/guzzlehttp/promises/src/Promise.php(229): GuzzleHttp\Promise\Promise->invokeWaitList()
 9 VENDORPATH/guzzlehttp/promises/src/Promise.php(69): GuzzleHttp\Promise\Promise->waitIfPending()
10 VENDORPATH/guzzlehttp/guzzle/src/Client.php(189): GuzzleHttp\Promise\Promise->wait()
11 APPPATH/Commands/FetchLotteryData.php(286): GuzzleHttp\Client->request()
12 APPPATH/Commands/FetchLotteryData.php(181): App\Commands\FetchLotteryData->parseAndStoreDamacaiData()
13 APPPATH/Commands/FetchLotteryData.php(27): App\Commands\FetchLotteryData->fetchDamacai()
14 SYSTEMPATH/CLI/Commands.php(70): App\Commands\FetchLotteryData->run()
15 SYSTEMPATH/CLI/Console.php(48): CodeIgniter\CLI\Commands->run()
16 SYSTEMPATH/Boot.php(338): CodeIgniter\CLI\Console->run()
17 SYSTEMPATH/Boot.php(104): CodeIgniter\Boot::runCommand()
18 ROOTPATH/spark(84): CodeIgniter\Boot::bootSpark()
CRITICAL - 2024-09-24 14:18:22 --> GuzzleHttp\Exception\ServerException: Server error: `GET https://www.damacai.com.my/home` resulted in a `524 ` response:
error code: 524

[Method: CLI, Route: lottery:fetch/DMC]
in VENDORPATH/guzzlehttp/guzzle/src/Exception/RequestException.php on line 113.
 1 VENDORPATH/guzzlehttp/guzzle/src/Middleware.php(72): GuzzleHttp\Exception\RequestException::create()
 2 VENDORPATH/guzzlehttp/promises/src/Promise.php(209): GuzzleHttp\Middleware::GuzzleHttp\{closure}()
 3 VENDORPATH/guzzlehttp/promises/src/Promise.php(158): GuzzleHttp\Promise\Promise::callHandler()
 4 VENDORPATH/guzzlehttp/promises/src/TaskQueue.php(52): GuzzleHttp\Promise\Promise::GuzzleHttp\Promise\{closure}()
 5 VENDORPATH/guzzlehttp/promises/src/Promise.php(251): GuzzleHttp\Promise\TaskQueue->run()
 6 VENDORPATH/guzzlehttp/promises/src/Promise.php(227): GuzzleHttp\Promise\Promise->invokeWaitFn()
 7 VENDORPATH/guzzlehttp/promises/src/Promise.php(272): GuzzleHttp\Promise\Promise->waitIfPending()
 8 VENDORPATH/guzzlehttp/promises/src/Promise.php(229): GuzzleHttp\Promise\Promise->invokeWaitList()
 9 VENDORPATH/guzzlehttp/promises/src/Promise.php(69): GuzzleHttp\Promise\Promise->waitIfPending()
10 VENDORPATH/guzzlehttp/guzzle/src/Client.php(189): GuzzleHttp\Promise\Promise->wait()
11 APPPATH/Commands/FetchLotteryData.php(286): GuzzleHttp\Client->request()
12 APPPATH/Commands/FetchLotteryData.php(181): App\Commands\FetchLotteryData->parseAndStoreDamacaiData()
13 APPPATH/Commands/FetchLotteryData.php(27): App\Commands\FetchLotteryData->fetchDamacai()
14 SYSTEMPATH/CLI/Commands.php(70): App\Commands\FetchLotteryData->run()
15 SYSTEMPATH/CLI/Console.php(48): CodeIgniter\CLI\Commands->run()
16 SYSTEMPATH/Boot.php(338): CodeIgniter\CLI\Console->run()
17 SYSTEMPATH/Boot.php(104): CodeIgniter\Boot::runCommand()
18 ROOTPATH/spark(84): CodeIgniter\Boot::bootSpark()
CRITICAL - 2024-09-24 14:30:22 --> GuzzleHttp\Exception\ServerException: Server error: `GET https://www.damacai.com.my/home` resulted in a `524 ` response:
error code: 524

[Method: CLI, Route: lottery:fetch/DMC]
in VENDORPATH/guzzlehttp/guzzle/src/Exception/RequestException.php on line 113.
 1 VENDORPATH/guzzlehttp/guzzle/src/Middleware.php(72): GuzzleHttp\Exception\RequestException::create()
 2 VENDORPATH/guzzlehttp/promises/src/Promise.php(209): GuzzleHttp\Middleware::GuzzleHttp\{closure}()
 3 VENDORPATH/guzzlehttp/promises/src/Promise.php(158): GuzzleHttp\Promise\Promise::callHandler()
 4 VENDORPATH/guzzlehttp/promises/src/TaskQueue.php(52): GuzzleHttp\Promise\Promise::GuzzleHttp\Promise\{closure}()
 5 VENDORPATH/guzzlehttp/promises/src/Promise.php(251): GuzzleHttp\Promise\TaskQueue->run()
 6 VENDORPATH/guzzlehttp/promises/src/Promise.php(227): GuzzleHttp\Promise\Promise->invokeWaitFn()
 7 VENDORPATH/guzzlehttp/promises/src/Promise.php(272): GuzzleHttp\Promise\Promise->waitIfPending()
 8 VENDORPATH/guzzlehttp/promises/src/Promise.php(229): GuzzleHttp\Promise\Promise->invokeWaitList()
 9 VENDORPATH/guzzlehttp/promises/src/Promise.php(69): GuzzleHttp\Promise\Promise->waitIfPending()
10 VENDORPATH/guzzlehttp/guzzle/src/Client.php(189): GuzzleHttp\Promise\Promise->wait()
11 APPPATH/Commands/FetchLotteryData.php(286): GuzzleHttp\Client->request()
12 APPPATH/Commands/FetchLotteryData.php(181): App\Commands\FetchLotteryData->parseAndStoreDamacaiData()
13 APPPATH/Commands/FetchLotteryData.php(27): App\Commands\FetchLotteryData->fetchDamacai()
14 SYSTEMPATH/CLI/Commands.php(70): App\Commands\FetchLotteryData->run()
15 SYSTEMPATH/CLI/Console.php(48): CodeIgniter\CLI\Commands->run()
16 SYSTEMPATH/Boot.php(338): CodeIgniter\CLI\Console->run()
17 SYSTEMPATH/Boot.php(104): CodeIgniter\Boot::runCommand()
18 ROOTPATH/spark(84): CodeIgniter\Boot::bootSpark()
CRITICAL - 2024-09-24 14:38:26 --> GuzzleHttp\Exception\ServerException: Server error: `GET https://www.damacai.com.my/home` resulted in a `524 ` response:
error code: 524

[Method: CLI, Route: lottery:fetch/DMC]
in VENDORPATH/guzzlehttp/guzzle/src/Exception/RequestException.php on line 113.
 1 VENDORPATH/guzzlehttp/guzzle/src/Middleware.php(72): GuzzleHttp\Exception\RequestException::create()
 2 VENDORPATH/guzzlehttp/promises/src/Promise.php(209): GuzzleHttp\Middleware::GuzzleHttp\{closure}()
 3 VENDORPATH/guzzlehttp/promises/src/Promise.php(158): GuzzleHttp\Promise\Promise::callHandler()
 4 VENDORPATH/guzzlehttp/promises/src/TaskQueue.php(52): GuzzleHttp\Promise\Promise::GuzzleHttp\Promise\{closure}()
 5 VENDORPATH/guzzlehttp/promises/src/Promise.php(251): GuzzleHttp\Promise\TaskQueue->run()
 6 VENDORPATH/guzzlehttp/promises/src/Promise.php(227): GuzzleHttp\Promise\Promise->invokeWaitFn()
 7 VENDORPATH/guzzlehttp/promises/src/Promise.php(272): GuzzleHttp\Promise\Promise->waitIfPending()
 8 VENDORPATH/guzzlehttp/promises/src/Promise.php(229): GuzzleHttp\Promise\Promise->invokeWaitList()
 9 VENDORPATH/guzzlehttp/promises/src/Promise.php(69): GuzzleHttp\Promise\Promise->waitIfPending()
10 VENDORPATH/guzzlehttp/guzzle/src/Client.php(189): GuzzleHttp\Promise\Promise->wait()
11 APPPATH/Commands/FetchLotteryData.php(286): GuzzleHttp\Client->request()
12 APPPATH/Commands/FetchLotteryData.php(181): App\Commands\FetchLotteryData->parseAndStoreDamacaiData()
13 APPPATH/Commands/FetchLotteryData.php(27): App\Commands\FetchLotteryData->fetchDamacai()
14 SYSTEMPATH/CLI/Commands.php(70): App\Commands\FetchLotteryData->run()
15 SYSTEMPATH/CLI/Console.php(48): CodeIgniter\CLI\Commands->run()
16 SYSTEMPATH/Boot.php(338): CodeIgniter\CLI\Console->run()
17 SYSTEMPATH/Boot.php(104): CodeIgniter\Boot::runCommand()
18 ROOTPATH/spark(84): CodeIgniter\Boot::bootSpark()
CRITICAL - 2024-09-24 14:44:26 --> GuzzleHttp\Exception\ServerException: Server error: `GET https://www.damacai.com.my/home` resulted in a `524 ` response:
error code: 524

[Method: CLI, Route: lottery:fetch/DMC]
in VENDORPATH/guzzlehttp/guzzle/src/Exception/RequestException.php on line 113.
 1 VENDORPATH/guzzlehttp/guzzle/src/Middleware.php(72): GuzzleHttp\Exception\RequestException::create()
 2 VENDORPATH/guzzlehttp/promises/src/Promise.php(209): GuzzleHttp\Middleware::GuzzleHttp\{closure}()
 3 VENDORPATH/guzzlehttp/promises/src/Promise.php(158): GuzzleHttp\Promise\Promise::callHandler()
 4 VENDORPATH/guzzlehttp/promises/src/TaskQueue.php(52): GuzzleHttp\Promise\Promise::GuzzleHttp\Promise\{closure}()
 5 VENDORPATH/guzzlehttp/promises/src/Promise.php(251): GuzzleHttp\Promise\TaskQueue->run()
 6 VENDORPATH/guzzlehttp/promises/src/Promise.php(227): GuzzleHttp\Promise\Promise->invokeWaitFn()
 7 VENDORPATH/guzzlehttp/promises/src/Promise.php(272): GuzzleHttp\Promise\Promise->waitIfPending()
 8 VENDORPATH/guzzlehttp/promises/src/Promise.php(229): GuzzleHttp\Promise\Promise->invokeWaitList()
 9 VENDORPATH/guzzlehttp/promises/src/Promise.php(69): GuzzleHttp\Promise\Promise->waitIfPending()
10 VENDORPATH/guzzlehttp/guzzle/src/Client.php(189): GuzzleHttp\Promise\Promise->wait()
11 APPPATH/Commands/FetchLotteryData.php(286): GuzzleHttp\Client->request()
12 APPPATH/Commands/FetchLotteryData.php(181): App\Commands\FetchLotteryData->parseAndStoreDamacaiData()
13 APPPATH/Commands/FetchLotteryData.php(27): App\Commands\FetchLotteryData->fetchDamacai()
14 SYSTEMPATH/CLI/Commands.php(70): App\Commands\FetchLotteryData->run()
15 SYSTEMPATH/CLI/Console.php(48): CodeIgniter\CLI\Commands->run()
16 SYSTEMPATH/Boot.php(338): CodeIgniter\CLI\Console->run()
17 SYSTEMPATH/Boot.php(104): CodeIgniter\Boot::runCommand()
18 ROOTPATH/spark(84): CodeIgniter\Boot::bootSpark()
CRITICAL - 2024-09-24 14:46:26 --> GuzzleHttp\Exception\ServerException: Server error: `GET https://www.damacai.com.my/home` resulted in a `524 ` response:
error code: 524

[Method: CLI, Route: lottery:fetch/DMC]
in VENDORPATH/guzzlehttp/guzzle/src/Exception/RequestException.php on line 113.
 1 VENDORPATH/guzzlehttp/guzzle/src/Middleware.php(72): GuzzleHttp\Exception\RequestException::create()
 2 VENDORPATH/guzzlehttp/promises/src/Promise.php(209): GuzzleHttp\Middleware::GuzzleHttp\{closure}()
 3 VENDORPATH/guzzlehttp/promises/src/Promise.php(158): GuzzleHttp\Promise\Promise::callHandler()
 4 VENDORPATH/guzzlehttp/promises/src/TaskQueue.php(52): GuzzleHttp\Promise\Promise::GuzzleHttp\Promise\{closure}()
 5 VENDORPATH/guzzlehttp/promises/src/Promise.php(251): GuzzleHttp\Promise\TaskQueue->run()
 6 VENDORPATH/guzzlehttp/promises/src/Promise.php(227): GuzzleHttp\Promise\Promise->invokeWaitFn()
 7 VENDORPATH/guzzlehttp/promises/src/Promise.php(272): GuzzleHttp\Promise\Promise->waitIfPending()
 8 VENDORPATH/guzzlehttp/promises/src/Promise.php(229): GuzzleHttp\Promise\Promise->invokeWaitList()
 9 VENDORPATH/guzzlehttp/promises/src/Promise.php(69): GuzzleHttp\Promise\Promise->waitIfPending()
10 VENDORPATH/guzzlehttp/guzzle/src/Client.php(189): GuzzleHttp\Promise\Promise->wait()
11 APPPATH/Commands/FetchLotteryData.php(286): GuzzleHttp\Client->request()
12 APPPATH/Commands/FetchLotteryData.php(181): App\Commands\FetchLotteryData->parseAndStoreDamacaiData()
13 APPPATH/Commands/FetchLotteryData.php(27): App\Commands\FetchLotteryData->fetchDamacai()
14 SYSTEMPATH/CLI/Commands.php(70): App\Commands\FetchLotteryData->run()
15 SYSTEMPATH/CLI/Console.php(48): CodeIgniter\CLI\Commands->run()
16 SYSTEMPATH/Boot.php(338): CodeIgniter\CLI\Console->run()
17 SYSTEMPATH/Boot.php(104): CodeIgniter\Boot::runCommand()
18 ROOTPATH/spark(84): CodeIgniter\Boot::bootSpark()
