CRITICAL - 2024-06-28 01:47:16 --> ErrorException: Undefined array key 1
[Method: CLI, Route: lottery:specialcashsweep]
in APPPATH/Commands/FetchSpecialCashSweep.php on line 34.
 1 APPPATH/Commands/FetchSpecialCashSweep.php(34): CodeIgniter\Debug\Exceptions->errorHandler()
 2 APPPATH/Commands/FetchSpecialCashSweep.php(18): App\Commands\FetchSpecialCashSweep->fetchSpecialCashSweepData()
 3 SYSTEMPATH/CLI/Commands.php(70): App\Commands\FetchSpecialCashSweep->run()
 4 SYSTEMPATH/CLI/Console.php(48): CodeIgniter\CLI\Commands->run()
 5 SYSTEMPATH/Boot.php(338): CodeIgniter\CLI\Console->run()
 6 SYSTEMPATH/Boot.php(104): CodeIgniter\Boot::runCommand()
 7 ROOTPATH/spark(84): CodeIgniter\Boot::bootSpark()
CRITICAL - 2024-06-28 01:47:46 --> ErrorException: Undefined array key 1
[Method: CLI, Route: lottery:specialcashsweep]
in APPPATH/Commands/FetchSpecialCashSweep.php on line 34.
 1 APPPATH/Commands/FetchSpecialCashSweep.php(34): CodeIgniter\Debug\Exceptions->errorHandler()
 2 APPPATH/Commands/FetchSpecialCashSweep.php(18): App\Commands\FetchSpecialCashSweep->fetchSpecialCashSweepData()
 3 SYSTEMPATH/CLI/Commands.php(70): App\Commands\FetchSpecialCashSweep->run()
 4 SYSTEMPATH/CLI/Console.php(48): CodeIgniter\CLI\Commands->run()
 5 SYSTEMPATH/Boot.php(338): CodeIgniter\CLI\Console->run()
 6 SYSTEMPATH/Boot.php(104): CodeIgniter\Boot::runCommand()
 7 ROOTPATH/spark(84): CodeIgniter\Boot::bootSpark()
CRITICAL - 2024-06-28 01:48:05 --> ErrorException: Undefined array key 1
[Method: CLI, Route: lottery:specialcashsweep]
in APPPATH/Commands/FetchSpecialCashSweep.php on line 34.
 1 APPPATH/Commands/FetchSpecialCashSweep.php(34): CodeIgniter\Debug\Exceptions->errorHandler()
 2 APPPATH/Commands/FetchSpecialCashSweep.php(18): App\Commands\FetchSpecialCashSweep->fetchSpecialCashSweepData()
 3 SYSTEMPATH/CLI/Commands.php(70): App\Commands\FetchSpecialCashSweep->run()
 4 SYSTEMPATH/CLI/Console.php(48): CodeIgniter\CLI\Commands->run()
 5 SYSTEMPATH/Boot.php(338): CodeIgniter\CLI\Console->run()
 6 SYSTEMPATH/Boot.php(104): CodeIgniter\Boot::runCommand()
 7 ROOTPATH/spark(84): CodeIgniter\Boot::bootSpark()
ERROR - 2024-06-28 01:49:03 --> mysqli_sql_exception: Operand should contain 1 column(s) in /var/www/4dpanda.com/4dpanda_ci/system/Database/MySQLi/Connection.php:308
Stack trace:
#0 /var/www/4dpanda.com/4dpanda_ci/system/Database/MySQLi/Connection.php(308): mysqli->query()
#1 /var/www/4dpanda.com/4dpanda_ci/system/Database/BaseConnection.php(722): CodeIgniter\Database\MySQLi\Connection->execute()
#2 /var/www/4dpanda.com/4dpanda_ci/system/Database/BaseConnection.php(636): CodeIgniter\Database\BaseConnection->simpleQuery()
#3 /var/www/4dpanda.com/4dpanda_ci/system/Database/BaseBuilder.php(1629): CodeIgniter\Database\BaseConnection->query()
#4 /var/www/4dpanda.com/4dpanda_ci/system/Model.php(319): CodeIgniter\Database\BaseBuilder->get()
#5 /var/www/4dpanda.com/4dpanda_ci/system/BaseModel.php(714): CodeIgniter\Model->doFirst()
#6 /var/www/4dpanda.com/4dpanda_ci/app/Models/LotteryModel.php(19): CodeIgniter\BaseModel->first()
#7 /var/www/4dpanda.com/4dpanda_ci/app/Commands/FetchSpecialCashSweep.php(56): App\Models\LotteryModel->getLotteryDataByDateAndType()
#8 /var/www/4dpanda.com/4dpanda_ci/app/Commands/FetchSpecialCashSweep.php(18): App\Commands\FetchSpecialCashSweep->fetchSpecialCashSweepData()
#9 /var/www/4dpanda.com/4dpanda_ci/system/CLI/Commands.php(70): App\Commands\FetchSpecialCashSweep->run()
#10 /var/www/4dpanda.com/4dpanda_ci/system/CLI/Console.php(48): CodeIgniter\CLI\Commands->run()
#11 /var/www/4dpanda.com/4dpanda_ci/system/Boot.php(338): CodeIgniter\CLI\Console->run()
#12 /var/www/4dpanda.com/4dpanda_ci/system/Boot.php(104): CodeIgniter\Boot::runCommand()
#13 /var/www/4dpanda.com/4dpanda_ci/spark(84): CodeIgniter\Boot::bootSpark()
#14 {main}
CRITICAL - 2024-06-28 01:49:03 --> Error: Call to a member function getFirstRow() on false
[Method: CLI, Route: lottery:specialcashsweep]
in SYSTEMPATH/Model.php on line 319.
 1 SYSTEMPATH/BaseModel.php(714): CodeIgniter\Model->doFirst()
 2 APPPATH/Models/LotteryModel.php(19): CodeIgniter\BaseModel->first()
 3 APPPATH/Commands/FetchSpecialCashSweep.php(56): App\Models\LotteryModel->getLotteryDataByDateAndType()
 4 APPPATH/Commands/FetchSpecialCashSweep.php(18): App\Commands\FetchSpecialCashSweep->fetchSpecialCashSweepData()
 5 SYSTEMPATH/CLI/Commands.php(70): App\Commands\FetchSpecialCashSweep->run()
 6 SYSTEMPATH/CLI/Console.php(48): CodeIgniter\CLI\Commands->run()
 7 SYSTEMPATH/Boot.php(338): CodeIgniter\CLI\Console->run()
 8 SYSTEMPATH/Boot.php(104): CodeIgniter\Boot::runCommand()
 9 ROOTPATH/spark(84): CodeIgniter\Boot::bootSpark()
ERROR - 2024-06-28 01:50:45 --> mysqli_sql_exception: Operand should contain 1 column(s) in /var/www/4dpanda.com/4dpanda_ci/system/Database/MySQLi/Connection.php:308
Stack trace:
#0 /var/www/4dpanda.com/4dpanda_ci/system/Database/MySQLi/Connection.php(308): mysqli->query()
#1 /var/www/4dpanda.com/4dpanda_ci/system/Database/BaseConnection.php(722): CodeIgniter\Database\MySQLi\Connection->execute()
#2 /var/www/4dpanda.com/4dpanda_ci/system/Database/BaseConnection.php(636): CodeIgniter\Database\BaseConnection->simpleQuery()
#3 /var/www/4dpanda.com/4dpanda_ci/system/Database/BaseBuilder.php(2497): CodeIgniter\Database\BaseConnection->query()
#4 /var/www/4dpanda.com/4dpanda_ci/system/Model.php(450): CodeIgniter\Database\BaseBuilder->update()
#5 /var/www/4dpanda.com/4dpanda_ci/system/BaseModel.php(1028): CodeIgniter\Model->doUpdate()
#6 /var/www/4dpanda.com/4dpanda_ci/system/Model.php(854): CodeIgniter\BaseModel->update()
#7 /var/www/4dpanda.com/4dpanda_ci/app/Models/LotteryModel.php(36): CodeIgniter\Model->update()
#8 /var/www/4dpanda.com/4dpanda_ci/app/Commands/FetchSpecialCashSweep.php(58): App\Models\LotteryModel->updateLotteryData()
#9 /var/www/4dpanda.com/4dpanda_ci/app/Commands/FetchSpecialCashSweep.php(18): App\Commands\FetchSpecialCashSweep->fetchSpecialCashSweepData()
#10 /var/www/4dpanda.com/4dpanda_ci/system/CLI/Commands.php(70): App\Commands\FetchSpecialCashSweep->run()
#11 /var/www/4dpanda.com/4dpanda_ci/system/CLI/Console.php(48): CodeIgniter\CLI\Commands->run()
#12 /var/www/4dpanda.com/4dpanda_ci/system/Boot.php(338): CodeIgniter\CLI\Console->run()
#13 /var/www/4dpanda.com/4dpanda_ci/system/Boot.php(104): CodeIgniter\Boot::runCommand()
#14 /var/www/4dpanda.com/4dpanda_ci/spark(84): CodeIgniter\Boot::bootSpark()
#15 {main}
ERROR - 2024-06-28 02:05:26 --> mysqli_sql_exception: Operand should contain 1 column(s) in /var/www/4dpanda.com/4dpanda_ci/system/Database/MySQLi/Connection.php:308
Stack trace:
#0 /var/www/4dpanda.com/4dpanda_ci/system/Database/MySQLi/Connection.php(308): mysqli->query()
#1 /var/www/4dpanda.com/4dpanda_ci/system/Database/BaseConnection.php(722): CodeIgniter\Database\MySQLi\Connection->execute()
#2 /var/www/4dpanda.com/4dpanda_ci/system/Database/BaseConnection.php(636): CodeIgniter\Database\BaseConnection->simpleQuery()
#3 /var/www/4dpanda.com/4dpanda_ci/system/Database/BaseBuilder.php(2497): CodeIgniter\Database\BaseConnection->query()
#4 /var/www/4dpanda.com/4dpanda_ci/system/Model.php(450): CodeIgniter\Database\BaseBuilder->update()
#5 /var/www/4dpanda.com/4dpanda_ci/system/BaseModel.php(1028): CodeIgniter\Model->doUpdate()
#6 /var/www/4dpanda.com/4dpanda_ci/system/Model.php(854): CodeIgniter\BaseModel->update()
#7 /var/www/4dpanda.com/4dpanda_ci/app/Models/LotteryModel.php(36): CodeIgniter\Model->update()
#8 /var/www/4dpanda.com/4dpanda_ci/app/Commands/FetchSpecialCashSweep.php(58): App\Models\LotteryModel->updateLotteryData()
#9 /var/www/4dpanda.com/4dpanda_ci/app/Commands/FetchSpecialCashSweep.php(18): App\Commands\FetchSpecialCashSweep->fetchSpecialCashSweepData()
#10 /var/www/4dpanda.com/4dpanda_ci/system/CLI/Commands.php(70): App\Commands\FetchSpecialCashSweep->run()
#11 /var/www/4dpanda.com/4dpanda_ci/system/CLI/Console.php(48): CodeIgniter\CLI\Commands->run()
#12 /var/www/4dpanda.com/4dpanda_ci/system/Boot.php(338): CodeIgniter\CLI\Console->run()
#13 /var/www/4dpanda.com/4dpanda_ci/system/Boot.php(104): CodeIgniter\Boot::runCommand()
#14 /var/www/4dpanda.com/4dpanda_ci/spark(84): CodeIgniter\Boot::bootSpark()
#15 {main}
ERROR - 2024-06-28 02:05:58 --> mysqli_sql_exception: Operand should contain 1 column(s) in /var/www/4dpanda.com/4dpanda_ci/system/Database/MySQLi/Connection.php:308
Stack trace:
#0 /var/www/4dpanda.com/4dpanda_ci/system/Database/MySQLi/Connection.php(308): mysqli->query()
#1 /var/www/4dpanda.com/4dpanda_ci/system/Database/BaseConnection.php(722): CodeIgniter\Database\MySQLi\Connection->execute()
#2 /var/www/4dpanda.com/4dpanda_ci/system/Database/BaseConnection.php(636): CodeIgniter\Database\BaseConnection->simpleQuery()
#3 /var/www/4dpanda.com/4dpanda_ci/system/Database/BaseBuilder.php(2497): CodeIgniter\Database\BaseConnection->query()
#4 /var/www/4dpanda.com/4dpanda_ci/system/Model.php(450): CodeIgniter\Database\BaseBuilder->update()
#5 /var/www/4dpanda.com/4dpanda_ci/system/BaseModel.php(1028): CodeIgniter\Model->doUpdate()
#6 /var/www/4dpanda.com/4dpanda_ci/system/Model.php(854): CodeIgniter\BaseModel->update()
#7 /var/www/4dpanda.com/4dpanda_ci/app/Models/LotteryModel.php(36): CodeIgniter\Model->update()
#8 /var/www/4dpanda.com/4dpanda_ci/app/Commands/FetchSpecialCashSweep.php(58): App\Models\LotteryModel->updateLotteryData()
#9 /var/www/4dpanda.com/4dpanda_ci/app/Commands/FetchSpecialCashSweep.php(18): App\Commands\FetchSpecialCashSweep->fetchSpecialCashSweepData()
#10 /var/www/4dpanda.com/4dpanda_ci/system/CLI/Commands.php(70): App\Commands\FetchSpecialCashSweep->run()
#11 /var/www/4dpanda.com/4dpanda_ci/system/CLI/Console.php(48): CodeIgniter\CLI\Commands->run()
#12 /var/www/4dpanda.com/4dpanda_ci/system/Boot.php(338): CodeIgniter\CLI\Console->run()
#13 /var/www/4dpanda.com/4dpanda_ci/system/Boot.php(104): CodeIgniter\Boot::runCommand()
#14 /var/www/4dpanda.com/4dpanda_ci/spark(84): CodeIgniter\Boot::bootSpark()
#15 {main}
ERROR - 2024-06-28 02:07:06 --> mysqli_sql_exception: Operand should contain 1 column(s) in /var/www/4dpanda.com/4dpanda_ci/system/Database/MySQLi/Connection.php:308
Stack trace:
#0 /var/www/4dpanda.com/4dpanda_ci/system/Database/MySQLi/Connection.php(308): mysqli->query()
#1 /var/www/4dpanda.com/4dpanda_ci/system/Database/BaseConnection.php(722): CodeIgniter\Database\MySQLi\Connection->execute()
#2 /var/www/4dpanda.com/4dpanda_ci/system/Database/BaseConnection.php(636): CodeIgniter\Database\BaseConnection->simpleQuery()
#3 /var/www/4dpanda.com/4dpanda_ci/system/Database/BaseBuilder.php(2497): CodeIgniter\Database\BaseConnection->query()
#4 /var/www/4dpanda.com/4dpanda_ci/system/Model.php(450): CodeIgniter\Database\BaseBuilder->update()
#5 /var/www/4dpanda.com/4dpanda_ci/system/BaseModel.php(1028): CodeIgniter\Model->doUpdate()
#6 /var/www/4dpanda.com/4dpanda_ci/system/Model.php(854): CodeIgniter\BaseModel->update()
#7 /var/www/4dpanda.com/4dpanda_ci/app/Models/LotteryModel.php(36): CodeIgniter\Model->update()
#8 /var/www/4dpanda.com/4dpanda_ci/app/Commands/FetchSpecialCashSweep.php(58): App\Models\LotteryModel->updateLotteryData()
#9 /var/www/4dpanda.com/4dpanda_ci/app/Commands/FetchSpecialCashSweep.php(18): App\Commands\FetchSpecialCashSweep->fetchSpecialCashSweepData()
#10 /var/www/4dpanda.com/4dpanda_ci/system/CLI/Commands.php(70): App\Commands\FetchSpecialCashSweep->run()
#11 /var/www/4dpanda.com/4dpanda_ci/system/CLI/Console.php(48): CodeIgniter\CLI\Commands->run()
#12 /var/www/4dpanda.com/4dpanda_ci/system/Boot.php(338): CodeIgniter\CLI\Console->run()
#13 /var/www/4dpanda.com/4dpanda_ci/system/Boot.php(104): CodeIgniter\Boot::runCommand()
#14 /var/www/4dpanda.com/4dpanda_ci/spark(84): CodeIgniter\Boot::bootSpark()
#15 {main}
CRITICAL - 2024-06-28 11:09:57 --> ErrorException: file_get_contents(https://www.perdana4d.com/Index?handler=Refresh): Failed to open stream: HTTP request failed!
[Method: CLI, Route: lottery:fetch/P4D/19:00:00]
in APPPATH/Commands/FetchLotteryData.php on line 322.
 1 [internal function]: CodeIgniter\Debug\Exceptions->errorHandler()
 2 APPPATH/Commands/FetchLotteryData.php(322): file_get_contents()
 3 APPPATH/Commands/FetchLotteryData.php(31): App\Commands\FetchLotteryData->fetchPerdana()
 4 SYSTEMPATH/CLI/Commands.php(70): App\Commands\FetchLotteryData->run()
 5 SYSTEMPATH/CLI/Console.php(48): CodeIgniter\CLI\Commands->run()
 6 SYSTEMPATH/Boot.php(338): CodeIgniter\CLI\Console->run()
 7 SYSTEMPATH/Boot.php(104): CodeIgniter\Boot::runCommand()
 8 ROOTPATH/spark(84): CodeIgniter\Boot::bootSpark()
CRITICAL - 2024-06-28 11:58:12 --> GuzzleHttp\Exception\ServerException: Server error: `GET https://gdlotto.com/results/ajax/_result.aspx` resulted in a `524 ` response:
error code: 524

[Method: CLI, Route: lottery:fetch/GD]
in VENDORPATH/guzzlehttp/guzzle/src/Exception/RequestException.php on line 113.
 1 VENDORPATH/guzzlehttp/guzzle/src/Middleware.php(72): GuzzleHttp\Exception\RequestException::create()
 2 VENDORPATH/guzzlehttp/promises/src/Promise.php(209): GuzzleHttp\Middleware::GuzzleHttp\{closure}()
 3 VENDORPATH/guzzlehttp/promises/src/Promise.php(158): GuzzleHttp\Promise\Promise::callHandler()
 4 VENDORPATH/guzzlehttp/promises/src/TaskQueue.php(52): GuzzleHttp\Promise\Promise::GuzzleHttp\Promise\{closure}()
 5 VENDORPATH/guzzlehttp/promises/src/Promise.php(251): GuzzleHttp\Promise\TaskQueue->run()
 6 VENDORPATH/guzzlehttp/promises/src/Promise.php(227): GuzzleHttp\Promise\Promise->invokeWaitFn()
 7 VENDORPATH/guzzlehttp/promises/src/Promise.php(272): GuzzleHttp\Promise\Promise->waitIfPending()
 8 VENDORPATH/guzzlehttp/promises/src/Promise.php(229): GuzzleHttp\Promise\Promise->invokeWaitList()
 9 VENDORPATH/guzzlehttp/promises/src/Promise.php(69): GuzzleHttp\Promise\Promise->waitIfPending()
10 VENDORPATH/guzzlehttp/guzzle/src/Client.php(189): GuzzleHttp\Promise\Promise->wait()
11 APPPATH/Commands/FetchLotteryData.php(435): GuzzleHttp\Client->request()
12 APPPATH/Commands/FetchLotteryData.php(35): App\Commands\FetchLotteryData->fetechGrandDragon()
13 SYSTEMPATH/CLI/Commands.php(70): App\Commands\FetchLotteryData->run()
14 SYSTEMPATH/CLI/Console.php(48): CodeIgniter\CLI\Commands->run()
15 SYSTEMPATH/Boot.php(338): CodeIgniter\CLI\Console->run()
16 SYSTEMPATH/Boot.php(104): CodeIgniter\Boot::runCommand()
17 ROOTPATH/spark(84): CodeIgniter\Boot::bootSpark()
CRITICAL - 2024-06-28 12:15:42 --> ErrorException: file_get_contents(https://www.perdana4d.com/Index?handler=Refresh): Failed to open stream: HTTP request failed!
[Method: CLI, Route: lottery:fetch/P4D/19:00:00]
in APPPATH/Commands/FetchLotteryData.php on line 322.
 1 [internal function]: CodeIgniter\Debug\Exceptions->errorHandler()
 2 APPPATH/Commands/FetchLotteryData.php(322): file_get_contents()
 3 APPPATH/Commands/FetchLotteryData.php(31): App\Commands\FetchLotteryData->fetchPerdana()
 4 SYSTEMPATH/CLI/Commands.php(70): App\Commands\FetchLotteryData->run()
 5 SYSTEMPATH/CLI/Console.php(48): CodeIgniter\CLI\Commands->run()
 6 SYSTEMPATH/Boot.php(338): CodeIgniter\CLI\Console->run()
 7 SYSTEMPATH/Boot.php(104): CodeIgniter\Boot::runCommand()
 8 ROOTPATH/spark(84): CodeIgniter\Boot::bootSpark()
