CRITICAL - 2024-06-19 08:54:08 --> Error: Class "Services" not found
[Method: GET, Route: /]
in APPPATH/Config/Routes.php on line 8.
 1 SYSTEMPATH/Router/RouteCollection.php(340): require()
 2 SYSTEMPATH/CodeIgniter.php(823): CodeIgniter\Router\RouteCollection->loadRoutes()
 3 SYSTEMPATH/CodeIgniter.php(457): CodeIgniter\CodeIgniter->tryToRouteIt()
 4 SYSTEMPATH/CodeIgniter.php(355): CodeIgniter\CodeIgniter->handleRequest()
 5 SYSTEMPATH/Boot.php(312): CodeIgniter\CodeIgniter->run()
 6 SYSTEMPATH/Boot.php(67): CodeIgniter\Boot::runCodeIgniter()
 7 FCPATH/index.php(56): CodeIgniter\Boot::bootWeb()
CRITICAL - 2024-06-19 08:54:37 --> Error: Class "Services" not found
[Method: GET, Route: /]
in APPPATH/Config/Routes.php on line 8.
 1 SYSTEMPATH/Router/RouteCollection.php(340): require()
 2 SYSTEMPATH/CodeIgniter.php(823): CodeIgniter\Router\RouteCollection->loadRoutes()
 3 SYSTEMPATH/CodeIgniter.php(457): CodeIgniter\CodeIgniter->tryToRouteIt()
 4 SYSTEMPATH/CodeIgniter.php(355): CodeIgniter\CodeIgniter->handleRequest()
 5 SYSTEMPATH/Boot.php(312): CodeIgniter\CodeIgniter->run()
 6 SYSTEMPATH/Boot.php(67): CodeIgniter\Boot::runCodeIgniter()
 7 FCPATH/index.php(56): CodeIgniter\Boot::bootWeb()
CRITICAL - 2024-06-19 08:54:38 --> Error: Class "Services" not found
[Method: GET, Route: /]
in APPPATH/Config/Routes.php on line 8.
 1 SYSTEMPATH/Router/RouteCollection.php(340): require()
 2 SYSTEMPATH/CodeIgniter.php(823): CodeIgniter\Router\RouteCollection->loadRoutes()
 3 SYSTEMPATH/CodeIgniter.php(457): CodeIgniter\CodeIgniter->tryToRouteIt()
 4 SYSTEMPATH/CodeIgniter.php(355): CodeIgniter\CodeIgniter->handleRequest()
 5 SYSTEMPATH/Boot.php(312): CodeIgniter\CodeIgniter->run()
 6 SYSTEMPATH/Boot.php(67): CodeIgniter\Boot::runCodeIgniter()
 7 FCPATH/index.php(56): CodeIgniter\Boot::bootWeb()
CRITICAL - 2024-06-19 13:32:33 --> BadMethodCallException: Call to undefined method App\Models\LotteryModel::last
[Method: GET, Route: fetchall]
in SYSTEMPATH/Model.php on line 921.
 1 APPPATH/Models/LotteryModel.php(23): CodeIgniter\Model->__call()
 2 APPPATH/Controllers/LotteryData.php(30): App\Models\LotteryModel->getLotteryDataByType()
 3 SYSTEMPATH/CodeIgniter.php(933): App\Controllers\LotteryData->fetchAll()
 4 SYSTEMPATH/CodeIgniter.php(509): CodeIgniter\CodeIgniter->runController()
 5 SYSTEMPATH/CodeIgniter.php(355): CodeIgniter\CodeIgniter->handleRequest()
 6 SYSTEMPATH/Boot.php(312): CodeIgniter\CodeIgniter->run()
 7 SYSTEMPATH/Boot.php(67): CodeIgniter\Boot::runCodeIgniter()
 8 FCPATH/index.php(56): CodeIgniter\Boot::bootWeb()
CRITICAL - 2024-06-19 13:32:57 --> BadMethodCallException: Call to undefined method App\Models\LotteryModel::last
[Method: GET, Route: fetchall]
in SYSTEMPATH/Model.php on line 921.
 1 APPPATH/Models/LotteryModel.php(23): CodeIgniter\Model->__call()
 2 APPPATH/Controllers/LotteryData.php(30): App\Models\LotteryModel->getLotteryDataByType()
 3 SYSTEMPATH/CodeIgniter.php(933): App\Controllers\LotteryData->fetchAll()
 4 SYSTEMPATH/CodeIgniter.php(509): CodeIgniter\CodeIgniter->runController()
 5 SYSTEMPATH/CodeIgniter.php(355): CodeIgniter\CodeIgniter->handleRequest()
 6 SYSTEMPATH/Boot.php(312): CodeIgniter\CodeIgniter->run()
 7 SYSTEMPATH/Boot.php(67): CodeIgniter\Boot::runCodeIgniter()
 8 FCPATH/index.php(56): CodeIgniter\Boot::bootWeb()
CRITICAL - 2024-06-19 13:33:28 --> BadMethodCallException: Call to undefined method App\Models\LotteryModel::last
[Method: GET, Route: fetchall]
in SYSTEMPATH/Model.php on line 921.
 1 APPPATH/Models/LotteryModel.php(23): CodeIgniter\Model->__call()
 2 APPPATH/Controllers/LotteryData.php(30): App\Models\LotteryModel->getLotteryDataByType()
 3 SYSTEMPATH/CodeIgniter.php(933): App\Controllers\LotteryData->fetchAll()
 4 SYSTEMPATH/CodeIgniter.php(509): CodeIgniter\CodeIgniter->runController()
 5 SYSTEMPATH/CodeIgniter.php(355): CodeIgniter\CodeIgniter->handleRequest()
 6 SYSTEMPATH/Boot.php(312): CodeIgniter\CodeIgniter->run()
 7 SYSTEMPATH/Boot.php(67): CodeIgniter\Boot::runCodeIgniter()
 8 FCPATH/index.php(56): CodeIgniter\Boot::bootWeb()
CRITICAL - 2024-06-19 13:33:44 --> BadMethodCallException: Call to undefined method App\Models\LotteryModel::last
[Method: GET, Route: fetchall]
in SYSTEMPATH/Model.php on line 921.
 1 APPPATH/Models/LotteryModel.php(23): CodeIgniter\Model->__call()
 2 APPPATH/Controllers/LotteryData.php(30): App\Models\LotteryModel->getLotteryDataByType()
 3 SYSTEMPATH/CodeIgniter.php(933): App\Controllers\LotteryData->fetchAll()
 4 SYSTEMPATH/CodeIgniter.php(509): CodeIgniter\CodeIgniter->runController()
 5 SYSTEMPATH/CodeIgniter.php(355): CodeIgniter\CodeIgniter->handleRequest()
 6 SYSTEMPATH/Boot.php(312): CodeIgniter\CodeIgniter->run()
 7 SYSTEMPATH/Boot.php(67): CodeIgniter\Boot::runCodeIgniter()
 8 FCPATH/index.php(56): CodeIgniter\Boot::bootWeb()
CRITICAL - 2024-06-19 13:40:00 --> ErrorException: Undefined array key "data"
[Method: GET, Route: fetchall]
in APPPATH/Controllers/LotteryData.php on line 31.
 1 APPPATH/Controllers/LotteryData.php(31): CodeIgniter\Debug\Exceptions->errorHandler()
 2 SYSTEMPATH/CodeIgniter.php(933): App\Controllers\LotteryData->fetchAll()
 3 SYSTEMPATH/CodeIgniter.php(509): CodeIgniter\CodeIgniter->runController()
 4 SYSTEMPATH/CodeIgniter.php(355): CodeIgniter\CodeIgniter->handleRequest()
 5 SYSTEMPATH/Boot.php(312): CodeIgniter\CodeIgniter->run()
 6 SYSTEMPATH/Boot.php(67): CodeIgniter\Boot::runCodeIgniter()
 7 FCPATH/index.php(56): CodeIgniter\Boot::bootWeb()
