ERROR - 2024-12-04 01:45:28 --> Error connecting to the database: mysqli_sql_exception: Too many connections in /var/www/4dpanda.com/4dpanda_ci/system/Database/MySQLi/Connection.php:186
Stack trace:
#0 /var/www/4dpanda.com/4dpanda_ci/system/Database/MySQLi/Connection.php(186): mysqli->real_connect()
#1 /var/www/4dpanda.com/4dpanda_ci/system/Database/BaseConnection.php(421): CodeIgniter\Database\MySQLi\Connection->connect()
#2 /var/www/4dpanda.com/4dpanda_ci/system/Database/BaseConnection.php(604): CodeIgniter\Database\BaseConnection->initialize()
#3 /var/www/4dpanda.com/4dpanda_ci/system/Database/BaseBuilder.php(1629): CodeIgniter\Database\BaseConnection->query()
#4 /var/www/4dpanda.com/4dpanda_ci/system/Model.php(319): CodeIgniter\Database\BaseBuilder->get()
#5 /var/www/4dpanda.com/4dpanda_ci/system/BaseModel.php(714): CodeIgniter\Model->doFirst()
#6 /var/www/4dpanda.com/4dpanda_ci/app/Models/SettingsModel.php(93): CodeIgniter\BaseModel->first()
#7 /var/www/4dpanda.com/4dpanda_ci/app/Controllers/Home.php(286): App\Models\SettingsModel->getSpecialDraw()
#8 /var/www/4dpanda.com/4dpanda_ci/system/CodeIgniter.php(933): App\Controllers\Home->specialDrawIndex()
#9 /var/www/4dpanda.com/4dpanda_ci/system/CodeIgniter.php(509): CodeIgniter\CodeIgniter->runController()
#10 /var/www/4dpanda.com/4dpanda_ci/system/CodeIgniter.php(355): CodeIgniter\CodeIgniter->handleRequest()
#11 /var/www/4dpanda.com/4dpanda_ci/system/Boot.php(312): CodeIgniter\CodeIgniter->run()
#12 /var/www/4dpanda.com/4dpanda_ci/system/Boot.php(67): CodeIgniter\Boot::runCodeIgniter()
#13 /var/www/4dpanda.com/public_html/index.php(56): CodeIgniter\Boot::bootWeb()
#14 {main}

Next CodeIgniter\Database\Exceptions\DatabaseException: Too many connections in /var/www/4dpanda.com/4dpanda_ci/system/Database/MySQLi/Connection.php:231
Stack trace:
#0 /var/www/4dpanda.com/4dpanda_ci/system/Database/BaseConnection.php(421): CodeIgniter\Database\MySQLi\Connection->connect()
#1 /var/www/4dpanda.com/4dpanda_ci/system/Database/BaseConnection.php(604): CodeIgniter\Database\BaseConnection->initialize()
#2 /var/www/4dpanda.com/4dpanda_ci/system/Database/BaseBuilder.php(1629): CodeIgniter\Database\BaseConnection->query()
#3 /var/www/4dpanda.com/4dpanda_ci/system/Model.php(319): CodeIgniter\Database\BaseBuilder->get()
#4 /var/www/4dpanda.com/4dpanda_ci/system/BaseModel.php(714): CodeIgniter\Model->doFirst()
#5 /var/www/4dpanda.com/4dpanda_ci/app/Models/SettingsModel.php(93): CodeIgniter\BaseModel->first()
#6 /var/www/4dpanda.com/4dpanda_ci/app/Controllers/Home.php(286): App\Models\SettingsModel->getSpecialDraw()
#7 /var/www/4dpanda.com/4dpanda_ci/system/CodeIgniter.php(933): App\Controllers\Home->specialDrawIndex()
#8 /var/www/4dpanda.com/4dpanda_ci/system/CodeIgniter.php(509): CodeIgniter\CodeIgniter->runController()
#9 /var/www/4dpanda.com/4dpanda_ci/system/CodeIgniter.php(355): CodeIgniter\CodeIgniter->handleRequest()
#10 /var/www/4dpanda.com/4dpanda_ci/system/Boot.php(312): CodeIgniter\CodeIgniter->run()
#11 /var/www/4dpanda.com/4dpanda_ci/system/Boot.php(67): CodeIgniter\Boot::runCodeIgniter()
#12 /var/www/4dpanda.com/public_html/index.php(56): CodeIgniter\Boot::bootWeb()
#13 {main}
CRITICAL - 2024-12-04 01:45:28 --> CodeIgniter\Database\Exceptions\DatabaseException: Unable to connect to the database.
Main connection [MySQLi]: Too many connections
[Method: GET, Route: 4d-special-draw]
in SYSTEMPATH/Database/BaseConnection.php on line 457.
 1 SYSTEMPATH/Database/BaseConnection.php(604): CodeIgniter\Database\BaseConnection->initialize()
 2 SYSTEMPATH/Database/BaseBuilder.php(1629): CodeIgniter\Database\BaseConnection->query()
 3 SYSTEMPATH/Model.php(319): CodeIgniter\Database\BaseBuilder->get()
 4 SYSTEMPATH/BaseModel.php(714): CodeIgniter\Model->doFirst()
 5 APPPATH/Models/SettingsModel.php(93): CodeIgniter\BaseModel->first()
 6 APPPATH/Controllers/Home.php(286): App\Models\SettingsModel->getSpecialDraw()
 7 SYSTEMPATH/CodeIgniter.php(933): App\Controllers\Home->specialDrawIndex()
 8 SYSTEMPATH/CodeIgniter.php(509): CodeIgniter\CodeIgniter->runController()
 9 SYSTEMPATH/CodeIgniter.php(355): CodeIgniter\CodeIgniter->handleRequest()
10 SYSTEMPATH/Boot.php(312): CodeIgniter\CodeIgniter->run()
11 SYSTEMPATH/Boot.php(67): CodeIgniter\Boot::runCodeIgniter()
12 FCPATH/index.php(56): CodeIgniter\Boot::bootWeb()
ERROR - 2024-12-04 11:26:24 --> Error connecting to the database: mysqli_sql_exception: Too many connections in /var/www/4dpanda.com/4dpanda_ci/system/Database/MySQLi/Connection.php:186
Stack trace:
#0 /var/www/4dpanda.com/4dpanda_ci/system/Database/MySQLi/Connection.php(186): mysqli->real_connect()
#1 /var/www/4dpanda.com/4dpanda_ci/system/Database/BaseConnection.php(421): CodeIgniter\Database\MySQLi\Connection->connect()
#2 /var/www/4dpanda.com/4dpanda_ci/system/Database/BaseConnection.php(604): CodeIgniter\Database\BaseConnection->initialize()
#3 /var/www/4dpanda.com/4dpanda_ci/system/Database/BaseBuilder.php(1629): CodeIgniter\Database\BaseConnection->query()
#4 /var/www/4dpanda.com/4dpanda_ci/system/Model.php(319): CodeIgniter\Database\BaseBuilder->get()
#5 /var/www/4dpanda.com/4dpanda_ci/system/BaseModel.php(714): CodeIgniter\Model->doFirst()
#6 /var/www/4dpanda.com/4dpanda_ci/app/Models/LotteryModel.php(23): CodeIgniter\BaseModel->first()
#7 /var/www/4dpanda.com/4dpanda_ci/app/Controllers/LotteryData.php(51): App\Models\LotteryModel->getLotteryDataByType()
#8 /var/www/4dpanda.com/4dpanda_ci/system/CodeIgniter.php(933): App\Controllers\LotteryData->fetchAll()
#9 /var/www/4dpanda.com/4dpanda_ci/system/CodeIgniter.php(509): CodeIgniter\CodeIgniter->runController()
#10 /var/www/4dpanda.com/4dpanda_ci/system/CodeIgniter.php(355): CodeIgniter\CodeIgniter->handleRequest()
#11 /var/www/4dpanda.com/4dpanda_ci/system/Boot.php(312): CodeIgniter\CodeIgniter->run()
#12 /var/www/4dpanda.com/4dpanda_ci/system/Boot.php(67): CodeIgniter\Boot::runCodeIgniter()
#13 /var/www/4dpanda.com/public_html/index.php(56): CodeIgniter\Boot::bootWeb()
#14 {main}

Next CodeIgniter\Database\Exceptions\DatabaseException: Too many connections in /var/www/4dpanda.com/4dpanda_ci/system/Database/MySQLi/Connection.php:231
Stack trace:
#0 /var/www/4dpanda.com/4dpanda_ci/system/Database/BaseConnection.php(421): CodeIgniter\Database\MySQLi\Connection->connect()
#1 /var/www/4dpanda.com/4dpanda_ci/system/Database/BaseConnection.php(604): CodeIgniter\Database\BaseConnection->initialize()
#2 /var/www/4dpanda.com/4dpanda_ci/system/Database/BaseBuilder.php(1629): CodeIgniter\Database\BaseConnection->query()
#3 /var/www/4dpanda.com/4dpanda_ci/system/Model.php(319): CodeIgniter\Database\BaseBuilder->get()
#4 /var/www/4dpanda.com/4dpanda_ci/system/BaseModel.php(714): CodeIgniter\Model->doFirst()
#5 /var/www/4dpanda.com/4dpanda_ci/app/Models/LotteryModel.php(23): CodeIgniter\BaseModel->first()
#6 /var/www/4dpanda.com/4dpanda_ci/app/Controllers/LotteryData.php(51): App\Models\LotteryModel->getLotteryDataByType()
#7 /var/www/4dpanda.com/4dpanda_ci/system/CodeIgniter.php(933): App\Controllers\LotteryData->fetchAll()
#8 /var/www/4dpanda.com/4dpanda_ci/system/CodeIgniter.php(509): CodeIgniter\CodeIgniter->runController()
#9 /var/www/4dpanda.com/4dpanda_ci/system/CodeIgniter.php(355): CodeIgniter\CodeIgniter->handleRequest()
#10 /var/www/4dpanda.com/4dpanda_ci/system/Boot.php(312): CodeIgniter\CodeIgniter->run()
#11 /var/www/4dpanda.com/4dpanda_ci/system/Boot.php(67): CodeIgniter\Boot::runCodeIgniter()
#12 /var/www/4dpanda.com/public_html/index.php(56): CodeIgniter\Boot::bootWeb()
#13 {main}
CRITICAL - 2024-12-04 11:26:24 --> CodeIgniter\Database\Exceptions\DatabaseException: Unable to connect to the database.
Main connection [MySQLi]: Too many connections
[Method: GET, Route: fetchall]
in SYSTEMPATH/Database/BaseConnection.php on line 457.
 1 SYSTEMPATH/Database/BaseConnection.php(604): CodeIgniter\Database\BaseConnection->initialize()
 2 SYSTEMPATH/Database/BaseBuilder.php(1629): CodeIgniter\Database\BaseConnection->query()
 3 SYSTEMPATH/Model.php(319): CodeIgniter\Database\BaseBuilder->get()
 4 SYSTEMPATH/BaseModel.php(714): CodeIgniter\Model->doFirst()
 5 APPPATH/Models/LotteryModel.php(23): CodeIgniter\BaseModel->first()
 6 APPPATH/Controllers/LotteryData.php(51): App\Models\LotteryModel->getLotteryDataByType()
 7 SYSTEMPATH/CodeIgniter.php(933): App\Controllers\LotteryData->fetchAll()
 8 SYSTEMPATH/CodeIgniter.php(509): CodeIgniter\CodeIgniter->runController()
 9 SYSTEMPATH/CodeIgniter.php(355): CodeIgniter\CodeIgniter->handleRequest()
10 SYSTEMPATH/Boot.php(312): CodeIgniter\CodeIgniter->run()
11 SYSTEMPATH/Boot.php(67): CodeIgniter\Boot::runCodeIgniter()
12 FCPATH/index.php(56): CodeIgniter\Boot::bootWeb()
ERROR - 2024-12-04 11:27:13 --> Error connecting to the database: mysqli_sql_exception: Too many connections in /var/www/4dpanda.com/4dpanda_ci/system/Database/MySQLi/Connection.php:186
Stack trace:
#0 /var/www/4dpanda.com/4dpanda_ci/system/Database/MySQLi/Connection.php(186): mysqli->real_connect()
#1 /var/www/4dpanda.com/4dpanda_ci/system/Database/BaseConnection.php(421): CodeIgniter\Database\MySQLi\Connection->connect()
#2 /var/www/4dpanda.com/4dpanda_ci/system/Database/BaseConnection.php(604): CodeIgniter\Database\BaseConnection->initialize()
#3 /var/www/4dpanda.com/4dpanda_ci/system/Database/BaseBuilder.php(1629): CodeIgniter\Database\BaseConnection->query()
#4 /var/www/4dpanda.com/4dpanda_ci/system/Model.php(319): CodeIgniter\Database\BaseBuilder->get()
#5 /var/www/4dpanda.com/4dpanda_ci/system/BaseModel.php(714): CodeIgniter\Model->doFirst()
#6 /var/www/4dpanda.com/4dpanda_ci/app/Models/LotteryModel.php(23): CodeIgniter\BaseModel->first()
#7 /var/www/4dpanda.com/4dpanda_ci/app/Controllers/LotteryData.php(51): App\Models\LotteryModel->getLotteryDataByType()
#8 /var/www/4dpanda.com/4dpanda_ci/system/CodeIgniter.php(933): App\Controllers\LotteryData->fetchAll()
#9 /var/www/4dpanda.com/4dpanda_ci/system/CodeIgniter.php(509): CodeIgniter\CodeIgniter->runController()
#10 /var/www/4dpanda.com/4dpanda_ci/system/CodeIgniter.php(355): CodeIgniter\CodeIgniter->handleRequest()
#11 /var/www/4dpanda.com/4dpanda_ci/system/Boot.php(312): CodeIgniter\CodeIgniter->run()
#12 /var/www/4dpanda.com/4dpanda_ci/system/Boot.php(67): CodeIgniter\Boot::runCodeIgniter()
#13 /var/www/4dpanda.com/public_html/index.php(56): CodeIgniter\Boot::bootWeb()
#14 {main}

Next CodeIgniter\Database\Exceptions\DatabaseException: Too many connections in /var/www/4dpanda.com/4dpanda_ci/system/Database/MySQLi/Connection.php:231
Stack trace:
#0 /var/www/4dpanda.com/4dpanda_ci/system/Database/BaseConnection.php(421): CodeIgniter\Database\MySQLi\Connection->connect()
#1 /var/www/4dpanda.com/4dpanda_ci/system/Database/BaseConnection.php(604): CodeIgniter\Database\BaseConnection->initialize()
#2 /var/www/4dpanda.com/4dpanda_ci/system/Database/BaseBuilder.php(1629): CodeIgniter\Database\BaseConnection->query()
#3 /var/www/4dpanda.com/4dpanda_ci/system/Model.php(319): CodeIgniter\Database\BaseBuilder->get()
#4 /var/www/4dpanda.com/4dpanda_ci/system/BaseModel.php(714): CodeIgniter\Model->doFirst()
#5 /var/www/4dpanda.com/4dpanda_ci/app/Models/LotteryModel.php(23): CodeIgniter\BaseModel->first()
#6 /var/www/4dpanda.com/4dpanda_ci/app/Controllers/LotteryData.php(51): App\Models\LotteryModel->getLotteryDataByType()
#7 /var/www/4dpanda.com/4dpanda_ci/system/CodeIgniter.php(933): App\Controllers\LotteryData->fetchAll()
#8 /var/www/4dpanda.com/4dpanda_ci/system/CodeIgniter.php(509): CodeIgniter\CodeIgniter->runController()
#9 /var/www/4dpanda.com/4dpanda_ci/system/CodeIgniter.php(355): CodeIgniter\CodeIgniter->handleRequest()
#10 /var/www/4dpanda.com/4dpanda_ci/system/Boot.php(312): CodeIgniter\CodeIgniter->run()
#11 /var/www/4dpanda.com/4dpanda_ci/system/Boot.php(67): CodeIgniter\Boot::runCodeIgniter()
#12 /var/www/4dpanda.com/public_html/index.php(56): CodeIgniter\Boot::bootWeb()
#13 {main}
CRITICAL - 2024-12-04 11:27:13 --> CodeIgniter\Database\Exceptions\DatabaseException: Unable to connect to the database.
Main connection [MySQLi]: Too many connections
[Method: GET, Route: fetchall]
in SYSTEMPATH/Database/BaseConnection.php on line 457.
 1 SYSTEMPATH/Database/BaseConnection.php(604): CodeIgniter\Database\BaseConnection->initialize()
 2 SYSTEMPATH/Database/BaseBuilder.php(1629): CodeIgniter\Database\BaseConnection->query()
 3 SYSTEMPATH/Model.php(319): CodeIgniter\Database\BaseBuilder->get()
 4 SYSTEMPATH/BaseModel.php(714): CodeIgniter\Model->doFirst()
 5 APPPATH/Models/LotteryModel.php(23): CodeIgniter\BaseModel->first()
 6 APPPATH/Controllers/LotteryData.php(51): App\Models\LotteryModel->getLotteryDataByType()
 7 SYSTEMPATH/CodeIgniter.php(933): App\Controllers\LotteryData->fetchAll()
 8 SYSTEMPATH/CodeIgniter.php(509): CodeIgniter\CodeIgniter->runController()
 9 SYSTEMPATH/CodeIgniter.php(355): CodeIgniter\CodeIgniter->handleRequest()
10 SYSTEMPATH/Boot.php(312): CodeIgniter\CodeIgniter->run()
11 SYSTEMPATH/Boot.php(67): CodeIgniter\Boot::runCodeIgniter()
12 FCPATH/index.php(56): CodeIgniter\Boot::bootWeb()
ERROR - 2024-12-04 11:29:16 --> Error connecting to the database: mysqli_sql_exception: Too many connections in /var/www/4dpanda.com/4dpanda_ci/system/Database/MySQLi/Connection.php:186
Stack trace:
#0 /var/www/4dpanda.com/4dpanda_ci/system/Database/MySQLi/Connection.php(186): mysqli->real_connect()
#1 /var/www/4dpanda.com/4dpanda_ci/system/Database/BaseConnection.php(421): CodeIgniter\Database\MySQLi\Connection->connect()
#2 /var/www/4dpanda.com/4dpanda_ci/system/Database/BaseConnection.php(604): CodeIgniter\Database\BaseConnection->initialize()
#3 /var/www/4dpanda.com/4dpanda_ci/system/Database/BaseBuilder.php(1629): CodeIgniter\Database\BaseConnection->query()
#4 /var/www/4dpanda.com/4dpanda_ci/system/Model.php(319): CodeIgniter\Database\BaseBuilder->get()
#5 /var/www/4dpanda.com/4dpanda_ci/system/BaseModel.php(714): CodeIgniter\Model->doFirst()
#6 /var/www/4dpanda.com/4dpanda_ci/app/Models/LotteryModel.php(23): CodeIgniter\BaseModel->first()
#7 /var/www/4dpanda.com/4dpanda_ci/app/Controllers/LotteryData.php(51): App\Models\LotteryModel->getLotteryDataByType()
#8 /var/www/4dpanda.com/4dpanda_ci/system/CodeIgniter.php(933): App\Controllers\LotteryData->fetchAll()
#9 /var/www/4dpanda.com/4dpanda_ci/system/CodeIgniter.php(509): CodeIgniter\CodeIgniter->runController()
#10 /var/www/4dpanda.com/4dpanda_ci/system/CodeIgniter.php(355): CodeIgniter\CodeIgniter->handleRequest()
#11 /var/www/4dpanda.com/4dpanda_ci/system/Boot.php(312): CodeIgniter\CodeIgniter->run()
#12 /var/www/4dpanda.com/4dpanda_ci/system/Boot.php(67): CodeIgniter\Boot::runCodeIgniter()
#13 /var/www/4dpanda.com/public_html/index.php(56): CodeIgniter\Boot::bootWeb()
#14 {main}

Next CodeIgniter\Database\Exceptions\DatabaseException: Too many connections in /var/www/4dpanda.com/4dpanda_ci/system/Database/MySQLi/Connection.php:231
Stack trace:
#0 /var/www/4dpanda.com/4dpanda_ci/system/Database/BaseConnection.php(421): CodeIgniter\Database\MySQLi\Connection->connect()
#1 /var/www/4dpanda.com/4dpanda_ci/system/Database/BaseConnection.php(604): CodeIgniter\Database\BaseConnection->initialize()
#2 /var/www/4dpanda.com/4dpanda_ci/system/Database/BaseBuilder.php(1629): CodeIgniter\Database\BaseConnection->query()
#3 /var/www/4dpanda.com/4dpanda_ci/system/Model.php(319): CodeIgniter\Database\BaseBuilder->get()
#4 /var/www/4dpanda.com/4dpanda_ci/system/BaseModel.php(714): CodeIgniter\Model->doFirst()
#5 /var/www/4dpanda.com/4dpanda_ci/app/Models/LotteryModel.php(23): CodeIgniter\BaseModel->first()
#6 /var/www/4dpanda.com/4dpanda_ci/app/Controllers/LotteryData.php(51): App\Models\LotteryModel->getLotteryDataByType()
#7 /var/www/4dpanda.com/4dpanda_ci/system/CodeIgniter.php(933): App\Controllers\LotteryData->fetchAll()
#8 /var/www/4dpanda.com/4dpanda_ci/system/CodeIgniter.php(509): CodeIgniter\CodeIgniter->runController()
#9 /var/www/4dpanda.com/4dpanda_ci/system/CodeIgniter.php(355): CodeIgniter\CodeIgniter->handleRequest()
#10 /var/www/4dpanda.com/4dpanda_ci/system/Boot.php(312): CodeIgniter\CodeIgniter->run()
#11 /var/www/4dpanda.com/4dpanda_ci/system/Boot.php(67): CodeIgniter\Boot::runCodeIgniter()
#12 /var/www/4dpanda.com/public_html/index.php(56): CodeIgniter\Boot::bootWeb()
#13 {main}
CRITICAL - 2024-12-04 11:29:16 --> CodeIgniter\Database\Exceptions\DatabaseException: Unable to connect to the database.
Main connection [MySQLi]: Too many connections
[Method: GET, Route: fetchall]
in SYSTEMPATH/Database/BaseConnection.php on line 457.
 1 SYSTEMPATH/Database/BaseConnection.php(604): CodeIgniter\Database\BaseConnection->initialize()
 2 SYSTEMPATH/Database/BaseBuilder.php(1629): CodeIgniter\Database\BaseConnection->query()
 3 SYSTEMPATH/Model.php(319): CodeIgniter\Database\BaseBuilder->get()
 4 SYSTEMPATH/BaseModel.php(714): CodeIgniter\Model->doFirst()
 5 APPPATH/Models/LotteryModel.php(23): CodeIgniter\BaseModel->first()
 6 APPPATH/Controllers/LotteryData.php(51): App\Models\LotteryModel->getLotteryDataByType()
 7 SYSTEMPATH/CodeIgniter.php(933): App\Controllers\LotteryData->fetchAll()
 8 SYSTEMPATH/CodeIgniter.php(509): CodeIgniter\CodeIgniter->runController()
 9 SYSTEMPATH/CodeIgniter.php(355): CodeIgniter\CodeIgniter->handleRequest()
10 SYSTEMPATH/Boot.php(312): CodeIgniter\CodeIgniter->run()
11 SYSTEMPATH/Boot.php(67): CodeIgniter\Boot::runCodeIgniter()
12 FCPATH/index.php(56): CodeIgniter\Boot::bootWeb()
ERROR - 2024-12-04 11:31:09 --> Error connecting to the database: mysqli_sql_exception: Too many connections in /var/www/4dpanda.com/4dpanda_ci/system/Database/MySQLi/Connection.php:186
Stack trace:
#0 /var/www/4dpanda.com/4dpanda_ci/system/Database/MySQLi/Connection.php(186): mysqli->real_connect()
#1 /var/www/4dpanda.com/4dpanda_ci/system/Database/BaseConnection.php(421): CodeIgniter\Database\MySQLi\Connection->connect()
#2 /var/www/4dpanda.com/4dpanda_ci/system/Database/BaseConnection.php(604): CodeIgniter\Database\BaseConnection->initialize()
#3 /var/www/4dpanda.com/4dpanda_ci/system/Database/BaseBuilder.php(1629): CodeIgniter\Database\BaseConnection->query()
#4 /var/www/4dpanda.com/4dpanda_ci/system/Model.php(319): CodeIgniter\Database\BaseBuilder->get()
#5 /var/www/4dpanda.com/4dpanda_ci/system/BaseModel.php(714): CodeIgniter\Model->doFirst()
#6 /var/www/4dpanda.com/4dpanda_ci/app/Models/LotteryModel.php(23): CodeIgniter\BaseModel->first()
#7 /var/www/4dpanda.com/4dpanda_ci/app/Controllers/LotteryData.php(51): App\Models\LotteryModel->getLotteryDataByType()
#8 /var/www/4dpanda.com/4dpanda_ci/system/CodeIgniter.php(933): App\Controllers\LotteryData->fetchAll()
#9 /var/www/4dpanda.com/4dpanda_ci/system/CodeIgniter.php(509): CodeIgniter\CodeIgniter->runController()
#10 /var/www/4dpanda.com/4dpanda_ci/system/CodeIgniter.php(355): CodeIgniter\CodeIgniter->handleRequest()
#11 /var/www/4dpanda.com/4dpanda_ci/system/Boot.php(312): CodeIgniter\CodeIgniter->run()
#12 /var/www/4dpanda.com/4dpanda_ci/system/Boot.php(67): CodeIgniter\Boot::runCodeIgniter()
#13 /var/www/4dpanda.com/public_html/index.php(56): CodeIgniter\Boot::bootWeb()
#14 {main}

Next CodeIgniter\Database\Exceptions\DatabaseException: Too many connections in /var/www/4dpanda.com/4dpanda_ci/system/Database/MySQLi/Connection.php:231
Stack trace:
#0 /var/www/4dpanda.com/4dpanda_ci/system/Database/BaseConnection.php(421): CodeIgniter\Database\MySQLi\Connection->connect()
#1 /var/www/4dpanda.com/4dpanda_ci/system/Database/BaseConnection.php(604): CodeIgniter\Database\BaseConnection->initialize()
#2 /var/www/4dpanda.com/4dpanda_ci/system/Database/BaseBuilder.php(1629): CodeIgniter\Database\BaseConnection->query()
#3 /var/www/4dpanda.com/4dpanda_ci/system/Model.php(319): CodeIgniter\Database\BaseBuilder->get()
#4 /var/www/4dpanda.com/4dpanda_ci/system/BaseModel.php(714): CodeIgniter\Model->doFirst()
#5 /var/www/4dpanda.com/4dpanda_ci/app/Models/LotteryModel.php(23): CodeIgniter\BaseModel->first()
#6 /var/www/4dpanda.com/4dpanda_ci/app/Controllers/LotteryData.php(51): App\Models\LotteryModel->getLotteryDataByType()
#7 /var/www/4dpanda.com/4dpanda_ci/system/CodeIgniter.php(933): App\Controllers\LotteryData->fetchAll()
#8 /var/www/4dpanda.com/4dpanda_ci/system/CodeIgniter.php(509): CodeIgniter\CodeIgniter->runController()
#9 /var/www/4dpanda.com/4dpanda_ci/system/CodeIgniter.php(355): CodeIgniter\CodeIgniter->handleRequest()
#10 /var/www/4dpanda.com/4dpanda_ci/system/Boot.php(312): CodeIgniter\CodeIgniter->run()
#11 /var/www/4dpanda.com/4dpanda_ci/system/Boot.php(67): CodeIgniter\Boot::runCodeIgniter()
#12 /var/www/4dpanda.com/public_html/index.php(56): CodeIgniter\Boot::bootWeb()
#13 {main}
CRITICAL - 2024-12-04 11:31:09 --> CodeIgniter\Database\Exceptions\DatabaseException: Unable to connect to the database.
Main connection [MySQLi]: Too many connections
[Method: GET, Route: fetchall]
in SYSTEMPATH/Database/BaseConnection.php on line 457.
 1 SYSTEMPATH/Database/BaseConnection.php(604): CodeIgniter\Database\BaseConnection->initialize()
 2 SYSTEMPATH/Database/BaseBuilder.php(1629): CodeIgniter\Database\BaseConnection->query()
 3 SYSTEMPATH/Model.php(319): CodeIgniter\Database\BaseBuilder->get()
 4 SYSTEMPATH/BaseModel.php(714): CodeIgniter\Model->doFirst()
 5 APPPATH/Models/LotteryModel.php(23): CodeIgniter\BaseModel->first()
 6 APPPATH/Controllers/LotteryData.php(51): App\Models\LotteryModel->getLotteryDataByType()
 7 SYSTEMPATH/CodeIgniter.php(933): App\Controllers\LotteryData->fetchAll()
 8 SYSTEMPATH/CodeIgniter.php(509): CodeIgniter\CodeIgniter->runController()
 9 SYSTEMPATH/CodeIgniter.php(355): CodeIgniter\CodeIgniter->handleRequest()
10 SYSTEMPATH/Boot.php(312): CodeIgniter\CodeIgniter->run()
11 SYSTEMPATH/Boot.php(67): CodeIgniter\Boot::runCodeIgniter()
12 FCPATH/index.php(56): CodeIgniter\Boot::bootWeb()
ERROR - 2024-12-04 11:32:39 --> Error connecting to the database: mysqli_sql_exception: Too many connections in /var/www/4dpanda.com/4dpanda_ci/system/Database/MySQLi/Connection.php:186
Stack trace:
#0 /var/www/4dpanda.com/4dpanda_ci/system/Database/MySQLi/Connection.php(186): mysqli->real_connect()
#1 /var/www/4dpanda.com/4dpanda_ci/system/Database/BaseConnection.php(421): CodeIgniter\Database\MySQLi\Connection->connect()
#2 /var/www/4dpanda.com/4dpanda_ci/system/Database/BaseConnection.php(604): CodeIgniter\Database\BaseConnection->initialize()
#3 /var/www/4dpanda.com/4dpanda_ci/system/Database/BaseBuilder.php(1629): CodeIgniter\Database\BaseConnection->query()
#4 /var/www/4dpanda.com/4dpanda_ci/system/Model.php(319): CodeIgniter\Database\BaseBuilder->get()
#5 /var/www/4dpanda.com/4dpanda_ci/system/BaseModel.php(714): CodeIgniter\Model->doFirst()
#6 /var/www/4dpanda.com/4dpanda_ci/app/Models/LotteryModel.php(23): CodeIgniter\BaseModel->first()
#7 /var/www/4dpanda.com/4dpanda_ci/app/Controllers/LotteryData.php(51): App\Models\LotteryModel->getLotteryDataByType()
#8 /var/www/4dpanda.com/4dpanda_ci/system/CodeIgniter.php(933): App\Controllers\LotteryData->fetchAll()
#9 /var/www/4dpanda.com/4dpanda_ci/system/CodeIgniter.php(509): CodeIgniter\CodeIgniter->runController()
#10 /var/www/4dpanda.com/4dpanda_ci/system/CodeIgniter.php(355): CodeIgniter\CodeIgniter->handleRequest()
#11 /var/www/4dpanda.com/4dpanda_ci/system/Boot.php(312): CodeIgniter\CodeIgniter->run()
#12 /var/www/4dpanda.com/4dpanda_ci/system/Boot.php(67): CodeIgniter\Boot::runCodeIgniter()
#13 /var/www/4dpanda.com/public_html/index.php(56): CodeIgniter\Boot::bootWeb()
#14 {main}

Next CodeIgniter\Database\Exceptions\DatabaseException: Too many connections in /var/www/4dpanda.com/4dpanda_ci/system/Database/MySQLi/Connection.php:231
Stack trace:
#0 /var/www/4dpanda.com/4dpanda_ci/system/Database/BaseConnection.php(421): CodeIgniter\Database\MySQLi\Connection->connect()
#1 /var/www/4dpanda.com/4dpanda_ci/system/Database/BaseConnection.php(604): CodeIgniter\Database\BaseConnection->initialize()
#2 /var/www/4dpanda.com/4dpanda_ci/system/Database/BaseBuilder.php(1629): CodeIgniter\Database\BaseConnection->query()
#3 /var/www/4dpanda.com/4dpanda_ci/system/Model.php(319): CodeIgniter\Database\BaseBuilder->get()
#4 /var/www/4dpanda.com/4dpanda_ci/system/BaseModel.php(714): CodeIgniter\Model->doFirst()
#5 /var/www/4dpanda.com/4dpanda_ci/app/Models/LotteryModel.php(23): CodeIgniter\BaseModel->first()
#6 /var/www/4dpanda.com/4dpanda_ci/app/Controllers/LotteryData.php(51): App\Models\LotteryModel->getLotteryDataByType()
#7 /var/www/4dpanda.com/4dpanda_ci/system/CodeIgniter.php(933): App\Controllers\LotteryData->fetchAll()
#8 /var/www/4dpanda.com/4dpanda_ci/system/CodeIgniter.php(509): CodeIgniter\CodeIgniter->runController()
#9 /var/www/4dpanda.com/4dpanda_ci/system/CodeIgniter.php(355): CodeIgniter\CodeIgniter->handleRequest()
#10 /var/www/4dpanda.com/4dpanda_ci/system/Boot.php(312): CodeIgniter\CodeIgniter->run()
#11 /var/www/4dpanda.com/4dpanda_ci/system/Boot.php(67): CodeIgniter\Boot::runCodeIgniter()
#12 /var/www/4dpanda.com/public_html/index.php(56): CodeIgniter\Boot::bootWeb()
#13 {main}
CRITICAL - 2024-12-04 11:32:39 --> CodeIgniter\Database\Exceptions\DatabaseException: Unable to connect to the database.
Main connection [MySQLi]: Too many connections
[Method: GET, Route: fetchall]
in SYSTEMPATH/Database/BaseConnection.php on line 457.
 1 SYSTEMPATH/Database/BaseConnection.php(604): CodeIgniter\Database\BaseConnection->initialize()
 2 SYSTEMPATH/Database/BaseBuilder.php(1629): CodeIgniter\Database\BaseConnection->query()
 3 SYSTEMPATH/Model.php(319): CodeIgniter\Database\BaseBuilder->get()
 4 SYSTEMPATH/BaseModel.php(714): CodeIgniter\Model->doFirst()
 5 APPPATH/Models/LotteryModel.php(23): CodeIgniter\BaseModel->first()
 6 APPPATH/Controllers/LotteryData.php(51): App\Models\LotteryModel->getLotteryDataByType()
 7 SYSTEMPATH/CodeIgniter.php(933): App\Controllers\LotteryData->fetchAll()
 8 SYSTEMPATH/CodeIgniter.php(509): CodeIgniter\CodeIgniter->runController()
 9 SYSTEMPATH/CodeIgniter.php(355): CodeIgniter\CodeIgniter->handleRequest()
10 SYSTEMPATH/Boot.php(312): CodeIgniter\CodeIgniter->run()
11 SYSTEMPATH/Boot.php(67): CodeIgniter\Boot::runCodeIgniter()
12 FCPATH/index.php(56): CodeIgniter\Boot::bootWeb()
ERROR - 2024-12-04 11:42:21 --> Error connecting to the database: mysqli_sql_exception: Too many connections in /var/www/4dpanda.com/4dpanda_ci/system/Database/MySQLi/Connection.php:186
Stack trace:
#0 /var/www/4dpanda.com/4dpanda_ci/system/Database/MySQLi/Connection.php(186): mysqli->real_connect()
#1 /var/www/4dpanda.com/4dpanda_ci/system/Database/BaseConnection.php(421): CodeIgniter\Database\MySQLi\Connection->connect()
#2 /var/www/4dpanda.com/4dpanda_ci/system/Database/BaseConnection.php(604): CodeIgniter\Database\BaseConnection->initialize()
#3 /var/www/4dpanda.com/4dpanda_ci/system/Database/BaseBuilder.php(1629): CodeIgniter\Database\BaseConnection->query()
#4 /var/www/4dpanda.com/4dpanda_ci/system/Model.php(275): CodeIgniter\Database\BaseBuilder->get()
#5 /var/www/4dpanda.com/4dpanda_ci/system/BaseModel.php(676): CodeIgniter\Model->doFindAll()
#6 /var/www/4dpanda.com/4dpanda_ci/app/Models/NumberHistoryModel.php(58): CodeIgniter\BaseModel->findAll()
#7 /var/www/4dpanda.com/4dpanda_ci/app/Controllers/SearchController.php(246): App\Models\NumberHistoryModel->getResultsByNumbers()
#8 /var/www/4dpanda.com/4dpanda_ci/app/Controllers/SearchController.php(27): App\Controllers\SearchController->searchDatabase()
#9 /var/www/4dpanda.com/4dpanda_ci/system/CodeIgniter.php(933): App\Controllers\SearchController->numberIndex()
#10 /var/www/4dpanda.com/4dpanda_ci/system/CodeIgniter.php(509): CodeIgniter\CodeIgniter->runController()
#11 /var/www/4dpanda.com/4dpanda_ci/system/CodeIgniter.php(355): CodeIgniter\CodeIgniter->handleRequest()
#12 /var/www/4dpanda.com/4dpanda_ci/system/Boot.php(312): CodeIgniter\CodeIgniter->run()
#13 /var/www/4dpanda.com/4dpanda_ci/system/Boot.php(67): CodeIgniter\Boot::runCodeIgniter()
#14 /var/www/4dpanda.com/public_html/index.php(56): CodeIgniter\Boot::bootWeb()
#15 {main}

Next CodeIgniter\Database\Exceptions\DatabaseException: Too many connections in /var/www/4dpanda.com/4dpanda_ci/system/Database/MySQLi/Connection.php:231
Stack trace:
#0 /var/www/4dpanda.com/4dpanda_ci/system/Database/BaseConnection.php(421): CodeIgniter\Database\MySQLi\Connection->connect()
#1 /var/www/4dpanda.com/4dpanda_ci/system/Database/BaseConnection.php(604): CodeIgniter\Database\BaseConnection->initialize()
#2 /var/www/4dpanda.com/4dpanda_ci/system/Database/BaseBuilder.php(1629): CodeIgniter\Database\BaseConnection->query()
#3 /var/www/4dpanda.com/4dpanda_ci/system/Model.php(275): CodeIgniter\Database\BaseBuilder->get()
#4 /var/www/4dpanda.com/4dpanda_ci/system/BaseModel.php(676): CodeIgniter\Model->doFindAll()
#5 /var/www/4dpanda.com/4dpanda_ci/app/Models/NumberHistoryModel.php(58): CodeIgniter\BaseModel->findAll()
#6 /var/www/4dpanda.com/4dpanda_ci/app/Controllers/SearchController.php(246): App\Models\NumberHistoryModel->getResultsByNumbers()
#7 /var/www/4dpanda.com/4dpanda_ci/app/Controllers/SearchController.php(27): App\Controllers\SearchController->searchDatabase()
#8 /var/www/4dpanda.com/4dpanda_ci/system/CodeIgniter.php(933): App\Controllers\SearchController->numberIndex()
#9 /var/www/4dpanda.com/4dpanda_ci/system/CodeIgniter.php(509): CodeIgniter\CodeIgniter->runController()
#10 /var/www/4dpanda.com/4dpanda_ci/system/CodeIgniter.php(355): CodeIgniter\CodeIgniter->handleRequest()
#11 /var/www/4dpanda.com/4dpanda_ci/system/Boot.php(312): CodeIgniter\CodeIgniter->run()
#12 /var/www/4dpanda.com/4dpanda_ci/system/Boot.php(67): CodeIgniter\Boot::runCodeIgniter()
#13 /var/www/4dpanda.com/public_html/index.php(56): CodeIgniter\Boot::bootWeb()
#14 {main}
CRITICAL - 2024-12-04 11:42:21 --> CodeIgniter\Database\Exceptions\DatabaseException: Unable to connect to the database.
Main connection [MySQLi]: Too many connections
[Method: GET, Route: history/7378]
in SYSTEMPATH/Database/BaseConnection.php on line 457.
 1 SYSTEMPATH/Database/BaseConnection.php(604): CodeIgniter\Database\BaseConnection->initialize()
 2 SYSTEMPATH/Database/BaseBuilder.php(1629): CodeIgniter\Database\BaseConnection->query()
 3 SYSTEMPATH/Model.php(275): CodeIgniter\Database\BaseBuilder->get()
 4 SYSTEMPATH/BaseModel.php(676): CodeIgniter\Model->doFindAll()
 5 APPPATH/Models/NumberHistoryModel.php(58): CodeIgniter\BaseModel->findAll()
 6 APPPATH/Controllers/SearchController.php(246): App\Models\NumberHistoryModel->getResultsByNumbers()
 7 APPPATH/Controllers/SearchController.php(27): App\Controllers\SearchController->searchDatabase()
 8 SYSTEMPATH/CodeIgniter.php(933): App\Controllers\SearchController->numberIndex()
 9 SYSTEMPATH/CodeIgniter.php(509): CodeIgniter\CodeIgniter->runController()
10 SYSTEMPATH/CodeIgniter.php(355): CodeIgniter\CodeIgniter->handleRequest()
11 SYSTEMPATH/Boot.php(312): CodeIgniter\CodeIgniter->run()
12 SYSTEMPATH/Boot.php(67): CodeIgniter\Boot::runCodeIgniter()
13 FCPATH/index.php(56): CodeIgniter\Boot::bootWeb()
ERROR - 2024-12-04 11:43:43 --> Error connecting to the database: mysqli_sql_exception: Too many connections in /var/www/4dpanda.com/4dpanda_ci/system/Database/MySQLi/Connection.php:186
Stack trace:
#0 /var/www/4dpanda.com/4dpanda_ci/system/Database/MySQLi/Connection.php(186): mysqli->real_connect()
#1 /var/www/4dpanda.com/4dpanda_ci/system/Database/BaseConnection.php(421): CodeIgniter\Database\MySQLi\Connection->connect()
#2 /var/www/4dpanda.com/4dpanda_ci/system/Database/BaseConnection.php(604): CodeIgniter\Database\BaseConnection->initialize()
#3 /var/www/4dpanda.com/4dpanda_ci/system/Database/BaseBuilder.php(1629): CodeIgniter\Database\BaseConnection->query()
#4 /var/www/4dpanda.com/4dpanda_ci/system/Model.php(319): CodeIgniter\Database\BaseBuilder->get()
#5 /var/www/4dpanda.com/4dpanda_ci/system/BaseModel.php(714): CodeIgniter\Model->doFirst()
#6 /var/www/4dpanda.com/4dpanda_ci/app/Models/LotteryModel.php(23): CodeIgniter\BaseModel->first()
#7 /var/www/4dpanda.com/4dpanda_ci/app/Controllers/Home.php(64): App\Models\LotteryModel->getLotteryDataByType()
#8 /var/www/4dpanda.com/4dpanda_ci/app/Controllers/Home.php(21): App\Controllers\Home->fetchAll()
#9 /var/www/4dpanda.com/4dpanda_ci/system/CodeIgniter.php(933): App\Controllers\Home->index()
#10 /var/www/4dpanda.com/4dpanda_ci/system/CodeIgniter.php(509): CodeIgniter\CodeIgniter->runController()
#11 /var/www/4dpanda.com/4dpanda_ci/system/CodeIgniter.php(355): CodeIgniter\CodeIgniter->handleRequest()
#12 /var/www/4dpanda.com/4dpanda_ci/system/Boot.php(312): CodeIgniter\CodeIgniter->run()
#13 /var/www/4dpanda.com/4dpanda_ci/system/Boot.php(67): CodeIgniter\Boot::runCodeIgniter()
#14 /var/www/4dpanda.com/public_html/index.php(56): CodeIgniter\Boot::bootWeb()
#15 {main}

Next CodeIgniter\Database\Exceptions\DatabaseException: Too many connections in /var/www/4dpanda.com/4dpanda_ci/system/Database/MySQLi/Connection.php:231
Stack trace:
#0 /var/www/4dpanda.com/4dpanda_ci/system/Database/BaseConnection.php(421): CodeIgniter\Database\MySQLi\Connection->connect()
#1 /var/www/4dpanda.com/4dpanda_ci/system/Database/BaseConnection.php(604): CodeIgniter\Database\BaseConnection->initialize()
#2 /var/www/4dpanda.com/4dpanda_ci/system/Database/BaseBuilder.php(1629): CodeIgniter\Database\BaseConnection->query()
#3 /var/www/4dpanda.com/4dpanda_ci/system/Model.php(319): CodeIgniter\Database\BaseBuilder->get()
#4 /var/www/4dpanda.com/4dpanda_ci/system/BaseModel.php(714): CodeIgniter\Model->doFirst()
#5 /var/www/4dpanda.com/4dpanda_ci/app/Models/LotteryModel.php(23): CodeIgniter\BaseModel->first()
#6 /var/www/4dpanda.com/4dpanda_ci/app/Controllers/Home.php(64): App\Models\LotteryModel->getLotteryDataByType()
#7 /var/www/4dpanda.com/4dpanda_ci/app/Controllers/Home.php(21): App\Controllers\Home->fetchAll()
#8 /var/www/4dpanda.com/4dpanda_ci/system/CodeIgniter.php(933): App\Controllers\Home->index()
#9 /var/www/4dpanda.com/4dpanda_ci/system/CodeIgniter.php(509): CodeIgniter\CodeIgniter->runController()
#10 /var/www/4dpanda.com/4dpanda_ci/system/CodeIgniter.php(355): CodeIgniter\CodeIgniter->handleRequest()
#11 /var/www/4dpanda.com/4dpanda_ci/system/Boot.php(312): CodeIgniter\CodeIgniter->run()
#12 /var/www/4dpanda.com/4dpanda_ci/system/Boot.php(67): CodeIgniter\Boot::runCodeIgniter()
#13 /var/www/4dpanda.com/public_html/index.php(56): CodeIgniter\Boot::bootWeb()
#14 {main}
CRITICAL - 2024-12-04 11:43:43 --> CodeIgniter\Database\Exceptions\DatabaseException: Unable to connect to the database.
Main connection [MySQLi]: Too many connections
[Method: GET, Route: /]
in SYSTEMPATH/Database/BaseConnection.php on line 457.
 1 SYSTEMPATH/Database/BaseConnection.php(604): CodeIgniter\Database\BaseConnection->initialize()
 2 SYSTEMPATH/Database/BaseBuilder.php(1629): CodeIgniter\Database\BaseConnection->query()
 3 SYSTEMPATH/Model.php(319): CodeIgniter\Database\BaseBuilder->get()
 4 SYSTEMPATH/BaseModel.php(714): CodeIgniter\Model->doFirst()
 5 APPPATH/Models/LotteryModel.php(23): CodeIgniter\BaseModel->first()
 6 APPPATH/Controllers/Home.php(64): App\Models\LotteryModel->getLotteryDataByType()
 7 APPPATH/Controllers/Home.php(21): App\Controllers\Home->fetchAll()
 8 SYSTEMPATH/CodeIgniter.php(933): App\Controllers\Home->index()
 9 SYSTEMPATH/CodeIgniter.php(509): CodeIgniter\CodeIgniter->runController()
10 SYSTEMPATH/CodeIgniter.php(355): CodeIgniter\CodeIgniter->handleRequest()
11 SYSTEMPATH/Boot.php(312): CodeIgniter\CodeIgniter->run()
12 SYSTEMPATH/Boot.php(67): CodeIgniter\Boot::runCodeIgniter()
13 FCPATH/index.php(56): CodeIgniter\Boot::bootWeb()
ERROR - 2024-12-04 11:44:44 --> Error connecting to the database: mysqli_sql_exception: Too many connections in /var/www/4dpanda.com/4dpanda_ci/system/Database/MySQLi/Connection.php:186
Stack trace:
#0 /var/www/4dpanda.com/4dpanda_ci/system/Database/MySQLi/Connection.php(186): mysqli->real_connect()
#1 /var/www/4dpanda.com/4dpanda_ci/system/Database/BaseConnection.php(421): CodeIgniter\Database\MySQLi\Connection->connect()
#2 /var/www/4dpanda.com/4dpanda_ci/system/Database/BaseConnection.php(604): CodeIgniter\Database\BaseConnection->initialize()
#3 /var/www/4dpanda.com/4dpanda_ci/system/Database/BaseBuilder.php(1629): CodeIgniter\Database\BaseConnection->query()
#4 /var/www/4dpanda.com/4dpanda_ci/system/Model.php(275): CodeIgniter\Database\BaseBuilder->get()
#5 /var/www/4dpanda.com/4dpanda_ci/system/BaseModel.php(676): CodeIgniter\Model->doFindAll()
#6 /var/www/4dpanda.com/4dpanda_ci/app/Models/NumberHistoryModel.php(58): CodeIgniter\BaseModel->findAll()
#7 /var/www/4dpanda.com/4dpanda_ci/app/Controllers/SearchController.php(246): App\Models\NumberHistoryModel->getResultsByNumbers()
#8 /var/www/4dpanda.com/4dpanda_ci/app/Controllers/SearchController.php(27): App\Controllers\SearchController->searchDatabase()
#9 /var/www/4dpanda.com/4dpanda_ci/system/CodeIgniter.php(933): App\Controllers\SearchController->numberIndex()
#10 /var/www/4dpanda.com/4dpanda_ci/system/CodeIgniter.php(509): CodeIgniter\CodeIgniter->runController()
#11 /var/www/4dpanda.com/4dpanda_ci/system/CodeIgniter.php(355): CodeIgniter\CodeIgniter->handleRequest()
#12 /var/www/4dpanda.com/4dpanda_ci/system/Boot.php(312): CodeIgniter\CodeIgniter->run()
#13 /var/www/4dpanda.com/4dpanda_ci/system/Boot.php(67): CodeIgniter\Boot::runCodeIgniter()
#14 /var/www/4dpanda.com/public_html/index.php(56): CodeIgniter\Boot::bootWeb()
#15 {main}

Next CodeIgniter\Database\Exceptions\DatabaseException: Too many connections in /var/www/4dpanda.com/4dpanda_ci/system/Database/MySQLi/Connection.php:231
Stack trace:
#0 /var/www/4dpanda.com/4dpanda_ci/system/Database/BaseConnection.php(421): CodeIgniter\Database\MySQLi\Connection->connect()
#1 /var/www/4dpanda.com/4dpanda_ci/system/Database/BaseConnection.php(604): CodeIgniter\Database\BaseConnection->initialize()
#2 /var/www/4dpanda.com/4dpanda_ci/system/Database/BaseBuilder.php(1629): CodeIgniter\Database\BaseConnection->query()
#3 /var/www/4dpanda.com/4dpanda_ci/system/Model.php(275): CodeIgniter\Database\BaseBuilder->get()
#4 /var/www/4dpanda.com/4dpanda_ci/system/BaseModel.php(676): CodeIgniter\Model->doFindAll()
#5 /var/www/4dpanda.com/4dpanda_ci/app/Models/NumberHistoryModel.php(58): CodeIgniter\BaseModel->findAll()
#6 /var/www/4dpanda.com/4dpanda_ci/app/Controllers/SearchController.php(246): App\Models\NumberHistoryModel->getResultsByNumbers()
#7 /var/www/4dpanda.com/4dpanda_ci/app/Controllers/SearchController.php(27): App\Controllers\SearchController->searchDatabase()
#8 /var/www/4dpanda.com/4dpanda_ci/system/CodeIgniter.php(933): App\Controllers\SearchController->numberIndex()
#9 /var/www/4dpanda.com/4dpanda_ci/system/CodeIgniter.php(509): CodeIgniter\CodeIgniter->runController()
#10 /var/www/4dpanda.com/4dpanda_ci/system/CodeIgniter.php(355): CodeIgniter\CodeIgniter->handleRequest()
#11 /var/www/4dpanda.com/4dpanda_ci/system/Boot.php(312): CodeIgniter\CodeIgniter->run()
#12 /var/www/4dpanda.com/4dpanda_ci/system/Boot.php(67): CodeIgniter\Boot::runCodeIgniter()
#13 /var/www/4dpanda.com/public_html/index.php(56): CodeIgniter\Boot::bootWeb()
#14 {main}
CRITICAL - 2024-12-04 11:44:44 --> CodeIgniter\Database\Exceptions\DatabaseException: Unable to connect to the database.
Main connection [MySQLi]: Too many connections
[Method: GET, Route: history/9056]
in SYSTEMPATH/Database/BaseConnection.php on line 457.
 1 SYSTEMPATH/Database/BaseConnection.php(604): CodeIgniter\Database\BaseConnection->initialize()
 2 SYSTEMPATH/Database/BaseBuilder.php(1629): CodeIgniter\Database\BaseConnection->query()
 3 SYSTEMPATH/Model.php(275): CodeIgniter\Database\BaseBuilder->get()
 4 SYSTEMPATH/BaseModel.php(676): CodeIgniter\Model->doFindAll()
 5 APPPATH/Models/NumberHistoryModel.php(58): CodeIgniter\BaseModel->findAll()
 6 APPPATH/Controllers/SearchController.php(246): App\Models\NumberHistoryModel->getResultsByNumbers()
 7 APPPATH/Controllers/SearchController.php(27): App\Controllers\SearchController->searchDatabase()
 8 SYSTEMPATH/CodeIgniter.php(933): App\Controllers\SearchController->numberIndex()
 9 SYSTEMPATH/CodeIgniter.php(509): CodeIgniter\CodeIgniter->runController()
10 SYSTEMPATH/CodeIgniter.php(355): CodeIgniter\CodeIgniter->handleRequest()
11 SYSTEMPATH/Boot.php(312): CodeIgniter\CodeIgniter->run()
12 SYSTEMPATH/Boot.php(67): CodeIgniter\Boot::runCodeIgniter()
13 FCPATH/index.php(56): CodeIgniter\Boot::bootWeb()
ERROR - 2024-12-04 11:45:03 --> Error connecting to the database: mysqli_sql_exception: Too many connections in /var/www/4dpanda.com/4dpanda_ci/system/Database/MySQLi/Connection.php:186
Stack trace:
#0 /var/www/4dpanda.com/4dpanda_ci/system/Database/MySQLi/Connection.php(186): mysqli->real_connect()
#1 /var/www/4dpanda.com/4dpanda_ci/system/Database/BaseConnection.php(421): CodeIgniter\Database\MySQLi\Connection->connect()
#2 /var/www/4dpanda.com/4dpanda_ci/system/Database/BaseConnection.php(604): CodeIgniter\Database\BaseConnection->initialize()
#3 /var/www/4dpanda.com/4dpanda_ci/system/Database/BaseBuilder.php(1629): CodeIgniter\Database\BaseConnection->query()
#4 /var/www/4dpanda.com/4dpanda_ci/system/Model.php(275): CodeIgniter\Database\BaseBuilder->get()
#5 /var/www/4dpanda.com/4dpanda_ci/system/BaseModel.php(676): CodeIgniter\Model->doFindAll()
#6 /var/www/4dpanda.com/4dpanda_ci/app/Models/NumberHistoryModel.php(58): CodeIgniter\BaseModel->findAll()
#7 /var/www/4dpanda.com/4dpanda_ci/app/Controllers/SearchController.php(246): App\Models\NumberHistoryModel->getResultsByNumbers()
#8 /var/www/4dpanda.com/4dpanda_ci/app/Controllers/SearchController.php(27): App\Controllers\SearchController->searchDatabase()
#9 /var/www/4dpanda.com/4dpanda_ci/system/CodeIgniter.php(933): App\Controllers\SearchController->numberIndex()
#10 /var/www/4dpanda.com/4dpanda_ci/system/CodeIgniter.php(509): CodeIgniter\CodeIgniter->runController()
#11 /var/www/4dpanda.com/4dpanda_ci/system/CodeIgniter.php(355): CodeIgniter\CodeIgniter->handleRequest()
#12 /var/www/4dpanda.com/4dpanda_ci/system/Boot.php(312): CodeIgniter\CodeIgniter->run()
#13 /var/www/4dpanda.com/4dpanda_ci/system/Boot.php(67): CodeIgniter\Boot::runCodeIgniter()
#14 /var/www/4dpanda.com/public_html/index.php(56): CodeIgniter\Boot::bootWeb()
#15 {main}

Next CodeIgniter\Database\Exceptions\DatabaseException: Too many connections in /var/www/4dpanda.com/4dpanda_ci/system/Database/MySQLi/Connection.php:231
Stack trace:
#0 /var/www/4dpanda.com/4dpanda_ci/system/Database/BaseConnection.php(421): CodeIgniter\Database\MySQLi\Connection->connect()
#1 /var/www/4dpanda.com/4dpanda_ci/system/Database/BaseConnection.php(604): CodeIgniter\Database\BaseConnection->initialize()
#2 /var/www/4dpanda.com/4dpanda_ci/system/Database/BaseBuilder.php(1629): CodeIgniter\Database\BaseConnection->query()
#3 /var/www/4dpanda.com/4dpanda_ci/system/Model.php(275): CodeIgniter\Database\BaseBuilder->get()
#4 /var/www/4dpanda.com/4dpanda_ci/system/BaseModel.php(676): CodeIgniter\Model->doFindAll()
#5 /var/www/4dpanda.com/4dpanda_ci/app/Models/NumberHistoryModel.php(58): CodeIgniter\BaseModel->findAll()
#6 /var/www/4dpanda.com/4dpanda_ci/app/Controllers/SearchController.php(246): App\Models\NumberHistoryModel->getResultsByNumbers()
#7 /var/www/4dpanda.com/4dpanda_ci/app/Controllers/SearchController.php(27): App\Controllers\SearchController->searchDatabase()
#8 /var/www/4dpanda.com/4dpanda_ci/system/CodeIgniter.php(933): App\Controllers\SearchController->numberIndex()
#9 /var/www/4dpanda.com/4dpanda_ci/system/CodeIgniter.php(509): CodeIgniter\CodeIgniter->runController()
#10 /var/www/4dpanda.com/4dpanda_ci/system/CodeIgniter.php(355): CodeIgniter\CodeIgniter->handleRequest()
#11 /var/www/4dpanda.com/4dpanda_ci/system/Boot.php(312): CodeIgniter\CodeIgniter->run()
#12 /var/www/4dpanda.com/4dpanda_ci/system/Boot.php(67): CodeIgniter\Boot::runCodeIgniter()
#13 /var/www/4dpanda.com/public_html/index.php(56): CodeIgniter\Boot::bootWeb()
#14 {main}
CRITICAL - 2024-12-04 11:45:03 --> CodeIgniter\Database\Exceptions\DatabaseException: Unable to connect to the database.
Main connection [MySQLi]: Too many connections
[Method: GET, Route: history/6474]
in SYSTEMPATH/Database/BaseConnection.php on line 457.
 1 SYSTEMPATH/Database/BaseConnection.php(604): CodeIgniter\Database\BaseConnection->initialize()
 2 SYSTEMPATH/Database/BaseBuilder.php(1629): CodeIgniter\Database\BaseConnection->query()
 3 SYSTEMPATH/Model.php(275): CodeIgniter\Database\BaseBuilder->get()
 4 SYSTEMPATH/BaseModel.php(676): CodeIgniter\Model->doFindAll()
 5 APPPATH/Models/NumberHistoryModel.php(58): CodeIgniter\BaseModel->findAll()
 6 APPPATH/Controllers/SearchController.php(246): App\Models\NumberHistoryModel->getResultsByNumbers()
 7 APPPATH/Controllers/SearchController.php(27): App\Controllers\SearchController->searchDatabase()
 8 SYSTEMPATH/CodeIgniter.php(933): App\Controllers\SearchController->numberIndex()
 9 SYSTEMPATH/CodeIgniter.php(509): CodeIgniter\CodeIgniter->runController()
10 SYSTEMPATH/CodeIgniter.php(355): CodeIgniter\CodeIgniter->handleRequest()
11 SYSTEMPATH/Boot.php(312): CodeIgniter\CodeIgniter->run()
12 SYSTEMPATH/Boot.php(67): CodeIgniter\Boot::runCodeIgniter()
13 FCPATH/index.php(56): CodeIgniter\Boot::bootWeb()
ERROR - 2024-12-04 11:53:22 --> Error connecting to the database: mysqli_sql_exception: Too many connections in /var/www/4dpanda.com/4dpanda_ci/system/Database/MySQLi/Connection.php:186
Stack trace:
#0 /var/www/4dpanda.com/4dpanda_ci/system/Database/MySQLi/Connection.php(186): mysqli->real_connect()
#1 /var/www/4dpanda.com/4dpanda_ci/system/Database/BaseConnection.php(421): CodeIgniter\Database\MySQLi\Connection->connect()
#2 /var/www/4dpanda.com/4dpanda_ci/system/Database/BaseConnection.php(604): CodeIgniter\Database\BaseConnection->initialize()
#3 /var/www/4dpanda.com/4dpanda_ci/system/Database/BaseBuilder.php(1629): CodeIgniter\Database\BaseConnection->query()
#4 /var/www/4dpanda.com/4dpanda_ci/system/Model.php(275): CodeIgniter\Database\BaseBuilder->get()
#5 /var/www/4dpanda.com/4dpanda_ci/system/BaseModel.php(676): CodeIgniter\Model->doFindAll()
#6 /var/www/4dpanda.com/4dpanda_ci/app/Models/NumberHistoryModel.php(58): CodeIgniter\BaseModel->findAll()
#7 /var/www/4dpanda.com/4dpanda_ci/app/Controllers/SearchController.php(246): App\Models\NumberHistoryModel->getResultsByNumbers()
#8 /var/www/4dpanda.com/4dpanda_ci/app/Controllers/SearchController.php(27): App\Controllers\SearchController->searchDatabase()
#9 /var/www/4dpanda.com/4dpanda_ci/system/CodeIgniter.php(933): App\Controllers\SearchController->numberIndex()
#10 /var/www/4dpanda.com/4dpanda_ci/system/CodeIgniter.php(509): CodeIgniter\CodeIgniter->runController()
#11 /var/www/4dpanda.com/4dpanda_ci/system/CodeIgniter.php(355): CodeIgniter\CodeIgniter->handleRequest()
#12 /var/www/4dpanda.com/4dpanda_ci/system/Boot.php(312): CodeIgniter\CodeIgniter->run()
#13 /var/www/4dpanda.com/4dpanda_ci/system/Boot.php(67): CodeIgniter\Boot::runCodeIgniter()
#14 /var/www/4dpanda.com/public_html/index.php(56): CodeIgniter\Boot::bootWeb()
#15 {main}

Next CodeIgniter\Database\Exceptions\DatabaseException: Too many connections in /var/www/4dpanda.com/4dpanda_ci/system/Database/MySQLi/Connection.php:231
Stack trace:
#0 /var/www/4dpanda.com/4dpanda_ci/system/Database/BaseConnection.php(421): CodeIgniter\Database\MySQLi\Connection->connect()
#1 /var/www/4dpanda.com/4dpanda_ci/system/Database/BaseConnection.php(604): CodeIgniter\Database\BaseConnection->initialize()
#2 /var/www/4dpanda.com/4dpanda_ci/system/Database/BaseBuilder.php(1629): CodeIgniter\Database\BaseConnection->query()
#3 /var/www/4dpanda.com/4dpanda_ci/system/Model.php(275): CodeIgniter\Database\BaseBuilder->get()
#4 /var/www/4dpanda.com/4dpanda_ci/system/BaseModel.php(676): CodeIgniter\Model->doFindAll()
#5 /var/www/4dpanda.com/4dpanda_ci/app/Models/NumberHistoryModel.php(58): CodeIgniter\BaseModel->findAll()
#6 /var/www/4dpanda.com/4dpanda_ci/app/Controllers/SearchController.php(246): App\Models\NumberHistoryModel->getResultsByNumbers()
#7 /var/www/4dpanda.com/4dpanda_ci/app/Controllers/SearchController.php(27): App\Controllers\SearchController->searchDatabase()
#8 /var/www/4dpanda.com/4dpanda_ci/system/CodeIgniter.php(933): App\Controllers\SearchController->numberIndex()
#9 /var/www/4dpanda.com/4dpanda_ci/system/CodeIgniter.php(509): CodeIgniter\CodeIgniter->runController()
#10 /var/www/4dpanda.com/4dpanda_ci/system/CodeIgniter.php(355): CodeIgniter\CodeIgniter->handleRequest()
#11 /var/www/4dpanda.com/4dpanda_ci/system/Boot.php(312): CodeIgniter\CodeIgniter->run()
#12 /var/www/4dpanda.com/4dpanda_ci/system/Boot.php(67): CodeIgniter\Boot::runCodeIgniter()
#13 /var/www/4dpanda.com/public_html/index.php(56): CodeIgniter\Boot::bootWeb()
#14 {main}
CRITICAL - 2024-12-04 11:53:22 --> CodeIgniter\Database\Exceptions\DatabaseException: Unable to connect to the database.
Main connection [MySQLi]: Too many connections
[Method: GET, Route: history/6444]
in SYSTEMPATH/Database/BaseConnection.php on line 457.
 1 SYSTEMPATH/Database/BaseConnection.php(604): CodeIgniter\Database\BaseConnection->initialize()
 2 SYSTEMPATH/Database/BaseBuilder.php(1629): CodeIgniter\Database\BaseConnection->query()
 3 SYSTEMPATH/Model.php(275): CodeIgniter\Database\BaseBuilder->get()
 4 SYSTEMPATH/BaseModel.php(676): CodeIgniter\Model->doFindAll()
 5 APPPATH/Models/NumberHistoryModel.php(58): CodeIgniter\BaseModel->findAll()
 6 APPPATH/Controllers/SearchController.php(246): App\Models\NumberHistoryModel->getResultsByNumbers()
 7 APPPATH/Controllers/SearchController.php(27): App\Controllers\SearchController->searchDatabase()
 8 SYSTEMPATH/CodeIgniter.php(933): App\Controllers\SearchController->numberIndex()
 9 SYSTEMPATH/CodeIgniter.php(509): CodeIgniter\CodeIgniter->runController()
10 SYSTEMPATH/CodeIgniter.php(355): CodeIgniter\CodeIgniter->handleRequest()
11 SYSTEMPATH/Boot.php(312): CodeIgniter\CodeIgniter->run()
12 SYSTEMPATH/Boot.php(67): CodeIgniter\Boot::runCodeIgniter()
13 FCPATH/index.php(56): CodeIgniter\Boot::bootWeb()
ERROR - 2024-12-04 12:42:40 --> Error connecting to the database: mysqli_sql_exception: Too many connections in /var/www/4dpanda.com/4dpanda_ci/system/Database/MySQLi/Connection.php:186
Stack trace:
#0 /var/www/4dpanda.com/4dpanda_ci/system/Database/MySQLi/Connection.php(186): mysqli->real_connect()
#1 /var/www/4dpanda.com/4dpanda_ci/system/Database/BaseConnection.php(421): CodeIgniter\Database\MySQLi\Connection->connect()
#2 /var/www/4dpanda.com/4dpanda_ci/system/Database/BaseConnection.php(604): CodeIgniter\Database\BaseConnection->initialize()
#3 /var/www/4dpanda.com/4dpanda_ci/system/Database/BaseBuilder.php(1629): CodeIgniter\Database\BaseConnection->query()
#4 /var/www/4dpanda.com/4dpanda_ci/system/Model.php(319): CodeIgniter\Database\BaseBuilder->get()
#5 /var/www/4dpanda.com/4dpanda_ci/system/BaseModel.php(714): CodeIgniter\Model->doFirst()
#6 /var/www/4dpanda.com/4dpanda_ci/app/Models/LotteryModel.php(23): CodeIgniter\BaseModel->first()
#7 /var/www/4dpanda.com/4dpanda_ci/app/Controllers/LotteryData.php(51): App\Models\LotteryModel->getLotteryDataByType()
#8 /var/www/4dpanda.com/4dpanda_ci/system/CodeIgniter.php(933): App\Controllers\LotteryData->fetchAll()
#9 /var/www/4dpanda.com/4dpanda_ci/system/CodeIgniter.php(509): CodeIgniter\CodeIgniter->runController()
#10 /var/www/4dpanda.com/4dpanda_ci/system/CodeIgniter.php(355): CodeIgniter\CodeIgniter->handleRequest()
#11 /var/www/4dpanda.com/4dpanda_ci/system/Boot.php(312): CodeIgniter\CodeIgniter->run()
#12 /var/www/4dpanda.com/4dpanda_ci/system/Boot.php(67): CodeIgniter\Boot::runCodeIgniter()
#13 /var/www/4dpanda.com/public_html/index.php(56): CodeIgniter\Boot::bootWeb()
#14 {main}

Next CodeIgniter\Database\Exceptions\DatabaseException: Too many connections in /var/www/4dpanda.com/4dpanda_ci/system/Database/MySQLi/Connection.php:231
Stack trace:
#0 /var/www/4dpanda.com/4dpanda_ci/system/Database/BaseConnection.php(421): CodeIgniter\Database\MySQLi\Connection->connect()
#1 /var/www/4dpanda.com/4dpanda_ci/system/Database/BaseConnection.php(604): CodeIgniter\Database\BaseConnection->initialize()
#2 /var/www/4dpanda.com/4dpanda_ci/system/Database/BaseBuilder.php(1629): CodeIgniter\Database\BaseConnection->query()
#3 /var/www/4dpanda.com/4dpanda_ci/system/Model.php(319): CodeIgniter\Database\BaseBuilder->get()
#4 /var/www/4dpanda.com/4dpanda_ci/system/BaseModel.php(714): CodeIgniter\Model->doFirst()
#5 /var/www/4dpanda.com/4dpanda_ci/app/Models/LotteryModel.php(23): CodeIgniter\BaseModel->first()
#6 /var/www/4dpanda.com/4dpanda_ci/app/Controllers/LotteryData.php(51): App\Models\LotteryModel->getLotteryDataByType()
#7 /var/www/4dpanda.com/4dpanda_ci/system/CodeIgniter.php(933): App\Controllers\LotteryData->fetchAll()
#8 /var/www/4dpanda.com/4dpanda_ci/system/CodeIgniter.php(509): CodeIgniter\CodeIgniter->runController()
#9 /var/www/4dpanda.com/4dpanda_ci/system/CodeIgniter.php(355): CodeIgniter\CodeIgniter->handleRequest()
#10 /var/www/4dpanda.com/4dpanda_ci/system/Boot.php(312): CodeIgniter\CodeIgniter->run()
#11 /var/www/4dpanda.com/4dpanda_ci/system/Boot.php(67): CodeIgniter\Boot::runCodeIgniter()
#12 /var/www/4dpanda.com/public_html/index.php(56): CodeIgniter\Boot::bootWeb()
#13 {main}
CRITICAL - 2024-12-04 12:42:40 --> CodeIgniter\Database\Exceptions\DatabaseException: Unable to connect to the database.
Main connection [MySQLi]: Too many connections
[Method: GET, Route: api/fetchall]
in SYSTEMPATH/Database/BaseConnection.php on line 457.
 1 SYSTEMPATH/Database/BaseConnection.php(604): CodeIgniter\Database\BaseConnection->initialize()
 2 SYSTEMPATH/Database/BaseBuilder.php(1629): CodeIgniter\Database\BaseConnection->query()
 3 SYSTEMPATH/Model.php(319): CodeIgniter\Database\BaseBuilder->get()
 4 SYSTEMPATH/BaseModel.php(714): CodeIgniter\Model->doFirst()
 5 APPPATH/Models/LotteryModel.php(23): CodeIgniter\BaseModel->first()
 6 APPPATH/Controllers/LotteryData.php(51): App\Models\LotteryModel->getLotteryDataByType()
 7 SYSTEMPATH/CodeIgniter.php(933): App\Controllers\LotteryData->fetchAll()
 8 SYSTEMPATH/CodeIgniter.php(509): CodeIgniter\CodeIgniter->runController()
 9 SYSTEMPATH/CodeIgniter.php(355): CodeIgniter\CodeIgniter->handleRequest()
10 SYSTEMPATH/Boot.php(312): CodeIgniter\CodeIgniter->run()
11 SYSTEMPATH/Boot.php(67): CodeIgniter\Boot::runCodeIgniter()
12 FCPATH/index.php(56): CodeIgniter\Boot::bootWeb()
ERROR - 2024-12-04 12:42:43 --> Error connecting to the database: mysqli_sql_exception: Too many connections in /var/www/4dpanda.com/4dpanda_ci/system/Database/MySQLi/Connection.php:186
Stack trace:
#0 /var/www/4dpanda.com/4dpanda_ci/system/Database/MySQLi/Connection.php(186): mysqli->real_connect()
#1 /var/www/4dpanda.com/4dpanda_ci/system/Database/BaseConnection.php(421): CodeIgniter\Database\MySQLi\Connection->connect()
#2 /var/www/4dpanda.com/4dpanda_ci/system/Database/BaseConnection.php(604): CodeIgniter\Database\BaseConnection->initialize()
#3 /var/www/4dpanda.com/4dpanda_ci/system/Database/BaseBuilder.php(1629): CodeIgniter\Database\BaseConnection->query()
#4 /var/www/4dpanda.com/4dpanda_ci/system/Model.php(319): CodeIgniter\Database\BaseBuilder->get()
#5 /var/www/4dpanda.com/4dpanda_ci/system/BaseModel.php(714): CodeIgniter\Model->doFirst()
#6 /var/www/4dpanda.com/4dpanda_ci/app/Models/LotteryModel.php(23): CodeIgniter\BaseModel->first()
#7 /var/www/4dpanda.com/4dpanda_ci/app/Controllers/LotteryData.php(51): App\Models\LotteryModel->getLotteryDataByType()
#8 /var/www/4dpanda.com/4dpanda_ci/system/CodeIgniter.php(933): App\Controllers\LotteryData->fetchAll()
#9 /var/www/4dpanda.com/4dpanda_ci/system/CodeIgniter.php(509): CodeIgniter\CodeIgniter->runController()
#10 /var/www/4dpanda.com/4dpanda_ci/system/CodeIgniter.php(355): CodeIgniter\CodeIgniter->handleRequest()
#11 /var/www/4dpanda.com/4dpanda_ci/system/Boot.php(312): CodeIgniter\CodeIgniter->run()
#12 /var/www/4dpanda.com/4dpanda_ci/system/Boot.php(67): CodeIgniter\Boot::runCodeIgniter()
#13 /var/www/4dpanda.com/public_html/index.php(56): CodeIgniter\Boot::bootWeb()
#14 {main}

Next CodeIgniter\Database\Exceptions\DatabaseException: Too many connections in /var/www/4dpanda.com/4dpanda_ci/system/Database/MySQLi/Connection.php:231
Stack trace:
#0 /var/www/4dpanda.com/4dpanda_ci/system/Database/BaseConnection.php(421): CodeIgniter\Database\MySQLi\Connection->connect()
#1 /var/www/4dpanda.com/4dpanda_ci/system/Database/BaseConnection.php(604): CodeIgniter\Database\BaseConnection->initialize()
#2 /var/www/4dpanda.com/4dpanda_ci/system/Database/BaseBuilder.php(1629): CodeIgniter\Database\BaseConnection->query()
#3 /var/www/4dpanda.com/4dpanda_ci/system/Model.php(319): CodeIgniter\Database\BaseBuilder->get()
#4 /var/www/4dpanda.com/4dpanda_ci/system/BaseModel.php(714): CodeIgniter\Model->doFirst()
#5 /var/www/4dpanda.com/4dpanda_ci/app/Models/LotteryModel.php(23): CodeIgniter\BaseModel->first()
#6 /var/www/4dpanda.com/4dpanda_ci/app/Controllers/LotteryData.php(51): App\Models\LotteryModel->getLotteryDataByType()
#7 /var/www/4dpanda.com/4dpanda_ci/system/CodeIgniter.php(933): App\Controllers\LotteryData->fetchAll()
#8 /var/www/4dpanda.com/4dpanda_ci/system/CodeIgniter.php(509): CodeIgniter\CodeIgniter->runController()
#9 /var/www/4dpanda.com/4dpanda_ci/system/CodeIgniter.php(355): CodeIgniter\CodeIgniter->handleRequest()
#10 /var/www/4dpanda.com/4dpanda_ci/system/Boot.php(312): CodeIgniter\CodeIgniter->run()
#11 /var/www/4dpanda.com/4dpanda_ci/system/Boot.php(67): CodeIgniter\Boot::runCodeIgniter()
#12 /var/www/4dpanda.com/public_html/index.php(56): CodeIgniter\Boot::bootWeb()
#13 {main}
CRITICAL - 2024-12-04 12:42:43 --> CodeIgniter\Database\Exceptions\DatabaseException: Unable to connect to the database.
Main connection [MySQLi]: Too many connections
[Method: GET, Route: api/fetchall]
in SYSTEMPATH/Database/BaseConnection.php on line 457.
 1 SYSTEMPATH/Database/BaseConnection.php(604): CodeIgniter\Database\BaseConnection->initialize()
 2 SYSTEMPATH/Database/BaseBuilder.php(1629): CodeIgniter\Database\BaseConnection->query()
 3 SYSTEMPATH/Model.php(319): CodeIgniter\Database\BaseBuilder->get()
 4 SYSTEMPATH/BaseModel.php(714): CodeIgniter\Model->doFirst()
 5 APPPATH/Models/LotteryModel.php(23): CodeIgniter\BaseModel->first()
 6 APPPATH/Controllers/LotteryData.php(51): App\Models\LotteryModel->getLotteryDataByType()
 7 SYSTEMPATH/CodeIgniter.php(933): App\Controllers\LotteryData->fetchAll()
 8 SYSTEMPATH/CodeIgniter.php(509): CodeIgniter\CodeIgniter->runController()
 9 SYSTEMPATH/CodeIgniter.php(355): CodeIgniter\CodeIgniter->handleRequest()
10 SYSTEMPATH/Boot.php(312): CodeIgniter\CodeIgniter->run()
11 SYSTEMPATH/Boot.php(67): CodeIgniter\Boot::runCodeIgniter()
12 FCPATH/index.php(56): CodeIgniter\Boot::bootWeb()
CRITICAL - 2024-12-04 22:22:29 --> ErrorException: foreach() argument must be of type array|object, null given
[Method: GET, Route: fetchhistoryresults]
in APPPATH/Controllers/SearchController.php on line 118.
 1 APPPATH/Controllers/SearchController.php(118): CodeIgniter\Debug\Exceptions->errorHandler()
 2 SYSTEMPATH/CodeIgniter.php(933): App\Controllers\SearchController->fetchhistoryresultsIndex()
 3 SYSTEMPATH/CodeIgniter.php(509): CodeIgniter\CodeIgniter->runController()
 4 SYSTEMPATH/CodeIgniter.php(355): CodeIgniter\CodeIgniter->handleRequest()
 5 SYSTEMPATH/Boot.php(312): CodeIgniter\CodeIgniter->run()
 6 SYSTEMPATH/Boot.php(67): CodeIgniter\Boot::runCodeIgniter()
 7 FCPATH/index.php(56): CodeIgniter\Boot::bootWeb()
CRITICAL - 2024-12-04 22:26:06 --> ErrorException: foreach() argument must be of type array|object, null given
[Method: GET, Route: fetchhistoryresults]
in APPPATH/Controllers/SearchController.php on line 118.
 1 APPPATH/Controllers/SearchController.php(118): CodeIgniter\Debug\Exceptions->errorHandler()
 2 SYSTEMPATH/CodeIgniter.php(933): App\Controllers\SearchController->fetchhistoryresultsIndex()
 3 SYSTEMPATH/CodeIgniter.php(509): CodeIgniter\CodeIgniter->runController()
 4 SYSTEMPATH/CodeIgniter.php(355): CodeIgniter\CodeIgniter->handleRequest()
 5 SYSTEMPATH/Boot.php(312): CodeIgniter\CodeIgniter->run()
 6 SYSTEMPATH/Boot.php(67): CodeIgniter\Boot::runCodeIgniter()
 7 FCPATH/index.php(56): CodeIgniter\Boot::bootWeb()
CRITICAL - 2024-12-04 22:45:55 --> ErrorException: foreach() argument must be of type array|object, null given
[Method: GET, Route: fetchhistoryresults]
in APPPATH/Controllers/SearchController.php on line 118.
 1 APPPATH/Controllers/SearchController.php(118): CodeIgniter\Debug\Exceptions->errorHandler()
 2 SYSTEMPATH/CodeIgniter.php(933): App\Controllers\SearchController->fetchhistoryresultsIndex()
 3 SYSTEMPATH/CodeIgniter.php(509): CodeIgniter\CodeIgniter->runController()
 4 SYSTEMPATH/CodeIgniter.php(355): CodeIgniter\CodeIgniter->handleRequest()
 5 SYSTEMPATH/Boot.php(312): CodeIgniter\CodeIgniter->run()
 6 SYSTEMPATH/Boot.php(67): CodeIgniter\Boot::runCodeIgniter()
 7 FCPATH/index.php(56): CodeIgniter\Boot::bootWeb()
