CRITICAL - 2024-07-12 00:17:11 --> ErrorException: Undefined array key "ads_option_0"
[Method: GET, Route: /]
in APPPATH/Views/frontend/template_parts/malaysia_results_content.php on line 610.
 1 APPPATH/Views/frontend/template_parts/malaysia_results_content.php(610): CodeIgniter\Debug\Exceptions->errorHandler()
 2 SYSTEMPATH/View/View.php(234): include('/var/www/4dpanda.com/4dpanda_ci/app/Views/frontend/template_parts/malaysia_results_content.php')
 3 SYSTEMPATH/View/View.php(237): CodeIgniter\View\View->CodeIgniter\View\{closure}()
 4 SYSTEMPATH/View/View.php(484): CodeIgniter\View\View->render()
 5 APPPATH/Views/frontend/template_parts/home_content.php(14): CodeIgniter\View\View->include()
 6 SYSTEMPATH/View/View.php(234): include('/var/www/4dpanda.com/4dpanda_ci/app/Views/frontend/template_parts/home_content.php')
 7 SYSTEMPATH/View/View.php(237): CodeIgniter\View\View->CodeIgniter\View\{closure}()
 8 SYSTEMPATH/View/View.php(484): CodeIgniter\View\View->render()
 9 APPPATH/Views/frontend/home.php(37): CodeIgniter\View\View->include()
10 SYSTEMPATH/View/View.php(234): include('/var/www/4dpanda.com/4dpanda_ci/app/Views/frontend/home.php')
11 SYSTEMPATH/View/View.php(237): CodeIgniter\View\View->CodeIgniter\View\{closure}()
12 SYSTEMPATH/Common.php(1171): CodeIgniter\View\View->render()
13 APPPATH/Controllers/Home.php(27): view()
14 SYSTEMPATH/CodeIgniter.php(933): App\Controllers\Home->index()
15 SYSTEMPATH/CodeIgniter.php(509): CodeIgniter\CodeIgniter->runController()
16 SYSTEMPATH/CodeIgniter.php(355): CodeIgniter\CodeIgniter->handleRequest()
17 SYSTEMPATH/Boot.php(312): CodeIgniter\CodeIgniter->run()
18 SYSTEMPATH/Boot.php(67): CodeIgniter\Boot::runCodeIgniter()
19 FCPATH/index.php(56): CodeIgniter\Boot::bootWeb()
