CRITICAL - 2024-06-25 07:09:39 --> Error: Call to undefined function App\Commands\fetchOldMethod()
[Method: CLI, Route: lottery:fetch/H4D/15:30:00]
in APPPATH/Commands/FetchLotteryData.php on line 30.
 1 SYSTEMPATH/CLI/Commands.php(70): App\Commands\FetchLotteryData->run()
 2 SYSTEMPATH/CLI/Console.php(48): CodeIgniter\CLI\Commands->run()
 3 SYSTEMPATH/Boot.php(338): CodeIgniter\CLI\Console->run()
 4 SYSTEMPATH/Boot.php(104): CodeIgniter\Boot::runCommand()
 5 ROOTPATH/spark(84): CodeIgniter\Boot::bootSpark()
CRITICAL - 2024-06-25 07:12:34 --> Error: Call to undefined function App\Commands\fetchOldMethod()
[Method: CLI, Route: lottery:fetch/H4D/15:30:00]
in APPPATH/Commands/FetchLotteryData.php on line 30.
 1 SYSTEMPATH/CLI/Commands.php(70): App\Commands\FetchLotteryData->run()
 2 SYSTEMPATH/CLI/Console.php(48): CodeIgniter\CLI\Commands->run()
 3 SYSTEMPATH/Boot.php(338): CodeIgniter\CLI\Console->run()
 4 SYSTEMPATH/Boot.php(104): CodeIgniter\Boot::runCommand()
 5 ROOTPATH/spark(84): CodeIgniter\Boot::bootSpark()
CRITICAL - 2024-06-25 07:12:53 --> Error: Call to undefined function App\Commands\fetchOldMethod()
[Method: CLI, Route: lottery:fetch/H4D/15:30:00]
in APPPATH/Commands/FetchLotteryData.php on line 30.
 1 SYSTEMPATH/CLI/Commands.php(70): App\Commands\FetchLotteryData->run()
 2 SYSTEMPATH/CLI/Console.php(48): CodeIgniter\CLI\Commands->run()
 3 SYSTEMPATH/Boot.php(338): CodeIgniter\CLI\Console->run()
 4 SYSTEMPATH/Boot.php(104): CodeIgniter\Boot::runCommand()
 5 ROOTPATH/spark(84): CodeIgniter\Boot::bootSpark()
CRITICAL - 2024-06-25 07:13:33 --> Error: Call to undefined function App\Commands\fetchOldMethod()
[Method: CLI, Route: lottery:fetch/H4D/15:30:00]
in APPPATH/Commands/FetchLotteryData.php on line 30.
 1 SYSTEMPATH/CLI/Commands.php(70): App\Commands\FetchLotteryData->run()
 2 SYSTEMPATH/CLI/Console.php(48): CodeIgniter\CLI\Commands->run()
 3 SYSTEMPATH/Boot.php(338): CodeIgniter\CLI\Console->run()
 4 SYSTEMPATH/Boot.php(104): CodeIgniter\Boot::runCommand()
 5 ROOTPATH/spark(84): CodeIgniter\Boot::bootSpark()
CRITICAL - 2024-06-25 07:13:35 --> Error: Call to undefined function App\Commands\fetchOldMethod()
[Method: CLI, Route: lottery:fetch/H4D/15:30:00]
in APPPATH/Commands/FetchLotteryData.php on line 30.
 1 SYSTEMPATH/CLI/Commands.php(70): App\Commands\FetchLotteryData->run()
 2 SYSTEMPATH/CLI/Console.php(48): CodeIgniter\CLI\Commands->run()
 3 SYSTEMPATH/Boot.php(338): CodeIgniter\CLI\Console->run()
 4 SYSTEMPATH/Boot.php(104): CodeIgniter\Boot::runCommand()
 5 ROOTPATH/spark(84): CodeIgniter\Boot::bootSpark()
CRITICAL - 2024-06-25 07:16:04 --> Error: Call to undefined function App\Commands\fetchOldMethod()
[Method: CLI, Route: lottery:fetch/H4D/15:30:00]
in APPPATH/Commands/FetchLotteryData.php on line 30.
 1 SYSTEMPATH/CLI/Commands.php(70): App\Commands\FetchLotteryData->run()
 2 SYSTEMPATH/CLI/Console.php(48): CodeIgniter\CLI\Commands->run()
 3 SYSTEMPATH/Boot.php(338): CodeIgniter\CLI\Console->run()
 4 SYSTEMPATH/Boot.php(104): CodeIgniter\Boot::runCommand()
 5 ROOTPATH/spark(84): CodeIgniter\Boot::bootSpark()
CRITICAL - 2024-06-25 07:16:12 --> Error: Call to undefined function App\Commands\fetchOldMethod()
[Method: CLI, Route: lottery:fetch]
in APPPATH/Commands/FetchLotteryData.php on line 30.
 1 SYSTEMPATH/CLI/Commands.php(70): App\Commands\FetchLotteryData->run()
 2 SYSTEMPATH/CLI/Console.php(48): CodeIgniter\CLI\Commands->run()
 3 SYSTEMPATH/Boot.php(338): CodeIgniter\CLI\Console->run()
 4 SYSTEMPATH/Boot.php(104): CodeIgniter\Boot::runCommand()
 5 ROOTPATH/spark(84): CodeIgniter\Boot::bootSpark()
CRITICAL - 2024-06-25 07:16:14 --> Error: Call to undefined function App\Commands\fetchOldMethod()
[Method: CLI, Route: lottery:fetch/H4D/15:30:00]
in APPPATH/Commands/FetchLotteryData.php on line 30.
 1 SYSTEMPATH/CLI/Commands.php(70): App\Commands\FetchLotteryData->run()
 2 SYSTEMPATH/CLI/Console.php(48): CodeIgniter\CLI\Commands->run()
 3 SYSTEMPATH/Boot.php(338): CodeIgniter\CLI\Console->run()
 4 SYSTEMPATH/Boot.php(104): CodeIgniter\Boot::runCommand()
 5 ROOTPATH/spark(84): CodeIgniter\Boot::bootSpark()
CRITICAL - 2024-06-25 07:16:37 --> Error: Call to undefined function App\Commands\fetchOldMethod()
[Method: CLI, Route: lottery:fetch/H4D/15:30:00]
in APPPATH/Commands/FetchLotteryData.php on line 24.
 1 SYSTEMPATH/CLI/Commands.php(70): App\Commands\FetchLotteryData->run()
 2 SYSTEMPATH/CLI/Console.php(48): CodeIgniter\CLI\Commands->run()
 3 SYSTEMPATH/Boot.php(338): CodeIgniter\CLI\Console->run()
 4 SYSTEMPATH/Boot.php(104): CodeIgniter\Boot::runCommand()
 5 ROOTPATH/spark(84): CodeIgniter\Boot::bootSpark()
CRITICAL - 2024-06-25 07:16:59 --> Error: Call to undefined function App\Commands\fetchOldMethod()
[Method: CLI, Route: lottery:fetch/H4D/15:30:00]
in APPPATH/Commands/FetchLotteryData.php on line 25.
 1 SYSTEMPATH/CLI/Commands.php(70): App\Commands\FetchLotteryData->run()
 2 SYSTEMPATH/CLI/Console.php(48): CodeIgniter\CLI\Commands->run()
 3 SYSTEMPATH/Boot.php(338): CodeIgniter\CLI\Console->run()
 4 SYSTEMPATH/Boot.php(104): CodeIgniter\Boot::runCommand()
 5 ROOTPATH/spark(84): CodeIgniter\Boot::bootSpark()
CRITICAL - 2024-06-25 07:27:37 --> ErrorException: Undefined variable $value
[Method: CLI, Route: lottery:fetch/H4D/15:30:00]
in APPPATH/Commands/FetchLotteryData.php on line 128.
 1 APPPATH/Commands/FetchLotteryData.php(128): CodeIgniter\Debug\Exceptions->errorHandler()
 2 APPPATH/Commands/FetchLotteryData.php(20): App\Commands\FetchLotteryData->fetchHari4D6D()
 3 SYSTEMPATH/CLI/Commands.php(70): App\Commands\FetchLotteryData->run()
 4 SYSTEMPATH/CLI/Console.php(48): CodeIgniter\CLI\Commands->run()
 5 SYSTEMPATH/Boot.php(338): CodeIgniter\CLI\Console->run()
 6 SYSTEMPATH/Boot.php(104): CodeIgniter\Boot::runCommand()
 7 ROOTPATH/spark(84): CodeIgniter\Boot::bootSpark()
CRITICAL - 2024-06-25 15:14:03 --> TypeError: Unsupported operand types: string + string
[Method: CLI, Route: lottery:fetch/DMC]
in APPPATH/Commands/FetchLotteryData.php on line 204.
 1 APPPATH/Commands/FetchLotteryData.php(169): App\Commands\FetchLotteryData->parseAndStoreDamacaiData()
 2 APPPATH/Commands/FetchLotteryData.php(24): App\Commands\FetchLotteryData->fetchDamacai()
 3 SYSTEMPATH/CLI/Commands.php(70): App\Commands\FetchLotteryData->run()
 4 SYSTEMPATH/CLI/Console.php(48): CodeIgniter\CLI\Commands->run()
 5 SYSTEMPATH/Boot.php(338): CodeIgniter\CLI\Console->run()
 6 SYSTEMPATH/Boot.php(104): CodeIgniter\Boot::runCommand()
 7 ROOTPATH/spark(84): CodeIgniter\Boot::bootSpark()
CRITICAL - 2024-06-25 15:14:49 --> ErrorException: Undefined variable $daa
[Method: CLI, Route: lottery:fetch/DMC]
in APPPATH/Commands/FetchLotteryData.php on line 208.
 1 APPPATH/Commands/FetchLotteryData.php(208): CodeIgniter\Debug\Exceptions->errorHandler()
 2 APPPATH/Commands/FetchLotteryData.php(169): App\Commands\FetchLotteryData->parseAndStoreDamacaiData()
 3 APPPATH/Commands/FetchLotteryData.php(24): App\Commands\FetchLotteryData->fetchDamacai()
 4 SYSTEMPATH/CLI/Commands.php(70): App\Commands\FetchLotteryData->run()
 5 SYSTEMPATH/CLI/Console.php(48): CodeIgniter\CLI\Commands->run()
 6 SYSTEMPATH/Boot.php(338): CodeIgniter\CLI\Console->run()
 7 SYSTEMPATH/Boot.php(104): CodeIgniter\Boot::runCommand()
 8 ROOTPATH/spark(84): CodeIgniter\Boot::bootSpark()
CRITICAL - 2024-06-25 15:15:02 --> ErrorException: Undefined variable $daa
[Method: CLI, Route: lottery:fetch/DMC]
in APPPATH/Commands/FetchLotteryData.php on line 208.
 1 APPPATH/Commands/FetchLotteryData.php(208): CodeIgniter\Debug\Exceptions->errorHandler()
 2 APPPATH/Commands/FetchLotteryData.php(169): App\Commands\FetchLotteryData->parseAndStoreDamacaiData()
 3 APPPATH/Commands/FetchLotteryData.php(24): App\Commands\FetchLotteryData->fetchDamacai()
 4 SYSTEMPATH/CLI/Commands.php(70): App\Commands\FetchLotteryData->run()
 5 SYSTEMPATH/CLI/Console.php(48): CodeIgniter\CLI\Commands->run()
 6 SYSTEMPATH/Boot.php(338): CodeIgniter\CLI\Console->run()
 7 SYSTEMPATH/Boot.php(104): CodeIgniter\Boot::runCommand()
 8 ROOTPATH/spark(84): CodeIgniter\Boot::bootSpark()
CRITICAL - 2024-06-25 15:15:13 --> CodeIgniter\Database\Exceptions\DataException: There is no data to insert.
[Method: CLI, Route: lottery:fetch/DMC]
in SYSTEMPATH/BaseModel.php on line 826.
 1 SYSTEMPATH/BaseModel.php(826): CodeIgniter\Database\Exceptions\DataException::forEmptyDataset()
 2 SYSTEMPATH/Model.php(791): CodeIgniter\BaseModel->insert()
 3 APPPATH/Models/LotteryModel.php(31): CodeIgniter\Model->insert()
 4 APPPATH/Commands/FetchLotteryData.php(273): App\Models\LotteryModel->insertLotteryData()
 5 APPPATH/Commands/FetchLotteryData.php(169): App\Commands\FetchLotteryData->parseAndStoreDamacaiData()
 6 APPPATH/Commands/FetchLotteryData.php(24): App\Commands\FetchLotteryData->fetchDamacai()
 7 SYSTEMPATH/CLI/Commands.php(70): App\Commands\FetchLotteryData->run()
 8 SYSTEMPATH/CLI/Console.php(48): CodeIgniter\CLI\Commands->run()
 9 SYSTEMPATH/Boot.php(338): CodeIgniter\CLI\Console->run()
10 SYSTEMPATH/Boot.php(104): CodeIgniter\Boot::runCommand()
11 ROOTPATH/spark(84): CodeIgniter\Boot::bootSpark()
CRITICAL - 2024-06-25 15:16:04 --> CodeIgniter\Database\Exceptions\DataException: There is no data to insert.
[Method: CLI, Route: lottery:fetch/DMC]
in SYSTEMPATH/BaseModel.php on line 826.
 1 SYSTEMPATH/BaseModel.php(826): CodeIgniter\Database\Exceptions\DataException::forEmptyDataset()
 2 SYSTEMPATH/Model.php(791): CodeIgniter\BaseModel->insert()
 3 APPPATH/Models/LotteryModel.php(31): CodeIgniter\Model->insert()
 4 APPPATH/Commands/FetchLotteryData.php(273): App\Models\LotteryModel->insertLotteryData()
 5 APPPATH/Commands/FetchLotteryData.php(169): App\Commands\FetchLotteryData->parseAndStoreDamacaiData()
 6 APPPATH/Commands/FetchLotteryData.php(24): App\Commands\FetchLotteryData->fetchDamacai()
 7 SYSTEMPATH/CLI/Commands.php(70): App\Commands\FetchLotteryData->run()
 8 SYSTEMPATH/CLI/Console.php(48): CodeIgniter\CLI\Commands->run()
 9 SYSTEMPATH/Boot.php(338): CodeIgniter\CLI\Console->run()
10 SYSTEMPATH/Boot.php(104): CodeIgniter\Boot::runCommand()
11 ROOTPATH/spark(84): CodeIgniter\Boot::bootSpark()
CRITICAL - 2024-06-25 15:16:34 --> CodeIgniter\Database\Exceptions\DataException: There is no data to insert.
[Method: CLI, Route: lottery:fetch/DMC]
in SYSTEMPATH/BaseModel.php on line 826.
 1 SYSTEMPATH/BaseModel.php(826): CodeIgniter\Database\Exceptions\DataException::forEmptyDataset()
 2 SYSTEMPATH/Model.php(791): CodeIgniter\BaseModel->insert()
 3 APPPATH/Models/LotteryModel.php(31): CodeIgniter\Model->insert()
 4 APPPATH/Commands/FetchLotteryData.php(273): App\Models\LotteryModel->insertLotteryData()
 5 APPPATH/Commands/FetchLotteryData.php(169): App\Commands\FetchLotteryData->parseAndStoreDamacaiData()
 6 APPPATH/Commands/FetchLotteryData.php(24): App\Commands\FetchLotteryData->fetchDamacai()
 7 SYSTEMPATH/CLI/Commands.php(70): App\Commands\FetchLotteryData->run()
 8 SYSTEMPATH/CLI/Console.php(48): CodeIgniter\CLI\Commands->run()
 9 SYSTEMPATH/Boot.php(338): CodeIgniter\CLI\Console->run()
10 SYSTEMPATH/Boot.php(104): CodeIgniter\Boot::runCommand()
11 ROOTPATH/spark(84): CodeIgniter\Boot::bootSpark()
CRITICAL - 2024-06-25 15:17:01 --> CodeIgniter\Database\Exceptions\DataException: There is no data to insert.
[Method: CLI, Route: lottery:fetch/DMC]
in SYSTEMPATH/BaseModel.php on line 826.
 1 SYSTEMPATH/BaseModel.php(826): CodeIgniter\Database\Exceptions\DataException::forEmptyDataset()
 2 SYSTEMPATH/Model.php(791): CodeIgniter\BaseModel->insert()
 3 APPPATH/Models/LotteryModel.php(31): CodeIgniter\Model->insert()
 4 APPPATH/Commands/FetchLotteryData.php(272): App\Models\LotteryModel->insertLotteryData()
 5 APPPATH/Commands/FetchLotteryData.php(168): App\Commands\FetchLotteryData->parseAndStoreDamacaiData()
 6 APPPATH/Commands/FetchLotteryData.php(24): App\Commands\FetchLotteryData->fetchDamacai()
 7 SYSTEMPATH/CLI/Commands.php(70): App\Commands\FetchLotteryData->run()
 8 SYSTEMPATH/CLI/Console.php(48): CodeIgniter\CLI\Commands->run()
 9 SYSTEMPATH/Boot.php(338): CodeIgniter\CLI\Console->run()
10 SYSTEMPATH/Boot.php(104): CodeIgniter\Boot::runCommand()
11 ROOTPATH/spark(84): CodeIgniter\Boot::bootSpark()
CRITICAL - 2024-06-25 15:17:53 --> CodeIgniter\Database\Exceptions\DataException: There is no data to insert.
[Method: CLI, Route: lottery:fetch/DMC]
in SYSTEMPATH/BaseModel.php on line 826.
 1 SYSTEMPATH/BaseModel.php(826): CodeIgniter\Database\Exceptions\DataException::forEmptyDataset()
 2 SYSTEMPATH/Model.php(791): CodeIgniter\BaseModel->insert()
 3 APPPATH/Models/LotteryModel.php(31): CodeIgniter\Model->insert()
 4 APPPATH/Commands/FetchLotteryData.php(271): App\Models\LotteryModel->insertLotteryData()
 5 APPPATH/Commands/FetchLotteryData.php(167): App\Commands\FetchLotteryData->parseAndStoreDamacaiData()
 6 APPPATH/Commands/FetchLotteryData.php(24): App\Commands\FetchLotteryData->fetchDamacai()
 7 SYSTEMPATH/CLI/Commands.php(70): App\Commands\FetchLotteryData->run()
 8 SYSTEMPATH/CLI/Console.php(48): CodeIgniter\CLI\Commands->run()
 9 SYSTEMPATH/Boot.php(338): CodeIgniter\CLI\Console->run()
10 SYSTEMPATH/Boot.php(104): CodeIgniter\Boot::runCommand()
11 ROOTPATH/spark(84): CodeIgniter\Boot::bootSpark()
CRITICAL - 2024-06-25 15:19:03 --> ErrorException: Undefined variable $datthreePlusThreeDDataa4D
[Method: CLI, Route: lottery:fetch/DMC]
in APPPATH/Commands/FetchLotteryData.php on line 283.
 1 APPPATH/Commands/FetchLotteryData.php(283): CodeIgniter\Debug\Exceptions->errorHandler()
 2 APPPATH/Commands/FetchLotteryData.php(167): App\Commands\FetchLotteryData->parseAndStoreDamacaiData()
 3 APPPATH/Commands/FetchLotteryData.php(24): App\Commands\FetchLotteryData->fetchDamacai()
 4 SYSTEMPATH/CLI/Commands.php(70): App\Commands\FetchLotteryData->run()
 5 SYSTEMPATH/CLI/Console.php(48): CodeIgniter\CLI\Commands->run()
 6 SYSTEMPATH/Boot.php(338): CodeIgniter\CLI\Console->run()
 7 SYSTEMPATH/Boot.php(104): CodeIgniter\Boot::runCommand()
 8 ROOTPATH/spark(84): CodeIgniter\Boot::bootSpark()
ERROR - 2024-06-25 15:19:22 --> mysqli_sql_exception: Duplicate entry '0000-00-00-DMC4D' for key 'lottery_data.idx_lottery_date_type' in /var/www/4dpanda.com/4dpanda_ci/system/Database/MySQLi/Connection.php:308
Stack trace:
#0 /var/www/4dpanda.com/4dpanda_ci/system/Database/MySQLi/Connection.php(308): mysqli->query()
#1 /var/www/4dpanda.com/4dpanda_ci/system/Database/BaseConnection.php(722): CodeIgniter\Database\MySQLi\Connection->execute()
#2 /var/www/4dpanda.com/4dpanda_ci/system/Database/BaseConnection.php(636): CodeIgniter\Database\BaseConnection->simpleQuery()
#3 /var/www/4dpanda.com/4dpanda_ci/system/Database/BaseBuilder.php(2325): CodeIgniter\Database\BaseConnection->query()
#4 /var/www/4dpanda.com/4dpanda_ci/system/Model.php(383): CodeIgniter\Database\BaseBuilder->insert()
#5 /var/www/4dpanda.com/4dpanda_ci/system/BaseModel.php(840): CodeIgniter\Model->doInsert()
#6 /var/www/4dpanda.com/4dpanda_ci/system/Model.php(791): CodeIgniter\BaseModel->insert()
#7 /var/www/4dpanda.com/4dpanda_ci/app/Models/LotteryModel.php(31): CodeIgniter\Model->insert()
#8 /var/www/4dpanda.com/4dpanda_ci/app/Commands/FetchLotteryData.php(271): App\Models\LotteryModel->insertLotteryData()
#9 /var/www/4dpanda.com/4dpanda_ci/app/Commands/FetchLotteryData.php(167): App\Commands\FetchLotteryData->parseAndStoreDamacaiData()
#10 /var/www/4dpanda.com/4dpanda_ci/app/Commands/FetchLotteryData.php(24): App\Commands\FetchLotteryData->fetchDamacai()
#11 /var/www/4dpanda.com/4dpanda_ci/system/CLI/Commands.php(70): App\Commands\FetchLotteryData->run()
#12 /var/www/4dpanda.com/4dpanda_ci/system/CLI/Console.php(48): CodeIgniter\CLI\Commands->run()
#13 /var/www/4dpanda.com/4dpanda_ci/system/Boot.php(338): CodeIgniter\CLI\Console->run()
#14 /var/www/4dpanda.com/4dpanda_ci/system/Boot.php(104): CodeIgniter\Boot::runCommand()
#15 /var/www/4dpanda.com/4dpanda_ci/spark(84): CodeIgniter\Boot::bootSpark()
#16 {main}
CRITICAL - 2024-06-25 15:19:22 --> CodeIgniter\Database\Exceptions\DatabaseException: Duplicate entry '0000-00-00-DMC4D' for key 'lottery_data.idx_lottery_date_type'
[Method: CLI, Route: lottery:fetch/DMC]
in SYSTEMPATH/Database/BaseConnection.php on line 676.
 1 SYSTEMPATH/Database/BaseBuilder.php(2325): CodeIgniter\Database\BaseConnection->query()
 2 SYSTEMPATH/Model.php(383): CodeIgniter\Database\BaseBuilder->insert()
 3 SYSTEMPATH/BaseModel.php(840): CodeIgniter\Model->doInsert()
 4 SYSTEMPATH/Model.php(791): CodeIgniter\BaseModel->insert()
 5 APPPATH/Models/LotteryModel.php(31): CodeIgniter\Model->insert()
 6 APPPATH/Commands/FetchLotteryData.php(271): App\Models\LotteryModel->insertLotteryData()
 7 APPPATH/Commands/FetchLotteryData.php(167): App\Commands\FetchLotteryData->parseAndStoreDamacaiData()
 8 APPPATH/Commands/FetchLotteryData.php(24): App\Commands\FetchLotteryData->fetchDamacai()
 9 SYSTEMPATH/CLI/Commands.php(70): App\Commands\FetchLotteryData->run()
10 SYSTEMPATH/CLI/Console.php(48): CodeIgniter\CLI\Commands->run()
11 SYSTEMPATH/Boot.php(338): CodeIgniter\CLI\Console->run()
12 SYSTEMPATH/Boot.php(104): CodeIgniter\Boot::runCommand()
13 ROOTPATH/spark(84): CodeIgniter\Boot::bootSpark()
CRITICAL - 2024-06-25 15:19:22 --> [Caused by] CodeIgniter\Database\Exceptions\DatabaseException: Duplicate entry '0000-00-00-DMC4D' for key 'lottery_data.idx_lottery_date_type'
in SYSTEMPATH/Database/MySQLi/Connection.php on line 313.
 1 SYSTEMPATH/Database/BaseConnection.php(722): CodeIgniter\Database\MySQLi\Connection->execute()
 2 SYSTEMPATH/Database/BaseConnection.php(636): CodeIgniter\Database\BaseConnection->simpleQuery()
 3 SYSTEMPATH/Database/BaseBuilder.php(2325): CodeIgniter\Database\BaseConnection->query()
 4 SYSTEMPATH/Model.php(383): CodeIgniter\Database\BaseBuilder->insert()
 5 SYSTEMPATH/BaseModel.php(840): CodeIgniter\Model->doInsert()
 6 SYSTEMPATH/Model.php(791): CodeIgniter\BaseModel->insert()
 7 APPPATH/Models/LotteryModel.php(31): CodeIgniter\Model->insert()
 8 APPPATH/Commands/FetchLotteryData.php(271): App\Models\LotteryModel->insertLotteryData()
 9 APPPATH/Commands/FetchLotteryData.php(167): App\Commands\FetchLotteryData->parseAndStoreDamacaiData()
10 APPPATH/Commands/FetchLotteryData.php(24): App\Commands\FetchLotteryData->fetchDamacai()
11 SYSTEMPATH/CLI/Commands.php(70): App\Commands\FetchLotteryData->run()
12 SYSTEMPATH/CLI/Console.php(48): CodeIgniter\CLI\Commands->run()
13 SYSTEMPATH/Boot.php(338): CodeIgniter\CLI\Console->run()
14 SYSTEMPATH/Boot.php(104): CodeIgniter\Boot::runCommand()
15 ROOTPATH/spark(84): CodeIgniter\Boot::bootSpark()
CRITICAL - 2024-06-25 15:19:22 --> [Caused by] mysqli_sql_exception: Duplicate entry '0000-00-00-DMC4D' for key 'lottery_data.idx_lottery_date_type'
in SYSTEMPATH/Database/MySQLi/Connection.php on line 308.
 1 SYSTEMPATH/Database/MySQLi/Connection.php(308): mysqli->query()
 2 SYSTEMPATH/Database/BaseConnection.php(722): CodeIgniter\Database\MySQLi\Connection->execute()
 3 SYSTEMPATH/Database/BaseConnection.php(636): CodeIgniter\Database\BaseConnection->simpleQuery()
 4 SYSTEMPATH/Database/BaseBuilder.php(2325): CodeIgniter\Database\BaseConnection->query()
 5 SYSTEMPATH/Model.php(383): CodeIgniter\Database\BaseBuilder->insert()
 6 SYSTEMPATH/BaseModel.php(840): CodeIgniter\Model->doInsert()
 7 SYSTEMPATH/Model.php(791): CodeIgniter\BaseModel->insert()
 8 APPPATH/Models/LotteryModel.php(31): CodeIgniter\Model->insert()
 9 APPPATH/Commands/FetchLotteryData.php(271): App\Models\LotteryModel->insertLotteryData()
10 APPPATH/Commands/FetchLotteryData.php(167): App\Commands\FetchLotteryData->parseAndStoreDamacaiData()
11 APPPATH/Commands/FetchLotteryData.php(24): App\Commands\FetchLotteryData->fetchDamacai()
12 SYSTEMPATH/CLI/Commands.php(70): App\Commands\FetchLotteryData->run()
13 SYSTEMPATH/CLI/Console.php(48): CodeIgniter\CLI\Commands->run()
14 SYSTEMPATH/Boot.php(338): CodeIgniter\CLI\Console->run()
15 SYSTEMPATH/Boot.php(104): CodeIgniter\Boot::runCommand()
16 ROOTPATH/spark(84): CodeIgniter\Boot::bootSpark()
ERROR - 2024-06-25 15:19:31 --> mysqli_sql_exception: Duplicate entry '0000-00-00-DMC4D' for key 'lottery_data.idx_lottery_date_type' in /var/www/4dpanda.com/4dpanda_ci/system/Database/MySQLi/Connection.php:308
Stack trace:
#0 /var/www/4dpanda.com/4dpanda_ci/system/Database/MySQLi/Connection.php(308): mysqli->query()
#1 /var/www/4dpanda.com/4dpanda_ci/system/Database/BaseConnection.php(722): CodeIgniter\Database\MySQLi\Connection->execute()
#2 /var/www/4dpanda.com/4dpanda_ci/system/Database/BaseConnection.php(636): CodeIgniter\Database\BaseConnection->simpleQuery()
#3 /var/www/4dpanda.com/4dpanda_ci/system/Database/BaseBuilder.php(2325): CodeIgniter\Database\BaseConnection->query()
#4 /var/www/4dpanda.com/4dpanda_ci/system/Model.php(383): CodeIgniter\Database\BaseBuilder->insert()
#5 /var/www/4dpanda.com/4dpanda_ci/system/BaseModel.php(840): CodeIgniter\Model->doInsert()
#6 /var/www/4dpanda.com/4dpanda_ci/system/Model.php(791): CodeIgniter\BaseModel->insert()
#7 /var/www/4dpanda.com/4dpanda_ci/app/Models/LotteryModel.php(31): CodeIgniter\Model->insert()
#8 /var/www/4dpanda.com/4dpanda_ci/app/Commands/FetchLotteryData.php(271): App\Models\LotteryModel->insertLotteryData()
#9 /var/www/4dpanda.com/4dpanda_ci/app/Commands/FetchLotteryData.php(167): App\Commands\FetchLotteryData->parseAndStoreDamacaiData()
#10 /var/www/4dpanda.com/4dpanda_ci/app/Commands/FetchLotteryData.php(24): App\Commands\FetchLotteryData->fetchDamacai()
#11 /var/www/4dpanda.com/4dpanda_ci/system/CLI/Commands.php(70): App\Commands\FetchLotteryData->run()
#12 /var/www/4dpanda.com/4dpanda_ci/system/CLI/Console.php(48): CodeIgniter\CLI\Commands->run()
#13 /var/www/4dpanda.com/4dpanda_ci/system/Boot.php(338): CodeIgniter\CLI\Console->run()
#14 /var/www/4dpanda.com/4dpanda_ci/system/Boot.php(104): CodeIgniter\Boot::runCommand()
#15 /var/www/4dpanda.com/4dpanda_ci/spark(84): CodeIgniter\Boot::bootSpark()
#16 {main}
CRITICAL - 2024-06-25 15:19:31 --> CodeIgniter\Database\Exceptions\DatabaseException: Duplicate entry '0000-00-00-DMC4D' for key 'lottery_data.idx_lottery_date_type'
[Method: CLI, Route: lottery:fetch/DMC]
in SYSTEMPATH/Database/BaseConnection.php on line 676.
 1 SYSTEMPATH/Database/BaseBuilder.php(2325): CodeIgniter\Database\BaseConnection->query()
 2 SYSTEMPATH/Model.php(383): CodeIgniter\Database\BaseBuilder->insert()
 3 SYSTEMPATH/BaseModel.php(840): CodeIgniter\Model->doInsert()
 4 SYSTEMPATH/Model.php(791): CodeIgniter\BaseModel->insert()
 5 APPPATH/Models/LotteryModel.php(31): CodeIgniter\Model->insert()
 6 APPPATH/Commands/FetchLotteryData.php(271): App\Models\LotteryModel->insertLotteryData()
 7 APPPATH/Commands/FetchLotteryData.php(167): App\Commands\FetchLotteryData->parseAndStoreDamacaiData()
 8 APPPATH/Commands/FetchLotteryData.php(24): App\Commands\FetchLotteryData->fetchDamacai()
 9 SYSTEMPATH/CLI/Commands.php(70): App\Commands\FetchLotteryData->run()
10 SYSTEMPATH/CLI/Console.php(48): CodeIgniter\CLI\Commands->run()
11 SYSTEMPATH/Boot.php(338): CodeIgniter\CLI\Console->run()
12 SYSTEMPATH/Boot.php(104): CodeIgniter\Boot::runCommand()
13 ROOTPATH/spark(84): CodeIgniter\Boot::bootSpark()
CRITICAL - 2024-06-25 15:19:31 --> [Caused by] CodeIgniter\Database\Exceptions\DatabaseException: Duplicate entry '0000-00-00-DMC4D' for key 'lottery_data.idx_lottery_date_type'
in SYSTEMPATH/Database/MySQLi/Connection.php on line 313.
 1 SYSTEMPATH/Database/BaseConnection.php(722): CodeIgniter\Database\MySQLi\Connection->execute()
 2 SYSTEMPATH/Database/BaseConnection.php(636): CodeIgniter\Database\BaseConnection->simpleQuery()
 3 SYSTEMPATH/Database/BaseBuilder.php(2325): CodeIgniter\Database\BaseConnection->query()
 4 SYSTEMPATH/Model.php(383): CodeIgniter\Database\BaseBuilder->insert()
 5 SYSTEMPATH/BaseModel.php(840): CodeIgniter\Model->doInsert()
 6 SYSTEMPATH/Model.php(791): CodeIgniter\BaseModel->insert()
 7 APPPATH/Models/LotteryModel.php(31): CodeIgniter\Model->insert()
 8 APPPATH/Commands/FetchLotteryData.php(271): App\Models\LotteryModel->insertLotteryData()
 9 APPPATH/Commands/FetchLotteryData.php(167): App\Commands\FetchLotteryData->parseAndStoreDamacaiData()
10 APPPATH/Commands/FetchLotteryData.php(24): App\Commands\FetchLotteryData->fetchDamacai()
11 SYSTEMPATH/CLI/Commands.php(70): App\Commands\FetchLotteryData->run()
12 SYSTEMPATH/CLI/Console.php(48): CodeIgniter\CLI\Commands->run()
13 SYSTEMPATH/Boot.php(338): CodeIgniter\CLI\Console->run()
14 SYSTEMPATH/Boot.php(104): CodeIgniter\Boot::runCommand()
15 ROOTPATH/spark(84): CodeIgniter\Boot::bootSpark()
CRITICAL - 2024-06-25 15:19:31 --> [Caused by] mysqli_sql_exception: Duplicate entry '0000-00-00-DMC4D' for key 'lottery_data.idx_lottery_date_type'
in SYSTEMPATH/Database/MySQLi/Connection.php on line 308.
 1 SYSTEMPATH/Database/MySQLi/Connection.php(308): mysqli->query()
 2 SYSTEMPATH/Database/BaseConnection.php(722): CodeIgniter\Database\MySQLi\Connection->execute()
 3 SYSTEMPATH/Database/BaseConnection.php(636): CodeIgniter\Database\BaseConnection->simpleQuery()
 4 SYSTEMPATH/Database/BaseBuilder.php(2325): CodeIgniter\Database\BaseConnection->query()
 5 SYSTEMPATH/Model.php(383): CodeIgniter\Database\BaseBuilder->insert()
 6 SYSTEMPATH/BaseModel.php(840): CodeIgniter\Model->doInsert()
 7 SYSTEMPATH/Model.php(791): CodeIgniter\BaseModel->insert()
 8 APPPATH/Models/LotteryModel.php(31): CodeIgniter\Model->insert()
 9 APPPATH/Commands/FetchLotteryData.php(271): App\Models\LotteryModel->insertLotteryData()
10 APPPATH/Commands/FetchLotteryData.php(167): App\Commands\FetchLotteryData->parseAndStoreDamacaiData()
11 APPPATH/Commands/FetchLotteryData.php(24): App\Commands\FetchLotteryData->fetchDamacai()
12 SYSTEMPATH/CLI/Commands.php(70): App\Commands\FetchLotteryData->run()
13 SYSTEMPATH/CLI/Console.php(48): CodeIgniter\CLI\Commands->run()
14 SYSTEMPATH/Boot.php(338): CodeIgniter\CLI\Console->run()
15 SYSTEMPATH/Boot.php(104): CodeIgniter\Boot::runCommand()
16 ROOTPATH/spark(84): CodeIgniter\Boot::bootSpark()
ERROR - 2024-06-25 15:19:58 --> mysqli_sql_exception: Duplicate entry '0000-00-00-DMC4D' for key 'lottery_data.idx_lottery_date_type' in /var/www/4dpanda.com/4dpanda_ci/system/Database/MySQLi/Connection.php:308
Stack trace:
#0 /var/www/4dpanda.com/4dpanda_ci/system/Database/MySQLi/Connection.php(308): mysqli->query()
#1 /var/www/4dpanda.com/4dpanda_ci/system/Database/BaseConnection.php(722): CodeIgniter\Database\MySQLi\Connection->execute()
#2 /var/www/4dpanda.com/4dpanda_ci/system/Database/BaseConnection.php(636): CodeIgniter\Database\BaseConnection->simpleQuery()
#3 /var/www/4dpanda.com/4dpanda_ci/system/Database/BaseBuilder.php(2325): CodeIgniter\Database\BaseConnection->query()
#4 /var/www/4dpanda.com/4dpanda_ci/system/Model.php(383): CodeIgniter\Database\BaseBuilder->insert()
#5 /var/www/4dpanda.com/4dpanda_ci/system/BaseModel.php(840): CodeIgniter\Model->doInsert()
#6 /var/www/4dpanda.com/4dpanda_ci/system/Model.php(791): CodeIgniter\BaseModel->insert()
#7 /var/www/4dpanda.com/4dpanda_ci/app/Models/LotteryModel.php(31): CodeIgniter\Model->insert()
#8 /var/www/4dpanda.com/4dpanda_ci/app/Commands/FetchLotteryData.php(271): App\Models\LotteryModel->insertLotteryData()
#9 /var/www/4dpanda.com/4dpanda_ci/app/Commands/FetchLotteryData.php(167): App\Commands\FetchLotteryData->parseAndStoreDamacaiData()
#10 /var/www/4dpanda.com/4dpanda_ci/app/Commands/FetchLotteryData.php(24): App\Commands\FetchLotteryData->fetchDamacai()
#11 /var/www/4dpanda.com/4dpanda_ci/system/CLI/Commands.php(70): App\Commands\FetchLotteryData->run()
#12 /var/www/4dpanda.com/4dpanda_ci/system/CLI/Console.php(48): CodeIgniter\CLI\Commands->run()
#13 /var/www/4dpanda.com/4dpanda_ci/system/Boot.php(338): CodeIgniter\CLI\Console->run()
#14 /var/www/4dpanda.com/4dpanda_ci/system/Boot.php(104): CodeIgniter\Boot::runCommand()
#15 /var/www/4dpanda.com/4dpanda_ci/spark(84): CodeIgniter\Boot::bootSpark()
#16 {main}
CRITICAL - 2024-06-25 15:19:58 --> CodeIgniter\Database\Exceptions\DatabaseException: Duplicate entry '0000-00-00-DMC4D' for key 'lottery_data.idx_lottery_date_type'
[Method: CLI, Route: lottery:fetch/DMC]
in SYSTEMPATH/Database/BaseConnection.php on line 676.
 1 SYSTEMPATH/Database/BaseBuilder.php(2325): CodeIgniter\Database\BaseConnection->query()
 2 SYSTEMPATH/Model.php(383): CodeIgniter\Database\BaseBuilder->insert()
 3 SYSTEMPATH/BaseModel.php(840): CodeIgniter\Model->doInsert()
 4 SYSTEMPATH/Model.php(791): CodeIgniter\BaseModel->insert()
 5 APPPATH/Models/LotteryModel.php(31): CodeIgniter\Model->insert()
 6 APPPATH/Commands/FetchLotteryData.php(271): App\Models\LotteryModel->insertLotteryData()
 7 APPPATH/Commands/FetchLotteryData.php(167): App\Commands\FetchLotteryData->parseAndStoreDamacaiData()
 8 APPPATH/Commands/FetchLotteryData.php(24): App\Commands\FetchLotteryData->fetchDamacai()
 9 SYSTEMPATH/CLI/Commands.php(70): App\Commands\FetchLotteryData->run()
10 SYSTEMPATH/CLI/Console.php(48): CodeIgniter\CLI\Commands->run()
11 SYSTEMPATH/Boot.php(338): CodeIgniter\CLI\Console->run()
12 SYSTEMPATH/Boot.php(104): CodeIgniter\Boot::runCommand()
13 ROOTPATH/spark(84): CodeIgniter\Boot::bootSpark()
CRITICAL - 2024-06-25 15:19:58 --> [Caused by] CodeIgniter\Database\Exceptions\DatabaseException: Duplicate entry '0000-00-00-DMC4D' for key 'lottery_data.idx_lottery_date_type'
in SYSTEMPATH/Database/MySQLi/Connection.php on line 313.
 1 SYSTEMPATH/Database/BaseConnection.php(722): CodeIgniter\Database\MySQLi\Connection->execute()
 2 SYSTEMPATH/Database/BaseConnection.php(636): CodeIgniter\Database\BaseConnection->simpleQuery()
 3 SYSTEMPATH/Database/BaseBuilder.php(2325): CodeIgniter\Database\BaseConnection->query()
 4 SYSTEMPATH/Model.php(383): CodeIgniter\Database\BaseBuilder->insert()
 5 SYSTEMPATH/BaseModel.php(840): CodeIgniter\Model->doInsert()
 6 SYSTEMPATH/Model.php(791): CodeIgniter\BaseModel->insert()
 7 APPPATH/Models/LotteryModel.php(31): CodeIgniter\Model->insert()
 8 APPPATH/Commands/FetchLotteryData.php(271): App\Models\LotteryModel->insertLotteryData()
 9 APPPATH/Commands/FetchLotteryData.php(167): App\Commands\FetchLotteryData->parseAndStoreDamacaiData()
10 APPPATH/Commands/FetchLotteryData.php(24): App\Commands\FetchLotteryData->fetchDamacai()
11 SYSTEMPATH/CLI/Commands.php(70): App\Commands\FetchLotteryData->run()
12 SYSTEMPATH/CLI/Console.php(48): CodeIgniter\CLI\Commands->run()
13 SYSTEMPATH/Boot.php(338): CodeIgniter\CLI\Console->run()
14 SYSTEMPATH/Boot.php(104): CodeIgniter\Boot::runCommand()
15 ROOTPATH/spark(84): CodeIgniter\Boot::bootSpark()
CRITICAL - 2024-06-25 15:19:58 --> [Caused by] mysqli_sql_exception: Duplicate entry '0000-00-00-DMC4D' for key 'lottery_data.idx_lottery_date_type'
in SYSTEMPATH/Database/MySQLi/Connection.php on line 308.
 1 SYSTEMPATH/Database/MySQLi/Connection.php(308): mysqli->query()
 2 SYSTEMPATH/Database/BaseConnection.php(722): CodeIgniter\Database\MySQLi\Connection->execute()
 3 SYSTEMPATH/Database/BaseConnection.php(636): CodeIgniter\Database\BaseConnection->simpleQuery()
 4 SYSTEMPATH/Database/BaseBuilder.php(2325): CodeIgniter\Database\BaseConnection->query()
 5 SYSTEMPATH/Model.php(383): CodeIgniter\Database\BaseBuilder->insert()
 6 SYSTEMPATH/BaseModel.php(840): CodeIgniter\Model->doInsert()
 7 SYSTEMPATH/Model.php(791): CodeIgniter\BaseModel->insert()
 8 APPPATH/Models/LotteryModel.php(31): CodeIgniter\Model->insert()
 9 APPPATH/Commands/FetchLotteryData.php(271): App\Models\LotteryModel->insertLotteryData()
10 APPPATH/Commands/FetchLotteryData.php(167): App\Commands\FetchLotteryData->parseAndStoreDamacaiData()
11 APPPATH/Commands/FetchLotteryData.php(24): App\Commands\FetchLotteryData->fetchDamacai()
12 SYSTEMPATH/CLI/Commands.php(70): App\Commands\FetchLotteryData->run()
13 SYSTEMPATH/CLI/Console.php(48): CodeIgniter\CLI\Commands->run()
14 SYSTEMPATH/Boot.php(338): CodeIgniter\CLI\Console->run()
15 SYSTEMPATH/Boot.php(104): CodeIgniter\Boot::runCommand()
16 ROOTPATH/spark(84): CodeIgniter\Boot::bootSpark()
ERROR - 2024-06-25 15:22:46 --> mysqli_sql_exception: Duplicate entry '0000-00-00-DMC4D' for key 'lottery_data.idx_lottery_date_type' in /var/www/4dpanda.com/4dpanda_ci/system/Database/MySQLi/Connection.php:308
Stack trace:
#0 /var/www/4dpanda.com/4dpanda_ci/system/Database/MySQLi/Connection.php(308): mysqli->query()
#1 /var/www/4dpanda.com/4dpanda_ci/system/Database/BaseConnection.php(722): CodeIgniter\Database\MySQLi\Connection->execute()
#2 /var/www/4dpanda.com/4dpanda_ci/system/Database/BaseConnection.php(636): CodeIgniter\Database\BaseConnection->simpleQuery()
#3 /var/www/4dpanda.com/4dpanda_ci/system/Database/BaseBuilder.php(2325): CodeIgniter\Database\BaseConnection->query()
#4 /var/www/4dpanda.com/4dpanda_ci/system/Model.php(383): CodeIgniter\Database\BaseBuilder->insert()
#5 /var/www/4dpanda.com/4dpanda_ci/system/BaseModel.php(840): CodeIgniter\Model->doInsert()
#6 /var/www/4dpanda.com/4dpanda_ci/system/Model.php(791): CodeIgniter\BaseModel->insert()
#7 /var/www/4dpanda.com/4dpanda_ci/app/Models/LotteryModel.php(31): CodeIgniter\Model->insert()
#8 /var/www/4dpanda.com/4dpanda_ci/app/Commands/FetchLotteryData.php(271): App\Models\LotteryModel->insertLotteryData()
#9 /var/www/4dpanda.com/4dpanda_ci/app/Commands/FetchLotteryData.php(167): App\Commands\FetchLotteryData->parseAndStoreDamacaiData()
#10 /var/www/4dpanda.com/4dpanda_ci/app/Commands/FetchLotteryData.php(24): App\Commands\FetchLotteryData->fetchDamacai()
#11 /var/www/4dpanda.com/4dpanda_ci/system/CLI/Commands.php(70): App\Commands\FetchLotteryData->run()
#12 /var/www/4dpanda.com/4dpanda_ci/system/CLI/Console.php(48): CodeIgniter\CLI\Commands->run()
#13 /var/www/4dpanda.com/4dpanda_ci/system/Boot.php(338): CodeIgniter\CLI\Console->run()
#14 /var/www/4dpanda.com/4dpanda_ci/system/Boot.php(104): CodeIgniter\Boot::runCommand()
#15 /var/www/4dpanda.com/4dpanda_ci/spark(84): CodeIgniter\Boot::bootSpark()
#16 {main}
CRITICAL - 2024-06-25 15:22:46 --> CodeIgniter\Database\Exceptions\DatabaseException: Duplicate entry '0000-00-00-DMC4D' for key 'lottery_data.idx_lottery_date_type'
[Method: CLI, Route: lottery:fetch/DMC]
in SYSTEMPATH/Database/BaseConnection.php on line 676.
 1 SYSTEMPATH/Database/BaseBuilder.php(2325): CodeIgniter\Database\BaseConnection->query()
 2 SYSTEMPATH/Model.php(383): CodeIgniter\Database\BaseBuilder->insert()
 3 SYSTEMPATH/BaseModel.php(840): CodeIgniter\Model->doInsert()
 4 SYSTEMPATH/Model.php(791): CodeIgniter\BaseModel->insert()
 5 APPPATH/Models/LotteryModel.php(31): CodeIgniter\Model->insert()
 6 APPPATH/Commands/FetchLotteryData.php(271): App\Models\LotteryModel->insertLotteryData()
 7 APPPATH/Commands/FetchLotteryData.php(167): App\Commands\FetchLotteryData->parseAndStoreDamacaiData()
 8 APPPATH/Commands/FetchLotteryData.php(24): App\Commands\FetchLotteryData->fetchDamacai()
 9 SYSTEMPATH/CLI/Commands.php(70): App\Commands\FetchLotteryData->run()
10 SYSTEMPATH/CLI/Console.php(48): CodeIgniter\CLI\Commands->run()
11 SYSTEMPATH/Boot.php(338): CodeIgniter\CLI\Console->run()
12 SYSTEMPATH/Boot.php(104): CodeIgniter\Boot::runCommand()
13 ROOTPATH/spark(84): CodeIgniter\Boot::bootSpark()
CRITICAL - 2024-06-25 15:22:46 --> [Caused by] CodeIgniter\Database\Exceptions\DatabaseException: Duplicate entry '0000-00-00-DMC4D' for key 'lottery_data.idx_lottery_date_type'
in SYSTEMPATH/Database/MySQLi/Connection.php on line 313.
 1 SYSTEMPATH/Database/BaseConnection.php(722): CodeIgniter\Database\MySQLi\Connection->execute()
 2 SYSTEMPATH/Database/BaseConnection.php(636): CodeIgniter\Database\BaseConnection->simpleQuery()
 3 SYSTEMPATH/Database/BaseBuilder.php(2325): CodeIgniter\Database\BaseConnection->query()
 4 SYSTEMPATH/Model.php(383): CodeIgniter\Database\BaseBuilder->insert()
 5 SYSTEMPATH/BaseModel.php(840): CodeIgniter\Model->doInsert()
 6 SYSTEMPATH/Model.php(791): CodeIgniter\BaseModel->insert()
 7 APPPATH/Models/LotteryModel.php(31): CodeIgniter\Model->insert()
 8 APPPATH/Commands/FetchLotteryData.php(271): App\Models\LotteryModel->insertLotteryData()
 9 APPPATH/Commands/FetchLotteryData.php(167): App\Commands\FetchLotteryData->parseAndStoreDamacaiData()
10 APPPATH/Commands/FetchLotteryData.php(24): App\Commands\FetchLotteryData->fetchDamacai()
11 SYSTEMPATH/CLI/Commands.php(70): App\Commands\FetchLotteryData->run()
12 SYSTEMPATH/CLI/Console.php(48): CodeIgniter\CLI\Commands->run()
13 SYSTEMPATH/Boot.php(338): CodeIgniter\CLI\Console->run()
14 SYSTEMPATH/Boot.php(104): CodeIgniter\Boot::runCommand()
15 ROOTPATH/spark(84): CodeIgniter\Boot::bootSpark()
CRITICAL - 2024-06-25 15:22:46 --> [Caused by] mysqli_sql_exception: Duplicate entry '0000-00-00-DMC4D' for key 'lottery_data.idx_lottery_date_type'
in SYSTEMPATH/Database/MySQLi/Connection.php on line 308.
 1 SYSTEMPATH/Database/MySQLi/Connection.php(308): mysqli->query()
 2 SYSTEMPATH/Database/BaseConnection.php(722): CodeIgniter\Database\MySQLi\Connection->execute()
 3 SYSTEMPATH/Database/BaseConnection.php(636): CodeIgniter\Database\BaseConnection->simpleQuery()
 4 SYSTEMPATH/Database/BaseBuilder.php(2325): CodeIgniter\Database\BaseConnection->query()
 5 SYSTEMPATH/Model.php(383): CodeIgniter\Database\BaseBuilder->insert()
 6 SYSTEMPATH/BaseModel.php(840): CodeIgniter\Model->doInsert()
 7 SYSTEMPATH/Model.php(791): CodeIgniter\BaseModel->insert()
 8 APPPATH/Models/LotteryModel.php(31): CodeIgniter\Model->insert()
 9 APPPATH/Commands/FetchLotteryData.php(271): App\Models\LotteryModel->insertLotteryData()
10 APPPATH/Commands/FetchLotteryData.php(167): App\Commands\FetchLotteryData->parseAndStoreDamacaiData()
11 APPPATH/Commands/FetchLotteryData.php(24): App\Commands\FetchLotteryData->fetchDamacai()
12 SYSTEMPATH/CLI/Commands.php(70): App\Commands\FetchLotteryData->run()
13 SYSTEMPATH/CLI/Console.php(48): CodeIgniter\CLI\Commands->run()
14 SYSTEMPATH/Boot.php(338): CodeIgniter\CLI\Console->run()
15 SYSTEMPATH/Boot.php(104): CodeIgniter\Boot::runCommand()
16 ROOTPATH/spark(84): CodeIgniter\Boot::bootSpark()
